Mplus VERSION 8.4 (Mac)
MUTHEN & MUTHEN
04/26/2023   8:12 AM

INPUT INSTRUCTIONS

  TITLE:
  C10_mlpa_enum
  DATA:
  FILE = "enum_mplus/c_10_mlpa_enum.dat";

  VARIABLE:
  NAMES = LCOALT LCONSUL LDEPR LEXCH LINAP LINTEG LLEGTAC LPEAPP LPRESS LRAPER MBULLY
       MCYN MEXH MLCOMM MLDEFF MLGSB MLSSB MLYING MMICRO MSCC MSELFE MSTRESS MWELLB
       TEAMID MRESPNUM ProgrM DuratM MGENDER MAGE MEDU MTENUR_O MTENUR_T MTENUR_F
       MCONTACT MCOVID_B MCOVID_S LRespNr ProgrL DuratL LGENDER LAGE LEDU TENURE_O
       TENURE_T TENURE_F TEAMSIZE LOCATION LCOVID_B LCOVID_S;
   MISSING=.;
   usevar = MLSSB MLGSB MMICRO MLCOMM;
  classes = c(10);
  ANALYSIS:
  estimator = mlr;
  type = mixture;
  starts = 500 100;
  PLOT:
  type = plot3;
  series = MLSSB MLGSB MMICRO MLCOMM(*);



*** WARNING in MODEL command
  All variables are uncorrelated with all other variables within class.
  Check that this is what is intended.
   1 WARNING(S) FOUND IN THE INPUT INSTRUCTIONS




C10_mlpa_enum

SUMMARY OF ANALYSIS

Number of groups                                                 1
Number of observations                                        1560

Number of dependent variables                                    4
Number of independent variables                                  0
Number of continuous latent variables                            0
Number of categorical latent variables                           1

Observed dependent variables

  Continuous
   MLSSB       MLGSB       MMICRO      MLCOMM

Categorical latent variables
   C


Estimator                                                      MLR
Information matrix                                        OBSERVED
Optimization Specifications for the Quasi-Newton Algorithm for
Continuous Outcomes
  Maximum number of iterations                                 100
  Convergence criterion                                  0.100D-05
Optimization Specifications for the EM Algorithm
  Maximum number of iterations                                 500
  Convergence criteria
    Loglikelihood change                                 0.100D-06
    Relative loglikelihood change                        0.100D-06
    Derivative                                           0.100D-05
Optimization Specifications for the M step of the EM Algorithm for
Categorical Latent variables
  Number of M step iterations                                    1
  M step convergence criterion                           0.100D-05
  Basis for M step termination                           ITERATION
Optimization Specifications for the M step of the EM Algorithm for
Censored, Binary or Ordered Categorical (Ordinal), Unordered
Categorical (Nominal) and Count Outcomes
  Number of M step iterations                                    1
  M step convergence criterion                           0.100D-05
  Basis for M step termination                           ITERATION
  Maximum value for logit thresholds                            15
  Minimum value for logit thresholds                           -15
  Minimum expected cell size for chi-square              0.100D-01
Maximum number of iterations for H1                           2000
Convergence criterion for H1                             0.100D-03
Optimization algorithm                                         EMA
Random Starts Specifications
  Number of initial stage random starts                        500
  Number of final stage optimizations                          100
  Number of initial stage iterations                            10
  Initial stage convergence criterion                    0.100D+01
  Random starts scale                                    0.500D+01
  Random seed for generating random starts                       0

Input data file(s)
  enum_mplus/c_10_mlpa_enum.dat
Input data format  FREE


SUMMARY OF DATA

     Number of missing data patterns             2
     Number of y missing data patterns           2
     Number of u missing data patterns           0


COVARIANCE COVERAGE OF DATA

Minimum covariance coverage value   0.100


     PROPORTION OF DATA PRESENT FOR Y


           Covariance Coverage
              MLSSB         MLGSB         MMICRO        MLCOMM
              ________      ________      ________      ________
 MLSSB          1.000
 MLGSB          1.000         1.000
 MMICRO         1.000         1.000         1.000
 MLCOMM         0.999         0.999         0.999         0.999



UNIVARIATE SAMPLE STATISTICS


     UNIVARIATE HIGHER-ORDER MOMENT DESCRIPTIVE STATISTICS

         Variable/         Mean/     Skewness/   Minimum/ % with                Percentiles
        Sample Size      Variance    Kurtosis    Maximum  Min/Max      20%/60%    40%/80%    Median

     MLSSB                 1.517       1.738       1.000   34.62%       1.000      1.111      1.222
            1560.000       0.443       3.173       5.000    0.06%       1.444      2.000
     MLGSB                 3.272      -0.242       1.000    1.15%       2.667      3.111      3.222
            1560.000       0.688       0.123       5.000    2.56%       3.444      3.889
     MMICRO                1.857       1.766       1.000   31.54%       1.000      1.286      1.429
            1560.000       1.174       3.322       7.000    0.06%       1.714      2.429
     MLCOMM                3.796      -0.546       1.000    0.13%       3.250      3.750      4.000
            1559.000       0.487       0.000       5.000    3.91%       4.000      4.500

RANDOM STARTS RESULTS RANKED FROM THE BEST TO THE WORST LOGLIKELIHOOD VALUES

Final stage loglikelihood values at local maxima, seeds, and initial stage start numbers:

           -6085.029  652266           490
           -6085.029  996231           310
           -6085.029  278692           342
           -6086.063  264081           186
           -6086.325  165853           105
           -6086.325  170954           86
           -6103.537  505879           424
           -6104.957  923437           398
           -6106.872  374219           353
           -6112.157  957392           79
           -6114.566  749635           420
           -6114.566  741484           441
           -6114.566  22362            365
           -6114.566  804660           260
           -6115.621  848163           47
           -6115.621  939021           8
           -6115.621  152496           123
           -6117.480  484501           163
           -6117.480  383986           159
           -6117.480  437181           135
           -6117.640  673496           218
           -6117.640  568405           233
           -6117.640  798839           312
           -6117.640  965639           463
           -6130.129  314757           345
           -6130.129  797594           234
           -6131.396  17359            227
           -6131.396  107446           12
           -6163.047  614009           317
           -6163.047  375590           438
           -6163.047  132336           362
           -6163.047  354559           73
           -6163.047  12477            155
           -6163.047  857799           315
           -6165.385  61587            400
           -6165.412  232559           136
           -6165.412  872743           374
           -6166.730  73576            213
           -6169.143  65651            214
           -6171.630  699554           427
           -6171.630  772131           407
           -6173.026  570782           193
           -6180.355  606576           151
           -6231.016  686482           215

56 perturbed starting value run(s) did not converge or were rejected in the third stage.



THE BEST LOGLIKELIHOOD VALUE HAS BEEN REPLICATED.  RERUN WITH AT LEAST TWICE THE
RANDOM STARTS TO CHECK THAT THE BEST LOGLIKELIHOOD IS STILL OBTAINED AND REPLICATED.


THE MODEL ESTIMATION TERMINATED NORMALLY



MODEL FIT INFORMATION

Number of Free Parameters                       53

Loglikelihood

          H0 Value                       -6085.029
          H0 Scaling Correction Factor      1.6716
            for MLR

Information Criteria

          Akaike (AIC)                   12276.059
          Bayesian (BIC)                 12559.738
          Sample-Size Adjusted BIC       12391.369
            (n* = (n + 2) / 24)



FINAL CLASS COUNTS AND PROPORTIONS FOR THE LATENT CLASSES
BASED ON THE ESTIMATED MODEL

    Latent
   Classes

       1          7.67872          0.00492
       2        124.51794          0.07982
       3          6.76428          0.00434
       4         63.57224          0.04075
       5         47.51632          0.03046
       6        847.75564          0.54343
       7         78.16609          0.05011
       8         30.81303          0.01975
       9         75.87690          0.04864
      10        277.33884          0.17778


FINAL CLASS COUNTS AND PROPORTIONS FOR THE LATENT CLASSES
BASED ON ESTIMATED POSTERIOR PROBABILITIES

    Latent
   Classes

       1          7.67872          0.00492
       2        124.51794          0.07982
       3          6.76428          0.00434
       4         63.57224          0.04075
       5         47.51632          0.03046
       6        847.75564          0.54343
       7         78.16609          0.05011
       8         30.81303          0.01975
       9         75.87690          0.04864
      10        277.33884          0.17778


FINAL CLASS COUNTS AND PROPORTIONS FOR THE LATENT CLASSES
BASED ON THEIR MOST LIKELY LATENT CLASS MEMBERSHIP

Class Counts and Proportions

    Latent
   Classes

       1                8          0.00513
       2               96          0.06154
       3                7          0.00449
       4               63          0.04038
       5               46          0.02949
       6              883          0.56603
       7               76          0.04872
       8               31          0.01987
       9               73          0.04679
      10              277          0.17756


CLASSIFICATION QUALITY

     Entropy                         0.891


Classification Probabilities for the Most Likely Latent Class Membership (Column)
by Latent Class (Row)

           1        2        3        4        5        6        7        8        9

    1   0.961    0.000    0.000    0.000    0.016    0.000    0.000    0.011    0.012
    2   0.000    0.598    0.000    0.000    0.000    0.368    0.003    0.000    0.000
    3   0.000    0.000    0.984    0.011    0.000    0.000    0.006    0.000    0.000
    4   0.000    0.000    0.005    0.844    0.013    0.000    0.032    0.000    0.027
    5   0.003    0.000    0.000    0.031    0.900    0.000    0.000    0.023    0.042
    6   0.000    0.022    0.000    0.000    0.000    0.960    0.003    0.000    0.000
    7   0.000    0.003    0.000    0.010    0.000    0.081    0.874    0.000    0.000
    8   0.003    0.000    0.000    0.000    0.029    0.000    0.000    0.968    0.000
    9   0.005    0.000    0.000    0.038    0.018    0.000    0.000    0.000    0.846
   10   0.000    0.008    0.000    0.015    0.000    0.060    0.009    0.000    0.018

          10

    1   0.000
    2   0.031
    3   0.000
    4   0.079
    5   0.000
    6   0.014
    7   0.032
    8   0.000
    9   0.093
   10   0.890


Logits for the Classification Probabilities for the Most Likely Latent Class Membership (Column)
by Latent Class (Row)

              1        2        3        4        5        6        7        8        9

    1     13.776    0.000    0.000    0.000    9.652    0.000    0.000    9.332    9.419
    2    -10.355    2.946  -10.355  -10.313  -10.355    2.460   -2.322  -10.355  -10.355
    3      0.000    0.000   13.799    9.299    3.305    0.000    8.620    0.000    0.000
    4    -11.276   -9.044   -2.709    2.370   -1.780   -9.283   -0.917  -11.276   -1.073
    5      6.121   -1.953   -1.953    8.403   11.757   -1.953   -1.953    8.088    8.699
    6     -9.540    0.475   -9.540   -9.540   -9.540    4.235   -1.438   -9.540   -9.540
    7    -10.365   -2.231   -5.230   -1.170  -10.365    0.933    3.316  -10.365  -10.365
    8      8.095    0.000    0.000    0.000   10.270    0.000    0.000   13.783    0.000
    9     -2.949  -11.437  -11.437   -0.887   -1.632  -11.437  -11.437  -11.437    2.211
   10    -13.699   -4.663  -13.699   -4.095  -13.699   -2.692   -4.618  -13.699   -3.903

             10

    1      0.000
    2      0.000
    3      0.000
    4      0.000
    5      0.000
    6      0.000
    7      0.000
    8      0.000
    9      0.000
   10      0.000


MODEL RESULTS

                                                    Two-Tailed
                    Estimate       S.E.  Est./S.E.    P-Value

Latent Class 1

 Means
    MLSSB              3.630      0.172     21.078      0.000
    MLGSB              2.188      0.394      5.547      0.000
    MMICRO             1.775      0.504      3.525      0.000
    MLCOMM             3.367      0.328     10.268      0.000

 Variances
    MLSSB              0.042      0.003     14.297      0.000
    MLGSB              0.556      0.022     24.916      0.000
    MMICRO             0.297      0.017     17.673      0.000
    MLCOMM             0.340      0.019     17.680      0.000

Latent Class 2

 Means
    MLSSB              1.154      0.022     52.777      0.000
    MLGSB              2.701      0.145     18.575      0.000
    MMICRO             1.382      0.051     26.868      0.000
    MLCOMM             2.914      0.107     27.227      0.000

 Variances
    MLSSB              0.042      0.003     14.297      0.000
    MLGSB              0.556      0.022     24.916      0.000
    MMICRO             0.297      0.017     17.673      0.000
    MLCOMM             0.340      0.019     17.680      0.000

Latent Class 3

 Means
    MLSSB              1.628      0.136     11.960      0.000
    MLGSB              1.629      0.215      7.586      0.000
    MMICRO             5.896      0.500     11.794      0.000
    MLCOMM             2.445      0.214     11.405      0.000

 Variances
    MLSSB              0.042      0.003     14.297      0.000
    MLGSB              0.556      0.022     24.916      0.000
    MMICRO             0.297      0.017     17.673      0.000
    MLCOMM             0.340      0.019     17.680      0.000

Latent Class 4

 Means
    MLSSB              2.179      0.081     26.758      0.000
    MLGSB              2.796      0.115     24.368      0.000
    MMICRO             3.756      0.201     18.721      0.000
    MLCOMM             3.561      0.131     27.214      0.000

 Variances
    MLSSB              0.042      0.003     14.297      0.000
    MLGSB              0.556      0.022     24.916      0.000
    MMICRO             0.297      0.017     17.673      0.000
    MLCOMM             0.340      0.019     17.680      0.000

Latent Class 5

 Means
    MLSSB              3.077      0.121     25.486      0.000
    MLGSB              2.932      0.108     27.200      0.000
    MMICRO             3.949      0.323     12.242      0.000
    MLCOMM             3.356      0.110     30.572      0.000

 Variances
    MLSSB              0.042      0.003     14.297      0.000
    MLGSB              0.556      0.022     24.916      0.000
    MMICRO             0.297      0.017     17.673      0.000
    MLCOMM             0.340      0.019     17.680      0.000

Latent Class 6

 Means
    MLSSB              1.130      0.008    142.143      0.000
    MLGSB              3.552      0.032    111.633      0.000
    MMICRO             1.360      0.018     76.065      0.000
    MLCOMM             4.087      0.030    135.026      0.000

 Variances
    MLSSB              0.042      0.003     14.297      0.000
    MLGSB              0.556      0.022     24.916      0.000
    MMICRO             0.297      0.017     17.673      0.000
    MLCOMM             0.340      0.019     17.680      0.000

Latent Class 7

 Means
    MLSSB              1.270      0.045     28.425      0.000
    MLGSB              3.331      0.124     26.848      0.000
    MMICRO             3.549      0.109     32.656      0.000
    MLCOMM             3.845      0.091     42.021      0.000

 Variances
    MLSSB              0.042      0.003     14.297      0.000
    MLGSB              0.556      0.022     24.916      0.000
    MMICRO             0.297      0.017     17.673      0.000
    MLCOMM             0.340      0.019     17.680      0.000

Latent Class 8

 Means
    MLSSB              3.879      0.143     27.119      0.000
    MLGSB              2.445      0.240     10.206      0.000
    MMICRO             5.253      0.253     20.790      0.000
    MLCOMM             3.155      0.162     19.491      0.000

 Variances
    MLSSB              0.042      0.003     14.297      0.000
    MLGSB              0.556      0.022     24.916      0.000
    MMICRO             0.297      0.017     17.673      0.000
    MLCOMM             0.340      0.019     17.680      0.000

Latent Class 9

 Means
    MLSSB              2.604      0.081     32.273      0.000
    MLGSB              2.690      0.102     26.488      0.000
    MMICRO             2.016      0.154     13.078      0.000
    MLCOMM             3.335      0.109     30.646      0.000

 Variances
    MLSSB              0.042      0.003     14.297      0.000
    MLGSB              0.556      0.022     24.916      0.000
    MMICRO             0.297      0.017     17.673      0.000
    MLCOMM             0.340      0.019     17.680      0.000

Latent Class 10

 Means
    MLSSB              1.891      0.033     58.112      0.000
    MLGSB              3.147      0.043     73.306      0.000
    MMICRO             1.804      0.055     32.875      0.000
    MLCOMM             3.661      0.043     84.303      0.000

 Variances
    MLSSB              0.042      0.003     14.297      0.000
    MLGSB              0.556      0.022     24.916      0.000
    MMICRO             0.297      0.017     17.673      0.000
    MLCOMM             0.340      0.019     17.680      0.000

Categorical Latent Variables

 Means
    C#1               -3.587      0.432     -8.309      0.000
    C#2               -0.801      0.231     -3.464      0.001
    C#3               -3.714      0.438     -8.471      0.000
    C#4               -1.473      0.210     -7.021      0.000
    C#5               -1.764      0.208     -8.500      0.000
    C#6                1.117      0.085     13.119      0.000
    C#7               -1.266      0.172     -7.350      0.000
    C#8               -2.197      0.278     -7.906      0.000
    C#9               -1.296      0.187     -6.934      0.000


QUALITY OF NUMERICAL RESULTS

     Condition Number for the Information Matrix              0.488E-05
       (ratio of smallest to largest eigenvalue)


PLOT INFORMATION

The following plots are available:

  Histograms (sample values)
  Scatterplots (sample values)
  Sample means
  Estimated means, medians, modes, and percentiles
  Sample and estimated means
  Observed individual values
  Estimated means and observed individual values
  Estimated overall and class-specific distributions

     Beginning Time:  08:12:19
        Ending Time:  08:12:52
       Elapsed Time:  00:00:33



MUTHEN & MUTHEN
3463 Stoner Ave.
Los Angeles, CA  90066

Tel: (310) 391-9971
Fax: (310) 391-8971
Web: www.StatModel.com
Support: Support@StatModel.com

Copyright (c) 1998-2019 Muthen & Muthen
