Mplus VERSION 8.4 (Mac)
MUTHEN & MUTHEN
04/26/2023   9:14 AM

INPUT INSTRUCTIONS

  TITLE:
  C4_mlpa_enum
  DATA:
  FILE = "enum_mplus/c_4_mlpa_enum.dat";

  VARIABLE:
  NAMES = LCOALT LCONSUL LDEPR LEXCH LINAP LINTEG LLEGTAC LPEAPP LPRESS LRAPER MBULLY
       MCYN MEXH MLCOMM MLDEFF MLGSB MLSSB MLYING MMICRO MSCC MSELFE MSTRESS MWELLB
       TEAMID MRESPNUM ProgrM DuratM MGENDER MAGE MEDU MTENUR_O MTENUR_T MTENUR_F
       MCONTACT MCOVID_B MCOVID_S LRespNr ProgrL DuratL LGENDER LAGE LEDU TENURE_O
       TENURE_T TENURE_F TEAMSIZE LOCATION LCOVID_B LCOVID_S;
   MISSING=.;
   usevar = MMICRO MLCOMM MLGSB MLSSB;
  classes = c(4);
  ANALYSIS:
  estimator = mlr;
  type = mixture;
  starts = 500 100;
  PLOT:
  type = plot3;
  series = MMICRO MLCOMM MLGSB MLSSB(*);



*** WARNING in MODEL command
  All variables are uncorrelated with all other variables within class.
  Check that this is what is intended.
   1 WARNING(S) FOUND IN THE INPUT INSTRUCTIONS




C4_mlpa_enum

SUMMARY OF ANALYSIS

Number of groups                                                 1
Number of observations                                        1560

Number of dependent variables                                    4
Number of independent variables                                  0
Number of continuous latent variables                            0
Number of categorical latent variables                           1

Observed dependent variables

  Continuous
   MMICRO      MLCOMM      MLGSB       MLSSB

Categorical latent variables
   C


Estimator                                                      MLR
Information matrix                                        OBSERVED
Optimization Specifications for the Quasi-Newton Algorithm for
Continuous Outcomes
  Maximum number of iterations                                 100
  Convergence criterion                                  0.100D-05
Optimization Specifications for the EM Algorithm
  Maximum number of iterations                                 500
  Convergence criteria
    Loglikelihood change                                 0.100D-06
    Relative loglikelihood change                        0.100D-06
    Derivative                                           0.100D-05
Optimization Specifications for the M step of the EM Algorithm for
Categorical Latent variables
  Number of M step iterations                                    1
  M step convergence criterion                           0.100D-05
  Basis for M step termination                           ITERATION
Optimization Specifications for the M step of the EM Algorithm for
Censored, Binary or Ordered Categorical (Ordinal), Unordered
Categorical (Nominal) and Count Outcomes
  Number of M step iterations                                    1
  M step convergence criterion                           0.100D-05
  Basis for M step termination                           ITERATION
  Maximum value for logit thresholds                            15
  Minimum value for logit thresholds                           -15
  Minimum expected cell size for chi-square              0.100D-01
Maximum number of iterations for H1                           2000
Convergence criterion for H1                             0.100D-03
Optimization algorithm                                         EMA
Random Starts Specifications
  Number of initial stage random starts                        500
  Number of final stage optimizations                          100
  Number of initial stage iterations                            10
  Initial stage convergence criterion                    0.100D+01
  Random starts scale                                    0.500D+01
  Random seed for generating random starts                       0

Input data file(s)
  enum_mplus/c_4_mlpa_enum.dat
Input data format  FREE


SUMMARY OF DATA

     Number of missing data patterns             2
     Number of y missing data patterns           2
     Number of u missing data patterns           0


COVARIANCE COVERAGE OF DATA

Minimum covariance coverage value   0.100


     PROPORTION OF DATA PRESENT FOR Y


           Covariance Coverage
              MMICRO        MLCOMM        MLGSB         MLSSB
              ________      ________      ________      ________
 MMICRO         1.000
 MLCOMM         0.999         0.999
 MLGSB          1.000         0.999         1.000
 MLSSB          1.000         0.999         1.000         1.000



UNIVARIATE SAMPLE STATISTICS


     UNIVARIATE HIGHER-ORDER MOMENT DESCRIPTIVE STATISTICS

         Variable/         Mean/     Skewness/   Minimum/ % with                Percentiles
        Sample Size      Variance    Kurtosis    Maximum  Min/Max      20%/60%    40%/80%    Median

     MMICRO                1.857       1.766       1.000   31.54%       1.000      1.286      1.429
            1560.000       1.174       3.322       7.000    0.06%       1.714      2.429
     MLCOMM                3.796      -0.546       1.000    0.13%       3.250      3.750      4.000
            1559.000       0.487       0.000       5.000    3.91%       4.000      4.500
     MLGSB                 3.272      -0.242       1.000    1.15%       2.667      3.111      3.222
            1560.000       0.688       0.123       5.000    2.56%       3.444      3.889
     MLSSB                 1.517       1.738       1.000   34.62%       1.000      1.111      1.222
            1560.000       0.443       3.173       5.000    0.06%       1.444      2.000

RANDOM STARTS RESULTS RANKED FROM THE BEST TO THE WORST LOGLIKELIHOOD VALUES

Final stage loglikelihood values at local maxima, seeds, and initial stage start numbers:

           -6466.443  597614           284
           -6466.443  402224           91
           -6466.443  100874           108
           -6473.787  468036           131
           -6473.787  679832           302
           -6473.787  80438            246
           -6473.787  202790           198
           -6473.787  923437           398
           -6473.787  915107           54
           -6473.787  694303           282
           -6473.787  928287           197
           -6473.787  715561           125
           -6473.787  153942           31
           -6473.787  526324           178
           -6473.787  217130           443
           -6473.787  264935           281
           -6473.787  407168           44
           -6473.787  85462            51
           -6473.787  43523            297
           -6473.787  562716           300
           -6473.787  853195           431
           -6473.787  568859           49
           -6473.787  23012            352
           -6473.787  714997           399
           -6473.787  871722           355
           -6473.787  801717           364
           -6473.787  723775           97
           -6473.787  535063           329
           -6473.787  900268           327
           -6473.787  232559           136
           -6473.787  836515           341
           -6473.787  846194           93
           -6473.787  182524           373
           -6473.787  12477            155
           -6473.787  92689            304
           -6473.787  466971           109
           -6473.787  281462           285
           -6473.787  399671           13
           -6473.787  930872           277
           -6473.787  175199           247
           -6473.787  605161           409
           -6473.787  396795           323
           -6473.787  508482           446
           -6473.787  926283           269
           -6473.787  520177           262
           -6473.787  216565           474
           -6473.787  813779           92
           -6473.787  696773           80
           -6473.787  754100           56
           -6473.787  913639           162
           -6473.787  211281           292
           -6538.350  112586           494
           -6538.350  667250           318
           -6538.350  937588           293
           -6538.350  931874           141
           -6538.350  614535           449
           -6538.350  173191           422
           -6538.350  648555           113
           -6538.350  193042           316
           -6538.350  967902           52
           -6538.350  570908           98
           -6538.350  997222           229
           -6538.350  422103           62
           -6538.350  39136            226
           -6538.350  642909           251
           -6538.350  987090           70
           -6538.350  268217           83
           -6538.350  137377           397
           -6538.350  315029           471
           -6538.350  411615           171
           -6538.350  341041           34

29 perturbed starting value run(s) did not converge or were rejected in the third stage.



THE BEST LOGLIKELIHOOD VALUE HAS BEEN REPLICATED.  RERUN WITH AT LEAST TWICE THE
RANDOM STARTS TO CHECK THAT THE BEST LOGLIKELIHOOD IS STILL OBTAINED AND REPLICATED.


THE MODEL ESTIMATION TERMINATED NORMALLY



MODEL FIT INFORMATION

Number of Free Parameters                       23

Loglikelihood

          H0 Value                       -6466.443
          H0 Scaling Correction Factor      1.5823
            for MLR

Information Criteria

          Akaike (AIC)                   12978.887
          Bayesian (BIC)                 13101.993
          Sample-Size Adjusted BIC       13028.927
            (n* = (n + 2) / 24)



FINAL CLASS COUNTS AND PROPORTIONS FOR THE LATENT CLASSES
BASED ON THE ESTIMATED MODEL

    Latent
   Classes

       1        103.76767          0.06652
       2        347.77274          0.22293
       3         41.83026          0.02681
       4       1066.62933          0.68374


FINAL CLASS COUNTS AND PROPORTIONS FOR THE LATENT CLASSES
BASED ON ESTIMATED POSTERIOR PROBABILITIES

    Latent
   Classes

       1        103.76767          0.06652
       2        347.77274          0.22293
       3         41.83026          0.02681
       4       1066.62933          0.68374


FINAL CLASS COUNTS AND PROPORTIONS FOR THE LATENT CLASSES
BASED ON THEIR MOST LIKELY LATENT CLASS MEMBERSHIP

Class Counts and Proportions

    Latent
   Classes

       1              102          0.06538
       2              349          0.22372
       3               41          0.02628
       4             1068          0.68462


CLASSIFICATION QUALITY

     Entropy                         0.937


Classification Probabilities for the Most Likely Latent Class Membership (Column)
by Latent Class (Row)

           1        2        3        4

    1   0.910    0.081    0.009    0.000
    2   0.017    0.925    0.000    0.058
    3   0.042    0.000    0.958    0.000
    4   0.000    0.018    0.000    0.982


Logits for the Classification Probabilities for the Most Likely Latent Class Membership (Column)
by Latent Class (Row)

              1        2        3        4

    1     13.721   11.308    9.087    0.000
    2     -1.244    2.762  -10.975    0.000
    3     10.640    0.000   13.773    0.000
    4    -13.798   -4.013  -13.798    0.000


MODEL RESULTS

                                                    Two-Tailed
                    Estimate       S.E.  Est./S.E.    P-Value

Latent Class 1

 Means
    MMICRO             3.008      0.179     16.824      0.000
    MLCOMM             3.349      0.069     48.249      0.000
    MLGSB              2.704      0.074     36.674      0.000
    MLSSB              2.837      0.071     39.708      0.000

 Variances
    MMICRO             0.743      0.049     15.252      0.000
    MLCOMM             0.443      0.017     25.967      0.000
    MLGSB              0.624      0.024     26.042      0.000
    MLSSB              0.048      0.003     15.019      0.000

Latent Class 2

 Means
    MMICRO             2.227      0.066     33.996      0.000
    MLCOMM             3.607      0.040     90.662      0.000
    MLGSB              3.035      0.042     72.932      0.000
    MLSSB              1.974      0.031     64.543      0.000

 Variances
    MMICRO             0.743      0.049     15.252      0.000
    MLCOMM             0.443      0.017     25.967      0.000
    MLGSB              0.624      0.024     26.042      0.000
    MLSSB              0.048      0.003     15.019      0.000

Latent Class 3

 Means
    MMICRO             4.781      0.241     19.846      0.000
    MLCOMM             3.151      0.126     24.929      0.000
    MLGSB              2.578      0.156     16.511      0.000
    MLSSB              3.808      0.098     39.040      0.000

 Variances
    MMICRO             0.743      0.049     15.252      0.000
    MLCOMM             0.443      0.017     25.967      0.000
    MLGSB              0.624      0.024     26.042      0.000
    MLSSB              0.048      0.003     15.019      0.000

Latent Class 4

 Means
    MMICRO             1.510      0.023     64.310      0.000
    MLCOMM             3.926      0.021    187.668      0.000
    MLGSB              3.432      0.026    134.344      0.000
    MLSSB              1.149      0.008    143.710      0.000

 Variances
    MMICRO             0.743      0.049     15.252      0.000
    MLCOMM             0.443      0.017     25.967      0.000
    MLGSB              0.624      0.024     26.042      0.000
    MLSSB              0.048      0.003     15.019      0.000

Categorical Latent Variables

 Means
    C#1               -2.330      0.136    -17.180      0.000
    C#2               -1.121      0.069    -16.286      0.000
    C#3               -3.239      0.185    -17.508      0.000


QUALITY OF NUMERICAL RESULTS

     Condition Number for the Information Matrix              0.179E-03
       (ratio of smallest to largest eigenvalue)


PLOT INFORMATION

The following plots are available:

  Histograms (sample values)
  Scatterplots (sample values)
  Sample means
  Estimated means, medians, modes, and percentiles
  Sample and estimated means
  Observed individual values
  Estimated means and observed individual values
  Estimated overall and class-specific distributions

     Beginning Time:  09:14:01
        Ending Time:  09:14:16
       Elapsed Time:  00:00:15



MUTHEN & MUTHEN
3463 Stoner Ave.
Los Angeles, CA  90066

Tel: (310) 391-9971
Fax: (310) 391-8971
Web: www.StatModel.com
Support: Support@StatModel.com

Copyright (c) 1998-2019 Muthen & Muthen
