Mplus VERSION 8.4 (Mac)
MUTHEN & MUTHEN
04/26/2023   9:14 AM

INPUT INSTRUCTIONS

  TITLE:
  C5_mlpa_enum
  DATA:
  FILE = "enum_mplus/c_5_mlpa_enum.dat";

  VARIABLE:
  NAMES = LCOALT LCONSUL LDEPR LEXCH LINAP LINTEG LLEGTAC LPEAPP LPRESS LRAPER MBULLY
       MCYN MEXH MLCOMM MLDEFF MLGSB MLSSB MLYING MMICRO MSCC MSELFE MSTRESS MWELLB
       TEAMID MRESPNUM ProgrM DuratM MGENDER MAGE MEDU MTENUR_O MTENUR_T MTENUR_F
       MCONTACT MCOVID_B MCOVID_S LRespNr ProgrL DuratL LGENDER LAGE LEDU TENURE_O
       TENURE_T TENURE_F TEAMSIZE LOCATION LCOVID_B LCOVID_S;
   MISSING=.;
   usevar = MMICRO MLCOMM MLGSB MLSSB;
  classes = c(5);
  ANALYSIS:
  estimator = mlr;
  type = mixture;
  starts = 500 100;
  PLOT:
  type = plot3;
  series = MMICRO MLCOMM MLGSB MLSSB(*);



*** WARNING in MODEL command
  All variables are uncorrelated with all other variables within class.
  Check that this is what is intended.
   1 WARNING(S) FOUND IN THE INPUT INSTRUCTIONS




C5_mlpa_enum

SUMMARY OF ANALYSIS

Number of groups                                                 1
Number of observations                                        1560

Number of dependent variables                                    4
Number of independent variables                                  0
Number of continuous latent variables                            0
Number of categorical latent variables                           1

Observed dependent variables

  Continuous
   MMICRO      MLCOMM      MLGSB       MLSSB

Categorical latent variables
   C


Estimator                                                      MLR
Information matrix                                        OBSERVED
Optimization Specifications for the Quasi-Newton Algorithm for
Continuous Outcomes
  Maximum number of iterations                                 100
  Convergence criterion                                  0.100D-05
Optimization Specifications for the EM Algorithm
  Maximum number of iterations                                 500
  Convergence criteria
    Loglikelihood change                                 0.100D-06
    Relative loglikelihood change                        0.100D-06
    Derivative                                           0.100D-05
Optimization Specifications for the M step of the EM Algorithm for
Categorical Latent variables
  Number of M step iterations                                    1
  M step convergence criterion                           0.100D-05
  Basis for M step termination                           ITERATION
Optimization Specifications for the M step of the EM Algorithm for
Censored, Binary or Ordered Categorical (Ordinal), Unordered
Categorical (Nominal) and Count Outcomes
  Number of M step iterations                                    1
  M step convergence criterion                           0.100D-05
  Basis for M step termination                           ITERATION
  Maximum value for logit thresholds                            15
  Minimum value for logit thresholds                           -15
  Minimum expected cell size for chi-square              0.100D-01
Maximum number of iterations for H1                           2000
Convergence criterion for H1                             0.100D-03
Optimization algorithm                                         EMA
Random Starts Specifications
  Number of initial stage random starts                        500
  Number of final stage optimizations                          100
  Number of initial stage iterations                            10
  Initial stage convergence criterion                    0.100D+01
  Random starts scale                                    0.500D+01
  Random seed for generating random starts                       0

Input data file(s)
  enum_mplus/c_5_mlpa_enum.dat
Input data format  FREE


SUMMARY OF DATA

     Number of missing data patterns             2
     Number of y missing data patterns           2
     Number of u missing data patterns           0


COVARIANCE COVERAGE OF DATA

Minimum covariance coverage value   0.100


     PROPORTION OF DATA PRESENT FOR Y


           Covariance Coverage
              MMICRO        MLCOMM        MLGSB         MLSSB
              ________      ________      ________      ________
 MMICRO         1.000
 MLCOMM         0.999         0.999
 MLGSB          1.000         0.999         1.000
 MLSSB          1.000         0.999         1.000         1.000



UNIVARIATE SAMPLE STATISTICS


     UNIVARIATE HIGHER-ORDER MOMENT DESCRIPTIVE STATISTICS

         Variable/         Mean/     Skewness/   Minimum/ % with                Percentiles
        Sample Size      Variance    Kurtosis    Maximum  Min/Max      20%/60%    40%/80%    Median

     MMICRO                1.857       1.766       1.000   31.54%       1.000      1.286      1.429
            1560.000       1.174       3.322       7.000    0.06%       1.714      2.429
     MLCOMM                3.796      -0.546       1.000    0.13%       3.250      3.750      4.000
            1559.000       0.487       0.000       5.000    3.91%       4.000      4.500
     MLGSB                 3.272      -0.242       1.000    1.15%       2.667      3.111      3.222
            1560.000       0.688       0.123       5.000    2.56%       3.444      3.889
     MLSSB                 1.517       1.738       1.000   34.62%       1.000      1.111      1.222
            1560.000       0.443       3.173       5.000    0.06%       1.444      2.000

RANDOM STARTS RESULTS RANKED FROM THE BEST TO THE WORST LOGLIKELIHOOD VALUES

Final stage loglikelihood values at local maxima, seeds, and initial stage start numbers:

           -6361.317  544048           87
           -6361.317  73576            213
           -6361.317  551639           55
           -6361.317  913639           162
           -6361.317  217130           443
           -6361.317  915642           40
           -6361.317  85462            51
           -6361.317  100874           108
           -6361.317  939021           8
           -6361.317  281462           285
           -6361.317  319144           176
           -6361.317  440841           118
           -6361.317  232559           136
           -6361.317  195353           225
           -6361.317  915107           54
           -6402.671  476498           179
           -6402.671  614535           449
           -6411.754  887580           493
           -6411.754  846194           93
           -6411.754  17359            227
           -6422.560  686482           215
           -6422.560  301180           236
           -6422.560  596257           405
           -6422.560  618760           489
           -6422.560  21132            351
           -6422.560  937588           293
           -6422.560  605358           321
           -6422.560  193042           316
           -6422.560  475420           71
           -6422.560  411615           171
           -6422.560  66276            217
           -6422.560  783165           170
           -6422.560  314084           81
           -6422.560  790452           303
           -6422.560  297518           166
           -6422.560  926283           269
           -6422.560  616917           261
           -6422.560  563002           360
           -6422.560  654136           167
           -6422.560  468036           131
           -6422.560  637095           207
           -6422.560  39136            226
           -6422.560  402224           91
           -6422.560  561664           392
           -6422.560  137377           397
           -6422.560  462953           7
           -6422.560  629320           222
           -6422.560  12477            155
           -6422.560  777045           377
           -6422.560  621542           375

Unperturbed starting value run did not converge or was rejected in the third stage.

49 perturbed starting value run(s) did not converge or were rejected in the third stage.



THE BEST LOGLIKELIHOOD VALUE HAS BEEN REPLICATED.  RERUN WITH AT LEAST TWICE THE
RANDOM STARTS TO CHECK THAT THE BEST LOGLIKELIHOOD IS STILL OBTAINED AND REPLICATED.


THE MODEL ESTIMATION TERMINATED NORMALLY



MODEL FIT INFORMATION

Number of Free Parameters                       28

Loglikelihood

          H0 Value                       -6361.317
          H0 Scaling Correction Factor      1.7685
            for MLR

Information Criteria

          Akaike (AIC)                   12778.633
          Bayesian (BIC)                 12928.502
          Sample-Size Adjusted BIC       12839.552
            (n* = (n + 2) / 24)



FINAL CLASS COUNTS AND PROPORTIONS FOR THE LATENT CLASSES
BASED ON THE ESTIMATED MODEL

    Latent
   Classes

       1        303.02031          0.19424
       2        101.95863          0.06536
       3         40.37370          0.02588
       4         83.85789          0.05376
       5       1030.78947          0.66076


FINAL CLASS COUNTS AND PROPORTIONS FOR THE LATENT CLASSES
BASED ON ESTIMATED POSTERIOR PROBABILITIES

    Latent
   Classes

       1        303.02031          0.19424
       2        101.95863          0.06536
       3         40.37370          0.02588
       4         83.85789          0.05376
       5       1030.78947          0.66076


FINAL CLASS COUNTS AND PROPORTIONS FOR THE LATENT CLASSES
BASED ON THEIR MOST LIKELY LATENT CLASS MEMBERSHIP

Class Counts and Proportions

    Latent
   Classes

       1              304          0.19487
       2               98          0.06282
       3               41          0.02628
       4               85          0.05449
       5             1032          0.66154


CLASSIFICATION QUALITY

     Entropy                         0.925


Classification Probabilities for the Most Likely Latent Class Membership (Column)
by Latent Class (Row)

           1        2        3        4        5

    1   0.901    0.018    0.000    0.015    0.067
    2   0.088    0.895    0.014    0.003    0.000
    3   0.000    0.019    0.981    0.000    0.000
    4   0.045    0.007    0.000    0.890    0.058
    5   0.018    0.000    0.000    0.005    0.977


Logits for the Classification Probabilities for the Most Likely Latent Class Membership (Column)
by Latent Class (Row)

              1        2        3        4        5

    1      2.604   -1.327  -11.106   -1.489    0.000
    2     11.382   13.705    9.518    8.143    0.000
    3      0.000    9.843   13.796    0.000    0.000
    4     -0.254   -2.073  -10.962    2.738    0.000
    5     -4.004  -13.792  -13.792   -5.223    0.000


MODEL RESULTS

                                                    Two-Tailed
                    Estimate       S.E.  Est./S.E.    P-Value

Latent Class 1

 Means
    MMICRO             1.965      0.075     26.338      0.000
    MLCOMM             3.597      0.043     84.392      0.000
    MLGSB              3.064      0.046     66.663      0.000
    MLSSB              2.018      0.035     57.425      0.000

 Variances
    MMICRO             0.418      0.046      9.128      0.000
    MLCOMM             0.441      0.017     25.841      0.000
    MLGSB              0.624      0.024     26.226      0.000
    MLSSB              0.059      0.006     10.018      0.000

Latent Class 2

 Means
    MMICRO             3.147      0.184     17.074      0.000
    MLCOMM             3.325      0.077     42.981      0.000
    MLGSB              2.674      0.073     36.492      0.000
    MLSSB              2.844      0.075     38.113      0.000

 Variances
    MMICRO             0.418      0.046      9.128      0.000
    MLCOMM             0.441      0.017     25.841      0.000
    MLGSB              0.624      0.024     26.226      0.000
    MLSSB              0.059      0.006     10.018      0.000

Latent Class 3

 Means
    MMICRO             5.006      0.229     21.860      0.000
    MLCOMM             3.198      0.119     26.951      0.000
    MLGSB              2.601      0.167     15.541      0.000
    MLSSB              3.790      0.088     43.022      0.000

 Variances
    MMICRO             0.418      0.046      9.128      0.000
    MLCOMM             0.441      0.017     25.841      0.000
    MLGSB              0.624      0.024     26.226      0.000
    MLSSB              0.059      0.006     10.018      0.000

Latent Class 4

 Means
    MMICRO             4.012      0.172     23.266      0.000
    MLCOMM             3.646      0.118     31.015      0.000
    MLGSB              3.057      0.153     19.924      0.000
    MLSSB              1.450      0.070     20.774      0.000

 Variances
    MMICRO             0.418      0.046      9.128      0.000
    MLCOMM             0.441      0.017     25.841      0.000
    MLGSB              0.624      0.024     26.226      0.000
    MLSSB              0.059      0.006     10.018      0.000

Latent Class 5

 Means
    MMICRO             1.399      0.022     63.798      0.000
    MLCOMM             3.936      0.021    185.131      0.000
    MLGSB              3.437      0.026    134.192      0.000
    MLSSB              1.154      0.009    123.900      0.000

 Variances
    MMICRO             0.418      0.046      9.128      0.000
    MLCOMM             0.441      0.017     25.841      0.000
    MLGSB              0.624      0.024     26.226      0.000
    MLSSB              0.059      0.006     10.018      0.000

Categorical Latent Variables

 Means
    C#1               -1.224      0.083    -14.754      0.000
    C#2               -2.314      0.140    -16.544      0.000
    C#3               -3.240      0.176    -18.410      0.000
    C#4               -2.509      0.190    -13.223      0.000


QUALITY OF NUMERICAL RESULTS

     Condition Number for the Information Matrix              0.220E-03
       (ratio of smallest to largest eigenvalue)


PLOT INFORMATION

The following plots are available:

  Histograms (sample values)
  Scatterplots (sample values)
  Sample means
  Estimated means, medians, modes, and percentiles
  Sample and estimated means
  Observed individual values
  Estimated means and observed individual values
  Estimated overall and class-specific distributions

     Beginning Time:  09:14:16
        Ending Time:  09:14:34
       Elapsed Time:  00:00:18



MUTHEN & MUTHEN
3463 Stoner Ave.
Los Angeles, CA  90066

Tel: (310) 391-9971
Fax: (310) 391-8971
Web: www.StatModel.com
Support: Support@StatModel.com

Copyright (c) 1998-2019 Muthen & Muthen
