Mplus VERSION 8.4 (Mac)
MUTHEN & MUTHEN
04/26/2023   9:14 AM

INPUT INSTRUCTIONS

  TITLE:
  C6_mlpa_enum
  DATA:
  FILE = "enum_mplus/c_6_mlpa_enum.dat";

  VARIABLE:
  NAMES = LCOALT LCONSUL LDEPR LEXCH LINAP LINTEG LLEGTAC LPEAPP LPRESS LRAPER MBULLY
       MCYN MEXH MLCOMM MLDEFF MLGSB MLSSB MLYING MMICRO MSCC MSELFE MSTRESS MWELLB
       TEAMID MRESPNUM ProgrM DuratM MGENDER MAGE MEDU MTENUR_O MTENUR_T MTENUR_F
       MCONTACT MCOVID_B MCOVID_S LRespNr ProgrL DuratL LGENDER LAGE LEDU TENURE_O
       TENURE_T TENURE_F TEAMSIZE LOCATION LCOVID_B LCOVID_S;
   MISSING=.;
   usevar = MMICRO MLCOMM MLGSB MLSSB;
  classes = c(6);
  ANALYSIS:
  estimator = mlr;
  type = mixture;
  starts = 500 100;
  PLOT:
  type = plot3;
  series = MMICRO MLCOMM MLGSB MLSSB(*);



*** WARNING in MODEL command
  All variables are uncorrelated with all other variables within class.
  Check that this is what is intended.
   1 WARNING(S) FOUND IN THE INPUT INSTRUCTIONS




C6_mlpa_enum

SUMMARY OF ANALYSIS

Number of groups                                                 1
Number of observations                                        1560

Number of dependent variables                                    4
Number of independent variables                                  0
Number of continuous latent variables                            0
Number of categorical latent variables                           1

Observed dependent variables

  Continuous
   MMICRO      MLCOMM      MLGSB       MLSSB

Categorical latent variables
   C


Estimator                                                      MLR
Information matrix                                        OBSERVED
Optimization Specifications for the Quasi-Newton Algorithm for
Continuous Outcomes
  Maximum number of iterations                                 100
  Convergence criterion                                  0.100D-05
Optimization Specifications for the EM Algorithm
  Maximum number of iterations                                 500
  Convergence criteria
    Loglikelihood change                                 0.100D-06
    Relative loglikelihood change                        0.100D-06
    Derivative                                           0.100D-05
Optimization Specifications for the M step of the EM Algorithm for
Categorical Latent variables
  Number of M step iterations                                    1
  M step convergence criterion                           0.100D-05
  Basis for M step termination                           ITERATION
Optimization Specifications for the M step of the EM Algorithm for
Censored, Binary or Ordered Categorical (Ordinal), Unordered
Categorical (Nominal) and Count Outcomes
  Number of M step iterations                                    1
  M step convergence criterion                           0.100D-05
  Basis for M step termination                           ITERATION
  Maximum value for logit thresholds                            15
  Minimum value for logit thresholds                           -15
  Minimum expected cell size for chi-square              0.100D-01
Maximum number of iterations for H1                           2000
Convergence criterion for H1                             0.100D-03
Optimization algorithm                                         EMA
Random Starts Specifications
  Number of initial stage random starts                        500
  Number of final stage optimizations                          100
  Number of initial stage iterations                            10
  Initial stage convergence criterion                    0.100D+01
  Random starts scale                                    0.500D+01
  Random seed for generating random starts                       0

Input data file(s)
  enum_mplus/c_6_mlpa_enum.dat
Input data format  FREE


SUMMARY OF DATA

     Number of missing data patterns             2
     Number of y missing data patterns           2
     Number of u missing data patterns           0


COVARIANCE COVERAGE OF DATA

Minimum covariance coverage value   0.100


     PROPORTION OF DATA PRESENT FOR Y


           Covariance Coverage
              MMICRO        MLCOMM        MLGSB         MLSSB
              ________      ________      ________      ________
 MMICRO         1.000
 MLCOMM         0.999         0.999
 MLGSB          1.000         0.999         1.000
 MLSSB          1.000         0.999         1.000         1.000



UNIVARIATE SAMPLE STATISTICS


     UNIVARIATE HIGHER-ORDER MOMENT DESCRIPTIVE STATISTICS

         Variable/         Mean/     Skewness/   Minimum/ % with                Percentiles
        Sample Size      Variance    Kurtosis    Maximum  Min/Max      20%/60%    40%/80%    Median

     MMICRO                1.857       1.766       1.000   31.54%       1.000      1.286      1.429
            1560.000       1.174       3.322       7.000    0.06%       1.714      2.429
     MLCOMM                3.796      -0.546       1.000    0.13%       3.250      3.750      4.000
            1559.000       0.487       0.000       5.000    3.91%       4.000      4.500
     MLGSB                 3.272      -0.242       1.000    1.15%       2.667      3.111      3.222
            1560.000       0.688       0.123       5.000    2.56%       3.444      3.889
     MLSSB                 1.517       1.738       1.000   34.62%       1.000      1.111      1.222
            1560.000       0.443       3.173       5.000    0.06%       1.444      2.000

RANDOM STARTS RESULTS RANKED FROM THE BEST TO THE WORST LOGLIKELIHOOD VALUES

Final stage loglikelihood values at local maxima, seeds, and initial stage start numbers:

           -6280.266  408713           450
           -6280.266  520177           262
           -6280.266  483369           270
           -6280.266  915642           40
           -6280.266  813779           92
           -6280.266  582296           452
           -6280.266  100874           108
           -6280.266  846194           93
           -6280.266  210870           383
           -6280.266  188640           451
           -6280.266  202790           198
           -6280.266  217130           443
           -6289.949  848969           173
           -6311.998  238906           430
           -6311.998  173440           328
           -6311.998  415931           10
           -6311.998  263049           454
           -6311.998  402224           91
           -6311.998  281462           285
           -6311.998  561664           392
           -6311.998  937885           426
           -6311.998  937588           293
           -6311.998  928287           197
           -6311.998  181293           212
           -6358.880  70118            104
           -6358.880  359578           458
           -6358.880  596257           405
           -6358.880  232559           136
           -6358.880  691234           250
           -6358.880  669634           335
           -6420.870  175199           247
           -6420.870  987090           70
           -6420.870  393232           152
           -6420.870  417035           149
           -6420.870  462953           7
           -6420.870  871851           257

64 perturbed starting value run(s) did not converge or were rejected in the third stage.



THE BEST LOGLIKELIHOOD VALUE HAS BEEN REPLICATED.  RERUN WITH AT LEAST TWICE THE
RANDOM STARTS TO CHECK THAT THE BEST LOGLIKELIHOOD IS STILL OBTAINED AND REPLICATED.


THE MODEL ESTIMATION TERMINATED NORMALLY



MODEL FIT INFORMATION

Number of Free Parameters                       33

Loglikelihood

          H0 Value                       -6280.266
          H0 Scaling Correction Factor      1.7141
            for MLR

Information Criteria

          Akaike (AIC)                   12626.532
          Bayesian (BIC)                 12803.162
          Sample-Size Adjusted BIC       12698.329
            (n* = (n + 2) / 24)



FINAL CLASS COUNTS AND PROPORTIONS FOR THE LATENT CLASSES
BASED ON THE ESTIMATED MODEL

    Latent
   Classes

       1        301.08194          0.19300
       2         52.79644          0.03384
       3         78.70662          0.05045
       4         76.71991          0.04918
       5       1012.33291          0.64893
       6         38.36218          0.02459


FINAL CLASS COUNTS AND PROPORTIONS FOR THE LATENT CLASSES
BASED ON ESTIMATED POSTERIOR PROBABILITIES

    Latent
   Classes

       1        301.08194          0.19300
       2         52.79644          0.03384
       3         78.70662          0.05045
       4         76.71991          0.04918
       5       1012.33291          0.64893
       6         38.36218          0.02459


FINAL CLASS COUNTS AND PROPORTIONS FOR THE LATENT CLASSES
BASED ON THEIR MOST LIKELY LATENT CLASS MEMBERSHIP

Class Counts and Proportions

    Latent
   Classes

       1              301          0.19295
       2               52          0.03333
       3               78          0.05000
       4               74          0.04744
       5             1017          0.65192
       6               38          0.02436


CLASSIFICATION QUALITY

     Entropy                         0.933


Classification Probabilities for the Most Likely Latent Class Membership (Column)
by Latent Class (Row)

           1        2        3        4        5        6

    1   0.909    0.008    0.011    0.008    0.064    0.000
    2   0.073    0.881    0.028    0.019    0.000    0.000
    3   0.055    0.017    0.915    0.000    0.000    0.013
    4   0.044    0.020    0.000    0.860    0.076    0.000
    5   0.016    0.000    0.000    0.005    0.980    0.000
    6   0.000    0.003    0.033    0.000    0.000    0.964


Logits for the Classification Probabilities for the Most Likely Latent Class Membership (Column)
by Latent Class (Row)

              1        2        3        4        5        6

    1     13.720    9.029    9.280    8.959   11.065    0.000
    2      5.513    8.009    4.555    4.149   -3.368    0.000
    3      1.480    0.307    4.290   -9.437   -9.437    0.000
    4     10.686    9.913    0.000   13.664   11.244    0.000
    5      9.650    0.000    0.000    8.448   13.795    0.000
    6    -13.779   -5.924   -3.375  -13.779  -13.779    0.000


MODEL RESULTS

                                                    Two-Tailed
                    Estimate       S.E.  Est./S.E.    P-Value

Latent Class 1

 Means
    MMICRO             1.916      0.056     34.337      0.000
    MLCOMM             3.600      0.041     87.136      0.000
    MLGSB              3.080      0.046     66.501      0.000
    MLSSB              2.011      0.039     51.806      0.000

 Variances
    MMICRO             0.350      0.025     14.180      0.000
    MLCOMM             0.442      0.017     25.729      0.000
    MLGSB              0.617      0.024     26.136      0.000
    MLSSB              0.054      0.005     10.452      0.000

Latent Class 2

 Means
    MMICRO             4.328      0.229     18.915      0.000
    MLCOMM             3.365      0.129     26.038      0.000
    MLGSB              2.573      0.116     22.157      0.000
    MLSSB              2.205      0.077     28.476      0.000

 Variances
    MMICRO             0.350      0.025     14.180      0.000
    MLCOMM             0.442      0.017     25.729      0.000
    MLGSB              0.617      0.024     26.136      0.000
    MLSSB              0.054      0.005     10.452      0.000

Latent Class 3

 Means
    MMICRO             2.829      0.222     12.765      0.000
    MLCOMM             3.351      0.084     40.000      0.000
    MLGSB              2.686      0.095     28.395      0.000
    MLSSB              2.990      0.103     29.108      0.000

 Variances
    MMICRO             0.350      0.025     14.180      0.000
    MLCOMM             0.442      0.017     25.729      0.000
    MLGSB              0.617      0.024     26.136      0.000
    MLSSB              0.054      0.005     10.452      0.000

Latent Class 4

 Means
    MMICRO             3.638      0.129     28.107      0.000
    MLCOMM             3.793      0.100     37.780      0.000
    MLGSB              3.296      0.133     24.775      0.000
    MLSSB              1.286      0.047     27.566      0.000

 Variances
    MMICRO             0.350      0.025     14.180      0.000
    MLCOMM             0.442      0.017     25.729      0.000
    MLGSB              0.617      0.024     26.136      0.000
    MLSSB              0.054      0.005     10.452      0.000

Latent Class 5

 Means
    MMICRO             1.377      0.017     80.636      0.000
    MLCOMM             3.934      0.021    183.667      0.000
    MLGSB              3.437      0.026    133.182      0.000
    MLSSB              1.151      0.009    123.869      0.000

 Variances
    MMICRO             0.350      0.025     14.180      0.000
    MLCOMM             0.442      0.017     25.729      0.000
    MLGSB              0.617      0.024     26.136      0.000
    MLSSB              0.054      0.005     10.452      0.000

Latent Class 6

 Means
    MMICRO             5.128      0.288     17.792      0.000
    MLCOMM             3.190      0.127     25.045      0.000
    MLGSB              2.568      0.197     13.048      0.000
    MLSSB              3.786      0.093     40.827      0.000

 Variances
    MMICRO             0.350      0.025     14.180      0.000
    MLCOMM             0.442      0.017     25.729      0.000
    MLGSB              0.617      0.024     26.136      0.000
    MLSSB              0.054      0.005     10.452      0.000

Categorical Latent Variables

 Means
    C#1                2.060      0.213      9.650      0.000
    C#2                0.319      0.286      1.115      0.265
    C#3                0.719      0.230      3.122      0.002
    C#4                0.693      0.278      2.493      0.013
    C#5                3.273      0.210     15.602      0.000


QUALITY OF NUMERICAL RESULTS

     Condition Number for the Information Matrix              0.192E-04
       (ratio of smallest to largest eigenvalue)


PLOT INFORMATION

The following plots are available:

  Histograms (sample values)
  Scatterplots (sample values)
  Sample means
  Estimated means, medians, modes, and percentiles
  Sample and estimated means
  Observed individual values
  Estimated means and observed individual values
  Estimated overall and class-specific distributions

     Beginning Time:  09:14:35
        Ending Time:  09:14:57
       Elapsed Time:  00:00:22



MUTHEN & MUTHEN
3463 Stoner Ave.
Los Angeles, CA  90066

Tel: (310) 391-9971
Fax: (310) 391-8971
Web: www.StatModel.com
Support: Support@StatModel.com

Copyright (c) 1998-2019 Muthen & Muthen
