Mplus VERSION 8.4 (Mac)
MUTHEN & MUTHEN
04/26/2023   8:11 AM

INPUT INSTRUCTIONS

  TITLE:
  C7_mlpa_enum
  DATA:
  FILE = "enum_mplus/c_7_mlpa_enum.dat";

  VARIABLE:
  NAMES = LCOALT LCONSUL LDEPR LEXCH LINAP LINTEG LLEGTAC LPEAPP LPRESS LRAPER MBULLY
       MCYN MEXH MLCOMM MLDEFF MLGSB MLSSB MLYING MMICRO MSCC MSELFE MSTRESS MWELLB
       TEAMID MRESPNUM ProgrM DuratM MGENDER MAGE MEDU MTENUR_O MTENUR_T MTENUR_F
       MCONTACT MCOVID_B MCOVID_S LRespNr ProgrL DuratL LGENDER LAGE LEDU TENURE_O
       TENURE_T TENURE_F TEAMSIZE LOCATION LCOVID_B LCOVID_S;
   MISSING=.;
   usevar = MLSSB MLGSB MMICRO MLCOMM;
  classes = c(7);
  ANALYSIS:
  estimator = mlr;
  type = mixture;
  starts = 500 100;
  PLOT:
  type = plot3;
  series = MLSSB MLGSB MMICRO MLCOMM(*);



*** WARNING in MODEL command
  All variables are uncorrelated with all other variables within class.
  Check that this is what is intended.
   1 WARNING(S) FOUND IN THE INPUT INSTRUCTIONS




C7_mlpa_enum

SUMMARY OF ANALYSIS

Number of groups                                                 1
Number of observations                                        1560

Number of dependent variables                                    4
Number of independent variables                                  0
Number of continuous latent variables                            0
Number of categorical latent variables                           1

Observed dependent variables

  Continuous
   MLSSB       MLGSB       MMICRO      MLCOMM

Categorical latent variables
   C


Estimator                                                      MLR
Information matrix                                        OBSERVED
Optimization Specifications for the Quasi-Newton Algorithm for
Continuous Outcomes
  Maximum number of iterations                                 100
  Convergence criterion                                  0.100D-05
Optimization Specifications for the EM Algorithm
  Maximum number of iterations                                 500
  Convergence criteria
    Loglikelihood change                                 0.100D-06
    Relative loglikelihood change                        0.100D-06
    Derivative                                           0.100D-05
Optimization Specifications for the M step of the EM Algorithm for
Categorical Latent variables
  Number of M step iterations                                    1
  M step convergence criterion                           0.100D-05
  Basis for M step termination                           ITERATION
Optimization Specifications for the M step of the EM Algorithm for
Censored, Binary or Ordered Categorical (Ordinal), Unordered
Categorical (Nominal) and Count Outcomes
  Number of M step iterations                                    1
  M step convergence criterion                           0.100D-05
  Basis for M step termination                           ITERATION
  Maximum value for logit thresholds                            15
  Minimum value for logit thresholds                           -15
  Minimum expected cell size for chi-square              0.100D-01
Maximum number of iterations for H1                           2000
Convergence criterion for H1                             0.100D-03
Optimization algorithm                                         EMA
Random Starts Specifications
  Number of initial stage random starts                        500
  Number of final stage optimizations                          100
  Number of initial stage iterations                            10
  Initial stage convergence criterion                    0.100D+01
  Random starts scale                                    0.500D+01
  Random seed for generating random starts                       0

Input data file(s)
  enum_mplus/c_7_mlpa_enum.dat
Input data format  FREE


SUMMARY OF DATA

     Number of missing data patterns             2
     Number of y missing data patterns           2
     Number of u missing data patterns           0


COVARIANCE COVERAGE OF DATA

Minimum covariance coverage value   0.100


     PROPORTION OF DATA PRESENT FOR Y


           Covariance Coverage
              MLSSB         MLGSB         MMICRO        MLCOMM
              ________      ________      ________      ________
 MLSSB          1.000
 MLGSB          1.000         1.000
 MMICRO         1.000         1.000         1.000
 MLCOMM         0.999         0.999         0.999         0.999



UNIVARIATE SAMPLE STATISTICS


     UNIVARIATE HIGHER-ORDER MOMENT DESCRIPTIVE STATISTICS

         Variable/         Mean/     Skewness/   Minimum/ % with                Percentiles
        Sample Size      Variance    Kurtosis    Maximum  Min/Max      20%/60%    40%/80%    Median

     MLSSB                 1.517       1.738       1.000   34.62%       1.000      1.111      1.222
            1560.000       0.443       3.173       5.000    0.06%       1.444      2.000
     MLGSB                 3.272      -0.242       1.000    1.15%       2.667      3.111      3.222
            1560.000       0.688       0.123       5.000    2.56%       3.444      3.889
     MMICRO                1.857       1.766       1.000   31.54%       1.000      1.286      1.429
            1560.000       1.174       3.322       7.000    0.06%       1.714      2.429
     MLCOMM                3.796      -0.546       1.000    0.13%       3.250      3.750      4.000
            1559.000       0.487       0.000       5.000    3.91%       4.000      4.500

RANDOM STARTS RESULTS RANKED FROM THE BEST TO THE WORST LOGLIKELIHOOD VALUES

Final stage loglikelihood values at local maxima, seeds, and initial stage start numbers:

           -6226.376  862607           468
           -6230.757  178475           231
           -6230.757  605161           409
           -6230.757  848969           173
           -6230.757  73576            213
           -6230.757  46437            153
           -6230.757  597614           284
           -6230.757  761633           50
           -6230.757  405079           68
           -6230.757  972430           491
           -6230.757  238906           430
           -6230.757  481835           57
           -6230.757  584397           428
           -6230.757  724519           333
           -6230.757  247224           94
           -6230.757  49221            254
           -6230.757  930323           267
           -6230.757  263221           447
           -6230.757  930872           277
           -6240.061  195873           6
           -6240.061  173440           328
           -6240.061  915107           54
           -6240.061  748692           204
           -6240.061  264081           186
           -6240.061  801717           364
           -6307.294  988761           475
           -6307.294  637095           207
           -6307.294  391949           295
           -6307.294  850840           232
           -6307.294  923437           398
           -6310.480  644297           340
           -6310.480  415502           194
           -6310.480  319144           176
           -6310.480  798839           312
           -6310.480  479273           156
           -6310.480  520177           262
           -6310.480  606576           151
           -6310.480  499150           216
           -6354.335  350608           334
           -6354.335  654136           167
           -6356.441  425982           485
           -6356.441  741888           138
           -6356.441  813779           92
           -6356.441  814975           129
           -6356.441  950604           172

55 perturbed starting value run(s) did not converge or were rejected in the third stage.



     WARNING:  THE BEST LOGLIKELIHOOD VALUE WAS NOT REPLICATED.  THE
     SOLUTION MAY NOT BE TRUSTWORTHY DUE TO LOCAL MAXIMA.  INCREASE THE
     NUMBER OF RANDOM STARTS.


THE MODEL ESTIMATION TERMINATED NORMALLY



MODEL FIT INFORMATION

Number of Free Parameters                       38

Loglikelihood

          H0 Value                       -6226.376
          H0 Scaling Correction Factor      1.7567
            for MLR

Information Criteria

          Akaike (AIC)                   12528.752
          Bayesian (BIC)                 12732.145
          Sample-Size Adjusted BIC       12611.427
            (n* = (n + 2) / 24)



FINAL CLASS COUNTS AND PROPORTIONS FOR THE LATENT CLASSES
BASED ON THE ESTIMATED MODEL

    Latent
   Classes

       1         34.21145          0.02193
       2        287.11360          0.18405
       3       1007.27033          0.64569
       4         84.96251          0.05446
       5         92.98438          0.05961
       6         13.27515          0.00851
       7         40.18258          0.02576


FINAL CLASS COUNTS AND PROPORTIONS FOR THE LATENT CLASSES
BASED ON ESTIMATED POSTERIOR PROBABILITIES

    Latent
   Classes

       1         34.21145          0.02193
       2        287.11360          0.18405
       3       1007.27033          0.64569
       4         84.96251          0.05446
       5         92.98438          0.05961
       6         13.27515          0.00851
       7         40.18258          0.02576


FINAL CLASS COUNTS AND PROPORTIONS FOR THE LATENT CLASSES
BASED ON THEIR MOST LIKELY LATENT CLASS MEMBERSHIP

Class Counts and Proportions

    Latent
   Classes

       1               31          0.01987
       2              287          0.18397
       3             1017          0.65192
       4               86          0.05513
       5               86          0.05513
       6               13          0.00833
       7               40          0.02564


CLASSIFICATION QUALITY

     Entropy                         0.934


Classification Probabilities for the Most Likely Latent Class Membership (Column)
by Latent Class (Row)

           1        2        3        4        5        6        7

    1   0.827    0.087    0.000    0.084    0.000    0.000    0.001
    2   0.003    0.901    0.073    0.013    0.011    0.000    0.000
    3   0.000    0.016    0.981    0.000    0.003    0.000    0.000
    4   0.021    0.054    0.000    0.913    0.004    0.001    0.007
    5   0.000    0.049    0.089    0.008    0.850    0.004    0.000
    6   0.000    0.000    0.000    0.021    0.034    0.945    0.000
    7   0.001    0.000    0.000    0.020    0.000    0.000    0.979


Logits for the Classification Probabilities for the Most Likely Latent Class Membership (Column)
by Latent Class (Row)

              1        2        3        4        5        6        7

    1      6.408    4.161   -7.218    4.118   -7.218   -7.218    0.000
    2      8.037   13.711   11.193    9.469    9.267    0.000    0.000
    3      0.000    9.685   13.796    0.000    8.065    0.000    0.000
    4      1.041    2.002   -8.898    4.826   -0.717   -1.746    0.000
    5      0.000   10.808   11.397    9.007   13.653    8.217    0.000
    6      0.000    3.880    0.000    9.966   10.420   13.759    0.000
    7     -6.795  -13.794  -13.794   -3.887  -13.794  -13.794    0.000


MODEL RESULTS

                                                    Two-Tailed
                    Estimate       S.E.  Est./S.E.    P-Value

Latent Class 1

 Means
    MLSSB              3.033      0.115     26.323      0.000
    MLGSB              2.315      0.387      5.984      0.000
    MMICRO             1.839      0.477      3.855      0.000
    MLCOMM             3.226      0.256     12.602      0.000

 Variances
    MLSSB              0.059      0.006     10.449      0.000
    MLGSB              0.612      0.024     25.168      0.000
    MMICRO             0.289      0.017     17.470      0.000
    MLCOMM             0.439      0.017     25.710      0.000

Latent Class 2

 Means
    MLSSB              2.008      0.029     69.359      0.000
    MLGSB              3.087      0.042     72.701      0.000
    MMICRO             1.896      0.059     31.946      0.000
    MLCOMM             3.596      0.042     85.073      0.000

 Variances
    MLSSB              0.059      0.006     10.449      0.000
    MLGSB              0.612      0.024     25.168      0.000
    MMICRO             0.289      0.017     17.470      0.000
    MLCOMM             0.439      0.017     25.710      0.000

Latent Class 3

 Means
    MLSSB              1.152      0.009    127.252      0.000
    MLGSB              3.438      0.026    132.761      0.000
    MMICRO             1.364      0.016     83.126      0.000
    MLCOMM             3.934      0.021    183.262      0.000

 Variances
    MLSSB              0.059      0.006     10.449      0.000
    MLGSB              0.612      0.024     25.168      0.000
    MMICRO             0.289      0.017     17.470      0.000
    MLCOMM             0.439      0.017     25.710      0.000

Latent Class 4

 Means
    MLSSB              2.653      0.130     20.335      0.000
    MLGSB              2.788      0.082     34.046      0.000
    MMICRO             3.711      0.190     19.565      0.000
    MLCOMM             3.416      0.079     43.129      0.000

 Variances
    MLSSB              0.059      0.006     10.449      0.000
    MLGSB              0.612      0.024     25.168      0.000
    MMICRO             0.289      0.017     17.470      0.000
    MLCOMM             0.439      0.017     25.710      0.000

Latent Class 5

 Means
    MLSSB              1.355      0.050     27.138      0.000
    MLGSB              3.269      0.113     28.866      0.000
    MMICRO             3.478      0.086     40.421      0.000
    MLCOMM             3.823      0.081     47.257      0.000

 Variances
    MLSSB              0.059      0.006     10.449      0.000
    MLGSB              0.612      0.024     25.168      0.000
    MMICRO             0.289      0.017     17.470      0.000
    MLCOMM             0.439      0.017     25.710      0.000

Latent Class 6

 Means
    MLSSB              1.688      0.127     13.329      0.000
    MLGSB              2.327      0.316      7.361      0.000
    MMICRO             5.604      0.352     15.924      0.000
    MLCOMM             3.125      0.323      9.674      0.000

 Variances
    MLSSB              0.059      0.006     10.449      0.000
    MLGSB              0.612      0.024     25.168      0.000
    MMICRO             0.289      0.017     17.470      0.000
    MLCOMM             0.439      0.017     25.710      0.000

Latent Class 7

 Means
    MLSSB              3.777      0.087     43.398      0.000
    MLGSB              2.594      0.165     15.697      0.000
    MMICRO             5.057      0.208     24.313      0.000
    MLCOMM             3.198      0.120     26.686      0.000

 Variances
    MLSSB              0.059      0.006     10.449      0.000
    MLGSB              0.612      0.024     25.168      0.000
    MMICRO             0.289      0.017     17.470      0.000
    MLCOMM             0.439      0.017     25.710      0.000

Categorical Latent Variables

 Means
    C#1               -0.161      0.478     -0.337      0.736
    C#2                1.966      0.186     10.577      0.000
    C#3                3.222      0.176     18.309      0.000
    C#4                0.749      0.274      2.732      0.006
    C#5                0.839      0.227      3.694      0.000
    C#6               -1.108      0.367     -3.017      0.003


QUALITY OF NUMERICAL RESULTS

     Condition Number for the Information Matrix              0.184E-04
       (ratio of smallest to largest eigenvalue)


PLOT INFORMATION

The following plots are available:

  Histograms (sample values)
  Scatterplots (sample values)
  Sample means
  Estimated means, medians, modes, and percentiles
  Sample and estimated means
  Observed individual values
  Estimated means and observed individual values
  Estimated overall and class-specific distributions

     Beginning Time:  08:11:01
        Ending Time:  08:11:24
       Elapsed Time:  00:00:23



MUTHEN & MUTHEN
3463 Stoner Ave.
Los Angeles, CA  90066

Tel: (310) 391-9971
Fax: (310) 391-8971
Web: www.StatModel.com
Support: Support@StatModel.com

Copyright (c) 1998-2019 Muthen & Muthen
