Mplus VERSION 8.4 (Mac)
MUTHEN & MUTHEN
04/26/2023   8:11 AM

INPUT INSTRUCTIONS

  TITLE:
  C9_mlpa_enum
  DATA:
  FILE = "enum_mplus/c_9_mlpa_enum.dat";

  VARIABLE:
  NAMES = LCOALT LCONSUL LDEPR LEXCH LINAP LINTEG LLEGTAC LPEAPP LPRESS LRAPER MBULLY
       MCYN MEXH MLCOMM MLDEFF MLGSB MLSSB MLYING MMICRO MSCC MSELFE MSTRESS MWELLB
       TEAMID MRESPNUM ProgrM DuratM MGENDER MAGE MEDU MTENUR_O MTENUR_T MTENUR_F
       MCONTACT MCOVID_B MCOVID_S LRespNr ProgrL DuratL LGENDER LAGE LEDU TENURE_O
       TENURE_T TENURE_F TEAMSIZE LOCATION LCOVID_B LCOVID_S;
   MISSING=.;
   usevar = MLSSB MLGSB MMICRO MLCOMM;
  classes = c(9);
  ANALYSIS:
  estimator = mlr;
  type = mixture;
  starts = 500 100;
  PLOT:
  type = plot3;
  series = MLSSB MLGSB MMICRO MLCOMM(*);



*** WARNING in MODEL command
  All variables are uncorrelated with all other variables within class.
  Check that this is what is intended.
   1 WARNING(S) FOUND IN THE INPUT INSTRUCTIONS




C9_mlpa_enum

SUMMARY OF ANALYSIS

Number of groups                                                 1
Number of observations                                        1560

Number of dependent variables                                    4
Number of independent variables                                  0
Number of continuous latent variables                            0
Number of categorical latent variables                           1

Observed dependent variables

  Continuous
   MLSSB       MLGSB       MMICRO      MLCOMM

Categorical latent variables
   C


Estimator                                                      MLR
Information matrix                                        OBSERVED
Optimization Specifications for the Quasi-Newton Algorithm for
Continuous Outcomes
  Maximum number of iterations                                 100
  Convergence criterion                                  0.100D-05
Optimization Specifications for the EM Algorithm
  Maximum number of iterations                                 500
  Convergence criteria
    Loglikelihood change                                 0.100D-06
    Relative loglikelihood change                        0.100D-06
    Derivative                                           0.100D-05
Optimization Specifications for the M step of the EM Algorithm for
Categorical Latent variables
  Number of M step iterations                                    1
  M step convergence criterion                           0.100D-05
  Basis for M step termination                           ITERATION
Optimization Specifications for the M step of the EM Algorithm for
Censored, Binary or Ordered Categorical (Ordinal), Unordered
Categorical (Nominal) and Count Outcomes
  Number of M step iterations                                    1
  M step convergence criterion                           0.100D-05
  Basis for M step termination                           ITERATION
  Maximum value for logit thresholds                            15
  Minimum value for logit thresholds                           -15
  Minimum expected cell size for chi-square              0.100D-01
Maximum number of iterations for H1                           2000
Convergence criterion for H1                             0.100D-03
Optimization algorithm                                         EMA
Random Starts Specifications
  Number of initial stage random starts                        500
  Number of final stage optimizations                          100
  Number of initial stage iterations                            10
  Initial stage convergence criterion                    0.100D+01
  Random starts scale                                    0.500D+01
  Random seed for generating random starts                       0

Input data file(s)
  enum_mplus/c_9_mlpa_enum.dat
Input data format  FREE


SUMMARY OF DATA

     Number of missing data patterns             2
     Number of y missing data patterns           2
     Number of u missing data patterns           0


COVARIANCE COVERAGE OF DATA

Minimum covariance coverage value   0.100


     PROPORTION OF DATA PRESENT FOR Y


           Covariance Coverage
              MLSSB         MLGSB         MMICRO        MLCOMM
              ________      ________      ________      ________
 MLSSB          1.000
 MLGSB          1.000         1.000
 MMICRO         1.000         1.000         1.000
 MLCOMM         0.999         0.999         0.999         0.999



UNIVARIATE SAMPLE STATISTICS


     UNIVARIATE HIGHER-ORDER MOMENT DESCRIPTIVE STATISTICS

         Variable/         Mean/     Skewness/   Minimum/ % with                Percentiles
        Sample Size      Variance    Kurtosis    Maximum  Min/Max      20%/60%    40%/80%    Median

     MLSSB                 1.517       1.738       1.000   34.62%       1.000      1.111      1.222
            1560.000       0.443       3.173       5.000    0.06%       1.444      2.000
     MLGSB                 3.272      -0.242       1.000    1.15%       2.667      3.111      3.222
            1560.000       0.688       0.123       5.000    2.56%       3.444      3.889
     MMICRO                1.857       1.766       1.000   31.54%       1.000      1.286      1.429
            1560.000       1.174       3.322       7.000    0.06%       1.714      2.429
     MLCOMM                3.796      -0.546       1.000    0.13%       3.250      3.750      4.000
            1559.000       0.487       0.000       5.000    3.91%       4.000      4.500

RANDOM STARTS RESULTS RANKED FROM THE BEST TO THE WORST LOGLIKELIHOOD VALUES

Final stage loglikelihood values at local maxima, seeds, and initial stage start numbers:

           -6120.368  178475           231
           -6120.368  691234           250
           -6120.368  224950           455
           -6120.368  165853           105
           -6120.368  393232           152
           -6120.368  891531           206
           -6120.368  798839           312
           -6121.903  972430           491
           -6121.903  761633           50
           -6121.903  836515           341
           -6136.059  840031           276
           -6138.101  782200           84
           -6139.322  315029           471
           -6159.356  170954           86
           -6162.768  374219           353
           -6164.911  535063           329
           -6168.482  673496           218
           -6168.482  107446           12
           -6168.482  17359            227
           -6168.482  760878           249
           -6168.482  988761           475
           -6168.482  848331           137
           -6169.138  93468            3
           -6169.138  485483           498
           -6169.138  414828           322
           -6169.997  804660           260
           -6169.997  359578           458
           -6170.795  496710           386
           -6171.630  724519           333
           -6171.630  137305           379
           -6171.934  349263           263
           -6171.934  464179           106
           -6171.934  948615           140
           -6172.818  652266           490
           -6173.026  349360           464
           -6183.061  73576            213
           -6183.307  963053           43
           -6221.550  76451            211
           -6221.550  484406           421
           -6228.505  466971           109
           -6228.505  76337            76
           -6231.016  283492           435
           -6231.016  392766           331
           -6238.017  263221           447
           -6238.017  576726           280
           -6238.017  926797           406
           -6243.701  695155           150

53 perturbed starting value run(s) did not converge or were rejected in the third stage.



THE BEST LOGLIKELIHOOD VALUE HAS BEEN REPLICATED.  RERUN WITH AT LEAST TWICE THE
RANDOM STARTS TO CHECK THAT THE BEST LOGLIKELIHOOD IS STILL OBTAINED AND REPLICATED.


THE MODEL ESTIMATION TERMINATED NORMALLY



MODEL FIT INFORMATION

Number of Free Parameters                       48

Loglikelihood

          H0 Value                       -6120.368
          H0 Scaling Correction Factor      2.9667
            for MLR

Information Criteria

          Akaike (AIC)                   12336.736
          Bayesian (BIC)                 12593.654
          Sample-Size Adjusted BIC       12441.168
            (n* = (n + 2) / 24)



FINAL CLASS COUNTS AND PROPORTIONS FOR THE LATENT CLASSES
BASED ON THE ESTIMATED MODEL

    Latent
   Classes

       1        867.77523          0.55627
       2         46.30057          0.02968
       3         89.40731          0.05731
       4        123.23793          0.07900
       5         12.49580          0.00801
       6        276.07451          0.17697
       7         73.93834          0.04740
       8         50.12877          0.03213
       9         20.64155          0.01323


FINAL CLASS COUNTS AND PROPORTIONS FOR THE LATENT CLASSES
BASED ON ESTIMATED POSTERIOR PROBABILITIES

    Latent
   Classes

       1        867.77523          0.55627
       2         46.30057          0.02968
       3         89.40731          0.05731
       4        123.23793          0.07900
       5         12.49580          0.00801
       6        276.07451          0.17697
       7         73.93834          0.04740
       8         50.12877          0.03213
       9         20.64155          0.01323


FINAL CLASS COUNTS AND PROPORTIONS FOR THE LATENT CLASSES
BASED ON THEIR MOST LIKELY LATENT CLASS MEMBERSHIP

Class Counts and Proportions

    Latent
   Classes

       1              898          0.57564
       2               45          0.02885
       3               85          0.05449
       4               95          0.06090
       5               13          0.00833
       6              280          0.17949
       7               75          0.04808
       8               48          0.03077
       9               21          0.01346


CLASSIFICATION QUALITY

     Entropy                         0.885


Classification Probabilities for the Most Likely Latent Class Membership (Column)
by Latent Class (Row)

           1        2        3        4        5        6        7        8        9

    1   0.956    0.000    0.004    0.023    0.000    0.017    0.000    0.000    0.000
    2   0.000    0.848    0.000    0.000    0.000    0.104    0.042    0.006    0.000
    3   0.082    0.000    0.860    0.005    0.002    0.031    0.021    0.000    0.000
    4   0.375    0.000    0.003    0.588    0.000    0.034    0.000    0.000    0.000
    5   0.000    0.000    0.022    0.000    0.973    0.000    0.005    0.001    0.000
    6   0.055    0.009    0.008    0.009    0.000    0.896    0.023    0.000    0.000
    7   0.000    0.019    0.021    0.000    0.009    0.076    0.859    0.016    0.000
    8   0.000    0.039    0.000    0.000    0.000    0.000    0.026    0.898    0.037
    9   0.000    0.000    0.000    0.000    0.000    0.000    0.000    0.073    0.927



Logits for the Classification Probabilities for the Most Likely Latent Class Membership (Column)
by Latent Class (Row)

              1        2        3        4        5        6        7        8        9

    1     13.770    0.000    8.359   10.027    0.000    9.769    0.000    0.000    0.000
    2      0.000   13.650    0.000    0.000    0.000   11.553   10.653    8.687    0.000
    3     11.309    0.000   13.664    8.499    7.713   10.327    9.955    0.000    0.000
    4     12.836    2.436    7.887   13.284    0.000   10.441    0.798    0.000    0.000
    5      0.000    0.000    9.979    0.000   13.788    0.000    8.488    6.861    0.000
    6     10.914    9.064    9.021    9.110    0.000   13.706   10.030    0.000    0.000
    7      2.382    9.856    9.952    2.407    9.076   11.234   13.664    9.699    0.000
    8    -10.528    0.044  -10.528  -10.528  -10.528   -8.915   -0.362    3.179    0.000
    9    -13.739  -13.739  -13.739  -13.739  -13.739  -13.739  -13.739   -2.536    0.000



MODEL RESULTS

                                                    Two-Tailed
                    Estimate       S.E.  Est./S.E.    P-Value

Latent Class 1

 Means
    MLSSB              1.141      0.023     49.598      0.000
    MLGSB              3.546      0.034    105.828      0.000
    MMICRO             1.356      0.018     74.786      0.000
    MLCOMM             4.078      0.033    125.097      0.000

 Variances
    MLSSB              0.052      0.014      3.760      0.000
    MLGSB              0.560      0.023     23.886      0.000
    MMICRO             0.269      0.038      7.018      0.000
    MLCOMM             0.346      0.021     16.817      0.000

Latent Class 2

 Means
    MLSSB              2.899      0.951      3.048      0.002
    MLGSB              2.467      0.395      6.242      0.000
    MMICRO             1.910      0.424      4.509      0.000
    MLCOMM             3.277      0.235     13.925      0.000

 Variances
    MLSSB              0.052      0.014      3.760      0.000
    MLGSB              0.560      0.023     23.886      0.000
    MMICRO             0.269      0.038      7.018      0.000
    MLCOMM             0.346      0.021     16.817      0.000

Latent Class 3

 Means
    MLSSB              1.313      0.069     19.164      0.000
    MLGSB              3.295      0.117     28.112      0.000
    MMICRO             3.435      0.116     29.706      0.000
    MLCOMM             3.849      0.084     45.732      0.000

 Variances
    MLSSB              0.052      0.014      3.760      0.000
    MLGSB              0.560      0.023     23.886      0.000
    MMICRO             0.269      0.038      7.018      0.000
    MLCOMM             0.346      0.021     16.817      0.000

Latent Class 4

 Means
    MLSSB              1.166      0.031     37.465      0.000
    MLGSB              2.692      0.149     18.031      0.000
    MMICRO             1.385      0.055     25.183      0.000
    MLCOMM             2.911      0.110     26.392      0.000

 Variances
    MLSSB              0.052      0.014      3.760      0.000
    MLGSB              0.560      0.023     23.886      0.000
    MMICRO             0.269      0.038      7.018      0.000
    MLCOMM             0.346      0.021     16.817      0.000

Latent Class 5

 Means
    MLSSB              1.666      0.125     13.280      0.000
    MLGSB              2.330      0.335      6.952      0.000
    MMICRO             5.667      0.318     17.821      0.000
    MLCOMM             3.107      0.365      8.522      0.000

 Variances
    MLSSB              0.052      0.014      3.760      0.000
    MLGSB              0.560      0.023     23.886      0.000
    MMICRO             0.269      0.038      7.018      0.000
    MLCOMM             0.346      0.021     16.817      0.000

Latent Class 6

 Means
    MLSSB              1.967      0.166     11.822      0.000
    MLGSB              3.115      0.086     36.288      0.000
    MMICRO             1.812      0.058     31.404      0.000
    MLCOMM             3.623      0.119     30.467      0.000

 Variances
    MLSSB              0.052      0.014      3.760      0.000
    MLGSB              0.560      0.023     23.886      0.000
    MMICRO             0.269      0.038      7.018      0.000
    MLCOMM             0.346      0.021     16.817      0.000

Latent Class 7

 Means
    MLSSB              2.304      0.175     13.148      0.000
    MLGSB              2.769      0.100     27.769      0.000
    MMICRO             3.529      0.262     13.456      0.000
    MLCOMM             3.483      0.108     32.155      0.000

 Variances
    MLSSB              0.052      0.014      3.760      0.000
    MLGSB              0.560      0.023     23.886      0.000
    MMICRO             0.269      0.038      7.018      0.000
    MLCOMM             0.346      0.021     16.817      0.000

Latent Class 8

 Means
    MLSSB              3.281      0.209     15.663      0.000
    MLGSB              2.942      0.326      9.030      0.000
    MMICRO             4.094      1.834      2.232      0.026
    MLCOMM             3.307      0.164     20.108      0.000

 Variances
    MLSSB              0.052      0.014      3.760      0.000
    MLGSB              0.560      0.023     23.886      0.000
    MMICRO             0.269      0.038      7.018      0.000
    MLCOMM             0.346      0.021     16.817      0.000

Latent Class 9

 Means
    MLSSB              3.948      0.858      4.599      0.000
    MLGSB              2.238      0.836      2.676      0.007
    MMICRO             5.694      1.078      5.281      0.000
    MLCOMM             3.194      0.321      9.965      0.000

 Variances
    MLSSB              0.052      0.014      3.760      0.000
    MLGSB              0.560      0.023     23.886      0.000
    MMICRO             0.269      0.038      7.018      0.000
    MLCOMM             0.346      0.021     16.817      0.000

Categorical Latent Variables

 Means
    C#1                3.739      1.948      1.920      0.055
    C#2                0.808      1.544      0.523      0.601
    C#3                1.466      2.048      0.716      0.474
    C#4                1.787      1.925      0.928      0.353
    C#5               -0.502      2.055     -0.244      0.807
    C#6                2.593      1.948      1.332      0.183
    C#7                1.276      2.047      0.623      0.533
    C#8                0.887      2.043      0.434      0.664


QUALITY OF NUMERICAL RESULTS

     Condition Number for the Information Matrix              0.529E-05
       (ratio of smallest to largest eigenvalue)


PLOT INFORMATION

The following plots are available:

  Histograms (sample values)
  Scatterplots (sample values)
  Sample means
  Estimated means, medians, modes, and percentiles
  Sample and estimated means
  Observed individual values
  Estimated means and observed individual values
  Estimated overall and class-specific distributions

     Beginning Time:  08:11:50
        Ending Time:  08:12:19
       Elapsed Time:  00:00:29



MUTHEN & MUTHEN
3463 Stoner Ave.
Los Angeles, CA  90066

Tel: (310) 391-9971
Fax: (310) 391-8971
Web: www.StatModel.com
Support: Support@StatModel.com

Copyright (c) 1998-2019 Muthen & Muthen
