Mplus VERSION 8.4 (Mac)
MUTHEN & MUTHEN
04/26/2023   9:04 AM

INPUT INSTRUCTIONS

  TITLE:
  model00_basic_ICC_mlca
  DATA:
  FILE = "analysis/enum_mplus/mlpa_icc.dat";

  VARIABLE:
  NAMES = LCOALT LCONSUL LDEPR LEXCH LINAP LINTEG LLEGTAC LPEAPP LPRESS LRAPER MBULLY
       MCYN MEXH MLCOMM MLDEFF MLGSB MLSSB MLYING MMICRO MSCC MSELFE MSTRESS MWELLB
       TEAMID MRESPNUM ProgrM DuratM MGENDER MAGE MEDU MTENUR_O MTENUR_T MTENUR_F
       MCONTACT MCOVID_B MCOVID_S LRespNr ProgrL DuratL LGENDER LAGE LEDU TENURE_O
       TENURE_T TENURE_F TEAMSIZE LOCATION LCOVID_B LCOVID_S id;
   MISSING=.;
   usevar = MMICRO MLCOMM;
  cluster = TEAMID;
  ANALYSIS:
  estimator = mlr;
  type = basic twolevel; ! ask for ICC curves
  processors = 10;
  OUTPUT:
  sampstat;



*** WARNING
  One or more individual-level variables have no variation within a
  cluster for the following clusters.

     Variable   Cluster IDs with no within-cluster variation

      MMICRO      175 11 13 51 205 229 240 66 275 280 80 101 368 32 41 478 488 128 340 342 14
                  25 378 383 389 233 17 36
      MLCOMM      178 196 207 55 217 228 275 280 78 292 88 330 348 364 368 41 120 478 488 305
                  14 83 509 12

   1 WARNING(S) FOUND IN THE INPUT INSTRUCTIONS




model00_basic_ICC_mlca

SUMMARY OF ANALYSIS

Number of groups                                                 1
Number of observations                                        1560

Number of dependent variables                                    2
Number of independent variables                                  0
Number of continuous latent variables                            0

Observed dependent variables

  Continuous
   MMICRO      MLCOMM

Variables with special functions

  Cluster variable      TEAMID

Estimator                                                      MLR
Information matrix                                        OBSERVED
Maximum number of iterations                                   100
Convergence criterion                                    0.100D-05
Maximum number of EM iterations                                500
Convergence criteria for the EM algorithm
  Loglikelihood change                                   0.100D-02
  Relative loglikelihood change                          0.100D-05
  Derivative                                             0.100D-03
Minimum variance                                         0.100D-03
Maximum number of steepest descent iterations                   20
Maximum number of iterations for H1                           2000
Convergence criterion for H1                             0.100D-03
Optimization algorithm                                         EMA

Input data file(s)
  analysis/enum_mplus/mlpa_icc.dat
Input data format  FREE


SUMMARY OF DATA

     Number of missing data patterns             2
     Number of clusters                        519

       Size (s)    Cluster ID with Size s

          1        3 4 7 21 45 46 47 49 53 84 90 96 112 113 114 117 154
                   166 179 180 182 183 201 212 216 221 239 245 250 251
                   257 273 277 279 284 289 298 300 309 310 313 316 319
                   356 367 382 429 443 446 447 453 456 457 461 470 472
                   475 499 502 514
          2        156 158 9 168 175 176 177 178 11 13 51 52 187 188 189
                   196 199 20 205 206 207 208 209 211 55 215 57 217 219
                   61 223 228 229 236 62 240 241 244 63 248 66 67 252 254
                   69 262 73 274 275 75 77 280 281 282 283 78 285 286 288
                   80 290 292 294 6 299 85 301 302 307 88 89 312 22 314
                   24 318 98 320 328 329 330 331 333 348 354 100 357 358
                   364 365 366 101 368 369 374 376 379 381 104 388 390
                   394 396 415 418 420 426 108 440 441 30 32 34 448 450
                   452 115 41 118 458 459 460 119 469 120 471 126 474 127
                   478 479 486 487 488 489 492 146 501 147 504 505 508
                   512 513 8 515
          3        255 256 124 259 37 267 268 269 270 271 272 39 128 129
                   276 131 278 132 133 134 135 136 138 140 141 287 142
                   143 144 291 71 293 72 296 297 149 152 153 2 155 303
                   304 305 74 308 157 43 159 160 161 315 162 317 163 165
                   76 321 322 323 324 325 326 327 167 10 169 172 332 173
                   334 335 337 339 340 341 342 344 345 346 347 14 349 351
                   352 353 23 355 81 83 48 360 361 362 363 15 181 86 50
                   184 186 371 373 25 375 26 378 91 380 191 193 383 385
                   386 387 93 389 197 391 94 200 405 408 410 414 95 416
                   417 202 203 421 422 424 425 27 427 428 97 434 435 438
                   54 99 442 29 444 445 210 56 102 449 213 451 214 103
                   454 16 105 218 106 220 107 463 464 465 466 467 468 58
                   224 225 109 111 233 476 477 59 237 480 481 482 483 484
                   485 238 60 31 17 116 493 494 495 496 497 498 33 500
                   246 247 503 64 249 65 509 511 19 121 253 123 516 517
                   519
          4        433 204 185 44 384 145 174 306 18 359 234 258 190 395
                   490 260 398 400 336 407 455 87 192 412 28 12 139 370
                   343 419 372 198 5 130 70 377 122 171 222
          5        243 432 35 231 413 1 439 164 194 170 507 38 226 399
                   227 401 402 403 404 68 518 350
          6        92 473 311 506 263 264 462 510 436 437 397 82 148 232
                   79 150 261
          7        36 295 406 338 110 265 230 235 151 392 393
          8        430 423
          9        40 491 431 409 125
         10        242 42 195
         11        411
         14        266 137

     Average cluster size        3.006

     Estimated Intraclass Correlations for the Y Variables

                Intraclass              Intraclass
     Variable  Correlation   Variable  Correlation

     MMICRO       0.173      MLCOMM       0.109



SUMMARY OF MISSING DATA PATTERNS


     MISSING DATA PATTERNS (x = not missing)

           1  2
 MMICRO    x  x
 MLCOMM    x


     MISSING DATA PATTERN FREQUENCIES

    Pattern   Frequency     Pattern   Frequency
          1        1559           2           1


COVARIANCE COVERAGE OF DATA

Minimum covariance coverage value   0.100


     PROPORTION OF DATA PRESENT


           Covariance Coverage
              MMICRO        MLCOMM
              ________      ________
 MMICRO         1.000
 MLCOMM         0.999         0.999





RESULTS FOR BASIC ANALYSIS

NOTE:  The sample statistics for within and between refer to the
       maximum-likelihood estimated within and between covariance
       matrices, respectively.


     ESTIMATED SAMPLE STATISTICS FOR WITHIN


           Means
              MMICRO        MLCOMM
              ________      ________
                0.000         0.000


           Covariances
              MMICRO        MLCOMM
              ________      ________
 MMICRO         0.970
 MLCOMM        -0.120         0.435


           Correlations
              MMICRO        MLCOMM
              ________      ________
 MMICRO         1.000
 MLCOMM        -0.185         1.000


     ESTIMATED SAMPLE STATISTICS FOR BETWEEN


           Means
              MMICRO        MLCOMM
              ________      ________
                1.885         3.790


           Covariances
              MMICRO        MLCOMM
              ________      ________
 MMICRO         0.204
 MLCOMM        -0.037         0.053


           Correlations
              MMICRO        MLCOMM
              ________      ________
 MMICRO         1.000
 MLCOMM        -0.358         1.000


     MAXIMUM LOG-LIKELIHOOD VALUE FOR THE UNRESTRICTED (H1) MODEL IS -3919.791


UNIVARIATE SAMPLE STATISTICS


     UNIVARIATE HIGHER-ORDER MOMENT DESCRIPTIVE STATISTICS

         Variable/         Mean/     Skewness/   Minimum/ % with                Percentiles
        Sample Size      Variance    Kurtosis    Maximum  Min/Max      20%/60%    40%/80%    Median

     MMICRO                1.857       1.766       1.000   31.54%       1.000      1.286      1.429
            1560.000       1.174       3.322       7.000    0.06%       1.714      2.429
     MLCOMM                3.796      -0.546       1.000    0.13%       3.250      3.750      4.000
            1559.000       0.487       0.000       5.000    3.91%       4.000      4.500


     Beginning Time:  09:04:36
        Ending Time:  09:04:36
       Elapsed Time:  00:00:00



MUTHEN & MUTHEN
3463 Stoner Ave.
Los Angeles, CA  90066

Tel: (310) 391-9971
Fax: (310) 391-8971
Web: www.StatModel.com
Support: Support@StatModel.com

Copyright (c) 1998-2019 Muthen & Muthen
