Mplus VERSION 8.4 (Mac)
MUTHEN & MUTHEN
04/26/2023   8:14 AM

INPUT INSTRUCTIONS

  TITLE:
  Single Level LPA
  DATA:
  FILE = "lpa_single/lpa_single.dat";

  VARIABLE:
  NAMES = LCOALT LCONSUL LDEPR LEXCH LINAP LINTEG LLEGTAC LPEAPP LPRESS LRAPER MBULLY
       MCYN MEXH MLCOMM MLDEFF MLGSB MLSSB MLYING MMICRO MSCC MSELFE MSTRESS MWELLB
       TEAMID MRESPNUM ProgrM DuratM MGENDER MAGE MEDU MTENUR_O MTENUR_T MTENUR_F
       MCONTACT MCOVID_B MCOVID_S LRespNr ProgrL DuratL LGENDER LAGE LEDU TENURE_O
       TENURE_T TENURE_F TEAMSIZE LOCATION LCOVID_B LCOVID_S;
   MISSING=.;
   usevar = MLSSB MLGSB MMICRO MLCOMM;
  classes = c(6);
  ANALYSIS:
  estimator = mlr;
  type = mixture;
  starts = 500 100;
  MODEL:

  %OVERALL%
  %C#1%
  [MLSSB MLGSB MMICRO MLCOMM];
  %C#2%
  [MLSSB MLGSB MMICRO MLCOMM];
  %C#3%
  [MLSSB MLGSB MMICRO MLCOMM];
  %C#4%
  [MLSSB MLGSB MMICRO MLCOMM];
  %C#5%
  [MLSSB MLGSB MMICRO MLCOMM];
  %C#6%
  [MLSSB MLGSB MMICRO MLCOMM];
  OUTPUT:
  TECH14



*** WARNING in MODEL command
  All variables are uncorrelated with all other variables within class.
  Check that this is what is intended.
   1 WARNING(S) FOUND IN THE INPUT INSTRUCTIONS




Single Level LPA

SUMMARY OF ANALYSIS

Number of groups                                                 1
Number of observations                                        1560

Number of dependent variables                                    4
Number of independent variables                                  0
Number of continuous latent variables                            0
Number of categorical latent variables                           1

Observed dependent variables

  Continuous
   MLSSB       MLGSB       MMICRO      MLCOMM

Categorical latent variables
   C


Estimator                                                      MLR
Information matrix                                        OBSERVED
Optimization Specifications for the Quasi-Newton Algorithm for
Continuous Outcomes
  Maximum number of iterations                                 100
  Convergence criterion                                  0.100D-05
Optimization Specifications for the EM Algorithm
  Maximum number of iterations                                 500
  Convergence criteria
    Loglikelihood change                                 0.100D-06
    Relative loglikelihood change                        0.100D-06
    Derivative                                           0.100D-05
Optimization Specifications for the M step of the EM Algorithm for
Categorical Latent variables
  Number of M step iterations                                    1
  M step convergence criterion                           0.100D-05
  Basis for M step termination                           ITERATION
Optimization Specifications for the M step of the EM Algorithm for
Censored, Binary or Ordered Categorical (Ordinal), Unordered
Categorical (Nominal) and Count Outcomes
  Number of M step iterations                                    1
  M step convergence criterion                           0.100D-05
  Basis for M step termination                           ITERATION
  Maximum value for logit thresholds                            15
  Minimum value for logit thresholds                           -15
  Minimum expected cell size for chi-square              0.100D-01
Maximum number of iterations for H1                           2000
Convergence criterion for H1                             0.100D-03
Optimization algorithm                                         EMA
Random Starts Specifications
  Number of initial stage random starts                        500
  Number of final stage optimizations                          100
  Number of initial stage iterations                            10
  Initial stage convergence criterion                    0.100D+01
  Random starts scale                                    0.500D+01
  Random seed for generating random starts                       0

Input data file(s)
  lpa_single/lpa_single.dat
Input data format  FREE


SUMMARY OF DATA

     Number of missing data patterns             2
     Number of y missing data patterns           2
     Number of u missing data patterns           0


COVARIANCE COVERAGE OF DATA

Minimum covariance coverage value   0.100


     PROPORTION OF DATA PRESENT FOR Y


           Covariance Coverage
              MLSSB         MLGSB         MMICRO        MLCOMM
              ________      ________      ________      ________
 MLSSB          1.000
 MLGSB          1.000         1.000
 MMICRO         1.000         1.000         1.000
 MLCOMM         0.999         0.999         0.999         0.999



UNIVARIATE SAMPLE STATISTICS


     UNIVARIATE HIGHER-ORDER MOMENT DESCRIPTIVE STATISTICS

         Variable/         Mean/     Skewness/   Minimum/ % with                Percentiles
        Sample Size      Variance    Kurtosis    Maximum  Min/Max      20%/60%    40%/80%    Median

     MLSSB                 1.517       1.738       1.000   34.62%       1.000      1.111      1.222
            1560.000       0.443       3.173       5.000    0.06%       1.444      2.000
     MLGSB                 3.272      -0.242       1.000    1.15%       2.667      3.111      3.222
            1560.000       0.688       0.123       5.000    2.56%       3.444      3.889
     MMICRO                1.857       1.766       1.000   31.54%       1.000      1.286      1.429
            1560.000       1.174       3.322       7.000    0.06%       1.714      2.429
     MLCOMM                3.796      -0.546       1.000    0.13%       3.250      3.750      4.000
            1559.000       0.487       0.000       5.000    3.91%       4.000      4.500

RANDOM STARTS RESULTS RANKED FROM THE BEST TO THE WORST LOGLIKELIHOOD VALUES

Final stage loglikelihood values at local maxima, seeds, and initial stage start numbers:

           -6280.266  247224           94
           -6280.266  275475           413
           -6280.266  888905           444
           -6280.266  313407           132
           -6280.266  722748           346
           -6280.266  70118            104
           -6280.266  150531           154
           -6289.949  614009           317
           -6311.998  85114            385
           -6311.998  393232           152
           -6311.998  654136           167
           -6311.998  156536           245
           -6311.998  887676           22
           -6311.998  49221            254
           -6311.998  263221           447
           -6311.998  923437           398
           -6311.998  748692           204
           -6311.998  55115            408
           -6311.998  618760           489
           -6311.998  392407           221
           -6311.998  584397           428
           -6311.998  499150           216
           -6311.998  414828           322
           -6311.998  366706           29
           -6311.998  468036           131
           -6311.998  417035           149
           -6311.998  479273           156
           -6311.998  695155           150
           -6311.998  210870           383
           -6358.880  370466           41
           -6358.880  972430           491
           -6358.880  824126           287
           -6358.880  375590           438
           -6358.880  481835           57
           -6358.880  903420           5
           -6358.880  606576           151
           -6358.880  238906           430
           -6420.870  153394           429
           -6420.870  405079           68
           -6420.870  15715            274
           -6420.870  840031           276
           -6420.870  311214           64
           -6420.870  364676           27
           -6420.870  985387           381
           -6420.870  926283           269
           -6420.870  569833           85
           -6420.870  520177           262
           -6420.870  741888           138
           -6420.870  349263           263

51 perturbed starting value run(s) did not converge or were rejected in the third stage.



THE BEST LOGLIKELIHOOD VALUE HAS BEEN REPLICATED.  RERUN WITH AT LEAST TWICE THE
RANDOM STARTS TO CHECK THAT THE BEST LOGLIKELIHOOD IS STILL OBTAINED AND REPLICATED.


THE MODEL ESTIMATION TERMINATED NORMALLY



MODEL FIT INFORMATION

Number of Free Parameters                       33

Loglikelihood

          H0 Value                       -6280.266
          H0 Scaling Correction Factor      1.7141
            for MLR

Information Criteria

          Akaike (AIC)                   12626.532
          Bayesian (BIC)                 12803.162
          Sample-Size Adjusted BIC       12698.329
            (n* = (n + 2) / 24)



FINAL CLASS COUNTS AND PROPORTIONS FOR THE LATENT CLASSES
BASED ON THE ESTIMATED MODEL

    Latent
   Classes

       1       1012.33292          0.64893
       2        301.08193          0.19300
       3         38.36218          0.02459
       4         78.70661          0.05045
       5         76.71992          0.04918
       6         52.79644          0.03384


FINAL CLASS COUNTS AND PROPORTIONS FOR THE LATENT CLASSES
BASED ON ESTIMATED POSTERIOR PROBABILITIES

    Latent
   Classes

       1       1012.33292          0.64893
       2        301.08193          0.19300
       3         38.36218          0.02459
       4         78.70661          0.05045
       5         76.71992          0.04918
       6         52.79644          0.03384


FINAL CLASS COUNTS AND PROPORTIONS FOR THE LATENT CLASSES
BASED ON THEIR MOST LIKELY LATENT CLASS MEMBERSHIP

Class Counts and Proportions

    Latent
   Classes

       1             1017          0.65192
       2              301          0.19295
       3               38          0.02436
       4               78          0.05000
       5               74          0.04744
       6               52          0.03333


CLASSIFICATION QUALITY

     Entropy                         0.933


Classification Probabilities for the Most Likely Latent Class Membership (Column)
by Latent Class (Row)

           1        2        3        4        5        6

    1   0.980    0.016    0.000    0.000    0.005    0.000
    2   0.064    0.909    0.000    0.011    0.008    0.008
    3   0.000    0.000    0.964    0.033    0.000    0.003
    4   0.000    0.055    0.013    0.915    0.000    0.017
    5   0.076    0.044    0.000    0.000    0.860    0.020
    6   0.000    0.073    0.000    0.028    0.019    0.881


Logits for the Classification Probabilities for the Most Likely Latent Class Membership (Column)
by Latent Class (Row)

              1        2        3        4        5        6

    1     13.795    9.650    0.000    0.000    8.448    0.000
    2      2.036    4.691   -9.029    0.251   -0.071    0.000
    3     -7.855   -7.855    5.924    2.550   -7.855    0.000
    4     -9.744    1.174   -0.307    3.983   -9.744    0.000
    5      1.331    0.773   -9.913   -9.913    3.751    0.000
    6    -11.376   -2.496   -8.009   -3.454   -3.860    0.000


MODEL RESULTS

                                                    Two-Tailed
                    Estimate       S.E.  Est./S.E.    P-Value

Latent Class 1

 Means
    MLSSB              1.151      0.009    123.869      0.000
    MLGSB              3.437      0.026    133.182      0.000
    MMICRO             1.377      0.017     80.636      0.000
    MLCOMM             3.934      0.021    183.667      0.000

 Variances
    MLSSB              0.054      0.005     10.452      0.000
    MLGSB              0.617      0.024     26.136      0.000
    MMICRO             0.350      0.025     14.180      0.000
    MLCOMM             0.442      0.017     25.729      0.000

Latent Class 2

 Means
    MLSSB              2.011      0.039     51.806      0.000
    MLGSB              3.080      0.046     66.501      0.000
    MMICRO             1.916      0.056     34.337      0.000
    MLCOMM             3.600      0.041     87.136      0.000

 Variances
    MLSSB              0.054      0.005     10.452      0.000
    MLGSB              0.617      0.024     26.136      0.000
    MMICRO             0.350      0.025     14.180      0.000
    MLCOMM             0.442      0.017     25.729      0.000

Latent Class 3

 Means
    MLSSB              3.786      0.093     40.827      0.000
    MLGSB              2.568      0.197     13.048      0.000
    MMICRO             5.128      0.288     17.792      0.000
    MLCOMM             3.190      0.127     25.045      0.000

 Variances
    MLSSB              0.054      0.005     10.452      0.000
    MLGSB              0.617      0.024     26.136      0.000
    MMICRO             0.350      0.025     14.180      0.000
    MLCOMM             0.442      0.017     25.729      0.000

Latent Class 4

 Means
    MLSSB              2.990      0.103     29.108      0.000
    MLGSB              2.686      0.095     28.395      0.000
    MMICRO             2.829      0.222     12.765      0.000
    MLCOMM             3.351      0.084     40.000      0.000

 Variances
    MLSSB              0.054      0.005     10.452      0.000
    MLGSB              0.617      0.024     26.136      0.000
    MMICRO             0.350      0.025     14.180      0.000
    MLCOMM             0.442      0.017     25.729      0.000

Latent Class 5

 Means
    MLSSB              1.286      0.047     27.566      0.000
    MLGSB              3.296      0.133     24.775      0.000
    MMICRO             3.638      0.129     28.107      0.000
    MLCOMM             3.793      0.100     37.780      0.000

 Variances
    MLSSB              0.054      0.005     10.452      0.000
    MLGSB              0.617      0.024     26.136      0.000
    MMICRO             0.350      0.025     14.180      0.000
    MLCOMM             0.442      0.017     25.729      0.000

Latent Class 6

 Means
    MLSSB              2.205      0.077     28.476      0.000
    MLGSB              2.573      0.116     22.157      0.000
    MMICRO             4.328      0.229     18.915      0.000
    MLCOMM             3.365      0.129     26.038      0.000

 Variances
    MLSSB              0.054      0.005     10.452      0.000
    MLGSB              0.617      0.024     26.136      0.000
    MMICRO             0.350      0.025     14.180      0.000
    MLCOMM             0.442      0.017     25.729      0.000

Categorical Latent Variables

 Means
    C#1                2.954      0.203     14.574      0.000
    C#2                1.741      0.218      7.986      0.000
    C#3               -0.319      0.286     -1.115      0.265
    C#4                0.399      0.261      1.528      0.127
    C#5                0.374      0.260      1.435      0.151


QUALITY OF NUMERICAL RESULTS

     Condition Number for the Information Matrix              0.211E-04
       (ratio of smallest to largest eigenvalue)


TECHNICAL 14 OUTPUT

     Random Starts Specifications for the k-1 Class Analysis Model
        Number of initial stage random starts                 500
        Number of final stage optimizations                   100

     Random Starts Specification for the k-1 Class Model for Generated Data
        Number of initial stage random starts                   0
        Number of final stage optimizations for the
           initial stage random starts                          0
     Random Starts Specification for the k Class Model for Generated Data
        Number of initial stage random starts                  40
        Number of final stage optimizations                     8
     Number of bootstrap draws requested                   Varies


     PARAMETRIC BOOTSTRAPPED LIKELIHOOD RATIO TEST FOR 5 (H0) VERSUS 6 CLASSES

          H0 Loglikelihood Value                        -6361.317
          2 Times the Loglikelihood Difference            162.102
          Difference in the Number of Parameters                5
          Approximate P-Value                              0.0000
          Successful Bootstrap Draws                            5

     WARNING:  OF THE 5 BOOTSTRAP DRAWS, 4 DRAWS HAD BOTH A SMALLER LRT VALUE THAN THE
     OBSERVED LRT VALUE AND NOT A REPLICATED BEST LOGLIKELIHOOD VALUE FOR THE 6-CLASS MODEL.
     THIS MEANS THAT THE P-VALUE MAY NOT BE TRUSTWORTHY DUE TO LOCAL MAXIMA.
     INCREASE THE NUMBER OF RANDOM STARTS USING THE LRTSTARTS OPTION.



     Beginning Time:  08:14:23
        Ending Time:  08:15:06
       Elapsed Time:  00:00:43



MUTHEN & MUTHEN
3463 Stoner Ave.
Los Angeles, CA  90066

Tel: (310) 391-9971
Fax: (310) 391-8971
Web: www.StatModel.com
Support: Support@StatModel.com

Copyright (c) 1998-2019 Muthen & Muthen
