Mplus VERSION 8.4 (Mac)
MUTHEN & MUTHEN
04/19/2023   4:46 PM

INPUT INSTRUCTIONS

  TITLE:
  Multilevel LPA - L2 classes based on freq of L1 profiles
  DATA:
  FILE = "mlpa/mlpa_03b.dat";

  VARIABLE:
  NAMES = LCOALT LCONSUL LDEPR LEXCH LINAP LINTEG LLEGTAC LPEAPP LPRESS LRAPER MBULLY
       MCYN MEXH MLCOMM MLDEFF MLGSB MLSSB MLYING MMICRO MSCC MSELFE MSTRESS MWELLB
       TEAMID MRESPNUM ProgrM DuratM MGENDER MAGE MEDU MTENUR_O MTENUR_T MTENUR_F
       MCONTACT MCOVID_B MCOVID_S LRespNr ProgrL DuratL LGENDER LAGE LEDU TENURE_O
       TENURE_T TENURE_F TEAMSIZE LOCATION LCOVID_B LCOVID_S TEAMID_1 id;
   MISSING=.;
   usevar = MLSSB MLGSB MMICRO MLCOMM;
  classes = CB(3) C(6);
  cluster = id;
  within = MLSSB MLGSB MMICRO MLCOMM;
  between = CB;
  ANALYSIS:
  estimator = mlr;
  type = mixture twolevel;
  MODEL:
  %WITHIN%
  %OVERALL%
  %BETWEEN%
  %OVERALL%
  C ON CB;

  MODEL C:
  %WITHIN%
  %C#1%
  [MLSSB MLGSB MMICRO MLCOMM];
  %C#2%
  [MLSSB MLGSB MMICRO MLCOMM];
  %C#3%
  [MLSSB MLGSB MMICRO MLCOMM];
  %C#4%
  [MLSSB MLGSB MMICRO MLCOMM];
  %C#5%
  [MLSSB MLGSB MMICRO MLCOMM];
  %C#6%
  [MLSSB MLGSB MMICRO MLCOMM];
  OUTPUT:
  TECH8;



*** WARNING in MODEL command
  Variable is uncorrelated with all other variables within class: MLSSB
*** WARNING in MODEL command
  Variable is uncorrelated with all other variables within class: MLGSB
*** WARNING in MODEL command
  Variable is uncorrelated with all other variables within class: MMICRO
*** WARNING in MODEL command
  Variable is uncorrelated with all other variables within class: MLCOMM
*** WARNING in MODEL command
  At least one variable is uncorrelated with all other variables within class.
  Check that this is what is intended.
*** WARNING
  One or more individual-level variables have no variation within a
  cluster for the following clusters.

     Variable   Cluster IDs with no within-cluster variation

      MLSSB       175 11 13 196 57 236 241 244 248 252 281 78 320 330 331 364 365 101 368 394
                  426 32 458 478 37 134 305 321 339 14 26 378 27 213 464 496 33 12
      MLGSB       11 282 24 365 368 460 469 126 8 14
      MMICRO      175 11 13 51 205 229 240 66 275 280 80 101 368 32 41 478 488 128 340 342 14
                  25 378 383 389 233 17 36
      MLCOMM      178 196 207 55 217 228 275 280 78 292 88 330 348 364 368 41 120 478 488 305
                  14 83 509 12

   6 WARNING(S) FOUND IN THE INPUT INSTRUCTIONS




Multilevel LPA - L2 classes based on freq of L1 profiles

SUMMARY OF ANALYSIS

Number of groups                                                 1
Number of observations                                        1560

Number of dependent variables                                    4
Number of independent variables                                  0
Number of continuous latent variables                            0
Number of categorical latent variables                           2

Observed dependent variables

  Continuous
   MLSSB       MLGSB       MMICRO      MLCOMM

Categorical latent variables
   CB          C

Variables with special functions

  Cluster variable      ID

  Within variables
   MLSSB       MLGSB       MMICRO      MLCOMM


Estimator                                                      MLR
Information matrix                                        OBSERVED
Optimization Specifications for the Quasi-Newton Algorithm for
Continuous Outcomes
  Maximum number of iterations                                 100
  Convergence criterion                                  0.100D-05
Optimization Specifications for the EM Algorithm
  Maximum number of iterations                                 500
  Convergence criteria
    Loglikelihood change                                 0.100D-02
    Relative loglikelihood change                        0.100D-05
    Derivative                                           0.100D-02
Optimization Specifications for the M step of the EM Algorithm for
Categorical Latent variables
  Number of M step iterations                                    1
  M step convergence criterion                           0.100D-02
  Basis for M step termination                           ITERATION
Optimization Specifications for the M step of the EM Algorithm for
Censored, Binary or Ordered Categorical (Ordinal), Unordered
Categorical (Nominal) and Count Outcomes
  Number of M step iterations                                    1
  M step convergence criterion                           0.100D-02
  Basis for M step termination                           ITERATION
  Maximum value for logit thresholds                            15
  Minimum value for logit thresholds                           -15
  Minimum expected cell size for chi-square              0.100D-01
Maximum number of iterations for H1                           2000
Convergence criterion for H1                             0.100D-03
Optimization algorithm                                         EMA
Integration Specifications
  Type                                                    STANDARD
  Number of integration points                                  15
  Dimensions of numerical integration                            0
  Adaptive quadrature                                           ON
Random Starts Specifications
  Number of initial stage random starts                         20
  Number of final stage optimizations                            4
  Number of initial stage iterations                            10
  Initial stage convergence criterion                    0.100D+01
  Random starts scale                                    0.500D+01
  Random seed for generating random starts                       0
Parameterization                                             LOGIT
Cholesky                                                       OFF

Input data file(s)
  mlpa/mlpa_03b.dat
Input data format  FREE


SUMMARY OF DATA

     Number of missing data patterns             2
     Number of y missing data patterns           2
     Number of u missing data patterns           0
     Number of clusters                        519



COVARIANCE COVERAGE OF DATA

Minimum covariance coverage value   0.100


     PROPORTION OF DATA PRESENT FOR Y


           Covariance Coverage
              MLSSB         MLGSB         MMICRO        MLCOMM
              ________      ________      ________      ________
 MLSSB          1.000
 MLGSB          1.000         1.000
 MMICRO         1.000         1.000         1.000
 MLCOMM         0.999         0.999         0.999         0.999



UNIVARIATE SAMPLE STATISTICS


     UNIVARIATE HIGHER-ORDER MOMENT DESCRIPTIVE STATISTICS

         Variable/         Mean/     Skewness/   Minimum/ % with                Percentiles
        Sample Size      Variance    Kurtosis    Maximum  Min/Max      20%/60%    40%/80%    Median

     MLSSB                 1.517       1.738       1.000   34.62%       1.000      1.111      1.222
            1560.000       0.443       3.173       5.000    0.06%       1.444      2.000
     MLGSB                 3.272      -0.242       1.000    1.15%       2.667      3.111      3.222
            1560.000       0.688       0.123       5.000    2.56%       3.444      3.889
     MMICRO                1.857       1.766       1.000   31.54%       1.000      1.286      1.429
            1560.000       1.174       3.322       7.000    0.06%       1.714      2.429
     MLCOMM                3.796      -0.546       1.000    0.13%       3.250      3.750      4.000
            1559.000       0.487       0.000       5.000    3.91%       4.000      4.500

RANDOM STARTS RESULTS RANKED FROM THE BEST TO THE WORST LOGLIKELIHOOD VALUES

Final stage loglikelihood values at local maxima, seeds, and initial stage start numbers:

           -6255.959  903420           5
           -6255.973  637345           19
           -6260.107  650371           14
           -6270.991  27071            15



THE BEST LOGLIKELIHOOD VALUE HAS BEEN REPLICATED.  RERUN WITH AT LEAST TWICE THE
RANDOM STARTS TO CHECK THAT THE BEST LOGLIKELIHOOD IS STILL OBTAINED AND REPLICATED.

     ONE OR MORE MULTINOMIAL LOGIT PARAMETERS WERE FIXED TO AVOID SINGULARITY
     OF THE INFORMATION MATRIX.  THE SINGULARITY IS MOST LIKELY BECAUSE THE
     MODEL IS NOT IDENTIFIED, OR BECAUSE OF EMPTY CELLS IN THE JOINT
     DISTRIBUTION OF THE CATEGORICAL LATENT VARIABLES AND ANY INDEPENDENT
     VARIABLES.  THE FOLLOWING PARAMETERS WERE FIXED:
     Parameter 40, %BETWEEN%: C#5 ON CB#1
     Parameter 41, %BETWEEN%: C#1 ON CB#2


THE MODEL ESTIMATION TERMINATED NORMALLY



MODEL FIT INFORMATION

Number of Free Parameters                       45

Loglikelihood

          H0 Value                       -6255.959
          H0 Scaling Correction Factor      1.7333
            for MLR

Information Criteria

          Akaike (AIC)                   12601.918
          Bayesian (BIC)                 12842.778
          Sample-Size Adjusted BIC       12699.823
            (n* = (n + 2) / 24)



MODEL RESULTS USE THE LATENT CLASS VARIABLE ORDER

   CB  C


FINAL CLASS COUNTS AND PROPORTIONS FOR THE LATENT CLASS PATTERNS
BASED ON ESTIMATED POSTERIOR PROBABILITIES

  Latent Class
    Pattern

    1  1         38.40542          0.02462
    1  2        160.91711          0.10315
    1  3         75.08517          0.04813
    1  4         47.71509          0.03059
    1  5          0.00000          0.00000
    1  6        219.53532          0.14073
    2  1          0.00000          0.00000
    2  2         78.23489          0.05015
    2  3         17.85891          0.01145
    2  4         31.82111          0.02040
    2  5         45.70067          0.02930
    2  6        662.21368          0.42450
    3  1          1.29140          0.00083
    3  2         63.19211          0.04051
    3  3          7.10078          0.00455
    3  4          3.56445          0.00228
    3  5        103.33179          0.06624
    3  6          4.03210          0.00258


FINAL CLASS COUNTS AND PROPORTIONS FOR EACH LATENT CLASS VARIABLE
BASED ON ESTIMATED POSTERIOR PROBABILITIES

  Latent Class
    Variable    Class

    CB             1       541.65814          0.34722
                   2       835.82928          0.53579
                   3       182.51263          0.11700
    C              1        39.69683          0.02545
                   2       302.34412          0.19381
                   3       100.04485          0.06413
                   4        83.10064          0.05327
                   5       149.03247          0.09553
                   6       885.78113          0.56781


FINAL CLASS COUNTS AND PROPORTIONS FOR THE LATENT CLASS PATTERNS
BASED ON THEIR MOST LIKELY LATENT CLASS PATTERN

Class Counts and Proportions

  Latent Class
    Pattern

    1  1               39          0.02500
    1  2              182          0.11667
    1  3               86          0.05513
    1  4               47          0.03013
    1  5                1          0.00064
    1  6              157          0.10064
    2  1                0          0.00000
    2  2               73          0.04679
    2  3                9          0.00577
    2  4               35          0.02244
    2  5               25          0.01603
    2  6              756          0.48462
    3  1                1          0.00064
    3  2               47          0.03013
    3  3                4          0.00256
    3  4                2          0.00128
    3  5               91          0.05833
    3  6                5          0.00321


FINAL CLASS COUNTS AND PROPORTIONS FOR EACH LATENT CLASS VARIABLE
BASED ON THEIR MOST LIKELY LATENT CLASS PATTERN

  Latent Class
    Variable    Class

    CB             1             512          0.32821
                   2             898          0.57564
                   3             150          0.09615
    C              1              40          0.02564
                   2             302          0.19359
                   3              99          0.06346
                   4              84          0.05385
                   5             117          0.07500
                   6             918          0.58846


CLASSIFICATION QUALITY

     Entropy                         0.771


MODEL RESULTS

                                                    Two-Tailed
                    Estimate       S.E.  Est./S.E.    P-Value

Within Level

Latent Class Pattern 1 1

 Means
    MLSSB              3.798      0.102     37.221      0.000
    MLGSB              2.595      0.203     12.813      0.000
    MMICRO             5.017      0.245     20.462      0.000
    MLCOMM             3.197      0.130     24.601      0.000

 Variances
    MLSSB              0.060      0.007      8.875      0.000
    MLGSB              0.551      0.024     23.363      0.000
    MMICRO             0.420      0.051      8.225      0.000
    MLCOMM             0.371      0.027     13.736      0.000

Latent Class Pattern 1 2

 Means
    MLSSB              2.025      0.039     52.365      0.000
    MLGSB              3.051      0.054     56.582      0.000
    MMICRO             1.973      0.080     24.645      0.000
    MLCOMM             3.593      0.047     77.273      0.000

 Variances
    MLSSB              0.060      0.007      8.875      0.000
    MLGSB              0.551      0.024     23.363      0.000
    MMICRO             0.420      0.051      8.225      0.000
    MLCOMM             0.371      0.027     13.736      0.000

Latent Class Pattern 1 3

 Means
    MLSSB              2.854      0.084     33.837      0.000
    MLGSB              2.675      0.072     37.012      0.000
    MMICRO             3.178      0.190     16.740      0.000
    MLCOMM             3.312      0.081     40.974      0.000

 Variances
    MLSSB              0.060      0.007      8.875      0.000
    MLGSB              0.551      0.024     23.363      0.000
    MMICRO             0.420      0.051      8.225      0.000
    MLCOMM             0.371      0.027     13.736      0.000

Latent Class Pattern 1 4

 Means
    MLSSB              1.452      0.074     19.508      0.000
    MLGSB              3.061      0.184     16.640      0.000
    MMICRO             4.010      0.185     21.640      0.000
    MLCOMM             3.653      0.133     27.483      0.000

 Variances
    MLSSB              0.060      0.007      8.875      0.000
    MLGSB              0.551      0.024     23.363      0.000
    MMICRO             0.420      0.051      8.225      0.000
    MLCOMM             0.371      0.027     13.736      0.000

Latent Class Pattern 1 5

 Means
    MLSSB              1.171      0.026     45.625      0.000
    MLGSB              2.629      0.163     16.099      0.000
    MMICRO             1.411      0.047     30.219      0.000
    MLCOMM             3.144      0.178     17.704      0.000

 Variances
    MLSSB              0.060      0.007      8.875      0.000
    MLGSB              0.551      0.024     23.363      0.000
    MMICRO             0.420      0.051      8.225      0.000
    MLCOMM             0.371      0.027     13.736      0.000

Latent Class Pattern 1 6

 Means
    MLSSB              1.154      0.011    102.413      0.000
    MLGSB              3.574      0.041     86.563      0.000
    MMICRO             1.400      0.028     50.260      0.000
    MLCOMM             4.069      0.037    110.148      0.000

 Variances
    MLSSB              0.060      0.007      8.875      0.000
    MLGSB              0.551      0.024     23.363      0.000
    MMICRO             0.420      0.051      8.225      0.000
    MLCOMM             0.371      0.027     13.736      0.000

Latent Class Pattern 2 1

 Means
    MLSSB              3.798      0.102     37.221      0.000
    MLGSB              2.595      0.203     12.813      0.000
    MMICRO             5.017      0.245     20.462      0.000
    MLCOMM             3.197      0.130     24.601      0.000

 Variances
    MLSSB              0.060      0.007      8.875      0.000
    MLGSB              0.551      0.024     23.363      0.000
    MMICRO             0.420      0.051      8.225      0.000
    MLCOMM             0.371      0.027     13.736      0.000

Latent Class Pattern 2 2

 Means
    MLSSB              2.025      0.039     52.365      0.000
    MLGSB              3.051      0.054     56.582      0.000
    MMICRO             1.973      0.080     24.645      0.000
    MLCOMM             3.593      0.047     77.273      0.000

 Variances
    MLSSB              0.060      0.007      8.875      0.000
    MLGSB              0.551      0.024     23.363      0.000
    MMICRO             0.420      0.051      8.225      0.000
    MLCOMM             0.371      0.027     13.736      0.000

Latent Class Pattern 2 3

 Means
    MLSSB              2.854      0.084     33.837      0.000
    MLGSB              2.675      0.072     37.012      0.000
    MMICRO             3.178      0.190     16.740      0.000
    MLCOMM             3.312      0.081     40.974      0.000

 Variances
    MLSSB              0.060      0.007      8.875      0.000
    MLGSB              0.551      0.024     23.363      0.000
    MMICRO             0.420      0.051      8.225      0.000
    MLCOMM             0.371      0.027     13.736      0.000

Latent Class Pattern 2 4

 Means
    MLSSB              1.452      0.074     19.508      0.000
    MLGSB              3.061      0.184     16.640      0.000
    MMICRO             4.010      0.185     21.640      0.000
    MLCOMM             3.653      0.133     27.483      0.000

 Variances
    MLSSB              0.060      0.007      8.875      0.000
    MLGSB              0.551      0.024     23.363      0.000
    MMICRO             0.420      0.051      8.225      0.000
    MLCOMM             0.371      0.027     13.736      0.000

Latent Class Pattern 2 5

 Means
    MLSSB              1.171      0.026     45.625      0.000
    MLGSB              2.629      0.163     16.099      0.000
    MMICRO             1.411      0.047     30.219      0.000
    MLCOMM             3.144      0.178     17.704      0.000

 Variances
    MLSSB              0.060      0.007      8.875      0.000
    MLGSB              0.551      0.024     23.363      0.000
    MMICRO             0.420      0.051      8.225      0.000
    MLCOMM             0.371      0.027     13.736      0.000

Latent Class Pattern 2 6

 Means
    MLSSB              1.154      0.011    102.413      0.000
    MLGSB              3.574      0.041     86.563      0.000
    MMICRO             1.400      0.028     50.260      0.000
    MLCOMM             4.069      0.037    110.148      0.000

 Variances
    MLSSB              0.060      0.007      8.875      0.000
    MLGSB              0.551      0.024     23.363      0.000
    MMICRO             0.420      0.051      8.225      0.000
    MLCOMM             0.371      0.027     13.736      0.000

Latent Class Pattern 3 1

 Means
    MLSSB              3.798      0.102     37.221      0.000
    MLGSB              2.595      0.203     12.813      0.000
    MMICRO             5.017      0.245     20.462      0.000
    MLCOMM             3.197      0.130     24.601      0.000

 Variances
    MLSSB              0.060      0.007      8.875      0.000
    MLGSB              0.551      0.024     23.363      0.000
    MMICRO             0.420      0.051      8.225      0.000
    MLCOMM             0.371      0.027     13.736      0.000

Latent Class Pattern 3 2

 Means
    MLSSB              2.025      0.039     52.365      0.000
    MLGSB              3.051      0.054     56.582      0.000
    MMICRO             1.973      0.080     24.645      0.000
    MLCOMM             3.593      0.047     77.273      0.000

 Variances
    MLSSB              0.060      0.007      8.875      0.000
    MLGSB              0.551      0.024     23.363      0.000
    MMICRO             0.420      0.051      8.225      0.000
    MLCOMM             0.371      0.027     13.736      0.000

Latent Class Pattern 3 3

 Means
    MLSSB              2.854      0.084     33.837      0.000
    MLGSB              2.675      0.072     37.012      0.000
    MMICRO             3.178      0.190     16.740      0.000
    MLCOMM             3.312      0.081     40.974      0.000

 Variances
    MLSSB              0.060      0.007      8.875      0.000
    MLGSB              0.551      0.024     23.363      0.000
    MMICRO             0.420      0.051      8.225      0.000
    MLCOMM             0.371      0.027     13.736      0.000

Latent Class Pattern 3 4

 Means
    MLSSB              1.452      0.074     19.508      0.000
    MLGSB              3.061      0.184     16.640      0.000
    MMICRO             4.010      0.185     21.640      0.000
    MLCOMM             3.653      0.133     27.483      0.000

 Variances
    MLSSB              0.060      0.007      8.875      0.000
    MLGSB              0.551      0.024     23.363      0.000
    MMICRO             0.420      0.051      8.225      0.000
    MLCOMM             0.371      0.027     13.736      0.000

Latent Class Pattern 3 5

 Means
    MLSSB              1.171      0.026     45.625      0.000
    MLGSB              2.629      0.163     16.099      0.000
    MMICRO             1.411      0.047     30.219      0.000
    MLCOMM             3.144      0.178     17.704      0.000

 Variances
    MLSSB              0.060      0.007      8.875      0.000
    MLGSB              0.551      0.024     23.363      0.000
    MMICRO             0.420      0.051      8.225      0.000
    MLCOMM             0.371      0.027     13.736      0.000

Latent Class Pattern 3 6

 Means
    MLSSB              1.154      0.011    102.413      0.000
    MLGSB              3.574      0.041     86.563      0.000
    MMICRO             1.400      0.028     50.260      0.000
    MLCOMM             4.069      0.037    110.148      0.000

 Variances
    MLSSB              0.060      0.007      8.875      0.000
    MLGSB              0.551      0.024     23.363      0.000
    MMICRO             0.420      0.051      8.225      0.000
    MLCOMM             0.371      0.027     13.736      0.000

Between Level

Categorical Latent Variables

Within Level

 Intercepts
    C#1               -1.139      4.648     -0.245      0.806
    C#2                2.748      4.745      0.579      0.562
    C#3                0.560      5.208      0.108      0.914
    C#4               -0.131      5.185     -0.025      0.980
    C#5                3.239      5.107      0.634      0.526

Between Level

 C#1        ON
    CB#1              -0.605      4.719     -0.128      0.898
    CB#2             -28.426      0.000    999.000    999.000

 C#2        ON
    CB#1              -3.059      4.708     -0.650      0.516
    CB#2              -4.884      4.759     -1.026      0.305

 C#3        ON
    CB#1              -1.633      5.272     -0.310      0.757
    CB#2              -4.173      5.208     -0.801      0.423

 C#4        ON
    CB#1              -1.395      5.270     -0.265      0.791
    CB#2              -2.904      5.264     -0.552      0.581

 C#5        ON
    CB#1             -54.140      0.000    999.000    999.000
    CB#2              -5.912      4.914     -1.203      0.229

 Means
    CB#1               1.172      0.488      2.400      0.016
    CB#2               1.495      0.375      3.988      0.000


QUALITY OF NUMERICAL RESULTS

     Condition Number for the Information Matrix              0.797E-07
       (ratio of smallest to largest eigenvalue)


TECHNICAL 8 OUTPUT


  INITIAL STAGE ITERATIONS


  TECHNICAL 8 OUTPUT FOR UNPERTURBED STARTING VALUE SET


   E STEP  ITER  LOGLIKELIHOOD    ABS CHANGE   REL CHANGE  ALGORITHM
              1 -0.91514310D+05    0.0000000    0.0000000  EM
              2 -0.74910824D+04 ************    0.9181430  EM
              3 -0.74910824D+04    0.0000000    0.0000000  EM


  TECHNICAL 8 OUTPUT FOR STARTING VALUE SET 1


   E STEP  ITER  LOGLIKELIHOOD    ABS CHANGE   REL CHANGE  ALGORITHM
              1 -0.29281926D+05    0.0000000    0.0000000  EM
              2 -0.76300320D+04 ************    0.7394286  EM
              3 -0.74550033D+04  175.0286650    0.0229394  EM
              4 -0.72166891D+04  238.3142426    0.0319670  EM
              5 -0.69721263D+04  244.5627065    0.0338885  EM
              6 -0.68314762D+04  140.6501228    0.0201732  EM
              7 -0.67724905D+04   58.9857384    0.0086344  EM
              8 -0.67459974D+04   26.4930756    0.0039119  EM
              9 -0.67298855D+04   16.1118742    0.0023884  EM
             10 -0.67160602D+04   13.8253182    0.0020543  EM


  TECHNICAL 8 OUTPUT FOR STARTING VALUE SET 2


   E STEP  ITER  LOGLIKELIHOOD    ABS CHANGE   REL CHANGE  ALGORITHM
              1 -0.11532304D+06    0.0000000    0.0000000  EM
              2 -0.73605511D+04 ************    0.9361745  EM
              3 -0.69880805D+04  372.4706143    0.0506036  EM
              4 -0.67681690D+04  219.9115118    0.0314695  EM
              5 -0.66945969D+04   73.5720397    0.0108703  EM
              6 -0.66720713D+04   22.5255734    0.0033647  EM
              7 -0.66584742D+04   13.5971151    0.0020379  EM
              8 -0.66465287D+04   11.9455153    0.0017940  EM
              9 -0.66329523D+04   13.5764320    0.0020426  EM
             10 -0.66146849D+04   18.2673997    0.0027540  EM


  TECHNICAL 8 OUTPUT FOR STARTING VALUE SET 3


   E STEP  ITER  LOGLIKELIHOOD    ABS CHANGE   REL CHANGE  ALGORITHM
              1 -0.62511592D+05    0.0000000    0.0000000  EM
              2 -0.71360844D+04 ************    0.8858438  EM
              3 -0.67451653D+04  390.9191795    0.0547806  EM
              4 -0.66754069D+04   69.7583184    0.0103420  EM
              5 -0.66453312D+04   30.0757779    0.0045055  EM
              6 -0.66210765D+04   24.2546706    0.0036499  EM
              7 -0.66010296D+04   20.0469425    0.0030277  EM
              8 -0.65783676D+04   22.6619072    0.0034331  EM
              9 -0.65474431D+04   30.9245948    0.0047010  EM
             10 -0.65080293D+04   39.4137310    0.0060197  EM


  TECHNICAL 8 OUTPUT FOR STARTING VALUE SET 4


   E STEP  ITER  LOGLIKELIHOOD    ABS CHANGE   REL CHANGE  ALGORITHM
              1 -0.53036924D+05    0.0000000    0.0000000  EM
              2 -0.72279345D+04 ************    0.8637188  EM
              3 -0.69607465D+04  267.1879903    0.0369660  EM
              4 -0.68003901D+04  160.3563692    0.0230372  EM
              5 -0.66477789D+04  152.6112170    0.0224415  EM
              6 -0.65764195D+04   71.3594375    0.0107343  EM
              7 -0.65453836D+04   31.0358662    0.0047193  EM
              8 -0.65217556D+04   23.6280330    0.0036099  EM
              9 -0.65011618D+04   20.5937291    0.0031577  EM
             10 -0.64834678D+04   17.6939983    0.0027217  EM


  TECHNICAL 8 OUTPUT FOR STARTING VALUE SET 5


   E STEP  ITER  LOGLIKELIHOOD    ABS CHANGE   REL CHANGE  ALGORITHM
              1 -0.77422299D+05    0.0000000    0.0000000  EM
              2 -0.68494431D+04 ************    0.9115314  EM
              3 -0.67337141D+04  115.7289651    0.0168961  EM
              4 -0.66826384D+04   51.0757290    0.0075851  EM
              5 -0.66271740D+04   55.4644071    0.0082998  EM
              6 -0.65741651D+04   53.0089549    0.0079987  EM
              7 -0.65246291D+04   49.5359785    0.0075349  EM
              8 -0.64793692D+04   45.2599052    0.0069368  EM
              9 -0.64394665D+04   39.9026422    0.0061584  EM
             10 -0.64044828D+04   34.9837443    0.0054327  EM


  TECHNICAL 8 OUTPUT FOR STARTING VALUE SET 6


   E STEP  ITER  LOGLIKELIHOOD    ABS CHANGE   REL CHANGE  ALGORITHM
              1 -0.53481622D+05    0.0000000    0.0000000  EM
              2 -0.74316060D+04 ************    0.8610437  EM
              3 -0.69960872D+04  435.5187948    0.0586036  EM
              4 -0.68361111D+04  159.9760637    0.0228665  EM
              5 -0.67981795D+04   37.9316182    0.0055487  EM
              6 -0.67771646D+04   21.0149074    0.0030913  EM
              7 -0.67526337D+04   24.5309257    0.0036196  EM
              8 -0.67237812D+04   28.8524061    0.0042728  EM
              9 -0.66960373D+04   27.7439789    0.0041262  EM
             10 -0.66611826D+04   34.8546687    0.0052053  EM


  TECHNICAL 8 OUTPUT FOR STARTING VALUE SET 7


   E STEP  ITER  LOGLIKELIHOOD    ABS CHANGE   REL CHANGE  ALGORITHM
              1 -0.89922729D+05    0.0000000    0.0000000  EM
              2 -0.77480355D+04 ************    0.9138367  EM
              3 -0.71250912D+04  622.9442628    0.0804003  EM
              4 -0.68455619D+04  279.5293040    0.0392317  EM
              5 -0.67353958D+04  110.1660608    0.0160931  EM
              6 -0.66854445D+04   49.9513945    0.0074163  EM
              7 -0.66465246D+04   38.9198608    0.0058216  EM
              8 -0.66063786D+04   40.1460262    0.0060402  EM
              9 -0.65622724D+04   44.1061952    0.0066763  EM
             10 -0.65146228D+04   47.6495501    0.0072611  EM


  TECHNICAL 8 OUTPUT FOR STARTING VALUE SET 8


   E STEP  ITER  LOGLIKELIHOOD    ABS CHANGE   REL CHANGE  ALGORITHM
              1 -0.61223908D+05    0.0000000    0.0000000  EM
              2 -0.74850336D+04 ************    0.8777433  EM
              3 -0.71655731D+04  319.4605130    0.0426799  EM
              4 -0.69195880D+04  245.9851136    0.0343287  EM
              5 -0.68171210D+04  102.4670365    0.0148083  EM
              6 -0.67691290D+04   47.9919919    0.0070399  EM
              7 -0.67310769D+04   38.0520972    0.0056214  EM
              8 -0.66914908D+04   39.5860422    0.0058811  EM
              9 -0.66496060D+04   41.8848858    0.0062594  EM
             10 -0.66021167D+04   47.4892227    0.0071417  EM


  TECHNICAL 8 OUTPUT FOR STARTING VALUE SET 9


   E STEP  ITER  LOGLIKELIHOOD    ABS CHANGE   REL CHANGE  ALGORITHM
              1 -0.87938879D+05    0.0000000    0.0000000  EM
              2 -0.73259700D+04 ************    0.9166925  EM
              3 -0.67776991D+04  548.2708876    0.0748394  EM
              4 -0.67474766D+04   30.2224762    0.0044591  EM
              5 -0.67211990D+04   26.2776096    0.0038944  EM
              6 -0.66846859D+04   36.5130861    0.0054325  EM
              7 -0.66413772D+04   43.3086972    0.0064788  EM
              8 -0.65955107D+04   45.8665809    0.0069062  EM
              9 -0.65464816D+04   49.0290889    0.0074337  EM
             10 -0.64904391D+04   56.0424515    0.0085607  EM


  TECHNICAL 8 OUTPUT FOR STARTING VALUE SET 10


   E STEP  ITER  LOGLIKELIHOOD    ABS CHANGE   REL CHANGE  ALGORITHM
              1 -0.38154442D+05    0.0000000    0.0000000  EM
              2 -0.73287198D+04 ************    0.8079196  EM
              3 -0.70602750D+04  268.4447252    0.0366291  EM
              4 -0.68724938D+04  187.7812873    0.0265969  EM
              5 -0.67838433D+04   88.6505011    0.0128993  EM
              6 -0.67254872D+04   58.3561001    0.0086022  EM
              7 -0.66708931D+04   54.5940715    0.0081175  EM
              8 -0.66268096D+04   44.0834930    0.0066083  EM
              9 -0.65764937D+04   50.3159145    0.0075928  EM
             10 -0.65124301D+04   64.0635670    0.0097413  EM


  TECHNICAL 8 OUTPUT FOR STARTING VALUE SET 11


   E STEP  ITER  LOGLIKELIHOOD    ABS CHANGE   REL CHANGE  ALGORITHM
              1 -0.44835792D+05    0.0000000    0.0000000  EM
              2 -0.70593817D+04 ************    0.8425503  EM
              3 -0.66732015D+04  386.1801817    0.0547045  EM
              4 -0.66022297D+04   70.9718175    0.0106353  EM
              5 -0.65684649D+04   33.7647399    0.0051141  EM
              6 -0.65422651D+04   26.1998629    0.0039887  EM
              7 -0.65269871D+04   15.2780210    0.0023353  EM
              8 -0.65183006D+04    8.6864789    0.0013309  EM
              9 -0.65114752D+04    6.8253765    0.0010471  EM
             10 -0.65012294D+04   10.2457593    0.0015735  EM


  TECHNICAL 8 OUTPUT FOR STARTING VALUE SET 12


   E STEP  ITER  LOGLIKELIHOOD    ABS CHANGE   REL CHANGE  ALGORITHM
              1 -0.58789269D+05    0.0000000    0.0000000  EM
              2 -0.73775055D+04 ************    0.8745093  EM
              3 -0.71498308D+04  227.6747482    0.0308607  EM
              4 -0.69629501D+04  186.8807436    0.0261378  EM
              5 -0.68423972D+04  120.5528535    0.0173135  EM
              6 -0.67822425D+04   60.1547390    0.0087915  EM
              7 -0.67396749D+04   42.5675355    0.0062763  EM
              8 -0.66914238D+04   48.2511394    0.0071593  EM
              9 -0.66483707D+04   43.0531066    0.0064341  EM
             10 -0.66024659D+04   45.9047589    0.0069047  EM


  TECHNICAL 8 OUTPUT FOR STARTING VALUE SET 13


   E STEP  ITER  LOGLIKELIHOOD    ABS CHANGE   REL CHANGE  ALGORITHM
              1 -0.54402419D+05    0.0000000    0.0000000  EM
              2 -0.74605450D+04 ************    0.8628637  EM
              3 -0.72344156D+04  226.1293485    0.0303100  EM
              4 -0.70052655D+04  229.1501916    0.0316750  EM
              5 -0.68529260D+04  152.3394864    0.0217464  EM
              6 -0.67827113D+04   70.2146714    0.0102459  EM
              7 -0.67322754D+04   50.4358558    0.0074359  EM
              8 -0.66957108D+04   36.5646545    0.0054312  EM
              9 -0.66677218D+04   27.9889618    0.0041801  EM
             10 -0.66365034D+04   31.2184310    0.0046820  EM


  TECHNICAL 8 OUTPUT FOR STARTING VALUE SET 14


   E STEP  ITER  LOGLIKELIHOOD    ABS CHANGE   REL CHANGE  ALGORITHM
              1 -0.67884542D+05    0.0000000    0.0000000  EM
              2 -0.73124533D+04 ************    0.8922810  EM
              3 -0.70708025D+04  241.6508447    0.0330465  EM
              4 -0.68701510D+04  200.6515237    0.0283775  EM
              5 -0.67434981D+04  126.6528654    0.0184352  EM
              6 -0.66673142D+04   76.1838895    0.0112974  EM
              7 -0.65969921D+04   70.3220928    0.0105473  EM
              8 -0.65389218D+04   58.0703595    0.0088026  EM
              9 -0.64963025D+04   42.6192206    0.0065178  EM
             10 -0.64616885D+04   34.6140873    0.0053283  EM


  TECHNICAL 8 OUTPUT FOR STARTING VALUE SET 15


   E STEP  ITER  LOGLIKELIHOOD    ABS CHANGE   REL CHANGE  ALGORITHM
              1 -0.83297523D+05    0.0000000    0.0000000  EM
              2 -0.73961719D+04 ************    0.9112078  EM
              3 -0.69179991D+04  478.1728575    0.0646514  EM
              4 -0.66576348D+04  260.3643209    0.0376358  EM
              5 -0.65435560D+04  114.0788009    0.0171350  EM
              6 -0.65040525D+04   39.5034536    0.0060370  EM
              7 -0.64726503D+04   31.4021756    0.0048281  EM
              8 -0.64443888D+04   28.2615457    0.0043663  EM
              9 -0.64196240D+04   24.7647978    0.0038428  EM
             10 -0.63974359D+04   22.1881355    0.0034563  EM


  TECHNICAL 8 OUTPUT FOR STARTING VALUE SET 16


   E STEP  ITER  LOGLIKELIHOOD    ABS CHANGE   REL CHANGE  ALGORITHM
              1 -0.72274355D+05    0.0000000    0.0000000  EM
              2 -0.77401536D+04 ************    0.8929059  EM
              3 -0.72596254D+04  480.5281826    0.0620825  EM
              4 -0.70246381D+04  234.9873813    0.0323691  EM
              5 -0.68505634D+04  174.0746779    0.0247806  EM
              6 -0.67703532D+04   80.2101495    0.0117085  EM
              7 -0.67206421D+04   49.7111715    0.0073425  EM
              8 -0.66780105D+04   42.6315537    0.0063434  EM
              9 -0.66489189D+04   29.0915628    0.0043563  EM
             10 -0.66233730D+04   25.5459456    0.0038421  EM


  TECHNICAL 8 OUTPUT FOR STARTING VALUE SET 17


   E STEP  ITER  LOGLIKELIHOOD    ABS CHANGE   REL CHANGE  ALGORITHM
              1 -0.10772635D+06    0.0000000    0.0000000  EM
              2 -0.71399587D+04 ************    0.9337213  EM
              3 -0.68821092D+04  257.8495313    0.0361136  EM
              4 -0.68263445D+04   55.7647105    0.0081029  EM
              5 -0.68008607D+04   25.4837791    0.0037332  EM
              6 -0.67831664D+04   17.6942933    0.0026018  EM
              7 -0.67607839D+04   22.3824734    0.0032997  EM
              8 -0.67412833D+04   19.5006451    0.0028844  EM
              9 -0.67266300D+04   14.6533045    0.0021737  EM
             10 -0.67120224D+04   14.6075413    0.0021716  EM


  TECHNICAL 8 OUTPUT FOR STARTING VALUE SET 18


   E STEP  ITER  LOGLIKELIHOOD    ABS CHANGE   REL CHANGE  ALGORITHM
              1 -0.22360895D+05    0.0000000    0.0000000  EM
              2 -0.71919833D+04 ************    0.6783678  EM
              3 -0.69512618D+04  240.7214863    0.0334708  EM
              4 -0.68512708D+04   99.9910645    0.0143846  EM
              5 -0.68121449D+04   39.1258655    0.0057107  EM
              6 -0.67867617D+04   25.3831593    0.0037262  EM
              7 -0.67587376D+04   28.0241243    0.0041292  EM
              8 -0.67305260D+04   28.2115718    0.0041741  EM
              9 -0.67097290D+04   20.7970258    0.0030900  EM
             10 -0.66880566D+04   21.6724588    0.0032300  EM


  TECHNICAL 8 OUTPUT FOR STARTING VALUE SET 19


   E STEP  ITER  LOGLIKELIHOOD    ABS CHANGE   REL CHANGE  ALGORITHM
              1 -0.73668362D+05    0.0000000    0.0000000  EM
              2 -0.70958904D+04 ************    0.9036779  EM
              3 -0.68824987D+04  213.3916931    0.0300726  EM
              4 -0.67469302D+04  135.5685729    0.0196976  EM
              5 -0.66642269D+04   82.7032727    0.0122579  EM
              6 -0.65902072D+04   74.0197204    0.0111070  EM
              7 -0.65108951D+04   79.3120889    0.0120348  EM
              8 -0.64415120D+04   69.3831127    0.0106565  EM
              9 -0.63945998D+04   46.9121401    0.0072828  EM
             10 -0.63734576D+04   21.1422300    0.0033063  EM


  TECHNICAL 8 OUTPUT FOR STARTING VALUE SET 20


   E STEP  ITER  LOGLIKELIHOOD    ABS CHANGE   REL CHANGE  ALGORITHM
              1 -0.81479809D+05    0.0000000    0.0000000  EM
              2 -0.72698861D+04 ************    0.9107768  EM
              3 -0.69096507D+04  360.2353656    0.0495517  EM
              4 -0.67819479D+04  127.7028262    0.0184818  EM
              5 -0.67435911D+04   38.3567498    0.0056557  EM
              6 -0.67246001D+04   18.9910210    0.0028162  EM
              7 -0.67113195D+04   13.2806211    0.0019749  EM
              8 -0.66953484D+04   15.9710719    0.0023797  EM
              9 -0.66704044D+04   24.9439834    0.0037256  EM
             10 -0.66472714D+04   23.1330410    0.0034680  EM


  FINAL STAGE ITERATIONS


  TECHNICAL 8 OUTPUT FOR STARTING VALUE SET 19




   E STEP  ITER  LOGLIKELIHOOD    ABS CHANGE   REL CHANGE  ALGORITHM
              1 -0.73668362D+05    0.0000000    0.0000000  EM
              2 -0.70958904D+04 ************    0.9036779  EM
              3 -0.68824987D+04  213.3916931    0.0300726  EM
              4 -0.67469302D+04  135.5685729    0.0196976  EM
              5 -0.66642269D+04   82.7032727    0.0122579  EM
              6 -0.65902072D+04   74.0197204    0.0111070  EM
              7 -0.65108951D+04   79.3120889    0.0120348  EM
              8 -0.64415120D+04   69.3831127    0.0106565  EM
              9 -0.63945998D+04   46.9121401    0.0072828  EM
             10 -0.63734576D+04   21.1422300    0.0033063  EM
             11 -0.63660975D+04    7.3600593    0.0011548  EM
             12 -0.63620747D+04    4.0227973    0.0006319  EM
             13 -0.63584579D+04    3.6168749    0.0005685  EM
             14 -0.63523141D+04    6.1437558    0.0009662  EM
             15 -0.63403737D+04   11.9403712    0.0018797  EM
             16 -0.63337582D+04    6.6155613    0.0010434  EM
             17 -0.63295320D+04    4.2262117    0.0006673  EM
             18 -0.63264493D+04    3.0826750    0.0004870  EM
             19 -0.63240269D+04    2.4224333    0.0003829  EM
             20 -0.63220461D+04    1.9807459    0.0003132  EM
             21 -0.63203821D+04    1.6640617    0.0002632  EM
             22 -0.63189491D+04    1.4329764    0.0002267  EM
             23 -0.63176838D+04    1.2652562    0.0002002  EM
             24 -0.63165379D+04    1.1459550    0.0001814  EM
             25 -0.63154711D+04    1.0667750    0.0001689  EM
             26 -0.63144432D+04    1.0278843    0.0001628  EM
             27 -0.63134035D+04    1.0396611    0.0001646  EM
             28 -0.63122788D+04    1.1247593    0.0001782  EM
             29 -0.63109554D+04    1.3233357    0.0002096  EM
             30 -0.63092506D+04    1.7048135    0.0002701  EM
             31 -0.63068594D+04    2.3912218    0.0003790  EM
             32 -0.63032513D+04    3.6081474    0.0005721  EM
             33 -0.62974862D+04    5.7650667    0.0009146  EM
             34 -0.62885425D+04    8.9436873    0.0014202  EM
             35 -0.62786317D+04    9.9107920    0.0015760  EM
             36 -0.62725282D+04    6.1035676    0.0009721  EM
             37 -0.62694124D+04    3.1157283    0.0004967  EM
             38 -0.62676276D+04    1.7848012    0.0002847  EM
             39 -0.62666213D+04    1.0063375    0.0001606  EM
             40 -0.62660439D+04    0.5773769    0.0000921  EM
             41 -0.62656616D+04    0.3822583    0.0000610  EM
             42 -0.62653720D+04    0.2896720    0.0000462  EM
             43 -0.62651371D+04    0.2348348    0.0000375  EM
             44 -0.62649419D+04    0.1952099    0.0000312  EM
             45 -0.62647778D+04    0.1641309    0.0000262  EM
             46 -0.62646382D+04    0.1396189    0.0000223  EM
             47 -0.62645175D+04    0.1206760    0.0000193  EM
             48 -0.62644111D+04    0.1064106    0.0000170  EM
             49 -0.62643151D+04    0.0959736    0.0000153  EM
             50 -0.62642265D+04    0.0886208    0.0000141  EM
             51 -0.62641428D+04    0.0837422    0.0000134  EM
             52 -0.62640619D+04    0.0808597    0.0000129  EM
             53 -0.62639823D+04    0.0796078    0.0000127  EM
             54 -0.62639026D+04    0.0797107    0.0000127  EM
             55 -0.62638216D+04    0.0809582    0.0000129  EM
             56 -0.62637384D+04    0.0831850    0.0000133  EM
             57 -0.62636522D+04    0.0862519    0.0000138  EM
             58 -0.62635622D+04    0.0900297    0.0000144  EM
             59 -0.62634678D+04    0.0943856    0.0000151  EM
             60 -0.62633686D+04    0.0991721    0.0000158  EM
             61 -0.62632644D+04    0.1042209    0.0000166  EM
             62 -0.62631550D+04    0.1093395    0.0000175  EM
             63 -0.62630407D+04    0.1143147    0.0000183  EM
             64 -0.62629218D+04    0.1189221    0.0000190  EM
             65 -0.62627989D+04    0.1229403    0.0000196  EM
             66 -0.62626727D+04    0.1261701    0.0000201  EM
             67 -0.62625442D+04    0.1284524    0.0000205  EM
             68 -0.62624146D+04    0.1296841    0.0000207  EM
             69 -0.62622847D+04    0.1298264    0.0000207  EM
             70 -0.62621558D+04    0.1289057    0.0000206  EM
             71 -0.62620288D+04    0.1270067    0.0000203  EM
             72 -0.62619560D+04    0.0728060    0.0000116  QN
             73 -0.62618100D+04    0.1460566    0.0000233  EM
             74 -0.62616935D+04    0.1164530    0.0000186  EM
             75 -0.62615839D+04    0.1095701    0.0000175  EM
             76 -0.62614797D+04    0.1042305    0.0000166  EM
             77 -0.62613802D+04    0.0995456    0.0000159  EM
             78 -0.62612849D+04    0.0952466    0.0000152  EM
             79 -0.62611936D+04    0.0912590    0.0000146  EM
             80 -0.62611061D+04    0.0875782    0.0000140  EM
             81 -0.62610218D+04    0.0842213    0.0000135  EM
             82 -0.62609406D+04    0.0812076    0.0000130  EM
             83 -0.62608621D+04    0.0785508    0.0000125  EM
             84 -0.62607858D+04    0.0762570    0.0000122  EM
             85 -0.62607115D+04    0.0743252    0.0000119  EM
             86 -0.62606388D+04    0.0727481    0.0000116  EM
             87 -0.62605672D+04    0.0715148    0.0000114  EM
             88 -0.62604966D+04    0.0706117    0.0000113  EM
             89 -0.62604266D+04    0.0700242    0.0000112  EM
             90 -0.62603569D+04    0.0697380    0.0000111  EM
             91 -0.62602871D+04    0.0697401    0.0000111  EM
             92 -0.62602171D+04    0.0700191    0.0000112  EM
             93 -0.62601465D+04    0.0705658    0.0000113  EM
             94 -0.62600752D+04    0.0713738    0.0000114  EM
             95 -0.62600027D+04    0.0724387    0.0000116  EM
             96 -0.62599290D+04    0.0737583    0.0000118  EM
             97 -0.62598536D+04    0.0753323    0.0000120  EM
             98 -0.62597765D+04    0.0771607    0.0000123  EM
             99 -0.62596972D+04    0.0792437    0.0000127  EM
            100 -0.62596157D+04    0.0815793    0.0000130  EM
            101 -0.62595315D+04    0.0841624    0.0000134  EM
            102 -0.62594445D+04    0.0869816    0.0000139  EM
            103 -0.62593545D+04    0.0900170    0.0000144  EM
            104 -0.62592613D+04    0.0932367    0.0000149  EM
            105 -0.62591647D+04    0.0965942    0.0000154  EM
            106 -0.62590646D+04    0.1000251    0.0000160  EM
            107 -0.62589612D+04    0.1034457    0.0000165  EM
            108 -0.62588544D+04    0.1067530    0.0000171  EM
            109 -0.62587446D+04    0.1098273    0.0000175  EM
            110 -0.62586321D+04    0.1125381    0.0000180  EM
            111 -0.62585173D+04    0.1147535    0.0000183  EM
            112 -0.62584010D+04    0.1163509    0.0000186  EM
            113 -0.62582837D+04    0.1172296    0.0000187  EM
            114 -0.62581664D+04    0.1173208    0.0000187  EM
            115 -0.62576932D+04    0.4732662    0.0000756  QN
            116 -0.62574350D+04    0.2581352    0.0000413  EM
            117 -0.62572865D+04    0.1484861    0.0000237  EM
            118 -0.62571736D+04    0.1129124    0.0000180  EM
            119 -0.62570792D+04    0.0944727    0.0000151  EM
            120 -0.62569961D+04    0.0830920    0.0000133  EM
            121 -0.62569211D+04    0.0750069    0.0000120  EM
            122 -0.62568524D+04    0.0686173    0.0000110  EM
            123 -0.62567892D+04    0.0631979    0.0000101  EM
            124 -0.62567308D+04    0.0584034    0.0000093  EM
            125 -0.62566768D+04    0.0540599    0.0000086  EM
            126 -0.62566267D+04    0.0500741    0.0000080  EM
            127 -0.62565803D+04    0.0463924    0.0000074  EM
            128 -0.62565373D+04    0.0429805    0.0000069  EM
            129 -0.62564975D+04    0.0398146    0.0000064  EM
            130 -0.62564606D+04    0.0368764    0.0000059  EM
            131 -0.62564265D+04    0.0341505    0.0000055  EM
            132 -0.62563949D+04    0.0316232    0.0000051  EM
            133 -0.62563656D+04    0.0292821    0.0000047  EM
            134 -0.62563385D+04    0.0271151    0.0000043  EM
            135 -0.62563134D+04    0.0251109    0.0000040  EM
            136 -0.62562901D+04    0.0232586    0.0000037  EM
            137 -0.62562685D+04    0.0215480    0.0000034  EM
            138 -0.62562486D+04    0.0199689    0.0000032  EM
            139 -0.62559982D+04    0.2503929    0.0000400  QN
            140 -0.62559862D+04    0.0120139    0.0000019  EM
            141 -0.62559832D+04    0.0029254    0.0000005  EM
            142 -0.62559811D+04    0.0021316    0.0000003  EM
            143 -0.62559794D+04    0.0017343    0.0000003  EM
            144 -0.62559779D+04    0.0014778    0.0000002  EM
            145 -0.62559766D+04    0.0012938    0.0000002  EM
            146 -0.62559755D+04    0.0011536    0.0000002  EM
            147 -0.62559744D+04    0.0010424    0.0000002  EM
            148 -0.62559735D+04    0.0009516    0.0000002  EM


  TECHNICAL 8 OUTPUT FOR STARTING VALUE SET 15




   E STEP  ITER  LOGLIKELIHOOD    ABS CHANGE   REL CHANGE  ALGORITHM
              1 -0.83297523D+05    0.0000000    0.0000000  EM
              2 -0.73961719D+04 ************    0.9112078  EM
              3 -0.69179991D+04  478.1728575    0.0646514  EM
              4 -0.66576348D+04  260.3643209    0.0376358  EM
              5 -0.65435560D+04  114.0788009    0.0171350  EM
              6 -0.65040525D+04   39.5034536    0.0060370  EM
              7 -0.64726503D+04   31.4021756    0.0048281  EM
              8 -0.64443888D+04   28.2615457    0.0043663  EM
              9 -0.64196240D+04   24.7647978    0.0038428  EM
             10 -0.63974359D+04   22.1881355    0.0034563  EM
             11 -0.63781281D+04   19.3077456    0.0030180  EM
             12 -0.63622453D+04   15.8827608    0.0024902  EM
             13 -0.63500103D+04   12.2350821    0.0019231  EM
             14 -0.63413497D+04    8.6605431    0.0013639  EM
             15 -0.63356281D+04    5.7216638    0.0009023  EM
             16 -0.63318775D+04    3.7505915    0.0005920  EM
             17 -0.63292497D+04    2.6278043    0.0004150  EM
             18 -0.63272062D+04    2.0434382    0.0003229  EM
             19 -0.63254577D+04    1.7485651    0.0002764  EM
             20 -0.63238485D+04    1.6091688    0.0002544  EM
             21 -0.63222758D+04    1.5726442    0.0002487  EM
             22 -0.63206425D+04    1.6333639    0.0002584  EM
             23 -0.63188271D+04    1.8154175    0.0002872  EM
             24 -0.63166566D+04    2.1704259    0.0003435  EM
             25 -0.63138658D+04    2.7908268    0.0004418  EM
             26 -0.63100098D+04    3.8560444    0.0006107  EM
             27 -0.63042968D+04    5.7129386    0.0009054  EM
             28 -0.62958854D+04    8.4114438    0.0013342  EM
             29 -0.62867282D+04    9.1572213    0.0014545  EM
             30 -0.62809968D+04    5.7313904    0.0009117  EM
             31 -0.62781385D+04    2.8582488    0.0004551  EM
             32 -0.62765405D+04    1.5980588    0.0002545  EM
             33 -0.62755945D+04    0.9459429    0.0001507  EM
             34 -0.62750301D+04    0.5644092    0.0000899  EM
             35 -0.62746638D+04    0.3663403    0.0000584  EM
             36 -0.62743927D+04    0.2711018    0.0000432  EM
             37 -0.62741713D+04    0.2213564    0.0000353  EM
             38 -0.62739815D+04    0.1898343    0.0000303  EM
             39 -0.62738156D+04    0.1658964    0.0000264  EM
             40 -0.62736697D+04    0.1459233    0.0000233  EM
             41 -0.62735408D+04    0.1288502    0.0000205  EM
             42 -0.62734265D+04    0.1143596    0.0000182  EM
             43 -0.62733242D+04    0.1022483    0.0000163  EM
             44 -0.62732319D+04    0.0922895    0.0000147  EM
             45 -0.62731477D+04    0.0842259    0.0000134  EM
             46 -0.62730699D+04    0.0777956    0.0000124  EM
             47 -0.62729971D+04    0.0727534    0.0000116  EM
             48 -0.62729283D+04    0.0688748    0.0000110  EM
             49 -0.62728623D+04    0.0659595    0.0000105  EM
             50 -0.62727985D+04    0.0638278    0.0000102  EM
             51 -0.62727362D+04    0.0623174    0.0000099  EM
             52 -0.62726749D+04    0.0612809    0.0000098  EM
             53 -0.62726143D+04    0.0605845    0.0000097  EM
             54 -0.62725542D+04    0.0601081    0.0000096  EM
             55 -0.62724944D+04    0.0597454    0.0000095  EM
             56 -0.62724350D+04    0.0594074    0.0000095  EM
             57 -0.62723760D+04    0.0590216    0.0000094  EM
             58 -0.62723175D+04    0.0585343    0.0000093  EM
             59 -0.62722596D+04    0.0579095    0.0000092  EM
             60 -0.62722024D+04    0.0571278    0.0000091  EM
             61 -0.62721463D+04    0.0561837    0.0000090  EM
             62 -0.62720912D+04    0.0550826    0.0000088  EM
             63 -0.62720373D+04    0.0538379    0.0000086  EM
             64 -0.62719849D+04    0.0524678    0.0000084  EM
             65 -0.62719339D+04    0.0509929    0.0000081  EM
             66 -0.62718844D+04    0.0494346    0.0000079  EM
             67 -0.62718366D+04    0.0478117    0.0000076  EM
             68 -0.62717905D+04    0.0461438    0.0000074  EM
             69 -0.62717460D+04    0.0444466    0.0000071  EM
             70 -0.62717033D+04    0.0427342    0.0000068  EM
             71 -0.62716623D+04    0.0410187    0.0000065  EM
             72 -0.62716620D+04    0.0002763    0.0000000  QN
             73 -0.62716227D+04    0.0392919    0.0000063  EM
             74 -0.62715851D+04    0.0375997    0.0000060  EM
             75 -0.62715492D+04    0.0359285    0.0000057  EM
             76 -0.62715149D+04    0.0342847    0.0000055  EM
             77 -0.62714822D+04    0.0326724    0.0000052  EM
             78 -0.62714511D+04    0.0310961    0.0000050  EM
             79 -0.62714216D+04    0.0295588    0.0000047  EM
             80 -0.62713935D+04    0.0280630    0.0000045  EM
             81 -0.62713669D+04    0.0266106    0.0000042  EM
             82 -0.62713417D+04    0.0252035    0.0000040  EM
             83 -0.62713179D+04    0.0238428    0.0000038  EM
             84 -0.62712953D+04    0.0225295    0.0000036  EM
             85 -0.62712741D+04    0.0212642    0.0000034  EM
             86 -0.62712540D+04    0.0200473    0.0000032  EM
             87 -0.62712351D+04    0.0188788    0.0000030  EM
             88 -0.62712174D+04    0.0177588    0.0000028  EM
             89 -0.62712007D+04    0.0166870    0.0000027  EM
             90 -0.62711850D+04    0.0156630    0.0000025  EM
             91 -0.62711703D+04    0.0146861    0.0000023  EM
             92 -0.62711566D+04    0.0137557    0.0000022  EM
             93 -0.62711437D+04    0.0128710    0.0000021  EM
             94 -0.62711317D+04    0.0120309    0.0000019  EM
             95 -0.62711205D+04    0.0112344    0.0000018  EM
             96 -0.62711100D+04    0.0104805    0.0000017  EM
             97 -0.62711002D+04    0.0097677    0.0000016  EM
             98 -0.62710911D+04    0.0090950    0.0000015  EM
             99 -0.62710826D+04    0.0084608    0.0000013  EM
            100 -0.62710748D+04    0.0078639    0.0000013  EM
            101 -0.62710675D+04    0.0073028    0.0000012  EM
            102 -0.62710607D+04    0.0067761    0.0000011  EM
            103 -0.62710544D+04    0.0062823    0.0000010  EM
            104 -0.62710486D+04    0.0058199    0.0000009  EM
            105 -0.62710432D+04    0.0053875    0.0000009  EM
            106 -0.62710382D+04    0.0049836    0.0000008  EM
            107 -0.62710336D+04    0.0046067    0.0000007  EM
            108 -0.62710294D+04    0.0042556    0.0000007  EM
            109 -0.62710254D+04    0.0039286    0.0000006  EM
            110 -0.62710218D+04    0.0036246    0.0000006  EM
            111 -0.62710185D+04    0.0033422    0.0000005  EM
            112 -0.62710154D+04    0.0030801    0.0000005  EM
            113 -0.62710126D+04    0.0028370    0.0000005  EM
            114 -0.62710125D+04    0.0000095    0.0000000  QN
            115 -0.62710099D+04    0.0026117    0.0000004  EM
            116 -0.62710075D+04    0.0024033    0.0000004  EM
            117 -0.62710053D+04    0.0022106    0.0000004  EM
            118 -0.62710033D+04    0.0020325    0.0000003  EM
            119 -0.62710014D+04    0.0018680    0.0000003  EM
            120 -0.62709997D+04    0.0017163    0.0000003  EM
            121 -0.62709981D+04    0.0015763    0.0000003  EM
            122 -0.62709967D+04    0.0014473    0.0000002  EM
            123 -0.62709954D+04    0.0013285    0.0000002  EM
            124 -0.62709941D+04    0.0012192    0.0000002  EM
            125 -0.62709930D+04    0.0011185    0.0000002  EM
            126 -0.62709920D+04    0.0010260    0.0000002  EM
            127 -0.62709910D+04    0.0009410    0.0000002  EM


  TECHNICAL 8 OUTPUT FOR STARTING VALUE SET 5




   E STEP  ITER  LOGLIKELIHOOD    ABS CHANGE   REL CHANGE  ALGORITHM
              1 -0.77422299D+05    0.0000000    0.0000000  EM
              2 -0.68494431D+04 ************    0.9115314  EM
              3 -0.67337141D+04  115.7289651    0.0168961  EM
              4 -0.66826384D+04   51.0757290    0.0075851  EM
              5 -0.66271740D+04   55.4644071    0.0082998  EM
              6 -0.65741651D+04   53.0089549    0.0079987  EM
              7 -0.65246291D+04   49.5359785    0.0075349  EM
              8 -0.64793692D+04   45.2599052    0.0069368  EM
              9 -0.64394665D+04   39.9026422    0.0061584  EM
             10 -0.64044828D+04   34.9837443    0.0054327  EM
             11 -0.63767818D+04   27.7009546    0.0043252  EM
             12 -0.63550120D+04   21.7698673    0.0034139  EM
             13 -0.63373618D+04   17.6501359    0.0027774  EM
             14 -0.63233694D+04   13.9923956    0.0022079  EM
             15 -0.63125426D+04   10.8268544    0.0017122  EM
             16 -0.63035073D+04    9.0352598    0.0014313  EM
             17 -0.62945521D+04    8.9552404    0.0014207  EM
             18 -0.62853090D+04    9.2430423    0.0014684  EM
             19 -0.62780717D+04    7.2373330    0.0011515  EM
             20 -0.62736656D+04    4.4061299    0.0007018  EM
             21 -0.62708859D+04    2.7797098    0.0004431  EM
             22 -0.62689568D+04    1.9290701    0.0003076  EM
             23 -0.62675912D+04    1.3656041    0.0002178  EM
             24 -0.62666437D+04    0.9474626    0.0001512  EM
             25 -0.62659885D+04    0.6551821    0.0001046  EM
             26 -0.62655226D+04    0.4659484    0.0000744  EM
             27 -0.62651757D+04    0.3469244    0.0000554  EM
             28 -0.62649057D+04    0.2699556    0.0000431  EM
             29 -0.62646882D+04    0.2174661    0.0000347  EM
             30 -0.62645083D+04    0.1799553    0.0000287  EM
             31 -0.62643560D+04    0.1522640    0.0000243  EM
             32 -0.62642247D+04    0.1313571    0.0000210  EM
             33 -0.62641094D+04    0.1152947    0.0000184  EM
             34 -0.62640066D+04    0.1027635    0.0000164  EM
             35 -0.62639138D+04    0.0928433    0.0000148  EM
             36 -0.62638289D+04    0.0848755    0.0000135  EM
             37 -0.62637505D+04    0.0783823    0.0000125  EM
             38 -0.62636775D+04    0.0730140    0.0000117  EM
             39 -0.62636090D+04    0.0685125    0.0000109  EM
             40 -0.62635443D+04    0.0646865    0.0000103  EM
             41 -0.62634829D+04    0.0613932    0.0000098  EM
             42 -0.62634244D+04    0.0585252    0.0000093  EM
             43 -0.62633684D+04    0.0560019    0.0000089  EM
             44 -0.62633146D+04    0.0537616    0.0000086  EM
             45 -0.62632629D+04    0.0517573    0.0000083  EM
             46 -0.62632129D+04    0.0499521    0.0000080  EM
             47 -0.62631646D+04    0.0483179    0.0000077  EM
             48 -0.62631178D+04    0.0468320    0.0000075  EM
             49 -0.62630723D+04    0.0454760    0.0000073  EM
             50 -0.62630280D+04    0.0442350    0.0000071  EM
             51 -0.62629849D+04    0.0430969    0.0000069  EM
             52 -0.62629429D+04    0.0420512    0.0000067  EM
             53 -0.62629018D+04    0.0410891    0.0000066  EM
             54 -0.62628616D+04    0.0402031    0.0000064  EM
             55 -0.62628222D+04    0.0393862    0.0000063  EM
             56 -0.62627836D+04    0.0386327    0.0000062  EM
             57 -0.62627456D+04    0.0379371    0.0000061  EM
             58 -0.62627084D+04    0.0372945    0.0000060  EM
             59 -0.62626717D+04    0.0367005    0.0000059  EM
             60 -0.62626355D+04    0.0361510    0.0000058  EM
             61 -0.62625999D+04    0.0356420    0.0000057  EM
             62 -0.62625647D+04    0.0351700    0.0000056  EM
             63 -0.62625300D+04    0.0347315    0.0000055  EM
             64 -0.62624956D+04    0.0343232    0.0000055  EM
             65 -0.62624617D+04    0.0339421    0.0000054  EM
             66 -0.62624281D+04    0.0335851    0.0000054  EM
             67 -0.62623949D+04    0.0332495    0.0000053  EM
             68 -0.62623619D+04    0.0329325    0.0000053  EM
             69 -0.62623293D+04    0.0326315    0.0000052  EM
             70 -0.62623031D+04    0.0261798    0.0000042  QN
             71 -0.62622678D+04    0.0353022    0.0000056  EM
             72 -0.62622354D+04    0.0323673    0.0000052  EM
             73 -0.62622036D+04    0.0318059    0.0000051  EM
             74 -0.62621722D+04    0.0314345    0.0000050  EM
             75 -0.62621411D+04    0.0311372    0.0000050  EM
             76 -0.62621102D+04    0.0308729    0.0000049  EM
             77 -0.62620796D+04    0.0306244    0.0000049  EM
             78 -0.62620492D+04    0.0303835    0.0000049  EM
             79 -0.62620190D+04    0.0301456    0.0000048  EM
             80 -0.62619891D+04    0.0299080    0.0000048  EM
             81 -0.62619595D+04    0.0296689    0.0000047  EM
             82 -0.62619300D+04    0.0294272    0.0000047  EM
             83 -0.62619009D+04    0.0291820    0.0000047  EM
             84 -0.62618719D+04    0.0289326    0.0000046  EM
             85 -0.62618432D+04    0.0286790    0.0000046  EM
             86 -0.62618148D+04    0.0284210    0.0000045  EM
             87 -0.62617867D+04    0.0281585    0.0000045  EM
             88 -0.62617588D+04    0.0278919    0.0000045  EM
             89 -0.62617312D+04    0.0276212    0.0000044  EM
             90 -0.62617038D+04    0.0273468    0.0000044  EM
             91 -0.62616767D+04    0.0270691    0.0000043  EM
             92 -0.62616499D+04    0.0267883    0.0000043  EM
             93 -0.62616234D+04    0.0265049    0.0000042  EM
             94 -0.62615972D+04    0.0262193    0.0000042  EM
             95 -0.62615713D+04    0.0259318    0.0000041  EM
             96 -0.62615456D+04    0.0256428    0.0000041  EM
             97 -0.62615203D+04    0.0253527    0.0000040  EM
             98 -0.62614952D+04    0.0250617    0.0000040  EM
             99 -0.62614705D+04    0.0247701    0.0000040  EM
            100 -0.62614460D+04    0.0244783    0.0000039  EM
            101 -0.62614218D+04    0.0241864    0.0000039  EM
            102 -0.62613979D+04    0.0238965    0.0000038  EM
            103 -0.62613743D+04    0.0236033    0.0000038  EM
            104 -0.62613510D+04    0.0233124    0.0000037  EM
            105 -0.62613280D+04    0.0230222    0.0000037  EM
            106 -0.62613052D+04    0.0227327    0.0000036  EM
            107 -0.62612828D+04    0.0224440    0.0000036  EM
            108 -0.62612606D+04    0.0221563    0.0000035  EM
            109 -0.62612388D+04    0.0218695    0.0000035  EM
            110 -0.62612172D+04    0.0215838    0.0000034  EM
            111 -0.62610168D+04    0.2003951    0.0000320  QN
            112 -0.62608958D+04    0.1209922    0.0000193  EM
            113 -0.62608605D+04    0.0353388    0.0000056  EM
            114 -0.62608350D+04    0.0254529    0.0000041  EM
            115 -0.62608141D+04    0.0208888    0.0000033  EM
            116 -0.62607957D+04    0.0184143    0.0000029  EM
            117 -0.62607787D+04    0.0169640    0.0000027  EM
            118 -0.62607627D+04    0.0160490    0.0000026  EM
            119 -0.62607473D+04    0.0154228    0.0000025  EM
            120 -0.62607323D+04    0.0149560    0.0000024  EM
            121 -0.62607177D+04    0.0145793    0.0000023  EM
            122 -0.62607035D+04    0.0142551    0.0000023  EM
            123 -0.62606895D+04    0.0139628    0.0000022  EM
            124 -0.62606758D+04    0.0136907    0.0000022  EM
            125 -0.62606646D+04    0.0112316    0.0000018  QN
            126 -0.62606506D+04    0.0139609    0.0000022  EM
            127 -0.62606374D+04    0.0132315    0.0000021  EM
            128 -0.62606245D+04    0.0129332    0.0000021  EM
            129 -0.62606118D+04    0.0126688    0.0000020  EM
            130 -0.62605994D+04    0.0124222    0.0000020  EM
            131 -0.62605872D+04    0.0121872    0.0000019  EM
            132 -0.62605752D+04    0.0119603    0.0000019  EM
            133 -0.62605635D+04    0.0117398    0.0000019  EM
            134 -0.62605520D+04    0.0115244    0.0000018  EM
            135 -0.62605406D+04    0.0113135    0.0000018  EM
            136 -0.62605295D+04    0.0111068    0.0000018  EM
            137 -0.62605186D+04    0.0109038    0.0000017  EM
            138 -0.62605079D+04    0.0107045    0.0000017  EM
            139 -0.62604974D+04    0.0105086    0.0000017  EM
            140 -0.62604871D+04    0.0103160    0.0000016  EM
            141 -0.62604770D+04    0.0101266    0.0000016  EM
            142 -0.62604670D+04    0.0099404    0.0000016  EM
            143 -0.62604573D+04    0.0097572    0.0000016  EM
            144 -0.62604477D+04    0.0095770    0.0000015  EM
            145 -0.62604383D+04    0.0093997    0.0000015  EM
            146 -0.62604291D+04    0.0092252    0.0000015  EM
            147 -0.62604200D+04    0.0090536    0.0000014  EM
            148 -0.62604111D+04    0.0088847    0.0000014  EM
            149 -0.62604024D+04    0.0087185    0.0000014  EM
            150 -0.62603939D+04    0.0085551    0.0000014  EM
            151 -0.62603855D+04    0.0083942    0.0000013  EM
            152 -0.62603772D+04    0.0082372    0.0000013  EM
            153 -0.62603692D+04    0.0080804    0.0000013  EM
            154 -0.62603612D+04    0.0079274    0.0000013  EM
            155 -0.62603535D+04    0.0077769    0.0000012  EM
            156 -0.62603458D+04    0.0076291    0.0000012  EM
            157 -0.62603383D+04    0.0074838    0.0000012  EM
            158 -0.62603310D+04    0.0073411    0.0000012  EM
            159 -0.62603238D+04    0.0072010    0.0000012  EM
            160 -0.62603167D+04    0.0070634    0.0000011  EM
            161 -0.62603098D+04    0.0069286    0.0000011  EM
            162 -0.62603030D+04    0.0067963    0.0000011  EM
            163 -0.62602963D+04    0.0066668    0.0000011  EM
            164 -0.62602898D+04    0.0065399    0.0000010  EM
            165 -0.62602834D+04    0.0064158    0.0000010  EM
            166 -0.62602771D+04    0.0062946    0.0000010  EM
            167 -0.62602709D+04    0.0061762    0.0000010  EM
            168 -0.62602649D+04    0.0060607    0.0000010  EM
            169 -0.62602589D+04    0.0059483    0.0000010  EM
            170 -0.62602531D+04    0.0058389    0.0000009  EM
            171 -0.62602473D+04    0.0057326    0.0000009  EM
            172 -0.62602417D+04    0.0056296    0.0000009  EM
            173 -0.62602362D+04    0.0055300    0.0000009  EM
            174 -0.62602307D+04    0.0054338    0.0000009  EM
            175 -0.62602254D+04    0.0053411    0.0000009  EM
            176 -0.62602201D+04    0.0052521    0.0000008  EM
            177 -0.62602150D+04    0.0051669    0.0000008  EM
            178 -0.62602099D+04    0.0050856    0.0000008  EM
            179 -0.62602049D+04    0.0050083    0.0000008  EM
            180 -0.62602000D+04    0.0049353    0.0000008  EM
            181 -0.62601951D+04    0.0048667    0.0000008  EM
            182 -0.62601903D+04    0.0048032    0.0000008  EM
            183 -0.62601855D+04    0.0047434    0.0000008  EM
            184 -0.62601808D+04    0.0046890    0.0000007  EM
            185 -0.62601762D+04    0.0046398    0.0000007  EM
            186 -0.62601716D+04    0.0045965    0.0000007  EM
            187 -0.62601671D+04    0.0045578    0.0000007  EM
            188 -0.62601625D+04    0.0045259    0.0000007  EM
            189 -0.62601580D+04    0.0044994    0.0000007  EM
            190 -0.62601535D+04    0.0044801    0.0000007  EM
            191 -0.62601491D+04    0.0044668    0.0000007  EM
            192 -0.62601446D+04    0.0044614    0.0000007  EM
            193 -0.62601402D+04    0.0044627    0.0000007  EM
            194 -0.62601357D+04    0.0044726    0.0000007  EM
            195 -0.62601312D+04    0.0044901    0.0000007  EM
            196 -0.62601267D+04    0.0045170    0.0000007  EM
            197 -0.62601221D+04    0.0045527    0.0000007  EM
            198 -0.62601175D+04    0.0045981    0.0000007  EM
            199 -0.62601129D+04    0.0046537    0.0000007  EM
            200 -0.62601082D+04    0.0047202    0.0000008  EM
            201 -0.62601034D+04    0.0047981    0.0000008  EM
            202 -0.62600985D+04    0.0048881    0.0000008  EM
            203 -0.62600935D+04    0.0049908    0.0000008  EM
            204 -0.62600884D+04    0.0051072    0.0000008  EM
            205 -0.62600831D+04    0.0052380    0.0000008  EM
            206 -0.62600777D+04    0.0053840    0.0000009  EM
            207 -0.62600722D+04    0.0055462    0.0000009  EM
            208 -0.62600665D+04    0.0057257    0.0000009  EM
            209 -0.62600606D+04    0.0059234    0.0000009  EM
            210 -0.62600544D+04    0.0061406    0.0000010  EM
            211 -0.62600480D+04    0.0063784    0.0000010  EM
            212 -0.62600414D+04    0.0066384    0.0000011  EM
            213 -0.62600345D+04    0.0069217    0.0000011  EM
            214 -0.62600272D+04    0.0072302    0.0000012  EM
            215 -0.62600197D+04    0.0075653    0.0000012  EM
            216 -0.62600117D+04    0.0079289    0.0000013  EM
            217 -0.62600034D+04    0.0083230    0.0000013  EM
            218 -0.62599947D+04    0.0087496    0.0000014  EM
            219 -0.62599855D+04    0.0092112    0.0000015  EM
            220 -0.62599758D+04    0.0097101    0.0000016  EM
            221 -0.62599655D+04    0.0102492    0.0000016  EM
            222 -0.62599547D+04    0.0108314    0.0000017  EM
            223 -0.62599432D+04    0.0114600    0.0000018  EM
            224 -0.62599311D+04    0.0121386    0.0000019  EM
            225 -0.62599182D+04    0.0128713    0.0000021  EM
            226 -0.62599045D+04    0.0136626    0.0000022  EM
            227 -0.62598900D+04    0.0145175    0.0000023  EM
            228 -0.62598746D+04    0.0154415    0.0000025  EM
            229 -0.62598581D+04    0.0164410    0.0000026  EM
            230 -0.62598406D+04    0.0175232    0.0000028  EM
            231 -0.62598219D+04    0.0186962    0.0000030  EM
            232 -0.62598020D+04    0.0199694    0.0000032  EM
            233 -0.62597806D+04    0.0213534    0.0000034  EM
            234 -0.62597577D+04    0.0228607    0.0000037  EM
            235 -0.62597332D+04    0.0245054    0.0000039  EM
            236 -0.62597069D+04    0.0263042    0.0000042  EM
            237 -0.62596787D+04    0.0282762    0.0000045  EM
            238 -0.62596482D+04    0.0304438    0.0000049  EM
            239 -0.62596154D+04    0.0328329    0.0000052  EM
            240 -0.62595799D+04    0.0354736    0.0000057  EM
            241 -0.62595415D+04    0.0384009    0.0000061  EM
            242 -0.62594998D+04    0.0416545    0.0000067  EM
            243 -0.62594546D+04    0.0452796    0.0000072  EM
            244 -0.62594052D+04    0.0493266    0.0000079  EM
            245 -0.62593514D+04    0.0538498    0.0000086  EM
            246 -0.62592925D+04    0.0589053    0.0000094  EM
            247 -0.62592279D+04    0.0645469    0.0000103  EM
            248 -0.62591571D+04    0.0708180    0.0000113  EM
            249 -0.62590794D+04    0.0777420    0.0000124  EM
            250 -0.62589941D+04    0.0853036    0.0000136  EM
            251 -0.62589006D+04    0.0934279    0.0000149  EM
            252 -0.62587987D+04    0.1019549    0.0000163  EM
            253 -0.62586881D+04    0.1106146    0.0000177  EM
            254 -0.62585691D+04    0.1190139    0.0000190  EM
            255 -0.62584424D+04    0.1266474    0.0000202  EM
            256 -0.62583095D+04    0.1329454    0.0000212  EM
            257 -0.62581721D+04    0.1373604    0.0000219  EM
            258 -0.62580326D+04    0.1394756    0.0000223  EM
            259 -0.62578935D+04    0.1391008    0.0000222  EM
            260 -0.62577572D+04    0.1363154    0.0000218  EM
            261 -0.62576258D+04    0.1314422    0.0000210  EM
            262 -0.62575008D+04    0.1249649    0.0000200  EM
            263 -0.62573834D+04    0.1174234    0.0000188  EM
            264 -0.62572741D+04    0.1093250    0.0000175  EM
            265 -0.62571730D+04    0.1010884    0.0000162  EM
            266 -0.62570800D+04    0.0930233    0.0000149  EM
            267 -0.62569946D+04    0.0853355    0.0000136  EM
            268 -0.62569165D+04    0.0781440    0.0000125  EM
            269 -0.62568450D+04    0.0715041    0.0000114  EM
            270 -0.62567795D+04    0.0654264    0.0000105  EM
            271 -0.62567196D+04    0.0598941    0.0000096  EM
            272 -0.62566648D+04    0.0548740    0.0000088  EM
            273 -0.62566144D+04    0.0503255    0.0000080  EM
            274 -0.62565682D+04    0.0462055    0.0000074  EM
            275 -0.62565258D+04    0.0424715    0.0000068  EM
            276 -0.62561022D+04    0.4236008    0.0000677  QN
            277 -0.62560577D+04    0.0444997    0.0000071  EM
            278 -0.62560461D+04    0.0115431    0.0000018  EM
            279 -0.62560376D+04    0.0085683    0.0000014  EM
            280 -0.62560306D+04    0.0069175    0.0000011  EM
            281 -0.62560248D+04    0.0057967    0.0000009  EM
            282 -0.62560199D+04    0.0049706    0.0000008  EM
            283 -0.62560155D+04    0.0043339    0.0000007  EM
            284 -0.62560117D+04    0.0038290    0.0000006  EM
            285 -0.62560083D+04    0.0034195    0.0000005  EM
            286 -0.62560052D+04    0.0030810    0.0000005  EM
            287 -0.62560024D+04    0.0027969    0.0000004  EM
            288 -0.62559999D+04    0.0025552    0.0000004  EM
            289 -0.62559975D+04    0.0023470    0.0000004  EM
            290 -0.62559953D+04    0.0021658    0.0000003  EM
            291 -0.62559933D+04    0.0020067    0.0000003  EM
            292 -0.62559915D+04    0.0018659    0.0000003  EM
            293 -0.62559897D+04    0.0017404    0.0000003  EM
            294 -0.62559757D+04    0.0140645    0.0000022  FS
            295 -0.62559662D+04    0.0094937    0.0000015  EM
            296 -0.62559628D+04    0.0033350    0.0000005  EM
            297 -0.62559610D+04    0.0018020    0.0000003  EM
            298 -0.62559599D+04    0.0011253    0.0000002  EM
            299 -0.62559592D+04    0.0007546    0.0000001  EM


  TECHNICAL 8 OUTPUT FOR STARTING VALUE SET 14




   E STEP  ITER  LOGLIKELIHOOD    ABS CHANGE   REL CHANGE  ALGORITHM
              1 -0.67884542D+05    0.0000000    0.0000000  EM
              2 -0.73124533D+04 ************    0.8922810  EM
              3 -0.70708025D+04  241.6508447    0.0330465  EM
              4 -0.68701510D+04  200.6515237    0.0283775  EM
              5 -0.67434981D+04  126.6528654    0.0184352  EM
              6 -0.66673142D+04   76.1838895    0.0112974  EM
              7 -0.65969921D+04   70.3220928    0.0105473  EM
              8 -0.65389218D+04   58.0703595    0.0088026  EM
              9 -0.64963025D+04   42.6192206    0.0065178  EM
             10 -0.64616885D+04   34.6140873    0.0053283  EM
             11 -0.64318346D+04   29.8538693    0.0046201  EM
             12 -0.64070977D+04   24.7368694    0.0038460  EM
             13 -0.63866096D+04   20.4880732    0.0031977  EM
             14 -0.63679948D+04   18.6148166    0.0029147  EM
             15 -0.63536475D+04   14.3473419    0.0022530  EM
             16 -0.63440655D+04    9.5819622    0.0015081  EM
             17 -0.63371596D+04    6.9059374    0.0010886  EM
             18 -0.63318375D+04    5.3220724    0.0008398  EM
             19 -0.63276340D+04    4.2034759    0.0006639  EM
             20 -0.63242763D+04    3.3577384    0.0005306  EM
             21 -0.63215689D+04    2.7073580    0.0004281  EM
             22 -0.63193625D+04    2.2064085    0.0003490  EM
             23 -0.63175382D+04    1.8243229    0.0002887  EM
             24 -0.63160016D+04    1.5366403    0.0002432  EM
             25 -0.63146791D+04    1.3224566    0.0002094  EM
             26 -0.63135138D+04    1.1653226    0.0001845  EM
             27 -0.63124589D+04    1.0548633    0.0001671  EM
             28 -0.63114710D+04    0.9879619    0.0001565  EM
             29 -0.63105014D+04    0.9695567    0.0001536  EM
             30 -0.63094877D+04    1.0136865    0.0001606  EM
             31 -0.63083409D+04    1.1468402    0.0001818  EM
             32 -0.63069265D+04    1.4143474    0.0002242  EM
             33 -0.63050366D+04    1.8899144    0.0002997  EM
             34 -0.63023429D+04    2.6936873    0.0004272  EM
             35 -0.62982956D+04    4.0472910    0.0006422  EM
             36 -0.62919841D+04    6.3115502    0.0010021  EM
             37 -0.62830346D+04    8.9494525    0.0014224  EM
             38 -0.62747589D+04    8.2756927    0.0013171  EM
             39 -0.62701130D+04    4.6459757    0.0007404  EM
             40 -0.62676059D+04    2.5070666    0.0003998  EM
             41 -0.62661018D+04    1.5040616    0.0002400  EM
             42 -0.62652263D+04    0.8755444    0.0001397  EM
             43 -0.62647232D+04    0.5030558    0.0000803  EM
             44 -0.62644038D+04    0.3194050    0.0000510  EM
             45 -0.62641727D+04    0.2311532    0.0000369  EM
             46 -0.62639897D+04    0.1829586    0.0000292  EM
             47 -0.62638378D+04    0.1519407    0.0000243  EM
             48 -0.62637081D+04    0.1297075    0.0000207  EM
             49 -0.62635951D+04    0.1129880    0.0000180  EM
             50 -0.62634949D+04    0.1002077    0.0000160  EM
             51 -0.62634045D+04    0.0904059    0.0000144  EM
             52 -0.62633216D+04    0.0829017    0.0000132  EM
             53 -0.62632444D+04    0.0771762    0.0000123  EM
             54 -0.62631716D+04    0.0728209    0.0000116  EM
             55 -0.62631021D+04    0.0695115    0.0000111  EM
             56 -0.62630351D+04    0.0669894    0.0000107  EM
             57 -0.62629700D+04    0.0650483    0.0000104  EM
             58 -0.62629065D+04    0.0635246    0.0000101  EM
             59 -0.62628442D+04    0.0622889    0.0000099  EM
             60 -0.62627830D+04    0.0612406    0.0000098  EM
             61 -0.62627227D+04    0.0603019    0.0000096  EM
             62 -0.62626633D+04    0.0594143    0.0000095  EM
             63 -0.62626047D+04    0.0585350    0.0000093  EM
             64 -0.62625471D+04    0.0576339    0.0000092  EM
             65 -0.62624904D+04    0.0566914    0.0000091  EM
             66 -0.62624347D+04    0.0556957    0.0000089  EM
             67 -0.62623801D+04    0.0546414    0.0000087  EM
             68 -0.62623265D+04    0.0535277    0.0000085  EM
             69 -0.62622742D+04    0.0523571    0.0000084  EM
             70 -0.62622230D+04    0.0511343    0.0000082  EM
             71 -0.62621732D+04    0.0498655    0.0000080  EM
             72 -0.62621008D+04    0.0723834    0.0000116  QN
             73 -0.62620332D+04    0.0676321    0.0000108  EM
             74 -0.62619818D+04    0.0513309    0.0000082  EM
             75 -0.62619356D+04    0.0462689    0.0000074  EM
             76 -0.62618923D+04    0.0432546    0.0000069  EM
             77 -0.62618512D+04    0.0411081    0.0000066  EM
             78 -0.62618118D+04    0.0393573    0.0000063  EM
             79 -0.62617740D+04    0.0377980    0.0000060  EM
             80 -0.62617377D+04    0.0363399    0.0000058  EM
             81 -0.62617028D+04    0.0349441    0.0000056  EM
             82 -0.62616692D+04    0.0335949    0.0000054  EM
             83 -0.62616369D+04    0.0322870    0.0000052  EM
             84 -0.62616059D+04    0.0310198    0.0000050  EM
             85 -0.62615761D+04    0.0297944    0.0000048  EM
             86 -0.62615474D+04    0.0286124    0.0000046  EM
             87 -0.62615200D+04    0.0274752    0.0000044  EM
             88 -0.62614936D+04    0.0263838    0.0000042  EM
             89 -0.62614682D+04    0.0253386    0.0000040  EM
             90 -0.62614439D+04    0.0243398    0.0000039  EM
             91 -0.62614205D+04    0.0233871    0.0000037  EM
             92 -0.62613980D+04    0.0224796    0.0000036  EM
             93 -0.62613764D+04    0.0216164    0.0000035  EM
             94 -0.62613556D+04    0.0207964    0.0000033  EM
             95 -0.62613356D+04    0.0200183    0.0000032  EM
             96 -0.62613163D+04    0.0192807    0.0000031  EM
             97 -0.62612977D+04    0.0185822    0.0000030  EM
             98 -0.62612798D+04    0.0179214    0.0000029  EM
             99 -0.62612798D+04    0.0000147    0.0000000  QN
            100 -0.62612625D+04    0.0172971    0.0000028  EM
            101 -0.62612458D+04    0.0167078    0.0000027  EM
            102 -0.62612297D+04    0.0161522    0.0000026  EM
            103 -0.62612140D+04    0.0156292    0.0000025  EM
            104 -0.62611989D+04    0.0151377    0.0000024  EM
            105 -0.62611842D+04    0.0146768    0.0000023  EM
            106 -0.62611700D+04    0.0142457    0.0000023  EM
            107 -0.62611561D+04    0.0138436    0.0000022  EM
            108 -0.62611427D+04    0.0134698    0.0000022  EM
            109 -0.62611295D+04    0.0131240    0.0000021  EM
            110 -0.62611167D+04    0.0128055    0.0000020  EM
            111 -0.62611042D+04    0.0125142    0.0000020  EM
            112 -0.62610920D+04    0.0122498    0.0000020  EM
            113 -0.62610799D+04    0.0120121    0.0000019  EM
            114 -0.62610681D+04    0.0118011    0.0000019  EM
            115 -0.62610565D+04    0.0116167    0.0000019  EM
            116 -0.62610451D+04    0.0114588    0.0000018  EM
            117 -0.62610337D+04    0.0113275    0.0000018  EM
            118 -0.62610225D+04    0.0112227    0.0000018  EM
            119 -0.62610114D+04    0.0111443    0.0000018  EM
            120 -0.62610003D+04    0.0110923    0.0000018  EM
            121 -0.62609892D+04    0.0110662    0.0000018  EM
            122 -0.62609781D+04    0.0110657    0.0000018  EM
            123 -0.62609671D+04    0.0110902    0.0000018  EM
            124 -0.62609559D+04    0.0111388    0.0000018  EM
            125 -0.62609447D+04    0.0112104    0.0000018  EM
            126 -0.62609334D+04    0.0113035    0.0000018  EM
            127 -0.62609220D+04    0.0114163    0.0000018  EM
            128 -0.62609104D+04    0.0115468    0.0000018  EM
            129 -0.62608988D+04    0.0116925    0.0000019  EM
            130 -0.62608869D+04    0.0118504    0.0000019  EM
            131 -0.62608749D+04    0.0120174    0.0000019  EM
            132 -0.62608627D+04    0.0121899    0.0000019  EM
            133 -0.62608503D+04    0.0123641    0.0000020  EM
            134 -0.62608378D+04    0.0125361    0.0000020  EM
            135 -0.62608251D+04    0.0127020    0.0000020  EM
            136 -0.62608122D+04    0.0128575    0.0000021  EM
            137 -0.62607992D+04    0.0129989    0.0000021  EM
            138 -0.62607861D+04    0.0131226    0.0000021  EM
            139 -0.62607729D+04    0.0132253    0.0000021  EM
            140 -0.62607596D+04    0.0133044    0.0000021  EM
            141 -0.62607462D+04    0.0133576    0.0000021  EM
            142 -0.62607328D+04    0.0133834    0.0000021  EM
            143 -0.62607195D+04    0.0133810    0.0000021  EM
            144 -0.62607061D+04    0.0133502    0.0000021  EM
            145 -0.62606928D+04    0.0132916    0.0000021  EM
            146 -0.62606796D+04    0.0132062    0.0000021  EM
            147 -0.62606665D+04    0.0130957    0.0000021  EM
            148 -0.62606536D+04    0.0129621    0.0000021  EM
            149 -0.62606407D+04    0.0128078    0.0000020  EM
            150 -0.62606281D+04    0.0126354    0.0000020  EM
            151 -0.62606157D+04    0.0124477    0.0000020  EM
            152 -0.62606034D+04    0.0122475    0.0000020  EM
            153 -0.62605914D+04    0.0120372    0.0000019  EM
            154 -0.62605796D+04    0.0118196    0.0000019  EM
            155 -0.62605680D+04    0.0115969    0.0000019  EM
            156 -0.62605566D+04    0.0113712    0.0000018  EM
            157 -0.62605454D+04    0.0111444    0.0000018  EM
            158 -0.62605345D+04    0.0109179    0.0000017  EM
            159 -0.62605238D+04    0.0106932    0.0000017  EM
            160 -0.62605134D+04    0.0104713    0.0000017  EM
            161 -0.62605031D+04    0.0102531    0.0000016  EM
            162 -0.62604931D+04    0.0100390    0.0000016  EM
            163 -0.62604832D+04    0.0098296    0.0000016  EM
            164 -0.62604736D+04    0.0096260    0.0000015  EM
            165 -0.62604642D+04    0.0094257    0.0000015  EM
            166 -0.62604550D+04    0.0092314    0.0000015  EM
            167 -0.62604459D+04    0.0090422    0.0000014  EM
            168 -0.62604371D+04    0.0088578    0.0000014  EM
            169 -0.62604284D+04    0.0086783    0.0000014  EM
            170 -0.62604199D+04    0.0085033    0.0000014  EM
            171 -0.62604115D+04    0.0083326    0.0000013  EM
            172 -0.62604034D+04    0.0081661    0.0000013  EM
            173 -0.62603954D+04    0.0080034    0.0000013  EM
            174 -0.62603875D+04    0.0078443    0.0000013  EM
            175 -0.62603798D+04    0.0076886    0.0000012  EM
            176 -0.62603723D+04    0.0075362    0.0000012  EM
            177 -0.62603649D+04    0.0073867    0.0000012  EM
            178 -0.62603577D+04    0.0072400    0.0000012  EM
            179 -0.62603506D+04    0.0070959    0.0000011  EM
            180 -0.62603436D+04    0.0069543    0.0000011  EM
            181 -0.62603435D+04    0.0001073    0.0000000  QN
            182 -0.62603367D+04    0.0068170    0.0000011  EM
            183 -0.62603300D+04    0.0066763    0.0000011  EM
            184 -0.62603235D+04    0.0065418    0.0000010  EM
            185 -0.62603171D+04    0.0064081    0.0000010  EM
            186 -0.62603108D+04    0.0062769    0.0000010  EM
            187 -0.62603047D+04    0.0061476    0.0000010  EM
            188 -0.62602986D+04    0.0060200    0.0000010  EM
            189 -0.62602927D+04    0.0058942    0.0000009  EM
            190 -0.62602870D+04    0.0057700    0.0000009  EM
            191 -0.62602813D+04    0.0056480    0.0000009  EM
            192 -0.62602758D+04    0.0055263    0.0000009  EM
            193 -0.62602704D+04    0.0054069    0.0000009  EM
            194 -0.62602651D+04    0.0052889    0.0000008  EM
            195 -0.62602599D+04    0.0051725    0.0000008  EM
            196 -0.62602549D+04    0.0050576    0.0000008  EM
            197 -0.62602499D+04    0.0049447    0.0000008  EM
            198 -0.62602451D+04    0.0048323    0.0000008  EM
            199 -0.62602404D+04    0.0047223    0.0000008  EM
            200 -0.62602358D+04    0.0046129    0.0000007  EM
            201 -0.62602313D+04    0.0045059    0.0000007  EM
            202 -0.62602269D+04    0.0043994    0.0000007  EM
            203 -0.62602226D+04    0.0042954    0.0000007  EM
            204 -0.62602184D+04    0.0041920    0.0000007  EM
            205 -0.62602143D+04    0.0040909    0.0000007  EM
            206 -0.62602103D+04    0.0039906    0.0000006  EM
            207 -0.62602064D+04    0.0038925    0.0000006  EM
            208 -0.62602026D+04    0.0037952    0.0000006  EM
            209 -0.62601989D+04    0.0037002    0.0000006  EM
            210 -0.62601953D+04    0.0036060    0.0000006  EM
            211 -0.62601918D+04    0.0035141    0.0000006  EM
            212 -0.62601884D+04    0.0034230    0.0000005  EM
            213 -0.62601850D+04    0.0033342    0.0000005  EM
            214 -0.62601818D+04    0.0032462    0.0000005  EM
            215 -0.62601786D+04    0.0031605    0.0000005  EM
            216 -0.62601755D+04    0.0030757    0.0000005  EM
            217 -0.62601725D+04    0.0029931    0.0000005  EM
            218 -0.62601696D+04    0.0029114    0.0000005  EM
            219 -0.62601668D+04    0.0028319    0.0000005  EM
            220 -0.62601640D+04    0.0027534    0.0000004  EM
            221 -0.62601614D+04    0.0026770    0.0000004  EM
            222 -0.62601588D+04    0.0026018    0.0000004  EM
            223 -0.62601562D+04    0.0025283    0.0000004  EM
            224 -0.62601538D+04    0.0024562    0.0000004  EM
            225 -0.62601514D+04    0.0023857    0.0000004  EM
            226 -0.62601491D+04    0.0023167    0.0000004  EM
            227 -0.62601468D+04    0.0022492    0.0000004  EM
            228 -0.62601446D+04    0.0021833    0.0000003  EM
            229 -0.62601425D+04    0.0021188    0.0000003  EM
            230 -0.62601405D+04    0.0020558    0.0000003  EM
            231 -0.62601385D+04    0.0019943    0.0000003  EM
            232 -0.62601365D+04    0.0019342    0.0000003  EM
            233 -0.62601347D+04    0.0018756    0.0000003  EM
            234 -0.62601329D+04    0.0018184    0.0000003  EM
            235 -0.62601311D+04    0.0017626    0.0000003  EM
            236 -0.62601294D+04    0.0017082    0.0000003  EM
            237 -0.62601277D+04    0.0016552    0.0000003  EM
            238 -0.62601261D+04    0.0016035    0.0000003  EM
            239 -0.62601246D+04    0.0015531    0.0000002  EM
            240 -0.62601231D+04    0.0015041    0.0000002  EM
            241 -0.62601216D+04    0.0014564    0.0000002  EM
            242 -0.62601202D+04    0.0014099    0.0000002  EM
            243 -0.62601188D+04    0.0013647    0.0000002  EM
            244 -0.62601175D+04    0.0013208    0.0000002  EM
            245 -0.62601162D+04    0.0012780    0.0000002  EM
            246 -0.62601150D+04    0.0012365    0.0000002  EM
            247 -0.62601138D+04    0.0011961    0.0000002  EM
            248 -0.62601126D+04    0.0011568    0.0000002  EM
            249 -0.62601115D+04    0.0011187    0.0000002  EM
            250 -0.62601104D+04    0.0010817    0.0000002  EM
            251 -0.62601094D+04    0.0010458    0.0000002  EM
            252 -0.62601084D+04    0.0010110    0.0000002  EM
            253 -0.62601074D+04    0.0009772    0.0000002  EM


     Beginning Time:  16:46:45
        Ending Time:  16:46:55
       Elapsed Time:  00:00:10



MUTHEN & MUTHEN
3463 Stoner Ave.
Los Angeles, CA  90066

Tel: (310) 391-9971
Fax: (310) 391-8971
Web: www.StatModel.com
Support: Support@StatModel.com

Copyright (c) 1998-2019 Muthen & Muthen
