Mplus VERSION 8.4 (Mac)
MUTHEN & MUTHEN
04/26/2023   8:21 AM

INPUT INSTRUCTIONS

  TITLE:
  Multilevel LPA - covariates
  DATA:
  FILE = "mlpa/mlpa_4b.dat";

  VARIABLE:
  NAMES = LCOALT LCONSUL LDEPR LEXCH LINAP LINTEG LLEGTAC LPEAPP LPRESS LRAPER MBULLY
       MCYN MEXH MLCOMM MLDEFF MLGSB MLSSB MLYING MMICRO MSCC MSELFE MSTRESS MWELLB
       TEAMID MRESPNUM ProgrM DuratM MGENDER MAGE MEDU MTENUR_O MTENUR_T MTENUR_F
       MCONTACT MCOVID_B MCOVID_S LRespNr ProgrL DuratL LGENDER LAGE LEDU TENURE_O
       TENURE_T TENURE_F TEAMSIZE LOCATION LCOVID_B LCOVID_S id;
   MISSING=.;
   usevar = MLSSB MLGSB MMICRO MLCOMM LCOALT LCONSUL
            LDEPR LEXCH LINAP LINTEG LLEGTAC LPEAPP
            LPRESS LRAPER LGENDER LAGE
            MSTRESS MGENDER MAGE MTENUR_O;
  classes = BC(2) C(6);
  cluster = id;
  within = MLSSB MLGSB MMICRO MLCOMM MSTRESS MGENDER MAGE MTENUR_O;
  between = BC LCOALT LCONSUL
            LDEPR LEXCH LINAP LINTEG LLEGTAC LPEAPP
            LPRESS LRAPER LGENDER LAGE;
  ANALYSIS:
  estimator = mlr;
  type = mixture twolevel;
  MODEL:
  MODEL:
  %WITHIN%
  %OVERALL%
  C ON MSTRESS;
  %BETWEEN%
  %OVERALL%
  C ON BC LLEGTAC;
  BC ON LCONSUL LPEAPP;

  MODEL C:
  %WITHIN%
  %C#1%
  [MLSSB@3.791 MLGSB@2.600 MMICRO@5.011 MLCOMM@3.196];
  MLSSB@0.060 MLGSB@0.575 MMICRO@0.420 MLCOMM@0.343;
  %C#2%
  [MLSSB@2.023 MLGSB@3.063 MMICRO@1.972 MLCOMM@3.601];
  MLSSB@0.060 MLGSB@0.575 MMICRO@0.420 MLCOMM@0.343;
  %C#3%
  [MLSSB@2.846 MLGSB@2.664 MMICRO@3.151 MLCOMM@3.310];
  MLSSB@0.060 MLGSB@0.575 MMICRO@0.420 MLCOMM@0.343;
  %C#4%
  [MLSSB@1.453 MLGSB@3.045 MMICRO@4.022 MLCOMM@3.631];
  MLSSB@0.060 MLGSB@0.575 MMICRO@0.420 MLCOMM@0.343;
  %C#5%
  [MLSSB@1.178 MLGSB@2.718 MMICRO@1.407 MLCOMM@2.909];
  MLSSB@0.060 MLGSB@0.575 MMICRO@0.420 MLCOMM@0.343;
  %C#6%
  [MLSSB@1.154 MLGSB@3.537 MMICRO@1.402 MLCOMM@4.079];
  MLSSB@0.060 MLGSB@0.575 MMICRO@0.420 MLCOMM@0.343;
  OUTPUT:
  TECH8;



*** WARNING in MODEL command
  Variable is uncorrelated with all other variables within class: MLSSB
*** WARNING in MODEL command
  Variable is uncorrelated with all other variables within class: MLGSB
*** WARNING in MODEL command
  Variable is uncorrelated with all other variables within class: MMICRO
*** WARNING in MODEL command
  Variable is uncorrelated with all other variables within class: MLCOMM
*** WARNING in MODEL command
  Variable is uncorrelated with all other variables within class: LCOALT
*** WARNING in MODEL command
  Variable is uncorrelated with all other variables within class: LDEPR
*** WARNING in MODEL command
  Variable is uncorrelated with all other variables within class: LEXCH
*** WARNING in MODEL command
  Variable is uncorrelated with all other variables within class: LINAP
*** WARNING in MODEL command
  Variable is uncorrelated with all other variables within class: LINTEG
*** WARNING in MODEL command
  Variable is uncorrelated with all other variables within class: LPRESS
*** WARNING in MODEL command
  Variable is uncorrelated with all other variables within class: LRAPER
*** WARNING in MODEL command
  Variable is uncorrelated with all other variables within class: LGENDER
*** WARNING in MODEL command
  Variable is uncorrelated with all other variables within class: LAGE
*** WARNING in MODEL command
  Variable is uncorrelated with all other variables within class: MGENDER
*** WARNING in MODEL command
  Variable is uncorrelated with all other variables within class: MAGE
*** WARNING in MODEL command
  Variable is uncorrelated with all other variables within class: MTENUR_O
*** WARNING in MODEL command
  At least one variable is uncorrelated with all other variables within class.
  Check that this is what is intended.
*** WARNING
  One or more individual-level variables have no variation within a
  cluster for the following clusters.

     Variable   Cluster IDs with no within-cluster variation

      MLSSB       175 11 13 196 57 236 241 248 281 78 330 331 364 101 368 394 426 32 458 478 37
                  134 305 339 14 26 378 27 213 496 33 12
      MLGSB       11 282 368 460 126 8 14
      MMICRO      175 11 13 51 205 229 240 66 275 280 80 101 368 32 41 478 488 128 340 342 14
                  25 378 383 389 233 17 36
      MLCOMM      196 207 217 228 275 280 78 292 88 330 348 364 368 41 120 478 488 421 305 14
                  509 12
      MGENDER     158 9 168 177 11 51 52 187 189 205 206 208 209 215 57 219 61 228 229 236 62
                  240 63 248 66 67 254 69 73 274 275 75 280 281 282 78 285 286 288 80 292 85 301
                  302 307 88 314 328 330 331 348 357 358 364 101 368 369 374 376 379 381 104 388
                  390 394 396 415 420 426 108 440 441 30 32 448 450 452 118 458 460 119 120 126
                  474 127 478 489 492 146 501 147 504 512 515 421 256 259 37 269 271 131 134 135
                  141 287 144 71 293 72 296 297 149 303 304 305 157 43 159 161 162 163 167 332
                  173 334 337 340 345 346 347 349 352 353 23 355 362 15 184 373 26 91 380 383
                  385 386 387 93 389 197 391 200 408 414 95 417 255 422 424 425 27 427 428 97
                  435 438 442 29 444 445 56 102 449 213 103 454 105 218 220 463 465 466 468 58
                  233 476 477 480 481 483 485 494 495 498 246 64 65 121 123 516 433 384 145 174
                  260 192 412 139 370 419 198 130 70 122 171 164 170 507 226 399 401 404 92 473
                  436 392 393
      MAGE        248 280 329 364 426 487 303 352
      MTENUR_O    196 217 241 254 290 328 418 32 452 460 501 269 276 131 197 498 500
      MSTRESS     156 11 208 217 248 254 288 292 307 119 10 14 349 81 12

*** WARNING
  Data set contains cases with missing on x-variables.
  These cases were not included in the analysis.
  Number of cases with missing on x-variables:  160
  19 WARNING(S) FOUND IN THE INPUT INSTRUCTIONS




Multilevel LPA - covariates

SUMMARY OF ANALYSIS

Number of groups                                                 1
Number of observations                                        1400

Number of dependent variables                                   16
Number of independent variables                                  4
Number of continuous latent variables                            0
Number of categorical latent variables                           2

Observed dependent variables

  Continuous
   LCOALT      LDEPR       LEXCH       LINAP       LINTEG      LPRESS
   LRAPER      LGENDER     LAGE        MLSSB       MLGSB       MMICRO
   MLCOMM      MGENDER     MAGE        MTENUR_O

Observed independent variables
   LCONSUL     LLEGTAC     LPEAPP      MSTRESS

Categorical latent variables
   BC          C

Variables with special functions

  Cluster variable      ID

  Within variables
   MLSSB       MLGSB       MMICRO      MLCOMM      MSTRESS     MGENDER
   MAGE        MTENUR_O

  Between variables
   LCOALT      LCONSUL     LDEPR       LEXCH       LINAP       LINTEG
   LLEGTAC     LPEAPP      LPRESS      LRAPER      LGENDER     LAGE


Estimator                                                      MLR
Information matrix                                        OBSERVED
Optimization Specifications for the Quasi-Newton Algorithm for
Continuous Outcomes
  Maximum number of iterations                                 100
  Convergence criterion                                  0.100D-05
Optimization Specifications for the EM Algorithm
  Maximum number of iterations                                 500
  Convergence criteria
    Loglikelihood change                                 0.100D-02
    Relative loglikelihood change                        0.100D-05
    Derivative                                           0.100D-02
Optimization Specifications for the M step of the EM Algorithm for
Categorical Latent variables
  Number of M step iterations                                    1
  M step convergence criterion                           0.100D-02
  Basis for M step termination                           ITERATION
Optimization Specifications for the M step of the EM Algorithm for
Censored, Binary or Ordered Categorical (Ordinal), Unordered
Categorical (Nominal) and Count Outcomes
  Number of M step iterations                                    1
  M step convergence criterion                           0.100D-02
  Basis for M step termination                           ITERATION
  Maximum value for logit thresholds                            15
  Minimum value for logit thresholds                           -15
  Minimum expected cell size for chi-square              0.100D-01
Maximum number of iterations for H1                           2000
Convergence criterion for H1                             0.100D-03
Optimization algorithm                                         EMA
Integration Specifications
  Type                                                    STANDARD
  Number of integration points                                  15
  Dimensions of numerical integration                            0
  Adaptive quadrature                                           ON
Random Starts Specifications
  Number of initial stage random starts                         20
  Number of final stage optimizations                            4
  Number of initial stage iterations                            10
  Initial stage convergence criterion                    0.100D+01
  Random starts scale                                    0.500D+01
  Random seed for generating random starts                       0
Parameterization                                             LOGIT
Cholesky                                                       OFF

Input data file(s)
  mlpa/mlpa_4b.dat
Input data format  FREE


SUMMARY OF DATA

     Number of missing data patterns             1
     Number of y missing data patterns           1
     Number of u missing data patterns           0
     Number of clusters                        454



COVARIANCE COVERAGE OF DATA

Minimum covariance coverage value   0.100


     PROPORTION OF DATA PRESENT FOR Y


           Covariance Coverage
              LCOALT        LDEPR         LEXCH         LINAP         LINTEG
              ________      ________      ________      ________      ________
 LCOALT         1.000
 LDEPR          1.000         1.000
 LEXCH          1.000         1.000         1.000
 LINAP          1.000         1.000         1.000         1.000
 LINTEG         1.000         1.000         1.000         1.000         1.000
 LPRESS         1.000         1.000         1.000         1.000         1.000
 LRAPER         1.000         1.000         1.000         1.000         1.000
 LGENDER        1.000         1.000         1.000         1.000         1.000
 LAGE           1.000         1.000         1.000         1.000         1.000
 MLSSB          1.000         1.000         1.000         1.000         1.000
 MLGSB          1.000         1.000         1.000         1.000         1.000
 MMICRO         1.000         1.000         1.000         1.000         1.000
 MLCOMM         1.000         1.000         1.000         1.000         1.000
 MGENDER        1.000         1.000         1.000         1.000         1.000
 MAGE           1.000         1.000         1.000         1.000         1.000
 MTENUR_O       1.000         1.000         1.000         1.000         1.000
 MSTRESS        1.000         1.000         1.000         1.000         1.000
 LCONSUL        1.000         1.000         1.000         1.000         1.000
 LLEGTAC        1.000         1.000         1.000         1.000         1.000
 LPEAPP         1.000         1.000         1.000         1.000         1.000


           Covariance Coverage
              LPRESS        LRAPER        LGENDER       LAGE          MLSSB
              ________      ________      ________      ________      ________
 LPRESS         1.000
 LRAPER         1.000         1.000
 LGENDER        1.000         1.000         1.000
 LAGE           1.000         1.000         1.000         1.000
 MLSSB          1.000         1.000         1.000         1.000         1.000
 MLGSB          1.000         1.000         1.000         1.000         1.000
 MMICRO         1.000         1.000         1.000         1.000         1.000
 MLCOMM         1.000         1.000         1.000         1.000         1.000
 MGENDER        1.000         1.000         1.000         1.000         1.000
 MAGE           1.000         1.000         1.000         1.000         1.000
 MTENUR_O       1.000         1.000         1.000         1.000         1.000
 MSTRESS        1.000         1.000         1.000         1.000         1.000
 LCONSUL        1.000         1.000         1.000         1.000         1.000
 LLEGTAC        1.000         1.000         1.000         1.000         1.000
 LPEAPP         1.000         1.000         1.000         1.000         1.000


           Covariance Coverage
              MLGSB         MMICRO        MLCOMM        MGENDER       MAGE
              ________      ________      ________      ________      ________
 MLGSB          1.000
 MMICRO         1.000         1.000
 MLCOMM         1.000         1.000         1.000
 MGENDER        1.000         1.000         1.000         1.000
 MAGE           1.000         1.000         1.000         1.000         1.000
 MTENUR_O       1.000         1.000         1.000         1.000         1.000
 MSTRESS        1.000         1.000         1.000         1.000         1.000
 LCONSUL        1.000         1.000         1.000         1.000         1.000
 LLEGTAC        1.000         1.000         1.000         1.000         1.000
 LPEAPP         1.000         1.000         1.000         1.000         1.000


           Covariance Coverage
              MTENUR_O      MSTRESS       LCONSUL       LLEGTAC       LPEAPP
              ________      ________      ________      ________      ________
 MTENUR_O       1.000
 MSTRESS        1.000         1.000
 LCONSUL        1.000         1.000         1.000
 LLEGTAC        1.000         1.000         1.000         1.000
 LPEAPP         1.000         1.000         1.000         1.000         1.000



UNIVARIATE SAMPLE STATISTICS


     UNIVARIATE HIGHER-ORDER MOMENT DESCRIPTIVE STATISTICS

         Variable/         Mean/     Skewness/   Minimum/ % with                Percentiles
        Sample Size      Variance    Kurtosis    Maximum  Min/Max      20%/60%    40%/80%    Median

     LCOALT                1.741       1.205       1.000   31.50%       1.000      1.250      1.500
             454.000       0.653       0.960       5.000    0.22%       1.750      2.250
     LDEPR                 1.431       2.612       1.000   48.46%       1.000      1.000      1.333
             454.000       0.454       8.181       5.000    0.66%       1.333      1.667
     LEXCH                 2.160       0.618       1.000   20.26%       1.000      1.750      2.000
             454.000       0.971      -0.437       5.000    0.88%       2.250      3.000
     LINAP                 3.767      -0.273       1.750    0.22%       3.250      3.750      3.750
             454.000       0.306       0.430       5.000    2.20%       4.000      4.250
     LINTEG                3.617      -0.300       1.000    0.22%       3.000      3.500      3.750
             454.000       0.518       0.117       5.000    5.07%       3.750      4.250
     LPRESS                2.996      -0.216       1.000    1.10%       2.500      2.750      3.000
             454.000       0.569      -0.075       5.000    0.22%       3.250      3.750
     LRAPER                3.863      -0.042       2.000    0.22%       3.500      3.750      4.000
             454.000       0.283       0.100       5.000    4.63%       4.000      4.250
     LGENDER               1.487       0.153       1.000   51.76%       1.000      1.000      1.000
             454.000       0.259      -1.724       3.000    0.44%       2.000      2.000
     LAGE                 41.029       0.108      19.000    0.22%      28.000     35.000     40.000
             454.000     154.292      -1.292      66.000    0.22%      45.000     54.000
     MLSSB                 1.504       1.674       1.000   35.21%       1.000      1.111      1.222
            1400.000       0.417       2.876       4.889    0.07%       1.444      2.000
     MLGSB                 3.277      -0.241       1.000    1.07%       2.667      3.111      3.333
            1400.000       0.678       0.089       5.000    2.50%       3.444      3.889
     MMICRO                1.854       1.730       1.000   31.21%       1.000      1.286      1.429
            1400.000       1.133       3.258       7.000    0.07%       1.857      2.429
     MLCOMM                3.793      -0.504       1.000    0.07%       3.250      3.750      4.000
            1400.000       0.476      -0.118       5.000    3.79%       4.000      4.500
     MGENDER               1.629      -0.427       1.000   37.50%       1.000      2.000      2.000
            1400.000       0.242      -1.536       3.000    0.43%       2.000      2.000
     MAGE                 34.521       0.739      15.000    0.07%      23.000     27.000     30.000
            1400.000     161.255      -0.690      70.000    0.07%      34.000     48.000
     MTENUR_O              6.047       2.383       0.000    2.29%       1.000      2.000      3.000
            1400.000      65.295       5.919      45.000    0.21%       4.000      9.000
     MSTRESS               2.306       0.366       1.000   11.21%       1.500      2.000      2.250
            1400.000       0.841      -0.672       5.000    0.21%       2.500      3.250
     LCONSUL               4.001      -0.435       2.000    0.44%       3.500      4.000      4.000
             454.000       0.353       0.371       5.000    8.59%       4.000      4.500
     LLEGTAC               2.219       0.761       1.000   16.74%       1.250      1.750      2.000
             454.000       1.047      -0.161       5.000    1.98%       2.250      3.000
     LPEAPP                2.133       0.679       1.000   14.98%       1.250      1.750      2.000
             454.000       0.817      -0.307       5.000    0.22%       2.250      3.000

RANDOM STARTS RESULTS RANKED FROM THE BEST TO THE WORST LOGLIKELIHOOD VALUES

Final stage loglikelihood values at local maxima, seeds, and initial stage start numbers:

          -21807.048  68985            17
          -21807.048  195873           6
          -21807.048  650371           14
          -21839.709  903420           5



THE BEST LOGLIKELIHOOD VALUE HAS BEEN REPLICATED.  RERUN WITH AT LEAST TWICE THE
RANDOM STARTS TO CHECK THAT THE BEST LOGLIKELIHOOD IS STILL OBTAINED AND REPLICATED.


THE MODEL ESTIMATION TERMINATED NORMALLY



MODEL FIT INFORMATION

Number of Free Parameters                       80

Loglikelihood

          H0 Value                      -21807.048
          H0 Scaling Correction Factor      1.4587
            for MLR

Information Criteria

          Akaike (AIC)                   43774.095
          Bayesian (BIC)                 44193.633
          Sample-Size Adjusted BIC       43939.503
            (n* = (n + 2) / 24)



MODEL RESULTS USE THE LATENT CLASS VARIABLE ORDER

   BC  C


FINAL CLASS COUNTS AND PROPORTIONS FOR THE LATENT CLASS PATTERNS
BASED ON ESTIMATED POSTERIOR PROBABILITIES

  Latent Class
    Pattern

    1  1         27.01372          0.01930
    1  2        210.15882          0.15011
    1  3         80.17751          0.05727
    1  4         54.55392          0.03897
    1  5         64.77625          0.04627
    1  6        515.50121          0.36822
    2  1          2.51962          0.00180
    2  2         48.78828          0.03485
    2  3         18.52942          0.01324
    2  4         21.50756          0.01536
    2  5         69.32027          0.04951
    2  6        287.15343          0.20511


FINAL CLASS COUNTS AND PROPORTIONS FOR EACH LATENT CLASS VARIABLE
BASED ON ESTIMATED POSTERIOR PROBABILITIES

  Latent Class
    Variable    Class

    BC             1       952.18146          0.68013
                   2       447.81857          0.31987
    C              1        29.53334          0.02110
                   2       258.94711          0.18496
                   3        98.70692          0.07050
                   4        76.06149          0.05433
                   5       134.09653          0.09578
                   6       802.65466          0.57332


FINAL CLASS COUNTS AND PROPORTIONS FOR THE LATENT CLASS PATTERNS
BASED ON THEIR MOST LIKELY LATENT CLASS PATTERN

Class Counts and Proportions

  Latent Class
    Pattern

    1  1               27          0.01929
    1  2              211          0.15071
    1  3               78          0.05571
    1  4               57          0.04071
    1  5               61          0.04357
    1  6              519          0.37071
    2  1                3          0.00214
    2  2               50          0.03571
    2  3               18          0.01286
    2  4               22          0.01571
    2  5               70          0.05000
    2  6              284          0.20286


FINAL CLASS COUNTS AND PROPORTIONS FOR EACH LATENT CLASS VARIABLE
BASED ON THEIR MOST LIKELY LATENT CLASS PATTERN

  Latent Class
    Variable    Class

    BC             1             953          0.68071
                   2             447          0.31929
    C              1              30          0.02143
                   2             261          0.18643
                   3              96          0.06857
                   4              79          0.05643
                   5             131          0.09357
                   6             803          0.57357


CLASSIFICATION QUALITY

     Entropy                         0.925


MODEL RESULTS

                                                    Two-Tailed
                    Estimate       S.E.  Est./S.E.    P-Value

Within Level

Latent Class Pattern 1 1

 Means
    MLSSB              3.791      0.000    999.000    999.000
    MLGSB              2.600      0.000    999.000    999.000
    MMICRO             5.011      0.000    999.000    999.000
    MLCOMM             3.196      0.000    999.000    999.000
    MGENDER            1.564      0.101     15.513      0.000
    MAGE              25.065      1.034     24.246      0.000
    MTENUR_O           3.506      0.548      6.396      0.000

 Variances
    MLSSB              0.060      0.000    999.000    999.000
    MLGSB              0.575      0.000    999.000    999.000
    MMICRO             0.420      0.000    999.000    999.000
    MLCOMM             0.343      0.000    999.000    999.000
    MGENDER            0.239      0.005     44.161      0.000
    MAGE              67.017      4.767     14.057      0.000
    MTENUR_O          17.898      2.498      7.166      0.000

Latent Class Pattern 1 2

 Means
    MLSSB              2.023      0.000    999.000    999.000
    MLGSB              3.063      0.000    999.000    999.000
    MMICRO             1.972      0.000    999.000    999.000
    MLCOMM             3.601      0.000    999.000    999.000
    MGENDER            1.556      0.039     40.007      0.000
    MAGE              29.249      0.761     38.419      0.000
    MTENUR_O           3.259      0.193     16.922      0.000

 Variances
    MLSSB              0.060      0.000    999.000    999.000
    MLGSB              0.575      0.000    999.000    999.000
    MMICRO             0.420      0.000    999.000    999.000
    MLCOMM             0.343      0.000    999.000    999.000
    MGENDER            0.239      0.005     44.161      0.000
    MAGE              67.017      4.767     14.057      0.000
    MTENUR_O          17.898      2.498      7.166      0.000

Latent Class Pattern 1 3

 Means
    MLSSB              2.846      0.000    999.000    999.000
    MLGSB              2.664      0.000    999.000    999.000
    MMICRO             3.151      0.000    999.000    999.000
    MLCOMM             3.310      0.000    999.000    999.000
    MGENDER            1.623      0.065     25.097      0.000
    MAGE              27.970      1.000     27.956      0.000
    MTENUR_O           3.805      0.454      8.389      0.000

 Variances
    MLSSB              0.060      0.000    999.000    999.000
    MLGSB              0.575      0.000    999.000    999.000
    MMICRO             0.420      0.000    999.000    999.000
    MLCOMM             0.343      0.000    999.000    999.000
    MGENDER            0.239      0.005     44.161      0.000
    MAGE              67.017      4.767     14.057      0.000
    MTENUR_O          17.898      2.498      7.166      0.000

Latent Class Pattern 1 4

 Means
    MLSSB              1.453      0.000    999.000    999.000
    MLGSB              3.045      0.000    999.000    999.000
    MMICRO             4.022      0.000    999.000    999.000
    MLCOMM             3.631      0.000    999.000    999.000
    MGENDER            1.571      0.076     20.703      0.000
    MAGE              27.552      1.264     21.794      0.000
    MTENUR_O           2.655      0.239     11.097      0.000

 Variances
    MLSSB              0.060      0.000    999.000    999.000
    MLGSB              0.575      0.000    999.000    999.000
    MMICRO             0.420      0.000    999.000    999.000
    MLCOMM             0.343      0.000    999.000    999.000
    MGENDER            0.239      0.005     44.161      0.000
    MAGE              67.017      4.767     14.057      0.000
    MTENUR_O          17.898      2.498      7.166      0.000

Latent Class Pattern 1 5

 Means
    MLSSB              1.178      0.000    999.000    999.000
    MLGSB              2.718      0.000    999.000    999.000
    MMICRO             1.407      0.000    999.000    999.000
    MLCOMM             2.909      0.000    999.000    999.000
    MGENDER            1.567      0.081     19.410      0.000
    MAGE              51.029      1.171     43.573      0.000
    MTENUR_O          11.102      2.150      5.165      0.000

 Variances
    MLSSB              0.060      0.000    999.000    999.000
    MLGSB              0.575      0.000    999.000    999.000
    MMICRO             0.420      0.000    999.000    999.000
    MLCOMM             0.343      0.000    999.000    999.000
    MGENDER            0.239      0.005     44.161      0.000
    MAGE              67.017      4.767     14.057      0.000
    MTENUR_O          17.898      2.498      7.166      0.000

Latent Class Pattern 1 6

 Means
    MLSSB              1.154      0.000    999.000    999.000
    MLGSB              3.537      0.000    999.000    999.000
    MMICRO             1.402      0.000    999.000    999.000
    MLCOMM             4.079      0.000    999.000    999.000
    MGENDER            1.676      0.028     59.990      0.000
    MAGE              26.881      0.493     54.500      0.000
    MTENUR_O           2.413      0.133     18.206      0.000

 Variances
    MLSSB              0.060      0.000    999.000    999.000
    MLGSB              0.575      0.000    999.000    999.000
    MMICRO             0.420      0.000    999.000    999.000
    MLCOMM             0.343      0.000    999.000    999.000
    MGENDER            0.239      0.005     44.161      0.000
    MAGE              67.017      4.767     14.057      0.000
    MTENUR_O          17.898      2.498      7.166      0.000

Latent Class Pattern 2 1

 Means
    MLSSB              3.791      0.000    999.000    999.000
    MLGSB              2.600      0.000    999.000    999.000
    MMICRO             5.011      0.000    999.000    999.000
    MLCOMM             3.196      0.000    999.000    999.000
    MGENDER            1.989      0.096     20.722      0.000
    MAGE              47.600      7.778      6.120      0.000
    MTENUR_O          14.119     15.429      0.915      0.360

 Variances
    MLSSB              0.060      0.000    999.000    999.000
    MLGSB              0.575      0.000    999.000    999.000
    MMICRO             0.420      0.000    999.000    999.000
    MLCOMM             0.343      0.000    999.000    999.000
    MGENDER            0.239      0.005     44.161      0.000
    MAGE              67.017      4.767     14.057      0.000
    MTENUR_O          17.898      2.498      7.166      0.000

Latent Class Pattern 2 2

 Means
    MLSSB              2.023      0.000    999.000    999.000
    MLGSB              3.063      0.000    999.000    999.000
    MMICRO             1.972      0.000    999.000    999.000
    MLCOMM             3.601      0.000    999.000    999.000
    MGENDER            1.672      0.081     20.554      0.000
    MAGE              49.012      1.620     30.258      0.000
    MTENUR_O          20.286      1.829     11.090      0.000

 Variances
    MLSSB              0.060      0.000    999.000    999.000
    MLGSB              0.575      0.000    999.000    999.000
    MMICRO             0.420      0.000    999.000    999.000
    MLCOMM             0.343      0.000    999.000    999.000
    MGENDER            0.239      0.005     44.161      0.000
    MAGE              67.017      4.767     14.057      0.000
    MTENUR_O          17.898      2.498      7.166      0.000

Latent Class Pattern 2 3

 Means
    MLSSB              2.846      0.000    999.000    999.000
    MLGSB              2.664      0.000    999.000    999.000
    MMICRO             3.151      0.000    999.000    999.000
    MLCOMM             3.310      0.000    999.000    999.000
    MGENDER            1.468      0.130     11.333      0.000
    MAGE              45.777      3.443     13.297      0.000
    MTENUR_O           5.670      1.818      3.118      0.002

 Variances
    MLSSB              0.060      0.000    999.000    999.000
    MLGSB              0.575      0.000    999.000    999.000
    MMICRO             0.420      0.000    999.000    999.000
    MLCOMM             0.343      0.000    999.000    999.000
    MGENDER            0.239      0.005     44.161      0.000
    MAGE              67.017      4.767     14.057      0.000
    MTENUR_O          17.898      2.498      7.166      0.000

Latent Class Pattern 2 4

 Means
    MLSSB              1.453      0.000    999.000    999.000
    MLGSB              3.045      0.000    999.000    999.000
    MMICRO             4.022      0.000    999.000    999.000
    MLCOMM             3.631      0.000    999.000    999.000
    MGENDER            1.653      0.143     11.557      0.000
    MAGE              48.431      1.651     29.336      0.000
    MTENUR_O          10.105      2.097      4.818      0.000

 Variances
    MLSSB              0.060      0.000    999.000    999.000
    MLGSB              0.575      0.000    999.000    999.000
    MMICRO             0.420      0.000    999.000    999.000
    MLCOMM             0.343      0.000    999.000    999.000
    MGENDER            0.239      0.005     44.161      0.000
    MAGE              67.017      4.767     14.057      0.000
    MTENUR_O          17.898      2.498      7.166      0.000

Latent Class Pattern 2 5

 Means
    MLSSB              1.178      0.000    999.000    999.000
    MLGSB              2.718      0.000    999.000    999.000
    MMICRO             1.407      0.000    999.000    999.000
    MLCOMM             2.909      0.000    999.000    999.000
    MGENDER            1.561      0.073     21.373      0.000
    MAGE              56.327      0.854     65.973      0.000
    MTENUR_O          31.424      1.415     22.206      0.000

 Variances
    MLSSB              0.060      0.000    999.000    999.000
    MLGSB              0.575      0.000    999.000    999.000
    MMICRO             0.420      0.000    999.000    999.000
    MLCOMM             0.343      0.000    999.000    999.000
    MGENDER            0.239      0.005     44.161      0.000
    MAGE              67.017      4.767     14.057      0.000
    MTENUR_O          17.898      2.498      7.166      0.000

Latent Class Pattern 2 6

 Means
    MLSSB              1.154      0.000    999.000    999.000
    MLGSB              3.537      0.000    999.000    999.000
    MMICRO             1.402      0.000    999.000    999.000
    MLCOMM             4.079      0.000    999.000    999.000
    MGENDER            1.647      0.042     38.931      0.000
    MAGE              42.804      0.865     49.490      0.000
    MTENUR_O           6.085      0.566     10.750      0.000

 Variances
    MLSSB              0.060      0.000    999.000    999.000
    MLGSB              0.575      0.000    999.000    999.000
    MMICRO             0.420      0.000    999.000    999.000
    MLCOMM             0.343      0.000    999.000    999.000
    MGENDER            0.239      0.005     44.161      0.000
    MAGE              67.017      4.767     14.057      0.000
    MTENUR_O          17.898      2.498      7.166      0.000

Between Level

Latent Class Pattern 1 1

 Means
    LCOALT             1.741      0.038     45.902      0.000
    LDEPR              1.431      0.032     45.240      0.000
    LEXCH              2.160      0.046     46.707      0.000
    LINAP              3.767      0.026    145.163      0.000
    LINTEG             3.617      0.034    107.041      0.000
    LPRESS             2.996      0.035     84.589      0.000
    LRAPER             3.863      0.025    154.711      0.000
    LGENDER            1.487      0.024     62.292      0.000
    LAGE              41.029      0.583     70.379      0.000

 Variances
    LCOALT             0.653      0.053     12.386      0.000
    LDEPR              0.454      0.068      6.678      0.000
    LEXCH              0.971      0.057     17.045      0.000
    LINAP              0.306      0.022     13.668      0.000
    LINTEG             0.518      0.035     14.645      0.000
    LPRESS             0.569      0.037     15.358      0.000
    LRAPER             0.283      0.019     14.704      0.000
    LGENDER            0.259      0.006     40.594      0.000
    LAGE             154.292      6.095     25.314      0.000

Latent Class Pattern 1 2

 Means
    LCOALT             1.741      0.038     45.902      0.000
    LDEPR              1.431      0.032     45.240      0.000
    LEXCH              2.160      0.046     46.707      0.000
    LINAP              3.767      0.026    145.163      0.000
    LINTEG             3.617      0.034    107.041      0.000
    LPRESS             2.996      0.035     84.589      0.000
    LRAPER             3.863      0.025    154.711      0.000
    LGENDER            1.487      0.024     62.292      0.000
    LAGE              41.029      0.583     70.379      0.000

 Variances
    LCOALT             0.653      0.053     12.386      0.000
    LDEPR              0.454      0.068      6.678      0.000
    LEXCH              0.971      0.057     17.045      0.000
    LINAP              0.306      0.022     13.668      0.000
    LINTEG             0.518      0.035     14.645      0.000
    LPRESS             0.569      0.037     15.358      0.000
    LRAPER             0.283      0.019     14.704      0.000
    LGENDER            0.259      0.006     40.594      0.000
    LAGE             154.292      6.095     25.314      0.000

Latent Class Pattern 1 3

 Means
    LCOALT             1.741      0.038     45.902      0.000
    LDEPR              1.431      0.032     45.240      0.000
    LEXCH              2.160      0.046     46.707      0.000
    LINAP              3.767      0.026    145.163      0.000
    LINTEG             3.617      0.034    107.041      0.000
    LPRESS             2.996      0.035     84.589      0.000
    LRAPER             3.863      0.025    154.711      0.000
    LGENDER            1.487      0.024     62.292      0.000
    LAGE              41.029      0.583     70.379      0.000

 Variances
    LCOALT             0.653      0.053     12.386      0.000
    LDEPR              0.454      0.068      6.678      0.000
    LEXCH              0.971      0.057     17.045      0.000
    LINAP              0.306      0.022     13.668      0.000
    LINTEG             0.518      0.035     14.645      0.000
    LPRESS             0.569      0.037     15.358      0.000
    LRAPER             0.283      0.019     14.704      0.000
    LGENDER            0.259      0.006     40.594      0.000
    LAGE             154.292      6.095     25.314      0.000

Latent Class Pattern 1 4

 Means
    LCOALT             1.741      0.038     45.902      0.000
    LDEPR              1.431      0.032     45.240      0.000
    LEXCH              2.160      0.046     46.707      0.000
    LINAP              3.767      0.026    145.163      0.000
    LINTEG             3.617      0.034    107.041      0.000
    LPRESS             2.996      0.035     84.589      0.000
    LRAPER             3.863      0.025    154.711      0.000
    LGENDER            1.487      0.024     62.292      0.000
    LAGE              41.029      0.583     70.379      0.000

 Variances
    LCOALT             0.653      0.053     12.386      0.000
    LDEPR              0.454      0.068      6.678      0.000
    LEXCH              0.971      0.057     17.045      0.000
    LINAP              0.306      0.022     13.668      0.000
    LINTEG             0.518      0.035     14.645      0.000
    LPRESS             0.569      0.037     15.358      0.000
    LRAPER             0.283      0.019     14.704      0.000
    LGENDER            0.259      0.006     40.594      0.000
    LAGE             154.292      6.095     25.314      0.000

Latent Class Pattern 1 5

 Means
    LCOALT             1.741      0.038     45.902      0.000
    LDEPR              1.431      0.032     45.240      0.000
    LEXCH              2.160      0.046     46.707      0.000
    LINAP              3.767      0.026    145.163      0.000
    LINTEG             3.617      0.034    107.041      0.000
    LPRESS             2.996      0.035     84.589      0.000
    LRAPER             3.863      0.025    154.711      0.000
    LGENDER            1.487      0.024     62.292      0.000
    LAGE              41.029      0.583     70.379      0.000

 Variances
    LCOALT             0.653      0.053     12.386      0.000
    LDEPR              0.454      0.068      6.678      0.000
    LEXCH              0.971      0.057     17.045      0.000
    LINAP              0.306      0.022     13.668      0.000
    LINTEG             0.518      0.035     14.645      0.000
    LPRESS             0.569      0.037     15.358      0.000
    LRAPER             0.283      0.019     14.704      0.000
    LGENDER            0.259      0.006     40.594      0.000
    LAGE             154.292      6.095     25.314      0.000

Latent Class Pattern 1 6

 Means
    LCOALT             1.741      0.038     45.902      0.000
    LDEPR              1.431      0.032     45.240      0.000
    LEXCH              2.160      0.046     46.707      0.000
    LINAP              3.767      0.026    145.163      0.000
    LINTEG             3.617      0.034    107.041      0.000
    LPRESS             2.996      0.035     84.589      0.000
    LRAPER             3.863      0.025    154.711      0.000
    LGENDER            1.487      0.024     62.292      0.000
    LAGE              41.029      0.583     70.379      0.000

 Variances
    LCOALT             0.653      0.053     12.386      0.000
    LDEPR              0.454      0.068      6.678      0.000
    LEXCH              0.971      0.057     17.045      0.000
    LINAP              0.306      0.022     13.668      0.000
    LINTEG             0.518      0.035     14.645      0.000
    LPRESS             0.569      0.037     15.358      0.000
    LRAPER             0.283      0.019     14.704      0.000
    LGENDER            0.259      0.006     40.594      0.000
    LAGE             154.292      6.095     25.314      0.000

Latent Class Pattern 2 1

 Means
    LCOALT             1.741      0.038     45.902      0.000
    LDEPR              1.431      0.032     45.240      0.000
    LEXCH              2.160      0.046     46.707      0.000
    LINAP              3.767      0.026    145.163      0.000
    LINTEG             3.617      0.034    107.041      0.000
    LPRESS             2.996      0.035     84.589      0.000
    LRAPER             3.863      0.025    154.711      0.000
    LGENDER            1.487      0.024     62.292      0.000
    LAGE              41.029      0.583     70.379      0.000

 Variances
    LCOALT             0.653      0.053     12.386      0.000
    LDEPR              0.454      0.068      6.678      0.000
    LEXCH              0.971      0.057     17.045      0.000
    LINAP              0.306      0.022     13.668      0.000
    LINTEG             0.518      0.035     14.645      0.000
    LPRESS             0.569      0.037     15.358      0.000
    LRAPER             0.283      0.019     14.704      0.000
    LGENDER            0.259      0.006     40.594      0.000
    LAGE             154.292      6.095     25.314      0.000

Latent Class Pattern 2 2

 Means
    LCOALT             1.741      0.038     45.902      0.000
    LDEPR              1.431      0.032     45.240      0.000
    LEXCH              2.160      0.046     46.707      0.000
    LINAP              3.767      0.026    145.163      0.000
    LINTEG             3.617      0.034    107.041      0.000
    LPRESS             2.996      0.035     84.589      0.000
    LRAPER             3.863      0.025    154.711      0.000
    LGENDER            1.487      0.024     62.292      0.000
    LAGE              41.029      0.583     70.379      0.000

 Variances
    LCOALT             0.653      0.053     12.386      0.000
    LDEPR              0.454      0.068      6.678      0.000
    LEXCH              0.971      0.057     17.045      0.000
    LINAP              0.306      0.022     13.668      0.000
    LINTEG             0.518      0.035     14.645      0.000
    LPRESS             0.569      0.037     15.358      0.000
    LRAPER             0.283      0.019     14.704      0.000
    LGENDER            0.259      0.006     40.594      0.000
    LAGE             154.292      6.095     25.314      0.000

Latent Class Pattern 2 3

 Means
    LCOALT             1.741      0.038     45.902      0.000
    LDEPR              1.431      0.032     45.240      0.000
    LEXCH              2.160      0.046     46.707      0.000
    LINAP              3.767      0.026    145.163      0.000
    LINTEG             3.617      0.034    107.041      0.000
    LPRESS             2.996      0.035     84.589      0.000
    LRAPER             3.863      0.025    154.711      0.000
    LGENDER            1.487      0.024     62.292      0.000
    LAGE              41.029      0.583     70.379      0.000

 Variances
    LCOALT             0.653      0.053     12.386      0.000
    LDEPR              0.454      0.068      6.678      0.000
    LEXCH              0.971      0.057     17.045      0.000
    LINAP              0.306      0.022     13.668      0.000
    LINTEG             0.518      0.035     14.645      0.000
    LPRESS             0.569      0.037     15.358      0.000
    LRAPER             0.283      0.019     14.704      0.000
    LGENDER            0.259      0.006     40.594      0.000
    LAGE             154.292      6.095     25.314      0.000

Latent Class Pattern 2 4

 Means
    LCOALT             1.741      0.038     45.902      0.000
    LDEPR              1.431      0.032     45.240      0.000
    LEXCH              2.160      0.046     46.707      0.000
    LINAP              3.767      0.026    145.163      0.000
    LINTEG             3.617      0.034    107.041      0.000
    LPRESS             2.996      0.035     84.589      0.000
    LRAPER             3.863      0.025    154.711      0.000
    LGENDER            1.487      0.024     62.292      0.000
    LAGE              41.029      0.583     70.379      0.000

 Variances
    LCOALT             0.653      0.053     12.386      0.000
    LDEPR              0.454      0.068      6.678      0.000
    LEXCH              0.971      0.057     17.045      0.000
    LINAP              0.306      0.022     13.668      0.000
    LINTEG             0.518      0.035     14.645      0.000
    LPRESS             0.569      0.037     15.358      0.000
    LRAPER             0.283      0.019     14.704      0.000
    LGENDER            0.259      0.006     40.594      0.000
    LAGE             154.292      6.095     25.314      0.000

Latent Class Pattern 2 5

 Means
    LCOALT             1.741      0.038     45.902      0.000
    LDEPR              1.431      0.032     45.240      0.000
    LEXCH              2.160      0.046     46.707      0.000
    LINAP              3.767      0.026    145.163      0.000
    LINTEG             3.617      0.034    107.041      0.000
    LPRESS             2.996      0.035     84.589      0.000
    LRAPER             3.863      0.025    154.711      0.000
    LGENDER            1.487      0.024     62.292      0.000
    LAGE              41.029      0.583     70.379      0.000

 Variances
    LCOALT             0.653      0.053     12.386      0.000
    LDEPR              0.454      0.068      6.678      0.000
    LEXCH              0.971      0.057     17.045      0.000
    LINAP              0.306      0.022     13.668      0.000
    LINTEG             0.518      0.035     14.645      0.000
    LPRESS             0.569      0.037     15.358      0.000
    LRAPER             0.283      0.019     14.704      0.000
    LGENDER            0.259      0.006     40.594      0.000
    LAGE             154.292      6.095     25.314      0.000

Latent Class Pattern 2 6

 Means
    LCOALT             1.741      0.038     45.902      0.000
    LDEPR              1.431      0.032     45.240      0.000
    LEXCH              2.160      0.046     46.707      0.000
    LINAP              3.767      0.026    145.163      0.000
    LINTEG             3.617      0.034    107.041      0.000
    LPRESS             2.996      0.035     84.589      0.000
    LRAPER             3.863      0.025    154.711      0.000
    LGENDER            1.487      0.024     62.292      0.000
    LAGE              41.029      0.583     70.379      0.000

 Variances
    LCOALT             0.653      0.053     12.386      0.000
    LDEPR              0.454      0.068      6.678      0.000
    LEXCH              0.971      0.057     17.045      0.000
    LINAP              0.306      0.022     13.668      0.000
    LINTEG             0.518      0.035     14.645      0.000
    LPRESS             0.569      0.037     15.358      0.000
    LRAPER             0.283      0.019     14.704      0.000
    LGENDER            0.259      0.006     40.594      0.000
    LAGE             154.292      6.095     25.314      0.000

Categorical Latent Variables

Within Level

 C#1        ON
    MSTRESS            1.130      0.302      3.742      0.000

 C#2        ON
    MSTRESS            0.167      0.095      1.761      0.078

 C#3        ON
    MSTRESS            0.423      0.125      3.381      0.001

 C#4        ON
    MSTRESS            0.626      0.145      4.320      0.000

 C#5        ON
    MSTRESS           -0.033      0.142     -0.235      0.814

 Intercepts
    C#1               -7.530      1.265     -5.951      0.000
    C#2               -2.347      0.380     -6.176      0.000
    C#3               -4.129      0.461     -8.954      0.000
    C#4               -4.522      0.526     -8.598      0.000
    C#5               -1.447      0.396     -3.659      0.000

Between Level

 C#1        ON
    BC#1               1.825      1.117      1.634      0.102

 C#2        ON
    BC#1               0.841      0.233      3.615      0.000

 C#3        ON
    BC#1               0.811      0.347      2.335      0.020

 C#4        ON
    BC#1               0.275      0.359      0.768      0.443

 C#5        ON
    BC#1              -0.664      0.259     -2.565      0.010

 C#1        ON
    LLEGTAC           -0.132      0.467     -0.283      0.777

 C#2        ON
    LLEGTAC            0.099      0.087      1.133      0.257

 C#3        ON
    LLEGTAC            0.190      0.123      1.548      0.122

 C#4        ON
    LLEGTAC            0.194      0.142      1.362      0.173

 C#5        ON
    LLEGTAC            0.049      0.112      0.439      0.660

 BC#1       ON
    LCONSUL           -0.382      0.198     -1.931      0.054
    LPEAPP             0.618      0.132      4.671      0.000

 Intercepts
    BC#1               1.172      0.842      1.393      0.164


LOGISTIC REGRESSION ODDS RATIO RESULTS

                                         (Est. - 1) Two-Tailed
                    Estimate       S.E.     / S.E.    P-Value

Categorical Latent Variables

Within Level

 C#1      ON
    MSTRESS            3.095      0.935      2.242      0.025

 C#2      ON
    MSTRESS            1.182      0.112      1.622      0.105

 C#3      ON
    MSTRESS            1.527      0.191      2.756      0.006

 C#4      ON
    MSTRESS            1.870      0.271      3.211      0.001

 C#5      ON
    MSTRESS            0.967      0.138     -0.239      0.811

Between Level


QUALITY OF NUMERICAL RESULTS

     Condition Number for the Information Matrix              0.538E-06
       (ratio of smallest to largest eigenvalue)


TECHNICAL 8 OUTPUT


  INITIAL STAGE ITERATIONS


  TECHNICAL 8 OUTPUT FOR UNPERTURBED STARTING VALUE SET


   E STEP  ITER  LOGLIKELIHOOD    ABS CHANGE   REL CHANGE  ALGORITHM
              1 -0.24777826D+05    0.0000000    0.0000000  EM
              2 -0.22354236D+05 2423.5895207    0.0978128  EM
              3 -0.22178996D+05  175.2398186    0.0078392  EM
              4 -0.22100001D+05   78.9951596    0.0035617  EM
              5 -0.22067029D+05   32.9720760    0.0014919  EM
              6 -0.22050951D+05   16.0778545    0.0007286  EM
              7 -0.22041907D+05    9.0437199    0.0004101  EM
              8 -0.22034070D+05    7.8373116    0.0003556  EM
              9 -0.22025850D+05    8.2199166    0.0003731  EM
             10 -0.22018932D+05    6.9178933    0.0003141  EM


  TECHNICAL 8 OUTPUT FOR STARTING VALUE SET 1


   E STEP  ITER  LOGLIKELIHOOD    ABS CHANGE   REL CHANGE  ALGORITHM
              1 -0.53548377D+05    0.0000000    0.0000000  EM
              2 -0.24937038D+05 ************    0.5343082  EM
              3 -0.23665427D+05 1271.6108735    0.0509929  EM
              4 -0.23407528D+05  257.8984052    0.0108977  EM
              5 -0.23156236D+05  251.2922861    0.0107355  EM
              6 -0.22821923D+05  334.3133318    0.0144373  EM
              7 -0.22487036D+05  334.8865542    0.0146739  EM
              8 -0.22286722D+05  200.3140536    0.0089080  EM
              9 -0.22169168D+05  117.5544684    0.0052746  EM
             10 -0.22099524D+05   69.6434133    0.0031415  EM


  TECHNICAL 8 OUTPUT FOR STARTING VALUE SET 2


   E STEP  ITER  LOGLIKELIHOOD    ABS CHANGE   REL CHANGE  ALGORITHM
              1 -0.43369452D+05    0.0000000    0.0000000  EM
              2 -0.23530136D+05 ************    0.4574491  EM
              3 -0.22715308D+05  814.8282735    0.0346291  EM
              4 -0.22395565D+05  319.7424678    0.0140761  EM
              5 -0.22210455D+05  185.1106536    0.0082655  EM
              6 -0.22124768D+05   85.6864568    0.0038579  EM
              7 -0.22086771D+05   37.9974733    0.0017174  EM
              8 -0.22062758D+05   24.0128161    0.0010872  EM
              9 -0.22052363D+05   10.3949593    0.0004712  EM
             10 -0.22046885D+05    5.4785651    0.0002484  EM


  TECHNICAL 8 OUTPUT FOR STARTING VALUE SET 3


   E STEP  ITER  LOGLIKELIHOOD    ABS CHANGE   REL CHANGE  ALGORITHM
              1 -0.47859090D+05    0.0000000    0.0000000  EM
              2 -0.23795396D+05 ************    0.5028030  EM
              3 -0.22452670D+05 1342.7262556    0.0564280  EM
              4 -0.22239241D+05  213.4290233    0.0095057  EM
              5 -0.22133551D+05  105.6894030    0.0047524  EM
              6 -0.22057376D+05   76.1755555    0.0034416  EM
              7 -0.22031845D+05   25.5306328    0.0011575  EM
              8 -0.22022180D+05    9.6653757    0.0004387  EM
              9 -0.22018380D+05    3.7994691    0.0001725  EM
             10 -0.22015840D+05    2.5400437    0.0001154  EM


  TECHNICAL 8 OUTPUT FOR STARTING VALUE SET 4


   E STEP  ITER  LOGLIKELIHOOD    ABS CHANGE   REL CHANGE  ALGORITHM
              1 -0.54228541D+05    0.0000000    0.0000000  EM
              2 -0.23704916D+05 ************    0.5628701  EM
              3 -0.22791943D+05  912.9722423    0.0385140  EM
              4 -0.22390843D+05  401.1006828    0.0175984  EM
              5 -0.22262746D+05  128.0971307    0.0057210  EM
              6 -0.22220579D+05   42.1664792    0.0018940  EM
              7 -0.22199966D+05   20.6128418    0.0009276  EM
              8 -0.22185431D+05   14.5350071    0.0006547  EM
              9 -0.22174775D+05   10.6558657    0.0004803  EM
             10 -0.22168080D+05    6.6958277    0.0003020  EM


  TECHNICAL 8 OUTPUT FOR STARTING VALUE SET 5


   E STEP  ITER  LOGLIKELIHOOD    ABS CHANGE   REL CHANGE  ALGORITHM
              1 -0.62868396D+05    0.0000000    0.0000000  EM
              2 -0.22952444D+05 ************    0.6349128  EM
              3 -0.22121991D+05  830.4526514    0.0361814  EM
              4 -0.21992841D+05  129.1503210    0.0058381  EM
              5 -0.21920283D+05   72.5572727    0.0032991  EM
              6 -0.21871046D+05   49.2369712    0.0022462  EM
              7 -0.21853676D+05   17.3699761    0.0007942  EM
              8 -0.21845954D+05    7.7219771    0.0003533  EM
              9 -0.21843135D+05    2.8195099    0.0001291  EM
             10 -0.21841851D+05    1.2837817    0.0000588  EM


  TECHNICAL 8 OUTPUT FOR STARTING VALUE SET 6


   E STEP  ITER  LOGLIKELIHOOD    ABS CHANGE   REL CHANGE  ALGORITHM
              1 -0.57064259D+05    0.0000000    0.0000000  EM
              2 -0.23395249D+05 ************    0.5900192  EM
              3 -0.22609465D+05  785.7839121    0.0335873  EM
              4 -0.22400675D+05  208.7897796    0.0092346  EM
              5 -0.22201745D+05  198.9302699    0.0088805  EM
              6 -0.22049351D+05  152.3946019    0.0068641  EM
              7 -0.21957152D+05   92.1990615    0.0041815  EM
              8 -0.21924193D+05   32.9581625    0.0015010  EM
              9 -0.21908188D+05   16.0057232    0.0007300  EM
             10 -0.21894034D+05   14.1540184    0.0006461  EM


  TECHNICAL 8 OUTPUT FOR STARTING VALUE SET 7


   E STEP  ITER  LOGLIKELIHOOD    ABS CHANGE   REL CHANGE  ALGORITHM
              1 -0.55337708D+05    0.0000000    0.0000000  EM
              2 -0.22798680D+05 ************    0.5880082  EM
              3 -0.22450940D+05  347.7405100    0.0152527  EM
              4 -0.22328042D+05  122.8974422    0.0054740  EM
              5 -0.22254866D+05   73.1765645    0.0032773  EM
              6 -0.22219584D+05   35.2821053    0.0015854  EM
              7 -0.22198982D+05   20.6014576    0.0009272  EM
              8 -0.22185724D+05   13.2586286    0.0005973  EM
              9 -0.22175307D+05   10.4162759    0.0004695  EM
             10 -0.22165829D+05    9.4786155    0.0004274  EM


  TECHNICAL 8 OUTPUT FOR STARTING VALUE SET 8


   E STEP  ITER  LOGLIKELIHOOD    ABS CHANGE   REL CHANGE  ALGORITHM
              1 -0.55617128D+05    0.0000000    0.0000000  EM
              2 -0.23432890D+05 ************    0.5786749  EM
              3 -0.22738793D+05  694.0968633    0.0296206  EM
              4 -0.22504197D+05  234.5961419    0.0103170  EM
              5 -0.22352795D+05  151.4012888    0.0067277  EM
              6 -0.22187050D+05  165.7450794    0.0074150  EM
              7 -0.22108779D+05   78.2715126    0.0035278  EM
              8 -0.22076612D+05   32.1664341    0.0014549  EM
              9 -0.22059071D+05   17.5416136    0.0007946  EM
             10 -0.22047070D+05   12.0006054    0.0005440  EM


  TECHNICAL 8 OUTPUT FOR STARTING VALUE SET 9


   E STEP  ITER  LOGLIKELIHOOD    ABS CHANGE   REL CHANGE  ALGORITHM
              1 -0.42399779D+05    0.0000000    0.0000000  EM
              2 -0.23822450D+05 ************    0.4381468  EM
              3 -0.22587071D+05 1235.3785352    0.0518577  EM
              4 -0.22182814D+05  404.2575087    0.0178977  EM
              5 -0.22095693D+05   87.1202446    0.0039274  EM
              6 -0.22060575D+05   35.1184334    0.0015894  EM
              7 -0.22044697D+05   15.8782909    0.0007198  EM
              8 -0.22037187D+05    7.5100386    0.0003407  EM
              9 -0.22032770D+05    4.4164784    0.0002004  EM
             10 -0.22029245D+05    3.5252618    0.0001600  EM


  TECHNICAL 8 OUTPUT FOR STARTING VALUE SET 10


   E STEP  ITER  LOGLIKELIHOOD    ABS CHANGE   REL CHANGE  ALGORITHM
              1 -0.50996717D+05    0.0000000    0.0000000  EM
              2 -0.23651100D+05 ************    0.5362231  EM
              3 -0.22642301D+05 1008.7989341    0.0426534  EM
              4 -0.22410918D+05  231.3833067    0.0102191  EM
              5 -0.22312236D+05   98.6821433    0.0044033  EM
              6 -0.22245456D+05   66.7800308    0.0029930  EM
              7 -0.22192171D+05   53.2853117    0.0023953  EM
              8 -0.22157000D+05   35.1702780    0.0015848  EM
              9 -0.22139768D+05   17.2327725    0.0007778  EM
             10 -0.22129764D+05   10.0033876    0.0004518  EM


  TECHNICAL 8 OUTPUT FOR STARTING VALUE SET 11


   E STEP  ITER  LOGLIKELIHOOD    ABS CHANGE   REL CHANGE  ALGORITHM
              1 -0.53342800D+05    0.0000000    0.0000000  EM
              2 -0.23659868D+05 ************    0.5564562  EM
              3 -0.23014668D+05  645.1996093    0.0272698  EM
              4 -0.22584869D+05  429.7991177    0.0186750  EM
              5 -0.22303549D+05  281.3196512    0.0124561  EM
              6 -0.22145861D+05  157.6882716    0.0070701  EM
              7 -0.22066958D+05   78.9032724    0.0035629  EM
              8 -0.22042129D+05   24.8289628    0.0011252  EM
              9 -0.22029535D+05   12.5939602    0.0005714  EM
             10 -0.22020830D+05    8.7053314    0.0003952  EM


  TECHNICAL 8 OUTPUT FOR STARTING VALUE SET 12


   E STEP  ITER  LOGLIKELIHOOD    ABS CHANGE   REL CHANGE  ALGORITHM
              1 -0.56420305D+05    0.0000000    0.0000000  EM
              2 -0.24127484D+05 ************    0.5723617  EM
              3 -0.22787476D+05 1340.0081534    0.0555387  EM
              4 -0.22328014D+05  459.4620186    0.0201629  EM
              5 -0.22143862D+05  184.1517761    0.0082476  EM
              6 -0.22065777D+05   78.0852079    0.0035263  EM
              7 -0.22038465D+05   27.3111848    0.0012377  EM
              8 -0.22018452D+05   20.0131649    0.0009081  EM
              9 -0.21999060D+05   19.3922716    0.0008807  EM
             10 -0.21983803D+05   15.2569947    0.0006935  EM


  TECHNICAL 8 OUTPUT FOR STARTING VALUE SET 13


   E STEP  ITER  LOGLIKELIHOOD    ABS CHANGE   REL CHANGE  ALGORITHM
              1 -0.50523188D+05    0.0000000    0.0000000  EM
              2 -0.25540322D+05 ************    0.4944832  EM
              3 -0.24076097D+05 1464.2250626    0.0573299  EM
              4 -0.23596676D+05  479.4211184    0.0199127  EM
              5 -0.23182198D+05  414.4776537    0.0175651  EM
              6 -0.22738538D+05  443.6601637    0.0191380  EM
              7 -0.22352200D+05  386.3383940    0.0169905  EM
              8 -0.22183163D+05  169.0362902    0.0075624  EM
              9 -0.22094477D+05   88.6860629    0.0039979  EM
             10 -0.22057329D+05   37.1487807    0.0016814  EM


  TECHNICAL 8 OUTPUT FOR STARTING VALUE SET 14


   E STEP  ITER  LOGLIKELIHOOD    ABS CHANGE   REL CHANGE  ALGORITHM
              1 -0.43277473D+05    0.0000000    0.0000000  EM
              2 -0.23232549D+05 ************    0.4631722  EM
              3 -0.22407482D+05  825.0674261    0.0355134  EM
              4 -0.22284471D+05  123.0111876    0.0054897  EM
              5 -0.22206512D+05   77.9585349    0.0034983  EM
              6 -0.22095309D+05  111.2032232    0.0050077  EM
              7 -0.21971768D+05  123.5414053    0.0055913  EM
              8 -0.21906618D+05   65.1496581    0.0029652  EM
              9 -0.21872599D+05   34.0192760    0.0015529  EM
             10 -0.21851187D+05   21.4120450    0.0009789  EM


  TECHNICAL 8 OUTPUT FOR STARTING VALUE SET 15


   E STEP  ITER  LOGLIKELIHOOD    ABS CHANGE   REL CHANGE  ALGORITHM
              1 -0.44548787D+05    0.0000000    0.0000000  EM
              2 -0.22883865D+05 ************    0.4863190  EM
              3 -0.22523859D+05  360.0062472    0.0157319  EM
              4 -0.22403614D+05  120.2447442    0.0053385  EM
              5 -0.22340145D+05   63.4684883    0.0028330  EM
              6 -0.22260966D+05   79.1790797    0.0035443  EM
              7 -0.22174124D+05   86.8424735    0.0039011  EM
              8 -0.22081011D+05   93.1122844    0.0041991  EM
              9 -0.22040793D+05   40.2182280    0.0018214  EM
             10 -0.22025490D+05   15.3035155    0.0006943  EM


  TECHNICAL 8 OUTPUT FOR STARTING VALUE SET 16


   E STEP  ITER  LOGLIKELIHOOD    ABS CHANGE   REL CHANGE  ALGORITHM
              1 -0.51611113D+05    0.0000000    0.0000000  EM
              2 -0.23320451D+05 ************    0.5481506  EM
              3 -0.22662364D+05  658.0872309    0.0282193  EM
              4 -0.22413968D+05  248.3960834    0.0109607  EM
              5 -0.22322580D+05   91.3872318    0.0040772  EM
              6 -0.22256556D+05   66.0239847    0.0029577  EM
              7 -0.22188369D+05   68.1879161    0.0030637  EM
              8 -0.22103053D+05   85.3151094    0.0038450  EM
              9 -0.22062278D+05   40.7751939    0.0018448  EM
             10 -0.22046825D+05   15.4528004    0.0007004  EM


  TECHNICAL 8 OUTPUT FOR STARTING VALUE SET 17


   E STEP  ITER  LOGLIKELIHOOD    ABS CHANGE   REL CHANGE  ALGORITHM
              1 -0.54506918D+05    0.0000000    0.0000000  EM
              2 -0.23487613D+05 ************    0.5690893  EM
              3 -0.22585338D+05  902.2754246    0.0384149  EM
              4 -0.22338357D+05  246.9809857    0.0109355  EM
              5 -0.22165136D+05  173.2209193    0.0077544  EM
              6 -0.22006092D+05  159.0437036    0.0071754  EM
              7 -0.21928678D+05   77.4141500    0.0035179  EM
              8 -0.21900816D+05   27.8616319    0.0012706  EM
              9 -0.21880878D+05   19.9382090    0.0009104  EM
             10 -0.21861917D+05   18.9614977    0.0008666  EM


  TECHNICAL 8 OUTPUT FOR STARTING VALUE SET 18


   E STEP  ITER  LOGLIKELIHOOD    ABS CHANGE   REL CHANGE  ALGORITHM
              1 -0.50378672D+05    0.0000000    0.0000000  EM
              2 -0.24135802D+05 ************    0.5209123  EM
              3 -0.22620518D+05 1515.2843482    0.0627816  EM
              4 -0.22131043D+05  489.4742990    0.0216385  EM
              5 -0.22044924D+05   86.1189663    0.0038913  EM
              6 -0.22002721D+05   42.2034349    0.0019144  EM
              7 -0.21971781D+05   30.9396280    0.0014062  EM
              8 -0.21957270D+05   14.5109941    0.0006604  EM
              9 -0.21949524D+05    7.7461242    0.0003528  EM
             10 -0.21945294D+05    4.2298610    0.0001927  EM


  TECHNICAL 8 OUTPUT FOR STARTING VALUE SET 19


   E STEP  ITER  LOGLIKELIHOOD    ABS CHANGE   REL CHANGE  ALGORITHM
              1 -0.50055128D+05    0.0000000    0.0000000  EM
              2 -0.23424750D+05 ************    0.5320210  EM
              3 -0.22302500D+05 1122.2500899    0.0479087  EM
              4 -0.22144012D+05  158.4886352    0.0071063  EM
              5 -0.22098794D+05   45.2180107    0.0020420  EM
              6 -0.22062226D+05   36.5682185    0.0016548  EM
              7 -0.22017305D+05   44.9205905    0.0020361  EM
              8 -0.21972504D+05   44.8010748    0.0020348  EM
              9 -0.21937138D+05   35.3658910    0.0016096  EM
             10 -0.21913481D+05   23.6566953    0.0010784  EM


  TECHNICAL 8 OUTPUT FOR STARTING VALUE SET 20


   E STEP  ITER  LOGLIKELIHOOD    ABS CHANGE   REL CHANGE  ALGORITHM
              1 -0.54127460D+05    0.0000000    0.0000000  EM
              2 -0.22907573D+05 ************    0.5767846  EM
              3 -0.22273478D+05  634.0955477    0.0276806  EM
              4 -0.22129344D+05  144.1338635    0.0064711  EM
              5 -0.22082512D+05   46.8320952    0.0021163  EM
              6 -0.22057711D+05   24.8010961    0.0011231  EM
              7 -0.22044405D+05   13.3055887    0.0006032  EM
              8 -0.22036252D+05    8.1526499    0.0003698  EM
              9 -0.22029319D+05    6.9328070    0.0003146  EM
             10 -0.22022441D+05    6.8781645    0.0003122  EM


  FINAL STAGE ITERATIONS


  TECHNICAL 8 OUTPUT FOR STARTING VALUE SET 5




   E STEP  ITER  LOGLIKELIHOOD    ABS CHANGE   REL CHANGE  ALGORITHM
              1 -0.62868396D+05    0.0000000    0.0000000  EM
              2 -0.22952444D+05 ************    0.6349128  EM
              3 -0.22121991D+05  830.4526514    0.0361814  EM
              4 -0.21992841D+05  129.1503210    0.0058381  EM
              5 -0.21920283D+05   72.5572727    0.0032991  EM
              6 -0.21871046D+05   49.2369712    0.0022462  EM
              7 -0.21853676D+05   17.3699761    0.0007942  EM
              8 -0.21845954D+05    7.7219771    0.0003533  EM
              9 -0.21843135D+05    2.8195099    0.0001291  EM
             10 -0.21841851D+05    1.2837817    0.0000588  EM
             11 -0.21841166D+05    0.6851053    0.0000314  EM
             12 -0.21840755D+05    0.4113232    0.0000188  EM
             13 -0.21840478D+05    0.2771785    0.0000127  EM
             14 -0.21840278D+05    0.1994557    0.0000091  EM
             15 -0.21840130D+05    0.1478968    0.0000068  EM
             16 -0.21840019D+05    0.1107399    0.0000051  EM
             17 -0.21839937D+05    0.0828812    0.0000038  EM
             18 -0.21839875D+05    0.0617527    0.0000028  EM
             19 -0.21839829D+05    0.0457241    0.0000021  EM
             20 -0.21839795D+05    0.0336513    0.0000015  EM
             21 -0.21839771D+05    0.0246198    0.0000011  EM
             22 -0.21839753D+05    0.0179134    0.0000008  EM
             23 -0.21839740D+05    0.0129718    0.0000006  EM
             24 -0.21839731D+05    0.0093523    0.0000004  EM
             25 -0.21839724D+05    0.0067178    0.0000003  EM
             26 -0.21839719D+05    0.0048092    0.0000002  EM
             27 -0.21839716D+05    0.0034329    0.0000002  EM
             28 -0.21839713D+05    0.0024425    0.0000001  EM
             29 -0.21839711D+05    0.0017357    0.0000001  EM
             30 -0.21839710D+05    0.0012311    0.0000001  EM
             31 -0.21839709D+05    0.0008719    0.0000000  EM


  TECHNICAL 8 OUTPUT FOR STARTING VALUE SET 14




   E STEP  ITER  LOGLIKELIHOOD    ABS CHANGE   REL CHANGE  ALGORITHM
              1 -0.43277473D+05    0.0000000    0.0000000  EM
              2 -0.23232549D+05 ************    0.4631722  EM
              3 -0.22407482D+05  825.0674261    0.0355134  EM
              4 -0.22284471D+05  123.0111876    0.0054897  EM
              5 -0.22206512D+05   77.9585349    0.0034983  EM
              6 -0.22095309D+05  111.2032232    0.0050077  EM
              7 -0.21971768D+05  123.5414053    0.0055913  EM
              8 -0.21906618D+05   65.1496581    0.0029652  EM
              9 -0.21872599D+05   34.0192760    0.0015529  EM
             10 -0.21851187D+05   21.4120450    0.0009789  EM
             11 -0.21834493D+05   16.6938158    0.0007640  EM
             12 -0.21822926D+05   11.5664196    0.0005297  EM
             13 -0.21816061D+05    6.8654297    0.0003146  EM
             14 -0.21811426D+05    4.6353490    0.0002125  EM
             15 -0.21808793D+05    2.6323432    0.0001207  EM
             16 -0.21807725D+05    1.0686311    0.0000490  EM
             17 -0.21807326D+05    0.3985729    0.0000183  EM
             18 -0.21807172D+05    0.1539642    0.0000071  EM
             19 -0.21807107D+05    0.0649101    0.0000030  EM
             20 -0.21807077D+05    0.0297348    0.0000014  EM
             21 -0.21807063D+05    0.0144807    0.0000007  EM
             22 -0.21807056D+05    0.0073549    0.0000003  EM
             23 -0.21807052D+05    0.0038529    0.0000002  EM
             24 -0.21807050D+05    0.0020688    0.0000001  EM
             25 -0.21807048D+05    0.0011336    0.0000001  EM
             26 -0.21807048D+05    0.0006332    0.0000000  EM


  TECHNICAL 8 OUTPUT FOR STARTING VALUE SET 17




   E STEP  ITER  LOGLIKELIHOOD    ABS CHANGE   REL CHANGE  ALGORITHM
              1 -0.54506918D+05    0.0000000    0.0000000  EM
              2 -0.23487613D+05 ************    0.5690893  EM
              3 -0.22585338D+05  902.2754246    0.0384149  EM
              4 -0.22338357D+05  246.9809857    0.0109355  EM
              5 -0.22165136D+05  173.2209193    0.0077544  EM
              6 -0.22006092D+05  159.0437036    0.0071754  EM
              7 -0.21928678D+05   77.4141500    0.0035179  EM
              8 -0.21900816D+05   27.8616319    0.0012706  EM
              9 -0.21880878D+05   19.9382090    0.0009104  EM
             10 -0.21861917D+05   18.9614977    0.0008666  EM
             11 -0.21844458D+05   17.4583814    0.0007986  EM
             12 -0.21830827D+05   13.6308759    0.0006240  EM
             13 -0.21822588D+05    8.2389473    0.0003774  EM
             14 -0.21818017D+05    4.5708958    0.0002095  EM
             15 -0.21815140D+05    2.8773171    0.0001319  EM
             16 -0.21813174D+05    1.9659767    0.0000901  EM
             17 -0.21811769D+05    1.4055021    0.0000644  EM
             18 -0.21810616D+05    1.1523767    0.0000528  EM
             19 -0.21809469D+05    1.1476467    0.0000526  EM
             20 -0.21808329D+05    1.1400097    0.0000523  EM
             21 -0.21807525D+05    0.8037507    0.0000369  EM
             22 -0.21807184D+05    0.3412929    0.0000157  EM
             23 -0.21807084D+05    0.0999048    0.0000046  EM
             24 -0.21807058D+05    0.0261061    0.0000012  EM
             25 -0.21807050D+05    0.0071410    0.0000003  EM
             26 -0.21807048D+05    0.0021673    0.0000001  EM
             27 -0.21807048D+05    0.0007477    0.0000000  EM


  TECHNICAL 8 OUTPUT FOR STARTING VALUE SET 6




   E STEP  ITER  LOGLIKELIHOOD    ABS CHANGE   REL CHANGE  ALGORITHM
              1 -0.57064259D+05    0.0000000    0.0000000  EM
              2 -0.23395249D+05 ************    0.5900192  EM
              3 -0.22609465D+05  785.7839121    0.0335873  EM
              4 -0.22400675D+05  208.7897796    0.0092346  EM
              5 -0.22201745D+05  198.9302699    0.0088805  EM
              6 -0.22049351D+05  152.3946019    0.0068641  EM
              7 -0.21957152D+05   92.1990615    0.0041815  EM
              8 -0.21924193D+05   32.9581625    0.0015010  EM
              9 -0.21908188D+05   16.0057232    0.0007300  EM
             10 -0.21894034D+05   14.1540184    0.0006461  EM
             11 -0.21877224D+05   16.8091489    0.0007678  EM
             12 -0.21859682D+05   17.5420226    0.0008018  EM
             13 -0.21843193D+05   16.4892562    0.0007543  EM
             14 -0.21830376D+05   12.8173144    0.0005868  EM
             15 -0.21821633D+05    8.7430364    0.0004005  EM
             16 -0.21816060D+05    5.5727433    0.0002554  EM
             17 -0.21813166D+05    2.8940071    0.0001327  EM
             18 -0.21811291D+05    1.8749750    0.0000860  EM
             19 -0.21809754D+05    1.5375943    0.0000705  EM
             20 -0.21808434D+05    1.3193742    0.0000605  EM
             21 -0.21807573D+05    0.8608988    0.0000395  EM
             22 -0.21807210D+05    0.3628726    0.0000166  EM
             23 -0.21807098D+05    0.1127742    0.0000052  EM
             24 -0.21807065D+05    0.0330155    0.0000015  EM
             25 -0.21807054D+05    0.0105719    0.0000005  EM
             26 -0.21807050D+05    0.0038699    0.0000002  EM
             27 -0.21807049D+05    0.0016113    0.0000001  EM
             28 -0.21807048D+05    0.0007439    0.0000000  EM


     Beginning Time:  08:21:40
        Ending Time:  08:21:50
       Elapsed Time:  00:00:10



MUTHEN & MUTHEN
3463 Stoner Ave.
Los Angeles, CA  90066

Tel: (310) 391-9971
Fax: (310) 391-8971
Web: www.StatModel.com
Support: Support@StatModel.com

Copyright (c) 1998-2019 Muthen & Muthen
