Mplus VERSION 8.4 (Mac)
MUTHEN & MUTHEN
04/19/2023   4:16 PM

INPUT INSTRUCTIONS

  TITLE:
  model06: non-parametric model with level-2 factor on latent class indicators
  DATA:
  FILE = "mlpa/mlpa_06.dat";

  VARIABLE:
  NAMES = LCOALT LCONSUL LDEPR LEXCH LINAP LINTEG LLEGTAC LPEAPP LPRESS LRAPER MBULLY
       MCYN MEXH MLCOMM MLDEFF MLGSB MLSSB MLYING MMICRO MSCC MSELFE MSTRESS MWELLB
       TEAMID MRESPNUM ProgrM DuratM MGENDER MAGE MEDU MTENUR_O MTENUR_T MTENUR_F
       MCONTACT MCOVID_B MCOVID_S LRespNr ProgrL DuratL LGENDER LAGE LEDU TENURE_O
       TENURE_T TENURE_F TEAMSIZE LOCATION LCOVID_B LCOVID_S TEAMID_1 id;
   MISSING=.;
   usevar = MLSSB MLGSB MMICRO MLCOMM;
  classes = CB(2) C(6);
  cluster = id;
  between = CB;
  ANALYSIS:
  estimator = mlr;
  type = mixture twolevel;
  starts = 20 10;
  processors = 10;
  MODEL:
  %WITHIN%
  %OVERALL%

  %BETWEEN%
  %OVERALL%
  FU BY MLSSB MLGSB MMICRO MLCOMM;
  [FU@0];
  C on CB;

  MODEL CB:
  %BETWEEN%
  %CB#1%
  [FU@0];
  %CB#2%
  [FU];

  MODEL C:
  %BETWEEN%
  %C#1%
  [MLSSB MLGSB MMICRO MLCOMM];
  %C#2%
  [MLSSB MLGSB MMICRO MLCOMM];
  %C#3%
  [MLSSB MLGSB MMICRO MLCOMM];
  %C#4%
  [MLSSB MLGSB MMICRO MLCOMM];
  %C#5%
  [MLSSB MLGSB MMICRO MLCOMM];
  %C#6%
  [MLSSB MLGSB MMICRO MLCOMM];
  OUTPUT:
  TECH8;



*** WARNING
  One or more individual-level variables have no variation within a
  cluster for the following clusters.

     Variable   Cluster IDs with no within-cluster variation

      MLSSB       175 11 13 196 57 236 241 244 248 252 281 78 320 330 331 364 365 101 368 394
                  426 32 458 478 37 134 305 321 339 14 26 378 27 213 464 496 33 12
      MLGSB       11 282 24 365 368 460 469 126 8 14
      MMICRO      175 11 13 51 205 229 240 66 275 280 80 101 368 32 41 478 488 128 340 342 14
                  25 378 383 389 233 17 36
      MLCOMM      178 196 207 55 217 228 275 280 78 292 88 330 348 364 368 41 120 478 488 305
                  14 83 509 12

   1 WARNING(S) FOUND IN THE INPUT INSTRUCTIONS




model06: non-parametric model with level-2 factor on latent class indicators

SUMMARY OF ANALYSIS

Number of groups                                                 1
Number of observations                                        1560

Number of dependent variables                                    4
Number of independent variables                                  0
Number of continuous latent variables                            1
Number of categorical latent variables                           2

Observed dependent variables

  Continuous
   MLSSB       MLGSB       MMICRO      MLCOMM

Continuous latent variables
   FU

Categorical latent variables
   CB          C

Variables with special functions

  Cluster variable      ID

Estimator                                                      MLR
Information matrix                                        OBSERVED
Optimization Specifications for the Quasi-Newton Algorithm for
Continuous Outcomes
  Maximum number of iterations                                 100
  Convergence criterion                                  0.100D-05
Optimization Specifications for the EM Algorithm
  Maximum number of iterations                                 500
  Convergence criteria
    Loglikelihood change                                 0.100D-02
    Relative loglikelihood change                        0.100D-05
    Derivative                                           0.100D-02
Optimization Specifications for the M step of the EM Algorithm for
Categorical Latent variables
  Number of M step iterations                                    1
  M step convergence criterion                           0.100D-02
  Basis for M step termination                           ITERATION
Optimization Specifications for the M step of the EM Algorithm for
Censored, Binary or Ordered Categorical (Ordinal), Unordered
Categorical (Nominal) and Count Outcomes
  Number of M step iterations                                    1
  M step convergence criterion                           0.100D-02
  Basis for M step termination                           ITERATION
  Maximum value for logit thresholds                            15
  Minimum value for logit thresholds                           -15
  Minimum expected cell size for chi-square              0.100D-01
Maximum number of iterations for H1                           2000
Convergence criterion for H1                             0.100D-03
Optimization algorithm                                         EMA
Integration Specifications
  Type                                                    STANDARD
  Number of integration points                                  15
  Dimensions of numerical integration                            1
  Adaptive quadrature                                           ON
Random Starts Specifications
  Number of initial stage random starts                         20
  Number of final stage optimizations                           10
  Number of initial stage iterations                            10
  Initial stage convergence criterion                    0.100D+01
  Random starts scale                                    0.500D+01
  Random seed for generating random starts                       0
Parameterization                                             LOGIT
Cholesky                                                       OFF

Input data file(s)
  mlpa/mlpa_06.dat
Input data format  FREE


SUMMARY OF DATA

     Number of missing data patterns             2
     Number of y missing data patterns           2
     Number of u missing data patterns           0
     Number of clusters                        519



COVARIANCE COVERAGE OF DATA

Minimum covariance coverage value   0.100


     PROPORTION OF DATA PRESENT FOR Y


           Covariance Coverage
              MLSSB         MLGSB         MMICRO        MLCOMM
              ________      ________      ________      ________
 MLSSB          1.000
 MLGSB          1.000         1.000
 MMICRO         1.000         1.000         1.000
 MLCOMM         0.999         0.999         0.999         0.999



UNIVARIATE SAMPLE STATISTICS


     UNIVARIATE HIGHER-ORDER MOMENT DESCRIPTIVE STATISTICS

         Variable/         Mean/     Skewness/   Minimum/ % with                Percentiles
        Sample Size      Variance    Kurtosis    Maximum  Min/Max      20%/60%    40%/80%    Median

     MLSSB                 1.517       1.738       1.000   34.62%       1.000      1.111      1.222
            1560.000       0.443       3.173       5.000    0.06%       1.444      2.000
     MLGSB                 3.272      -0.242       1.000    1.15%       2.667      3.111      3.222
            1560.000       0.688       0.123       5.000    2.56%       3.444      3.889
     MMICRO                1.857       1.766       1.000   31.54%       1.000      1.286      1.429
            1560.000       1.174       3.322       7.000    0.06%       1.714      2.429
     MLCOMM                3.796      -0.546       1.000    0.13%       3.250      3.750      4.000
            1559.000       0.487       0.000       5.000    3.91%       4.000      4.500

RANDOM STARTS RESULTS RANKED FROM THE BEST TO THE WORST LOGLIKELIHOOD VALUES

Final stage loglikelihood values at local maxima, seeds, and initial stage start numbers:

           -6175.750  93468            3
           -6182.836  637345           19
           -6215.737  415931           10
           -6232.010  27071            15
           -6232.011  253358           2
           -6232.013  851945           18
           -6240.318  650371           14
           -6270.357  195873           6
           -6318.226  939021           8

1 perturbed starting value run(s) did not converge.



     WARNING:  THE BEST LOGLIKELIHOOD VALUE WAS NOT REPLICATED.  THE
     SOLUTION MAY NOT BE TRUSTWORTHY DUE TO LOCAL MAXIMA.  INCREASE THE
     NUMBER OF RANDOM STARTS.

     ONE OR MORE MULTINOMIAL LOGIT PARAMETERS WERE FIXED TO AVOID SINGULARITY
     OF THE INFORMATION MATRIX.  THE SINGULARITY IS MOST LIKELY BECAUSE THE
     MODEL IS NOT IDENTIFIED, OR BECAUSE OF EMPTY CELLS IN THE JOINT
     DISTRIBUTION OF THE CATEGORICAL LATENT VARIABLES AND ANY INDEPENDENT
     VARIABLES.  THE FOLLOWING PARAMETERS WERE FIXED:
     Parameter 44, %BETWEEN%: C#5 ON CB#1


THE MODEL ESTIMATION TERMINATED NORMALLY



MODEL FIT INFORMATION

Number of Free Parameters                       44

Loglikelihood

          H0 Value                       -6175.750
          H0 Scaling Correction Factor      2.0272
            for MLR

Information Criteria

          Akaike (AIC)                   12439.500
          Bayesian (BIC)                 12675.007
          Sample-Size Adjusted BIC       12535.229
            (n* = (n + 2) / 24)



MODEL RESULTS USE THE LATENT CLASS VARIABLE ORDER

   CB  C


FINAL CLASS COUNTS AND PROPORTIONS FOR THE LATENT CLASS PATTERNS
BASED ON ESTIMATED POSTERIOR PROBABILITIES

  Latent Class
    Pattern

    1  1         11.89445          0.00762
    1  2        843.87316          0.54094
    1  3        102.31228          0.06558
    1  4         60.93416          0.03906
    1  5          0.00000          0.00000
    1  6          9.16714          0.00588
    2  1          2.16615          0.00139
    2  2        208.57898          0.13370
    2  3        153.19746          0.09820
    2  4         55.47989          0.03556
    2  5         35.13228          0.02252
    2  6         77.26405          0.04953


FINAL CLASS COUNTS AND PROPORTIONS FOR EACH LATENT CLASS VARIABLE
BASED ON ESTIMATED POSTERIOR PROBABILITIES

  Latent Class
    Variable    Class

    CB             1      1028.18115          0.65909
                   2       531.81885          0.34091
    C              1        14.06060          0.00901
                   2      1052.45215          0.67465
                   3       255.50974          0.16379
                   4       116.41405          0.07462
                   5        35.13229          0.02252
                   6        86.43119          0.05540


FINAL CLASS COUNTS AND PROPORTIONS FOR THE LATENT CLASS PATTERNS
BASED ON THEIR MOST LIKELY LATENT CLASS PATTERN

Class Counts and Proportions

  Latent Class
    Pattern

    1  1               12          0.00769
    1  2              930          0.59615
    1  3              112          0.07179
    1  4               62          0.03974
    1  5                0          0.00000
    1  6                3          0.00192
    2  1                1          0.00064
    2  2              132          0.08462
    2  3              142          0.09103
    2  4               46          0.02949
    2  5               35          0.02244
    2  6               85          0.05449


FINAL CLASS COUNTS AND PROPORTIONS FOR EACH LATENT CLASS VARIABLE
BASED ON THEIR MOST LIKELY LATENT CLASS PATTERN

  Latent Class
    Variable    Class

    CB             1            1119          0.71731
                   2             441          0.28269
    C              1              13          0.00833
                   2            1062          0.68077
                   3             254          0.16282
                   4             108          0.06923
                   5              35          0.02244
                   6              88          0.05641


CLASSIFICATION QUALITY

     Entropy                         0.808


MODEL RESULTS

                                                    Two-Tailed
                    Estimate       S.E.  Est./S.E.    P-Value

Within Level

Latent Class Pattern 1 1

 Variances
    MLSSB              0.081      0.025      3.268      0.001
    MLGSB              0.465      0.020     23.657      0.000
    MMICRO             0.274      0.047      5.810      0.000
    MLCOMM             0.401      0.016     24.383      0.000

Latent Class Pattern 1 2

 Variances
    MLSSB              0.081      0.025      3.268      0.001
    MLGSB              0.465      0.020     23.657      0.000
    MMICRO             0.274      0.047      5.810      0.000
    MLCOMM             0.401      0.016     24.383      0.000

Latent Class Pattern 1 3

 Variances
    MLSSB              0.081      0.025      3.268      0.001
    MLGSB              0.465      0.020     23.657      0.000
    MMICRO             0.274      0.047      5.810      0.000
    MLCOMM             0.401      0.016     24.383      0.000

Latent Class Pattern 1 4

 Variances
    MLSSB              0.081      0.025      3.268      0.001
    MLGSB              0.465      0.020     23.657      0.000
    MMICRO             0.274      0.047      5.810      0.000
    MLCOMM             0.401      0.016     24.383      0.000

Latent Class Pattern 1 5

 Variances
    MLSSB              0.081      0.025      3.268      0.001
    MLGSB              0.465      0.020     23.657      0.000
    MMICRO             0.274      0.047      5.810      0.000
    MLCOMM             0.401      0.016     24.383      0.000

Latent Class Pattern 1 6

 Variances
    MLSSB              0.081      0.025      3.268      0.001
    MLGSB              0.465      0.020     23.657      0.000
    MMICRO             0.274      0.047      5.810      0.000
    MLCOMM             0.401      0.016     24.383      0.000

Latent Class Pattern 2 1

 Variances
    MLSSB              0.081      0.025      3.268      0.001
    MLGSB              0.465      0.020     23.657      0.000
    MMICRO             0.274      0.047      5.810      0.000
    MLCOMM             0.401      0.016     24.383      0.000

Latent Class Pattern 2 2

 Variances
    MLSSB              0.081      0.025      3.268      0.001
    MLGSB              0.465      0.020     23.657      0.000
    MMICRO             0.274      0.047      5.810      0.000
    MLCOMM             0.401      0.016     24.383      0.000

Latent Class Pattern 2 3

 Variances
    MLSSB              0.081      0.025      3.268      0.001
    MLGSB              0.465      0.020     23.657      0.000
    MMICRO             0.274      0.047      5.810      0.000
    MLCOMM             0.401      0.016     24.383      0.000

Latent Class Pattern 2 4

 Variances
    MLSSB              0.081      0.025      3.268      0.001
    MLGSB              0.465      0.020     23.657      0.000
    MMICRO             0.274      0.047      5.810      0.000
    MLCOMM             0.401      0.016     24.383      0.000

Latent Class Pattern 2 5

 Variances
    MLSSB              0.081      0.025      3.268      0.001
    MLGSB              0.465      0.020     23.657      0.000
    MMICRO             0.274      0.047      5.810      0.000
    MLCOMM             0.401      0.016     24.383      0.000

Latent Class Pattern 2 6

 Variances
    MLSSB              0.081      0.025      3.268      0.001
    MLGSB              0.465      0.020     23.657      0.000
    MMICRO             0.274      0.047      5.810      0.000
    MLCOMM             0.401      0.016     24.383      0.000

Between Level

Latent Class Pattern 1 1

 FU       BY
    MLSSB              1.000      0.000    999.000    999.000
    MLGSB             -6.032      3.110     -1.940      0.052
    MMICRO            -0.463      0.763     -0.606      0.544
    MLCOMM            -3.016      1.663     -1.814      0.070

 Means
    FU                 0.000      0.000    999.000    999.000

 Intercepts
    MLSSB              1.776      0.190      9.324      0.000
    MLGSB              2.449      0.361      6.780      0.000
    MMICRO             5.658      0.319     17.716      0.000
    MLCOMM             3.104      0.295     10.515      0.000

 Variances
    FU                 0.004      0.005      0.935      0.350

Latent Class Pattern 1 2

 FU       BY
    MLSSB              1.000      0.000    999.000    999.000
    MLGSB             -6.032      3.110     -1.940      0.052
    MMICRO            -0.463      0.763     -0.606      0.544
    MLCOMM            -3.016      1.663     -1.814      0.070

 Means
    FU                 0.000      0.000    999.000    999.000

 Intercepts
    MLSSB              1.183      0.037     32.206      0.000
    MLGSB              3.406      0.051     66.476      0.000
    MMICRO             1.365      0.020     68.902      0.000
    MLCOMM             3.915      0.034    115.257      0.000

 Variances
    FU                 0.004      0.005      0.935      0.350

Latent Class Pattern 1 3

 FU       BY
    MLSSB              1.000      0.000    999.000    999.000
    MLGSB             -6.032      3.110     -1.940      0.052
    MMICRO            -0.463      0.763     -0.606      0.544
    MLCOMM            -3.016      1.663     -1.814      0.070

 Means
    FU                 0.000      0.000    999.000    999.000

 Intercepts
    MLSSB              2.140      0.125     17.103      0.000
    MLGSB              2.963      0.145     20.398      0.000
    MMICRO             1.914      0.090     21.245      0.000
    MLCOMM             3.534      0.084     41.980      0.000

 Variances
    FU                 0.004      0.005      0.935      0.350

Latent Class Pattern 1 4

 FU       BY
    MLSSB              1.000      0.000    999.000    999.000
    MLGSB             -6.032      3.110     -1.940      0.052
    MMICRO            -0.463      0.763     -0.606      0.544
    MLCOMM            -3.016      1.663     -1.814      0.070

 Means
    FU                 0.000      0.000    999.000    999.000

 Intercepts
    MLSSB              1.490      0.178      8.358      0.000
    MLGSB              3.082      0.165     18.630      0.000
    MMICRO             3.452      0.098     35.336      0.000
    MLCOMM             3.733      0.077     48.749      0.000

 Variances
    FU                 0.004      0.005      0.935      0.350

Latent Class Pattern 1 5

 FU       BY
    MLSSB              1.000      0.000    999.000    999.000
    MLGSB             -6.032      3.110     -1.940      0.052
    MMICRO            -0.463      0.763     -0.606      0.544
    MLCOMM            -3.016      1.663     -1.814      0.070

 Means
    FU                 0.000      0.000    999.000    999.000

 Intercepts
    MLSSB              3.786      0.116     32.523      0.000
    MLGSB              2.453      0.212     11.569      0.000
    MMICRO             5.299      0.640      8.273      0.000
    MLCOMM             3.157      0.136     23.190      0.000

 Variances
    FU                 0.004      0.005      0.935      0.350

Latent Class Pattern 1 6

 FU       BY
    MLSSB              1.000      0.000    999.000    999.000
    MLGSB             -6.032      3.110     -1.940      0.052
    MMICRO            -0.463      0.763     -0.606      0.544
    MLCOMM            -3.016      1.663     -1.814      0.070

 Means
    FU                 0.000      0.000    999.000    999.000

 Intercepts
    MLSSB              2.909      0.323      9.001      0.000
    MLGSB              2.642      0.136     19.366      0.000
    MMICRO             3.473      0.259     13.428      0.000
    MLCOMM             3.250      0.244     13.340      0.000

 Variances
    FU                 0.004      0.005      0.935      0.350

Latent Class Pattern 2 1

 FU       BY
    MLSSB              1.000      0.000    999.000    999.000
    MLGSB             -6.032      3.110     -1.940      0.052
    MMICRO            -0.463      0.763     -0.606      0.544
    MLCOMM            -3.016      1.663     -1.814      0.070

 Means
    FU                -0.024      0.034     -0.711      0.477

 Intercepts
    MLSSB              1.776      0.190      9.324      0.000
    MLGSB              2.449      0.361      6.780      0.000
    MMICRO             5.658      0.319     17.716      0.000
    MLCOMM             3.104      0.295     10.515      0.000

 Variances
    FU                 0.004      0.005      0.935      0.350

Latent Class Pattern 2 2

 FU       BY
    MLSSB              1.000      0.000    999.000    999.000
    MLGSB             -6.032      3.110     -1.940      0.052
    MMICRO            -0.463      0.763     -0.606      0.544
    MLCOMM            -3.016      1.663     -1.814      0.070

 Means
    FU                -0.024      0.034     -0.711      0.477

 Intercepts
    MLSSB              1.183      0.037     32.206      0.000
    MLGSB              3.406      0.051     66.476      0.000
    MMICRO             1.365      0.020     68.902      0.000
    MLCOMM             3.915      0.034    115.257      0.000

 Variances
    FU                 0.004      0.005      0.935      0.350

Latent Class Pattern 2 3

 FU       BY
    MLSSB              1.000      0.000    999.000    999.000
    MLGSB             -6.032      3.110     -1.940      0.052
    MMICRO            -0.463      0.763     -0.606      0.544
    MLCOMM            -3.016      1.663     -1.814      0.070

 Means
    FU                -0.024      0.034     -0.711      0.477

 Intercepts
    MLSSB              2.140      0.125     17.103      0.000
    MLGSB              2.963      0.145     20.398      0.000
    MMICRO             1.914      0.090     21.245      0.000
    MLCOMM             3.534      0.084     41.980      0.000

 Variances
    FU                 0.004      0.005      0.935      0.350

Latent Class Pattern 2 4

 FU       BY
    MLSSB              1.000      0.000    999.000    999.000
    MLGSB             -6.032      3.110     -1.940      0.052
    MMICRO            -0.463      0.763     -0.606      0.544
    MLCOMM            -3.016      1.663     -1.814      0.070

 Means
    FU                -0.024      0.034     -0.711      0.477

 Intercepts
    MLSSB              1.490      0.178      8.358      0.000
    MLGSB              3.082      0.165     18.630      0.000
    MMICRO             3.452      0.098     35.336      0.000
    MLCOMM             3.733      0.077     48.749      0.000

 Variances
    FU                 0.004      0.005      0.935      0.350

Latent Class Pattern 2 5

 FU       BY
    MLSSB              1.000      0.000    999.000    999.000
    MLGSB             -6.032      3.110     -1.940      0.052
    MMICRO            -0.463      0.763     -0.606      0.544
    MLCOMM            -3.016      1.663     -1.814      0.070

 Means
    FU                -0.024      0.034     -0.711      0.477

 Intercepts
    MLSSB              3.786      0.116     32.523      0.000
    MLGSB              2.453      0.212     11.569      0.000
    MMICRO             5.299      0.640      8.273      0.000
    MLCOMM             3.157      0.136     23.190      0.000

 Variances
    FU                 0.004      0.005      0.935      0.350

Latent Class Pattern 2 6

 FU       BY
    MLSSB              1.000      0.000    999.000    999.000
    MLGSB             -6.032      3.110     -1.940      0.052
    MMICRO            -0.463      0.763     -0.606      0.544
    MLCOMM            -3.016      1.663     -1.814      0.070

 Means
    FU                -0.024      0.034     -0.711      0.477

 Intercepts
    MLSSB              2.909      0.323      9.001      0.000
    MLGSB              2.642      0.136     19.366      0.000
    MMICRO             3.473      0.259     13.428      0.000
    MLCOMM             3.250      0.244     13.340      0.000

 Variances
    FU                 0.004      0.005      0.935      0.350

Categorical Latent Variables

Within Level

 Intercepts
    C#1               -3.565      4.195     -0.850      0.395
    C#2                0.993      0.282      3.518      0.000
    C#3                0.684      0.294      2.328      0.020
    C#4               -0.331      0.415     -0.799      0.424
    C#5               -0.789      0.307     -2.567      0.010

Between Level

 C#1        ON
    CB#1               3.825      5.847      0.654      0.513

 C#2        ON
    CB#1               3.530      1.304      2.706      0.007

 C#3        ON
    CB#1               1.729      1.290      1.340      0.180

 C#4        ON
    CB#1               2.227      1.515      1.469      0.142

 C#5        ON
    CB#1             -24.523      0.000    999.000    999.000

 Means
    CB#1               0.549      0.372      1.476      0.140


QUALITY OF NUMERICAL RESULTS

     Condition Number for the Information Matrix              0.403E-05
       (ratio of smallest to largest eigenvalue)


TECHNICAL 8 OUTPUT


  INITIAL STAGE ITERATIONS


  TECHNICAL 8 OUTPUT FOR UNPERTURBED STARTING VALUE SET


   E STEP  ITER  LOGLIKELIHOOD    ABS CHANGE   REL CHANGE  ALGORITHM
              1 -0.87902723D+04    0.0000000    0.0000000  EM
              2 -0.75051715D+04 1285.1007768    0.1461958  EM
              3 -0.69302557D+04  574.9158221    0.0766026  EM
              4 -0.67729877D+04  157.2679787    0.0226930  EM
              5 -0.67222755D+04   50.7122703    0.0074874  EM
              6 -0.66964234D+04   25.8520537    0.0038457  EM
              7 -0.66851018D+04   11.3216311    0.0016907  EM
              8 -0.66797502D+04    5.3516172    0.0008005  EM
              9 -0.66768074D+04    2.9427721    0.0004406  EM
             10 -0.66749005D+04    1.9069216    0.0002856  EM


  TECHNICAL 8 OUTPUT FOR STARTING VALUE SET 1


   E STEP  ITER  LOGLIKELIHOOD    ABS CHANGE   REL CHANGE  ALGORITHM
              1 -0.14085676D+05    0.0000000    0.0000000  EM
              2 -0.74592385D+04 6626.4378241    0.4704380  EM
              3 -0.70931660D+04  366.0725756    0.0490764  EM
              4 -0.69519509D+04  141.2151138    0.0199086  EM
              5 -0.68650323D+04   86.9185409    0.0125028  EM
              6 -0.67964078D+04   68.6245200    0.0099962  EM
              7 -0.67353181D+04   61.0896705    0.0089885  EM
              8 -0.66824692D+04   52.8489238    0.0078465  EM
              9 -0.66388692D+04   43.6000242    0.0065245  EM
             10 -0.66042739D+04   34.5952561    0.0052110  EM


  TECHNICAL 8 OUTPUT FOR STARTING VALUE SET 2


   E STEP  ITER  LOGLIKELIHOOD    ABS CHANGE   REL CHANGE  ALGORITHM
              1 -0.18130552D+05    0.0000000    0.0000000  EM
              2 -0.74725270D+04 ************    0.5878489  EM
              3 -0.68451062D+04  627.4208111    0.0839637  EM
              4 -0.66880786D+04  157.0276334    0.0229401  EM
              5 -0.66348336D+04   53.2449668    0.0079612  EM
              6 -0.66030778D+04   31.7557781    0.0047862  EM
              7 -0.65769327D+04   26.1451012    0.0039595  EM
              8 -0.65567037D+04   20.2290142    0.0030758  EM
              9 -0.65430333D+04   13.6704224    0.0020850  EM
             10 -0.65341645D+04    8.8688319    0.0013555  EM


  FINAL STAGE ITERATIONS


  TECHNICAL 8 OUTPUT FOR STARTING VALUE SET 2




   E STEP  ITER  LOGLIKELIHOOD    ABS CHANGE   REL CHANGE  ALGORITHM
              1 -0.18130552D+05    0.0000000    0.0000000  EM
              2 -0.74725270D+04 ************    0.5878489  EM
              3 -0.68451062D+04  627.4208111    0.0839637  EM
              4 -0.66880786D+04  157.0276334    0.0229401  EM
              5 -0.66348336D+04   53.2449668    0.0079612  EM
              6 -0.66030778D+04   31.7557781    0.0047862  EM
              7 -0.65769327D+04   26.1451012    0.0039595  EM
              8 -0.65567037D+04   20.2290142    0.0030758  EM
              9 -0.65430333D+04   13.6704224    0.0020850  EM
             10 -0.65341645D+04    8.8688319    0.0013555  EM
             11 -0.65281599D+04    6.0045607    0.0009189  EM
             12 -0.65237566D+04    4.4032608    0.0006745  EM
             13 -0.65202544D+04    3.5022601    0.0005368  EM
             14 -0.65172495D+04    3.0048505    0.0004608  EM
             15 -0.65144186D+04    2.8308908    0.0004344  EM
             16 -0.65113357D+04    3.0829004    0.0004732  EM
             17 -0.65078936D+04    3.4421416    0.0005286  EM
             18 -0.65044755D+04    3.4180644    0.0005252  EM
             19 -0.65012909D+04    3.1846055    0.0004896  EM
             20 -0.64984723D+04    2.8186005    0.0004335  EM
             21 -0.64960451D+04    2.4272060    0.0003735  EM
             22 -0.64939329D+04    2.1121736    0.0003251  EM
             23 -0.64920232D+04    1.9097674    0.0002941  EM
             24 -0.64902134D+04    1.8098260    0.0002788  EM
             25 -0.64884229D+04    1.7904490    0.0002759  EM
             26 -0.64865897D+04    1.8332433    0.0002825  EM
             27 -0.64846629D+04    1.9267160    0.0002970  EM
             28 -0.64825967D+04    2.0662587    0.0003186  EM
             29 -0.64803436D+04    2.2530709    0.0003476  EM
             30 -0.64778511D+04    2.4924831    0.0003846  EM
             31 -0.64750587D+04    2.7924567    0.0004311  EM
             32 -0.64718955D+04    3.1631499    0.0004885  EM
             33 -0.64682772D+04    3.6183202    0.0005591  EM
             34 -0.64640977D+04    4.1795242    0.0006462  EM
             35 -0.64592155D+04    4.8821574    0.0007553  EM
             36 -0.64534513D+04    5.7642476    0.0008924  EM
             37 -0.64466757D+04    6.7755765    0.0010499  EM
             38 -0.64390178D+04    7.6578941    0.0011879  EM
             39 -0.64308734D+04    8.1443715    0.0012648  EM
             40 -0.64226730D+04    8.2004056    0.0012752  EM
             41 -0.64147798D+04    7.8932199    0.0012290  EM
             42 -0.64074777D+04    7.3020979    0.0011383  EM
             43 -0.64009479D+04    6.5298345    0.0010191  EM
             44 -0.63952474D+04    5.7004718    0.0008906  EM
             45 -0.63903245D+04    4.9229216    0.0007698  EM
             46 -0.63860791D+04    4.2453798    0.0006643  EM
             47 -0.63824089D+04    3.6702001    0.0005747  EM
             48 -0.63792321D+04    3.1767550    0.0004977  EM
             49 -0.63764974D+04    2.7347454    0.0004287  EM
             50 -0.63741523D+04    2.3450591    0.0003678  EM
             51 -0.63721443D+04    2.0080484    0.0003150  EM
             52 -0.63704238D+04    1.7204538    0.0002700  EM
             53 -0.63689434D+04    1.4804438    0.0002324  EM
             54 -0.63676586D+04    1.2847648    0.0002017  EM
             55 -0.63665296D+04    1.1290723    0.0001773  EM
             56 -0.63655210D+04    1.0085732    0.0001584  EM
             57 -0.63646022D+04    0.9187977    0.0001443  EM
             58 -0.63637459D+04    0.8563123    0.0001345  EM
             59 -0.63629266D+04    0.8192809    0.0001287  EM
             60 -0.63621186D+04    0.8079845    0.0001270  EM
             61 -0.63612930D+04    0.8256428    0.0001298  EM
             62 -0.63604128D+04    0.8802186    0.0001384  EM
             63 -0.63594249D+04    0.9879007    0.0001553  EM
             64 -0.63586510D+04    0.7738425    0.0001217  QN
             65 -0.63571155D+04    1.5354773    0.0002415  EM
             66 -0.63556333D+04    1.4822801    0.0002332  EM
             67 -0.63539674D+04    1.6658278    0.0002621  EM
             68 -0.63523142D+04    1.6532280    0.0002602  EM
             69 -0.63508742D+04    1.4400086    0.0002267  EM
             70 -0.63497313D+04    1.1429220    0.0001800  EM
             71 -0.63488827D+04    0.8486063    0.0001336  EM
             72 -0.63482776D+04    0.6050197    0.0000953  EM
             73 -0.63478517D+04    0.4259210    0.0000671  EM
             74 -0.63475479D+04    0.3037921    0.0000479  EM
             75 -0.63473240D+04    0.2239069    0.0000353  EM
             76 -0.63471515D+04    0.1724756    0.0000272  EM
             77 -0.63470123D+04    0.1392650    0.0000219  EM
             78 -0.63468948D+04    0.1174757    0.0000185  EM
             79 -0.63467920D+04    0.1028338    0.0000162  EM
             80 -0.63466992D+04    0.0927190    0.0000146  EM
             81 -0.63466137D+04    0.0855365    0.0000135  EM
             82 -0.63465334D+04    0.0803130    0.0000127  EM
             83 -0.63464570D+04    0.0764469    0.0000120  EM
             84 -0.63463834D+04    0.0735592    0.0000116  EM
             85 -0.63463120D+04    0.0714076    0.0000113  EM
             86 -0.63462422D+04    0.0698326    0.0000110  EM
             87 -0.63461734D+04    0.0687263    0.0000108  EM
             88 -0.63461054D+04    0.0679941    0.0000107  EM
             89 -0.63460378D+04    0.0676518    0.0000107  EM
             90 -0.63459702D+04    0.0675718    0.0000106  EM
             91 -0.63459024D+04    0.0677655    0.0000107  EM
             92 -0.63458342D+04    0.0682082    0.0000107  EM
             93 -0.63457654D+04    0.0688818    0.0000109  EM
             94 -0.63456956D+04    0.0697729    0.0000110  EM
             95 -0.63456247D+04    0.0708717    0.0000112  EM
             96 -0.63455525D+04    0.0721714    0.0000114  EM
             97 -0.63454789D+04    0.0736677    0.0000116  EM
             98 -0.63454035D+04    0.0753585    0.0000119  EM
             99 -0.63453263D+04    0.0772438    0.0000122  EM
            100 -0.63452469D+04    0.0793253    0.0000125  EM
            101 -0.63451653D+04    0.0816065    0.0000129  EM
            102 -0.63450812D+04    0.0840926    0.0000133  EM
            103 -0.63449945D+04    0.0867903    0.0000137  EM
            104 -0.63449048D+04    0.0896889    0.0000141  EM
            105 -0.63448119D+04    0.0928540    0.0000146  EM
            106 -0.63447157D+04    0.0962414    0.0000152  EM
            107 -0.63446158D+04    0.0998820    0.0000157  EM
            108 -0.63445120D+04    0.1037895    0.0000164  EM
            109 -0.63444040D+04    0.1079792    0.0000170  EM
            110 -0.63442915D+04    0.1124676    0.0000177  EM
            111 -0.63441743D+04    0.1172720    0.0000185  EM
            112 -0.63440519D+04    0.1224109    0.0000193  EM
            113 -0.63427848D+04    1.2670990    0.0001997  QN
            114 -0.63417259D+04    1.0588363    0.0001669  EM
            115 -0.63411691D+04    0.5567857    0.0000878  EM
            116 -0.63407034D+04    0.4657366    0.0000734  EM
            117 -0.63402870D+04    0.4164265    0.0000657  EM
            118 -0.63399007D+04    0.3863311    0.0000609  EM
            119 -0.63395339D+04    0.3667979    0.0000579  EM
            120 -0.63391807D+04    0.3531394    0.0000557  EM
            121 -0.63388382D+04    0.3425643    0.0000540  EM
            122 -0.63385047D+04    0.3334127    0.0000526  EM
            123 -0.63381800D+04    0.3247218    0.0000512  EM
            124 -0.63378641D+04    0.3159538    0.0000498  EM
            125 -0.63368893D+04    0.9748005    0.0001538  QN
            126 -0.63359502D+04    0.9391096    0.0001482  EM
            127 -0.63356293D+04    0.3208565    0.0000506  EM
            128 -0.63353806D+04    0.2487382    0.0000393  EM
            129 -0.63351652D+04    0.2153229    0.0000340  EM
            130 -0.63349697D+04    0.1955254    0.0000309  EM
            131 -0.63347869D+04    0.1827840    0.0000289  EM
            132 -0.63346120D+04    0.1749617    0.0000276  EM
            133 -0.63344405D+04    0.1714675    0.0000271  EM
            134 -0.63342679D+04    0.1725837    0.0000272  EM
            135 -0.63340885D+04    0.1794419    0.0000283  EM
            136 -0.63338940D+04    0.1944332    0.0000307  EM
            137 -0.63336718D+04    0.2222694    0.0000351  EM
            138 -0.63333993D+04    0.2724944    0.0000430  EM
            139 -0.63330337D+04    0.3655391    0.0000577  EM
            140 -0.63313166D+04    1.7171021    0.0002711  FS
            141 -0.63247233D+04    6.5933176    0.0010414  EM
            142 -0.63196734D+04    5.0499432    0.0007984  EM
            143 -0.63161904D+04    3.4829791    0.0005511  EM
            144 -0.63117213D+04    4.4691060    0.0007076  EM
            145 -0.63035224D+04    8.1988550    0.0012990  EM
            146 -0.62962796D+04    7.2428716    0.0011490  EM
            147 -0.62926136D+04    3.6659784    0.0005822  EM
            148 -0.62901395D+04    2.4741052    0.0003932  EM
            149 -0.62878834D+04    2.2561016    0.0003587  EM
            150 -0.62854528D+04    2.4305377    0.0003865  EM
            151 -0.62825703D+04    2.8825428    0.0004586  EM
            152 -0.62790823D+04    3.4880229    0.0005552  EM
            153 -0.62750140D+04    4.0683211    0.0006479  EM
            154 -0.62704368D+04    4.5771203    0.0007294  EM
            155 -0.62654100D+04    5.0268514    0.0008017  EM
            156 -0.62601430D+04    5.2669679    0.0008406  EM
            157 -0.62550745D+04    5.0684937    0.0008096  EM
            158 -0.62506428D+04    4.4317476    0.0007085  EM
            159 -0.62470229D+04    3.6198507    0.0005791  EM
            160 -0.62441517D+04    2.8712478    0.0004596  EM
            161 -0.62418777D+04    2.2739440    0.0003642  EM
            162 -0.62400600D+04    1.8177185    0.0002912  EM
            163 -0.62385955D+04    1.4644892    0.0002347  EM
            164 -0.62374123D+04    1.1831877    0.0001897  EM
            165 -0.62364569D+04    0.9553981    0.0001532  EM
            166 -0.62356860D+04    0.7709681    0.0001236  EM
            167 -0.62350627D+04    0.6232775    0.0001000  EM
            168 -0.62345561D+04    0.5065822    0.0000812  EM
            169 -0.62341409D+04    0.4151927    0.0000666  EM
            170 -0.62337973D+04    0.3436020    0.0000551  EM
            171 -0.62335104D+04    0.2868741    0.0000460  EM
            172 -0.62332695D+04    0.2409726    0.0000387  EM
            173 -0.62330665D+04    0.2029148    0.0000326  EM
            174 -0.62328958D+04    0.1707405    0.0000274  EM
            175 -0.62327526D+04    0.1432499    0.0000230  EM
            176 -0.62326328D+04    0.1197489    0.0000192  EM
            177 -0.62325330D+04    0.0997750    0.0000160  EM
            178 -0.62324501D+04    0.0829427    0.0000133  EM
            179 -0.62323812D+04    0.0688787    0.0000111  EM
            180 -0.62323240D+04    0.0572118    0.0000092  EM
            181 -0.62322764D+04    0.0475832    0.0000076  EM
            182 -0.62322368D+04    0.0396619    0.0000064  EM
            183 -0.62322036D+04    0.0331538    0.0000053  EM
            184 -0.62321758D+04    0.0278055    0.0000045  EM
            185 -0.62321524D+04    0.0234037    0.0000038  EM
            186 -0.62321326D+04    0.0197718    0.0000032  EM
            187 -0.62321159D+04    0.0167654    0.0000027  EM
            188 -0.62321016D+04    0.0142676    0.0000023  EM
            189 -0.62320894D+04    0.0121837    0.0000020  EM
            190 -0.62320790D+04    0.0104381    0.0000017  EM
            191 -0.62320700D+04    0.0089697    0.0000014  EM
            192 -0.62320509D+04    0.0191041    0.0000031  FS
            193 -0.62320227D+04    0.0281764    0.0000045  EM
            194 -0.62320174D+04    0.0053580    0.0000009  EM
            195 -0.62320147D+04    0.0026208    0.0000004  EM
            196 -0.62320131D+04    0.0016008    0.0000003  EM
            197 -0.62320121D+04    0.0010665    0.0000002  EM
            198 -0.62320113D+04    0.0007385    0.0000001  EM


     Beginning Time:  16:16:00
        Ending Time:  16:16:34
       Elapsed Time:  00:00:34



MUTHEN & MUTHEN
3463 Stoner Ave.
Los Angeles, CA  90066

Tel: (310) 391-9971
Fax: (310) 391-8971
Web: www.StatModel.com
Support: Support@StatModel.com

Copyright (c) 1998-2019 Muthen & Muthen
