Mplus VERSION 8.4 (Mac)
MUTHEN & MUTHEN
04/19/2023  11:10 AM

INPUT INSTRUCTIONS

  TITLE:
  Multilevel LPA
  DATA:
  FILE = "mlpa/mlpa_02.dat";

  VARIABLE:
  NAMES = LCOALT LCONSUL LDEPR LEXCH LINAP LINTEG LLEGTAC LPEAPP LPRESS LRAPER MBULLY
       MCYN MEXH MLCOMM MLDEFF MLGSB MLSSB MLYING MMICRO MSCC MSELFE MSTRESS MWELLB
       TEAMID MRESPNUM ProgrM DuratM MGENDER MAGE MEDU MTENUR_O MTENUR_T MTENUR_F
       MCONTACT MCOVID_B MCOVID_S LRespNr ProgrL DuratL LGENDER LAGE LEDU TENURE_O
       TENURE_T TENURE_F TEAMSIZE LOCATION LCOVID_B LCOVID_S TEAMID_1 id;
   MISSING=.;
   usevar = MLSSB MLGSB MMICRO MLCOMM;
  classes = c(6);
  cluster = id;
  within = MLSSB MLGSB MMICRO MLCOMM;
  ANALYSIS:
  estimator = mlr;
  type = mixture twolevel;
  starts = 0;
  MODEL:
  MODEL:
  %BETWEEN%
  %OVERALL%
  c#1;
  %WITHIN%
  %C#1%
  [MLSSB@1.151 MLGSB@3.437 MMICRO@1.377 MLCOMM@3.934];
  MLSSB@0.054 MLGSB@0.617 MMICRO@0.350 MLCOMM@0.442;
  %C#2%
  [MLSSB@2.011 MLGSB@3.080 MMICRO@1.916 MLCOMM@3.600];
  MLSSB@0.054 MLGSB@0.617 MMICRO@0.350 MLCOMM@0.442;
  %C#3%
  [MLSSB@3.786 MLGSB@2.568 MMICRO@5.128 MLCOMM@3.190];
  MLSSB@0.054 MLGSB@0.617 MMICRO@0.350 MLCOMM@0.442;
  %C#4%
  [MLSSB@2.990 MLGSB@2.686 MMICRO@2.829 MLCOMM@3.351];
  MLSSB@0.054 MLGSB@0.617 MMICRO@0.350 MLCOMM@0.442;
  %C#5%
  [MLSSB@1.286 MLGSB@3.296 MMICRO@3.638 MLCOMM@3.793];
  MLSSB@0.054 MLGSB@0.617 MMICRO@0.350 MLCOMM@0.442;
  %C#6%
  [MLSSB@2.205 MLGSB@2.573 MMICRO@4.328 MLCOMM@3.365];
  MLSSB@0.054 MLGSB@0.617 MMICRO@0.350 MLCOMM@0.442;
  OUTPUT:
  TECH8;



*** WARNING in MODEL command
  Variable is uncorrelated with all other variables within class: MLSSB
*** WARNING in MODEL command
  Variable is uncorrelated with all other variables within class: MLGSB
*** WARNING in MODEL command
  Variable is uncorrelated with all other variables within class: MMICRO
*** WARNING in MODEL command
  Variable is uncorrelated with all other variables within class: MLCOMM
*** WARNING in MODEL command
  At least one variable is uncorrelated with all other variables within class.
  Check that this is what is intended.
*** WARNING
  One or more individual-level variables have no variation within a
  cluster for the following clusters.

     Variable   Cluster IDs with no within-cluster variation

      MLSSB       175 11 13 196 57 236 241 244 248 252 281 78 320 330 331 364 365 101 368 394
                  426 32 458 478 37 134 305 321 339 14 26 378 27 213 464 496 33 12
      MLGSB       11 282 24 365 368 460 469 126 8 14
      MMICRO      175 11 13 51 205 229 240 66 275 280 80 101 368 32 41 478 488 128 340 342 14
                  25 378 383 389 233 17 36
      MLCOMM      178 196 207 55 217 228 275 280 78 292 88 330 348 364 368 41 120 478 488 305
                  14 83 509 12

   6 WARNING(S) FOUND IN THE INPUT INSTRUCTIONS




Multilevel LPA

SUMMARY OF ANALYSIS

Number of groups                                                 1
Number of observations                                        1560

Number of dependent variables                                    4
Number of independent variables                                  0
Number of continuous latent variables                            0
Number of categorical latent variables                           1

Observed dependent variables

  Continuous
   MLSSB       MLGSB       MMICRO      MLCOMM

Categorical latent variables
   C

Variables with special functions

  Cluster variable      ID

  Within variables
   MLSSB       MLGSB       MMICRO      MLCOMM


Estimator                                                      MLR
Information matrix                                        OBSERVED
Optimization Specifications for the Quasi-Newton Algorithm for
Continuous Outcomes
  Maximum number of iterations                                 100
  Convergence criterion                                  0.100D-05
Optimization Specifications for the EM Algorithm
  Maximum number of iterations                                 500
  Convergence criteria
    Loglikelihood change                                 0.100D-02
    Relative loglikelihood change                        0.100D-05
    Derivative                                           0.100D-02
Optimization Specifications for the M step of the EM Algorithm for
Categorical Latent variables
  Number of M step iterations                                    1
  M step convergence criterion                           0.100D-02
  Basis for M step termination                           ITERATION
Optimization Specifications for the M step of the EM Algorithm for
Censored, Binary or Ordered Categorical (Ordinal), Unordered
Categorical (Nominal) and Count Outcomes
  Number of M step iterations                                    1
  M step convergence criterion                           0.100D-02
  Basis for M step termination                           ITERATION
  Maximum value for logit thresholds                            15
  Minimum value for logit thresholds                           -15
  Minimum expected cell size for chi-square              0.100D-01
Maximum number of iterations for H1                           2000
Convergence criterion for H1                             0.100D-03
Optimization algorithm                                         EMA
Integration Specifications
  Type                                                    STANDARD
  Number of integration points                                  15
  Dimensions of numerical integration                            1
  Adaptive quadrature                                           ON
Cholesky                                                       OFF

Input data file(s)
  mlpa/mlpa_02.dat
Input data format  FREE


SUMMARY OF DATA

     Number of missing data patterns             2
     Number of y missing data patterns           2
     Number of u missing data patterns           0
     Number of clusters                        519



COVARIANCE COVERAGE OF DATA

Minimum covariance coverage value   0.100


     PROPORTION OF DATA PRESENT FOR Y


           Covariance Coverage
              MLSSB         MLGSB         MMICRO        MLCOMM
              ________      ________      ________      ________
 MLSSB          1.000
 MLGSB          1.000         1.000
 MMICRO         1.000         1.000         1.000
 MLCOMM         0.999         0.999         0.999         0.999



UNIVARIATE SAMPLE STATISTICS


     UNIVARIATE HIGHER-ORDER MOMENT DESCRIPTIVE STATISTICS

         Variable/         Mean/     Skewness/   Minimum/ % with                Percentiles
        Sample Size      Variance    Kurtosis    Maximum  Min/Max      20%/60%    40%/80%    Median

     MLSSB                 1.517       1.738       1.000   34.62%       1.000      1.111      1.222
            1560.000       0.443       3.173       5.000    0.06%       1.444      2.000
     MLGSB                 3.272      -0.242       1.000    1.15%       2.667      3.111      3.222
            1560.000       0.688       0.123       5.000    2.56%       3.444      3.889
     MMICRO                1.857       1.766       1.000   31.54%       1.000      1.286      1.429
            1560.000       1.174       3.322       7.000    0.06%       1.714      2.429
     MLCOMM                3.796      -0.546       1.000    0.13%       3.250      3.750      4.000
            1559.000       0.487       0.000       5.000    3.91%       4.000      4.500


THE MODEL ESTIMATION TERMINATED NORMALLY



MODEL FIT INFORMATION

Number of Free Parameters                        6

Loglikelihood

          H0 Value                       -6252.030
          H0 Scaling Correction Factor      1.0510
            for MLR

Information Criteria

          Akaike (AIC)                   12516.059
          Bayesian (BIC)                 12548.174
          Sample-Size Adjusted BIC       12529.113
            (n* = (n + 2) / 24)



FINAL CLASS COUNTS AND PROPORTIONS FOR THE LATENT CLASSES
BASED ON ESTIMATED POSTERIOR PROBABILITIES

    Latent
   Classes

       1       1014.59831          0.65038
       2        299.09511          0.19173
       3         38.37818          0.02460
       4         78.82000          0.05053
       5         76.28520          0.04890
       6         52.82318          0.03386


FINAL CLASS COUNTS AND PROPORTIONS FOR THE LATENT CLASSES
BASED ON THEIR MOST LIKELY LATENT CLASS MEMBERSHIP

Class Counts and Proportions

    Latent
   Classes

       1             1025          0.65705
       2              295          0.18910
       3               38          0.02436
       4               78          0.05000
       5               72          0.04615
       6               52          0.03333


CLASSIFICATION QUALITY

     Entropy                         0.933


Classification Probabilities for the Most Likely Latent Class Membership (Column)
by Latent Class (Row)

           1        2        3        4        5        6

    1   0.982    0.014    0.000    0.000    0.004    0.000
    2   0.072    0.902    0.000    0.011    0.007    0.008
    3   0.000    0.000    0.965    0.033    0.000    0.002
    4   0.000    0.056    0.012    0.915    0.000    0.017
    5   0.091    0.040    0.000    0.000    0.849    0.020
    6   0.000    0.073    0.000    0.028    0.018    0.881


Logits for the Classification Probabilities for the Most Likely Latent Class Membership (Column)
by Latent Class (Row)

              1        2        3        4        5        6

    1     13.798    9.523    0.000    0.000    8.303    0.000
    2      2.148    4.681   -9.031    0.234   -0.129    0.000
    3     -7.823   -7.823    5.957    2.581   -7.823    0.000
    4     -9.742    1.187   -0.326    3.984   -9.742    0.000
    5      1.506    0.684   -9.914   -9.914    3.737    0.000
    6    -10.458   -2.491   -8.017   -3.460   -3.869    0.000


MODEL RESULTS

                                                    Two-Tailed
                    Estimate       S.E.  Est./S.E.    P-Value

Within Level

Latent Class 1

 Means
    MLSSB              1.151      0.000    999.000    999.000
    MLGSB              3.437      0.000    999.000    999.000
    MMICRO             1.377      0.000    999.000    999.000
    MLCOMM             3.934      0.000    999.000    999.000

 Variances
    MLSSB              0.054      0.000    999.000    999.000
    MLGSB              0.617      0.000    999.000    999.000
    MMICRO             0.350      0.000    999.000    999.000
    MLCOMM             0.442      0.000    999.000    999.000

Latent Class 2

 Means
    MLSSB              2.011      0.000    999.000    999.000
    MLGSB              3.080      0.000    999.000    999.000
    MMICRO             1.916      0.000    999.000    999.000
    MLCOMM             3.600      0.000    999.000    999.000

 Variances
    MLSSB              0.054      0.000    999.000    999.000
    MLGSB              0.617      0.000    999.000    999.000
    MMICRO             0.350      0.000    999.000    999.000
    MLCOMM             0.442      0.000    999.000    999.000

Latent Class 3

 Means
    MLSSB              3.786      0.000    999.000    999.000
    MLGSB              2.568      0.000    999.000    999.000
    MMICRO             5.128      0.000    999.000    999.000
    MLCOMM             3.190      0.000    999.000    999.000

 Variances
    MLSSB              0.054      0.000    999.000    999.000
    MLGSB              0.617      0.000    999.000    999.000
    MMICRO             0.350      0.000    999.000    999.000
    MLCOMM             0.442      0.000    999.000    999.000

Latent Class 4

 Means
    MLSSB              2.990      0.000    999.000    999.000
    MLGSB              2.686      0.000    999.000    999.000
    MMICRO             2.829      0.000    999.000    999.000
    MLCOMM             3.351      0.000    999.000    999.000

 Variances
    MLSSB              0.054      0.000    999.000    999.000
    MLGSB              0.617      0.000    999.000    999.000
    MMICRO             0.350      0.000    999.000    999.000
    MLCOMM             0.442      0.000    999.000    999.000

Latent Class 5

 Means
    MLSSB              1.286      0.000    999.000    999.000
    MLGSB              3.296      0.000    999.000    999.000
    MMICRO             3.638      0.000    999.000    999.000
    MLCOMM             3.793      0.000    999.000    999.000

 Variances
    MLSSB              0.054      0.000    999.000    999.000
    MLGSB              0.617      0.000    999.000    999.000
    MMICRO             0.350      0.000    999.000    999.000
    MLCOMM             0.442      0.000    999.000    999.000

Latent Class 6

 Means
    MLSSB              2.205      0.000    999.000    999.000
    MLGSB              2.573      0.000    999.000    999.000
    MMICRO             4.328      0.000    999.000    999.000
    MLCOMM             3.365      0.000    999.000    999.000

 Variances
    MLSSB              0.054      0.000    999.000    999.000
    MLGSB              0.617      0.000    999.000    999.000
    MMICRO             0.350      0.000    999.000    999.000
    MLCOMM             0.442      0.000    999.000    999.000

Between Level

Categorical Latent Variables

Within Level

 Means
    C#1                3.064      0.174     17.615      0.000
    C#2                1.734      0.176      9.866      0.000
    C#3               -0.319      0.234     -1.366      0.172
    C#4                0.400      0.202      1.986      0.047
    C#5                0.368      0.196      1.874      0.061

Between Level

 Variances
    C#1                1.335      0.308      4.332      0.000


QUALITY OF NUMERICAL RESULTS

     Condition Number for the Information Matrix              0.216E-01
       (ratio of smallest to largest eigenvalue)


TECHNICAL 8 OUTPUT


   E STEP  ITER  LOGLIKELIHOOD    ABS CHANGE   REL CHANGE  ALGORITHM
              1 -0.72429919D+04    0.0000000    0.0000000  EM
              2 -0.63525400D+04  890.4519481    0.1229398  EM
              3 -0.62769223D+04   75.6176914    0.0119035  EM
              4 -0.62756942D+04    1.2281502    0.0001957  EM
              5 -0.62755848D+04    0.1093639    0.0000174  EM
              6 -0.62755145D+04    0.0702596    0.0000112  EM
              7 -0.62754439D+04    0.0706303    0.0000113  EM
              8 -0.62753715D+04    0.0724422    0.0000115  EM
              9 -0.62752971D+04    0.0743674    0.0000119  EM
             10 -0.62752207D+04    0.0763636    0.0000122  EM
             11 -0.62751423D+04    0.0784320    0.0000125  EM
             12 -0.62750617D+04    0.0805758    0.0000128  EM
             13 -0.62749789D+04    0.0827982    0.0000132  EM
             14 -0.62748938D+04    0.0851025    0.0000136  EM
             15 -0.62748063D+04    0.0874923    0.0000139  EM
             16 -0.62747164D+04    0.0899711    0.0000143  EM
             17 -0.62746238D+04    0.0925429    0.0000147  EM
             18 -0.62745286D+04    0.0952116    0.0000152  EM
             19 -0.62744306D+04    0.0979814    0.0000156  EM
             20 -0.62743298D+04    0.1008565    0.0000161  EM
             21 -0.62742259D+04    0.1038414    0.0000166  EM
             22 -0.62741190D+04    0.1069408    0.0000170  EM
             23 -0.62740088D+04    0.1101595    0.0000176  EM
             24 -0.62738953D+04    0.1135024    0.0000181  EM
             25 -0.62737783D+04    0.1169748    0.0000186  EM
             26 -0.62736578D+04    0.1205819    0.0000192  EM
             27 -0.62735334D+04    0.1243291    0.0000198  EM
             28 -0.62734052D+04    0.1282222    0.0000204  EM
             29 -0.62732729D+04    0.1322668    0.0000211  EM
             30 -0.62731365D+04    0.1364687    0.0000218  EM
             31 -0.62729956D+04    0.1408340    0.0000225  EM
             32 -0.62728503D+04    0.1453687    0.0000232  EM
             33 -0.62727002D+04    0.1500787    0.0000239  EM
             34 -0.62725452D+04    0.1549703    0.0000247  EM
             35 -0.62723852D+04    0.1600493    0.0000255  EM
             36 -0.62722199D+04    0.1653217    0.0000264  EM
             37 -0.62582908D+04   13.9290182    0.0022207  FS
             38 -0.62528936D+04    5.3972847    0.0008624  FS
             39 -0.62520883D+04    0.8052942    0.0001288  FS
             40 -0.62520337D+04    0.0545898    0.0000087  FS
             41 -0.62520299D+04    0.0037983    0.0000006  FS
             42 -0.62520296D+04    0.0002781    0.0000000  FS


     Beginning Time:  11:10:08
        Ending Time:  11:10:10
       Elapsed Time:  00:00:02



MUTHEN & MUTHEN
3463 Stoner Ave.
Los Angeles, CA  90066

Tel: (310) 391-9971
Fax: (310) 391-8971
Web: www.StatModel.com
Support: Support@StatModel.com

Copyright (c) 1998-2019 Muthen & Muthen
