  -6743.54998351167            27071          15
  -6468.07038662131            76974          16
  -6305.05501066734            76974          16
  9.976067673662521E-002
  0.455226025865370     
  0.353120124489304     
  0.330620389312902     
   1.20756150446613     
   2.93974413217678     
   1.39897090243951     
   2.71052679093771     
  -3.55621010591551     
  0.437955319844274     
  -1.77088992646970     
  1.066516522650703E-002
  1.190684104964052E-002
  0.389749795864623     
   1.21391023231981     
   2.93943845650410     
   1.30343836250579     
   3.92270385814297     
   1.21110470828348     
   3.62938605566023     
   1.43811651130956     
   4.04107756022965     
   2.28865099200519     
   2.89006146991604     
   2.16510540743942     
   3.45982378075426     
   1.56675628635752     
   3.08409861936391     
   3.90120553334995     
   3.68087312808987     
   3.41085733679856     
   2.71919162012315     
   4.54522482793215     
   3.24556656525212     
  -10.0412179054012     
   2.59458922718994     
  -2.13984196848433     
   1.21007243951796     
  3.667187006563738E-002
  -4.36393791408814     
   2.01566463692225     
  0.685929651866100     
  0.383525535960942     
         110
           0
           1
  8.973947153319679E-003  0.807487501268782     
 -0.539999335626468       0.505515083734909     
  0.121436570353615       0.868388969223467     
 -0.272229327002214        1.19593648435351     
 -0.416916048379339       0.840251062372842     
  0.339237495360473       0.995773030257379     
  -1.00094514383151       0.823354345916150     
  0.546688826158755       0.864354096612188     
 -8.419316219344783E-002  0.845041514933444     
  0.239482436675887        1.04914489406206     
  0.855033516325140       0.814207342466779     
  4.027811216069253E-002  0.696902161972412     
 -0.100095645687626       0.810907762753917     
 -0.522042202135599       0.507352804797065     
  0.184603525090373       0.905930426083298     
 -8.185563792012321E-002   1.07991596871696     
  0.914253839049490       0.890880607646871     
 -0.345034046636524        1.19466404331382     
  0.658867950570605       0.866889944191249     
 -7.041951058022965E-002  0.725866718665352     
  -1.22510699645269       0.825595627953454     
  0.543801092847355       0.879175964465720     
   1.07180416065593       0.963539051279780     
 -0.321517289354492        1.12514717027407     
  3.153780600901319E-002  0.845805483112496     
  0.276540478032713        1.02147974378435     
  0.540299179470739       0.899768411878060     
  6.812834058861751E-002   1.09671375369284     
  0.111775769256616       0.864988866858508     
  0.122810567733613        1.09113136812161     
  0.132938512544337       0.986168041699372     
  0.137759047385135       0.874184703335785     
  0.524173552753749       0.892315691444936     
 -0.269511563335096        1.16277699624811     
 -0.250142201383243       0.876651256951707     
  0.362230199940443       0.922597860077059     
  0.519680925264235       0.977357756865029     
  0.132522204324756       0.961851327228183     
 -0.761192741711792       0.807885144198493     
 -6.525991196193053E-002  0.589206126836486     
 -0.235307064326538        1.04745399037917     
 -0.223563245005294       0.757987260991901     
 -0.315387722646385       0.844809832975533     
  0.246640729313431        1.05127467325646     
  -1.12698926266450       0.824489111790472     
  0.545644005140256       0.872341726295851     
 -0.487938986966955       0.843399010937424     
  0.283690935249002        1.03358654557038     
   1.16707109279108       0.809250347656989     
  2.126962915863382E-002  0.700026251556155     
  -1.22510699645269       0.825595627953454     
  0.543801092847355       0.879175964465720     
 -0.502622274531755       0.849646778973003     
  0.207547999110932        1.07674377917294     
  -1.25801026385414       0.869487699192955     
  0.323743304972537       0.683243708934354     
 -0.284821358688370       0.841404389648749     
  0.293849689172798        1.02228118043617     
 -3.720938004125673E-002  0.865245429164663     
  3.586459727782086E-002   1.14027985485851     
  5.413107564457064E-002  0.868808255131002     
 -0.230901693038364        1.19182043379405     
 -0.341188436444461       0.844401416432435     
  0.388534694913159       0.950455478037188     
  0.862555953046092       0.923560755382709     
 -0.225506121909385       0.782288171116081     
 -0.697859916828467       0.807790171125678     
 -7.302858933924464E-002  0.590222061692791     
   1.10195508048030       0.870649205462121     
 -0.804247756571818        1.14358360966240     
 -9.844238219597685E-002  0.809442057852598     
  0.146275574103956       0.674093452157463     
 -3.765756155949953E-002  0.845428271498626     
  0.245964953590011        1.04247240438887     
 -0.193379475194269       0.869285051125103     
  0.245944695954324        1.01509135444777     
   1.50892014103813       0.808176426518776     
 -0.335854332874399       0.628450063889203     
 -0.169512247049348       0.807886863098198     
 -0.137721279065360       0.599000315196247     
  0.144881365286761       0.882753744374364     
 -0.121737092180958        1.16213331652376     
 -0.468854939231449       0.916625413988377     
  0.371555473231883       0.821231998621631     
 -0.223123452054307       0.859667158425272     
 -0.271772765481858       0.635678317678561     
 -4.187580114380064E-002  0.868912673264645     
  2.860108952100738E-002   1.13814122619262     
 -0.794807643414820       0.831612640325434     
  0.457883531861485       0.927903751768262     
 -0.495661477724134       0.844381727573159     
  0.262932235445156        1.04680360432886     
  0.109251475516133       0.890680857957398     
 -1.918315252238996E-002   1.11709009945718     
  0.336091826879585       0.884097796876847     
  7.681987947750667E-002  0.781503711930673     
 -4.187580114380064E-002  0.868912673264645     
  2.860108952100738E-002   1.13814122619262     
 -0.659933413978929       0.827793105473490     
  0.488731451833267       0.897199238825206     
  0.410152020537865       0.904584829731250     
 -8.922659524368945E-002   1.00625286859165     
 -0.755838370964559       0.886487285953781     
  0.288573561825631       0.706222092898201     
  0.158154501400683       0.853355726425652     
  0.306984376673762       0.992243625305138     
  0.156553469783840       0.872006955477092     
 -7.324743308789665E-002   1.17144132553725     
 -0.276907282787619       0.859933136468559     
 -0.470309446783886       0.528636403160553     
 -0.862899460345508       0.821012085071723     
  0.560766694882226       0.842727742226157     
  0.460119916436078       0.877384096991959     
 -0.216737784998432        1.19161816437792     
 -3.770812974172690E-002  0.815034097610116     
  0.140490303514443       0.679532101015176     
 -0.258847946610534       0.843863991762522     
 -0.141564526995844       0.603250831840705     
 -0.472948033974370       0.834824355342175     
  0.432702807775177       0.930464462833911     
  0.395808014109632       0.773550153668188     
  0.301513221307532        1.12540585460867     
 -0.116740588356185       0.865504242764145     
  0.347996303206003       0.966897858896798     
 -0.389710029740382       0.720607754027116     
 -0.356485606348374       0.439441159677054     
  0.685483137887301       0.818900452651724     
 -0.266842336756103        1.29492092742286     
 -5.625921108721036E-002  0.810149100011245     
 -5.436190014120391E-002   1.24356190624024     
 -0.765550395947434       0.810040930997349     
 -0.249683184019557       0.461020829393761     
 -0.140788384684107       0.737882203812471     
 -0.106765088166110       0.545064074458016     
  0.519803445213672       0.803008475717319     
  9.452155550969621E-002   1.19020409305456     
 -0.996708878251867       0.736662682724881     
 -0.483211393580102       0.369920179952808     
 -0.890027617184793       0.732531114642546     
 -0.502793157925679       0.368777242637383     
  0.429210079342876       0.818740282066175     
 -0.197913731930752        1.25327661299789     
  0.574846340643776       0.726905856103242     
 -0.708739519739711       0.589612957685883     
  0.236878040815718       0.778408535624358     
  0.226598885764677        1.15675944740374     
  0.623415893816895       0.909475940972356     
  0.448392545141491       0.918885695275782     
 -4.575347833989236E-003  0.740790113337151     
  0.351813345937335       0.713672606756145     
  -1.58719940075956       0.710902198210651     
  0.516324254480486       0.650712989331044     
 -0.557686590027650       0.927253683420376     
 -5.181002113883158E-002  0.833577236740085     
 -0.366393284408761       0.772062084181864     
 -0.287584774266625       0.648910138545576     
 -1.067911238194045E-002  0.869480575242920     
 -7.266177896373879E-003   1.20600601404009     
  -1.07656066574657       0.707621006951587     
 -0.209994389039422       0.424955366280941     
  0.905626446295284       0.800450907864967     
  0.178961410064831        1.11005921879017     
  0.438415330768104       0.791589569303837     
 -0.385717734320918       0.562562336219683     
 -0.383336627607420       0.764325671283115     
 -0.738303900487591       0.592428135541783     
  0.653485458582182       0.869774869104311     
 -0.492936240581912       0.888148486533371     
  3.493743017289531E-002  0.871580004765415     
 -0.403752054791930       0.697397543487686     
 -0.276216890433368       0.795521908227306     
 -0.176250264158725       0.528277084819607     
 -0.465134239594867       0.762895940283768     
  0.484638962542458        1.03268398216533     
  0.139038235652704       0.778939618753342     
  0.169456354549566        1.18925894388989     
 -0.238379076041875       0.779666723693037     
  0.199745875614853        1.20403602656165     
  0.778439395097741       0.713729013559153     
 -0.459712127264075       0.551039228611514     
 -1.295038748117478E-002  0.789365941258065     
 -0.528306958851674       0.597122391944303     
  0.646604931549907       0.726750948958346     
 -0.112426197261005       0.571222660771296     
 -0.413739565330520       0.792041157429771     
  0.202712999011632        1.10410640156103     
 -0.117555065905864       0.758367317461434     
  0.134480727571373       0.943554778756745     
 -0.269073690799283       0.705670338552503     
 -0.452840007464535       0.400717299465839     
 -0.587991663405409       0.759206979945559     
  0.492818132165570        1.04174772780868     
  0.466235422997608       0.838748211192070     
  0.484468305263499       0.812825279861221     
 -0.247169938104515       0.710388308879400     
  0.341036199876059       0.653947660371880     
 -0.328639661364027       0.707342643795699     
 -5.785866753467501E-002  0.503633375620495     
  0.655756453673373       0.803527185081439     
  0.390697151456309       0.950302652580320     
 -0.262473732006691       0.895896312312506     
  0.342837968831312       0.890679445883512     
   1.01969851390143       0.769474136169890     
  -1.25184403632350        1.10842292903515     
 -0.730534719578726       0.742151630721293     
  0.606268748664694       0.971954615506198     
   1.05268276397198       0.755253012330256     
 -0.731830098221642       0.585978679860657     
  0.756617989836049       0.763912039267401     
  0.150831099678165       0.726718290624542     
  0.248280958368869       0.765607606440061     
  0.126398553185440       0.730237694232055     
   2.27562952124636       0.707765344566356     
 -0.221038524658636       0.599743784773266     
 -0.853021039012623       0.733746690313018     
 -0.128674078874110       0.685026934347647     
 -0.364353687097510       0.888311822729984     
  0.103706992697962        1.14776059050232     
 -0.672117096199466       0.700554510859040     
 -0.386441048088085       0.397214687538775     
  0.742454336561598       0.790524317638843     
 -0.663780966005683       0.416591246275722     
  0.697354592702515       0.826961470738396     
  0.196347494663357        1.11561007638101     
  0.174669363970150       0.750589999396668     
  0.561600238863295       0.924018896074546     
 -0.621461032710202       0.739022754982643     
  0.398295582609646       0.720005397140581     
   1.36353747908265       0.794311640829046     
 -0.712753251067755       0.568752620466987     
 -0.401494558565842       0.805718002333651     
  5.186701270353104E-004   1.26316172780716     
  0.299718937640874       0.703381341804187     
 -0.421425213952199       0.437448955835431     
  0.441855656038625       0.930784142519628     
 -0.275622166105533        1.04758826620900     
 -0.242071306619921       0.869884827564682     
 -7.473088038461287E-002  0.805950225253566     
 -0.168346699433822       0.781956206446751     
  0.312800619413916        1.09287167549118     
 -0.163979965463666       0.767583868164696     
  0.353709434046047        1.11572176255621     
 -0.924432935798527       0.715717506188797     
  0.803833656614699       0.782104623317305     
 -0.326484029872686       0.703128870642959     
  0.406279461013882       0.648614732230690     
  0.599552138120345       0.724296922951688     
  0.268060201536364       0.691195993180113     
   1.17104345303142       0.734069638450453     
 -0.782008293251414       0.591860202080642     
 -0.142142319980018       0.811904559798454     
 -0.208566866743900        1.28864289480796     
  0.530295136833216       0.793650032573608     
 -0.903246328351804        1.25148573827324     
 -0.744916313517163       0.766192785398101     
  0.365890251128944        1.13909712392144     
  0.409786668223293       0.804397728406739     
  1.427282574825458E-003   1.25134679738535     
 -0.132391374517376       0.783390967529463     
  0.434330287183364        1.00213567135736     
  0.757561428134448       0.791889757416508     
 -0.136757718745765       0.637897638722786     
  0.481702275192085       0.763717961804121     
  0.191748839360799       0.684164395679562     
  0.173706503011220       0.846488007810262     
  0.297450469556266        1.06668334630893     
  0.266087247740504       0.805546602541995     
 -0.829779190539452        1.31253797208658     
 -0.867842675264138       0.766005278631539     
 -0.311399547440773       0.621896563489484     
 -0.307158383676456       0.756219865151442     
  0.470378087624710        1.05028620024045     
  0.763368075489101       0.822918162322978     
 -0.550753017237593       0.542529937525952     
  4.551873930048776E-002  0.788658202302613     
  0.397577235142869       0.998036631897354     
   1.24066347353192       0.705931926427867     
 -5.417998901978414E-002  0.605495350283151     
 -0.281657770672322       0.733510565279179     
 -3.130157323678739E-002  0.552440792258153     
 -0.262171844049046       0.792822361014258     
 -0.488270249687351        1.29698420549928     
 -0.695549899451796       0.947771121286436     
 -0.378576591603292       0.525433889405370     
  1.739009043984016E-002  0.734811909132369     
 -0.575384832175932       0.575840302023041     
  0.586903026220224       0.938375181436276     
  6.204018671125091E-002  0.959974528414305     
 -0.384400713845124       0.718839751247628     
  0.289670526971573       0.713316839061828     
 -0.831746064965150       0.887645593024366     
 -0.418175177688921       0.476641780845793     
  -1.01142888476158       0.750756133097909     
 -0.310783371754692       0.571396168499949     
 -0.834585816383539       0.732283496226997     
  0.695523296002269       0.892256644928206     
  -1.34652502073755       0.705182203854091     
  0.519051603022518       0.631428363902452     
  -1.83048655989258       0.702200799215719     
  0.591579165119057       0.615061320130687     
 -0.128195300471679       0.892970524834103     
  0.425849640095647       0.789707286340833     
  0.415430030088791       0.801410779229897     
 -0.840942600379766        1.28961035463872     
  -1.15306203463979       0.709590833185453     
  0.848869307340722       0.750586539481677     
  0.246642409039413       0.788188145841811     
  0.147491692010258        1.19262479762577     
   1.07725214947560       0.704800577550876     
 -4.079375632543871E-002  0.579359095113782     
 -0.725098470922616       0.755134551968439     
  0.454410165095524       0.712830496941072     
  0.440231086675303       0.788885770102116     
  0.265732157481492       0.814639469305520     
  0.380523039813043       0.787345437924129     
  0.299800196125616        1.08841756100470     
  6.153313178100609E-002  0.795472404862618     
  5.778701028724744E-002   1.25369386506591     
  0.538181510100810       0.766311216885268     
 -0.578247408791396       0.536750501902403     
 -0.276739761357374       0.796614179362639     
  0.269686143438224       0.716448021276833     
 -0.264641213557378       0.769968106587594     
  0.274649390108222        1.17309457735534     
 -4.570924110762260E-002  0.781140258323693     
  0.156132280249097        1.22402306874332     
  -1.03932643056097       0.713736517987103     
  0.462188593082699       0.648865192800712     
 -2.421695980300688E-002  0.722759055554144     
 -6.923178884177313E-002  0.668223377866857     
 -0.665581432822141       0.732207906465572     
 -0.247592637948537       0.451331384824203     
 -0.233686044453847       0.806840018900819     
 -0.566376900702717       0.422214622850074     
 -9.866193994172691E-003  0.753205699647843     
 -0.403212567034040       0.601357205900979     
 -0.267654976588679       0.787619041256436     
 -0.266720457468367       0.602471566842688     
 -0.518203188149873       0.745747725583133     
  0.692183015578224       0.827690306446065     
   1.37325666454130       0.767179407986520     
 -0.866852652722208       0.403541006088688     
 -0.728157149649568       0.765302985105983     
  0.614314803095844       0.887175845809411     
  0.221792676039508       0.793795763795130     
  0.139967806461569        1.15052059456947     
  4.574785520455635E-002  0.788818251082935     
  0.505238216655776       0.967927535668695     
 -6.103152113180008E-002  0.749744195521319     
  0.563511721253464       0.949603769022050     
 -0.370586345243813       0.748121517896252     
  0.548198015157545       0.996007438594964     
 -0.838817187481984       0.806901707966182     
 -0.301533273210457       0.671987297107285     
 -0.800428770954428       0.723870161528349     
  0.757374200621524       0.823415236359730     
  -1.61408109672318       0.767725340355077     
  0.186167616595675       0.513996308203305     
 -0.544296209442527       0.745283303778172     
  0.587148357298853       0.971838688806437     
   1.28735632393410       0.723813029159468     
 -8.483665806335328E-002  0.613135481920661     
  0.343080500549479       0.961700472492851     
 -7.188133021333047E-002   1.01068690064631     
 -0.923840611071120       0.741864393406092     
  0.479614033613765       0.678030665284511     
  0.926119374636913       0.771705502102117     
  0.121329683056982       0.730834093266726     
 -0.463977951347385       0.765486073319158     
  0.362179745445654        1.12868803435348     
 -0.700733098625588       0.900235837251470     
 -0.444499002055519       0.425397407500838     
 -0.746688325787097       0.708495493601136     
  0.136115652818184       0.610517329373295     
  0.268849527272294       0.795766308957129     
 -0.521485652255589        1.31417148586961     
  0.302071476535771       0.790112483077019     
 -0.318781571343423       0.559388903234600     
 -0.634334346440015       0.796654703011621     
  0.121092370046490        1.24653848950173     
  0.646383253723894       0.732483061172830     
 -0.522073765621710       0.498802067511565     
  0.164366127287451       0.787306931015770     
  0.529906005605295       0.929439280924784     
 -0.287930608741301       0.730420722430199     
  0.324800475386563       0.693838135082276     
  0.109096282633566       0.732528507822929     
 -0.390131555119730       0.584058488738354     
 -0.582867170022159       0.728555713511915     
  0.669408305425423       0.891205367997600     
 -0.752221655500631       0.862964828883115     
 -5.222119671494666E-003  0.575302604481332     
  9.080899810199829E-002  0.774278205388468     
 -0.589591736243829       0.575490775786350     
 -5.151199534416177E-002  0.776465679908664     
  0.437411257271691        1.01903947780813     
  0.856605471953263       0.929887153920061     
 -0.663971889784776       0.940312048811203     
 -0.292395899060126       0.775308669098694     
  0.576699144950714       0.820800290737074     
 -0.314942341665896       0.698929003133236     
 -0.226277667218944       0.456817739137474     
 -0.239678788072415       0.806998836709716     
 -0.437832987989244       0.690445649776308     
 -0.138123725724028       0.755461302945456     
 -0.378066917759824       0.634199680915373     
 -0.389458588122660       0.766781617197845     
  0.418413341957500        1.07807076735306     
 -7.629173070983387E-002  0.744901329538386     
  0.548102325637459       0.980126068079164     
 -0.156893141432281       0.758993728984214     
 -0.437838624194888       0.626518644956955     
  0.409050660307979       0.808251445336440     
 -0.341748439924167       0.854406499222969     
 -0.478180327875400       0.707582963447482     
  0.385693247269071       0.628455970366005     
   1.68267281547283       0.690672339951526     
  0.100578431357998       0.672596284702629     
 -0.947825130287068       0.752627378510155     
 -0.238057115554987       0.461196384916379     
 -0.616360825195701       0.735258287320356     
  0.247009091454415        1.27345265079092     
   1.28071756643352       0.706356597710000     
 -0.677784251769856       0.609377622922549     
  5.494448783565880E-002  0.702912160146469     
  0.558915463298578        1.09490460306040     
  0.752857711052764       0.667045489152985     
 -0.400586721897508       0.510538562757921     
  9.151770737178495E-002  0.681610094613609     
 -0.633533346809741       0.391091536646025     
  0.775110551953216       0.817048937616814     
  0.114383537918328        1.17618400147043     
  0.231199672365294       0.646579385586607     
  0.197420026080855       0.603632829285025     
 -0.147652491011704       0.744606638716347     
  0.362303720526527        1.12183919969746     
 -0.130184016051691       0.677827670748074     
  -1.44414818199204       0.924161420044507     
 -0.802150424522873       0.710022542708929     
  0.589646639523460        1.10555838854433     
  -1.11106726872860       0.666231060698068     
  0.843773652194058       0.916193581961567     
 -0.348558310848084       0.770088377671188     
  0.701183704569853       0.819393276834735     
 -1.729139256035914E-002  0.678298534316571     
  0.103781208108787       0.557947307223190     
 -3.169572995701867E-002  0.708752457448218     
 -0.658019488791641       0.395186408927673     
 -0.355140627241655       0.646893664081694     
  0.508377237669403       0.688747753364105     
  -1.53466756654961       0.636670460160931     
   1.04136929884698       0.711107080855365     
  0.523151582833732       0.720685510089925     
  0.474052906672990       0.966483132711346     
  0.770908659908600       0.893763431384807     
  0.388038919027499       0.976544792090880     
  0.200226431100152       0.675245137049923     
 -0.247695266360639       0.533175124780679     
 -1.431869280745070E-002  0.839061275574551     
  0.224512446242763        1.05927697291710     
 -0.183186215410044       0.650153873276520     
 -0.167729510811678       0.574299378875870     
  0.429585085378871        1.08848543360371     
 -0.137821124849232       0.862262186200902     
  0.379629720089426       0.741901424497741     
 -0.292320274271266        1.28560936943480     
   1.08038775230021       0.838846028758120     
 -0.294382419761225        1.28976556042562     
  0.135064604409793       0.677721370179915     
  0.737385990970536       0.894163681865986     
  -1.12990899042192       0.750957933490727     
  0.791063832049727       0.790990216635141     
   1.47489231418302       0.807163741720042     
 -0.712455747703674       0.619017328023221     
 -1.669955619717341E-002  0.910843953844126     
 -0.592778650088851       0.696590856406619     
  0.788634078816356       0.839239363752850     
 -0.420140894239863        1.02023245388628     
  0.241974119337417       0.699409243903556     
  0.617788718771285       0.838746670368086     
 -0.348535984205696       0.708505787320374     
  0.184195825347927       0.617019429279480     
  0.607878071136251       0.773724008755231     
 -7.128351189773004E-003   1.04510498771361     
 -0.300442969370542       0.732593670506070     
  0.546582661270502        1.09065810612156     
  0.147726988446744       0.830182985134495     
 -0.421936977373336        1.23275211814596     
  0.435724490267709       0.708138328147372     
  -1.33406846887326        1.07288622246588     
 -0.757422119341534       0.679859627767623     
  0.733667503343831       0.992412391697306     
 -0.360943282255872       0.727754453523557     
  0.186880575501119       0.605186551020383     
   1.04649771536884       0.818890106036620     
 -1.662194462192845E-002   1.29050969663537     
 -0.268582279524037       0.751935524767666     
 -0.494077332643688        1.37498459495772     
  0.989526958554139       0.752871787426489     
  1.423399691350275E-002  0.631983496127232     
  0.606769651841947       0.765669523537382     
 -0.109912709766453        1.05541298818684     
 -0.182111001451033       0.737132253869624     
  0.194474070428696        1.31742279992597     
  0.316754191346575       0.697349206387298     
  -1.36982960286307        1.03380150382088     
  0.460795362151525       0.644374912931851     
 -5.896672790709698E-002  0.523029929888439     
  2.884311384021331E-002   1.01093296923620     
  0.266614794415342       0.804111986627235     
  0.347392937296365       0.907656776349600     
 -0.581496684569628       0.381175426350558     
 -0.211648883847777       0.734160253346341     
  0.209129477829461        1.31283662611501     
   1.20415670429336        1.00511458287801     
 -0.589721701055652       0.692219638271634     
  0.261031474744934       0.815650952118754     
 -3.420657390260207E-002   1.27730308371311     
  1.363792782093076E-003  0.632552247819173     
 -0.562981119358175       0.335551446687513     
 -0.294611278476404       0.715026093711619     
 -1.044227625931694E-002  0.490596667847657     
  0.578971835483537       0.710170430830415     
 -0.507478381159820       0.585401858593394     
 -0.136500202067020       0.721766093693357     
  0.280669731351563        1.14131511777573     
   1.69130231166075       0.637642547514277     
  4.523237354264652E-002  0.577753930124303     
 -0.322359074201126       0.755605893930575     
  0.529494822022907       0.902010276605143     
 -0.455072421305737       0.692653988867831     
  0.858348140723152       0.768962803251069     
  0.673895681262494       0.727670204886699     
  0.445444239996241        1.13204556746713     
  1.378373893851513E-002  0.636064441332811     
 -0.402076247602881       0.369075057455804     
 -0.160179219717819       0.718772699542878     
 -7.434033551978696E-002  0.669020347092168     
 -0.741097121148030       0.690431141377133     
  0.442046658412431       0.577738473129661     
 -0.811602406682615       0.631801495783805     
 -0.574295913235683       0.288946799977424     
 -0.482792675998931       0.651329548418839     
  0.910691451638204       0.744317257185007     
  0.793138598910793       0.728829966589102     
 -0.370456286058178       0.559736728012652     
  8.454742532541339E-002  0.834654556204391     
 -0.240069146160468       0.605150521751994     
  0.785190817255663       0.907485239719878     
 -0.295052606074933       0.945145423538491     
  0.152743503552532       0.780445370418000     
  0.230430589456125       0.669228110418529     
 -0.296769217062352       0.784129623255632     
 -8.512336315096962E-002   1.37082571911313     
 -0.434700039080989       0.687975379292233     
  0.697086649122784       0.966204286914928     
 -0.438836227705490       0.723496250319448     
  0.419436204989656        1.16759456322576     
  0.148438750751375       0.797659140229057     
 -0.112727169808753        1.35279729008306     
  0.134016240226934       0.952354409528233     
  0.127169101460960       0.872697205829624     
  3.015470751699017E-002  0.770619165665260     
 -0.138793878875819        1.33719479679638     
 -0.321366453060016       0.688403543716324     
 -0.242014215325092       0.430690088714507     
  0.667138305824780       0.785007900747066     
  2.782839183477334E-002  0.769468793753401     
 -0.449419433475071       0.646615697480427     
 -0.393100328534682       0.440552375279820     
  0.109428345038673       0.774314237812340     
  0.303572228021864       0.656465350019883     
 -0.888532465844039       0.633463856623621     
 -0.559391179957151       0.289585477151843     
  0.452579218269833       0.630033982940549     
 -0.794206807236631       0.293128862106754     
  -1.13191955986329       0.640993929051462     
  0.644147775950664       0.650808534998396     
  -1.11143020853758       0.694938126676923     
  0.153522400565516       0.509386429590109     
 -0.648006951412900       0.833127052711689     
 -0.191146643106537       0.918666612832007     
  -1.24092334532891       0.648249668406234     
  0.953903291508328       0.801412979130025     
  0.359268463986171       0.721915283326492     
 -0.278369492938743        1.26224500317354     
  0.371864615153851       0.668869243685238     
 -0.205846850128905       0.559317573561737     
  -1.32402404046409       0.696923124630784     
 -0.154783148128926       0.426433754624568     
 -0.682044579351913       0.710035092465098     
 -6.860814262322840E-002  0.676537597896263     
  0.715240040246287       0.631741414049395     
 -0.158129008212398       0.501214174101608     
  -1.13356070514758       0.646866891231049     
  0.539822755190370       0.709630635688705     
  0.607426512811591       0.865811810331529     
  0.276823543383793       0.662447316575675     
 -7.613114124411334E-002  0.676877917746395     
 -0.159305349496185       0.485754336361081     
 -0.105926631159280       0.699822052276016     
 -0.677336474764910       0.446164777550747     
 -0.266809027234809       0.705287822130798     
  0.585987718509526        1.08908144259492     
  0.518407509302519       0.672658426504691     
  0.363671433671864       0.657952214521858     
   1.28263350213068       0.653123505405325     
 -1.354848239833539E-002  0.670878508013721     
 -0.172106832551035       0.713065953566052     
  0.268830170991411       0.721748575180888     
 -0.462511610834284       0.825284848044245     
 -0.150333837993212       0.523191032382201     
 -0.375625372465899       0.693289692774344     
  0.653080911556256       0.771978820602365     
  0.261119341097040       0.692867014247177     
 -0.113272560700514       0.466700118495421     
  0.135404789203292       0.706414970578260     
  0.137365716700916        1.07918309936967     
 -0.259538234017828       0.711662515280321     
 -0.331906524419969       0.409208031683925     
  0.139212532326527       0.729031230581809     
  0.226643698806789        1.23712776657139     
 -0.439558739078105       0.724563486124524     
  0.404904447734257        1.18804544301473     
  6.534107757823671E-003  0.788302198186103     
 -0.369939957291099       0.810573515315485     
  7.153638087888109E-002  0.768825510171975     
  0.698509915040253       0.775186067565230     
  0.299650482824451       0.933795267594839     
 -0.562731978851668       0.515471866638343     
 -0.241630187624522       0.672545179130363     
 -0.337470697697289       0.646112469472783     
 -3.499568228711070E-003  0.757733792289641     
 -0.822887884778452        1.39322773586907     
 -0.600339961679208       0.638005616196518     
  0.351963035213015       0.565141377510155     
  0.373926983254557       0.645113495546534     
 -0.720245724337741       0.310615548450392     
 -0.338659449192442       0.721800680875807     
  0.445932344666645        1.17203317647423     
 -0.496422537174938       0.727968689230417     
 -1.017355529423359E-002  0.467785473809921     
 -0.185605230455804       0.796132538106899     
 -0.321157283484368       0.767128935436465     
  -1.04029950118606       0.673668704659497     
  0.801344886536523       0.949944186935656     
  0.270984612974692       0.777818127119443     
 -0.178176478145505        1.36193629556271     
  0.179491172259889       0.787373938166196     
 -0.399205181896724       0.611806541063330     
  3.372740992459622E-002  0.776094605550386     
  0.481349465689908        1.03783927723120     
  0.170402756463763       0.733458739204121     
  0.332332465503724        1.21376799201264     
 -0.386196879179749       0.686260748528643     
  0.668901711680171        1.03351372933131     
  0.157088265660380       0.803162327031358     
 -0.191198652210566       0.862235411984784     
 -6.040739632138051E-002  0.665878054737286     
  0.216199188505048       0.599803654337865     
 -9.827958846262098E-003  0.808014243099034     
  0.206904237569271       0.582199480222405     
 -0.377808538568933       0.640809765036287     
  0.296028721231408       0.591209555873535     
  0.459482549651192       0.812429846107049     
  0.298222661406296        1.01321423683354     
 -0.961196674946769       0.635842841751402     
 -0.446417408552915       0.311806879420911     
 -0.188584817844057       0.646994649190548     
 -0.705067761266851       0.392393046200454     
 -0.243233322930643       0.701892304834948     
 -0.408734532629858       0.443262332303857     
  0.383777240392318       0.668203154039987     
  0.726767485570426       0.896149407733902     
  0.110710551954471       0.714504948565598     
 -0.565216178803419       0.444043928852766     
  4.522372976415964E-002  0.693771469119176     
 -0.267109259634984       0.450337669084607     
 -1.269050214782777E-002  0.767382297064355     
 -0.247282163615748        1.32797591624082     
 -0.177107182258242       0.766624254670295     
 -0.454817810289034       0.390755790330054     
   1.06716675261214       0.699711133110650     
 -0.857493248235979       0.320558195156028     
   1.05178398991748       0.646578461946499     
 -0.130130744345878       0.524649405787709     
 -0.534711480752972       0.751715398829653     
 -0.633311101065135        1.39463254333746     
 -0.132446657516997       0.767549584481445     
 -0.675610743880329        1.35386448081246     
  0.481784580579632       0.753651352607577     
  0.155317944829122       0.629847222355502     
 -4.198372442077372E-003  0.675891932342389     
  0.755509414440519       0.880831500193207     
 -0.716922607774259       0.723495908042345     
  0.367928895783187        1.22927710518231     
  2.455069959258035E-002  0.771567342937874     
  0.262798660094711        1.20065613958400     
 -0.189613055848771       0.740104555995659     
  0.337745586364465        1.05044196147292     
  0.130028454650363       0.718638363856575     
 -0.882454203390058       0.705946008155757     
  -1.08461971084223       0.716254007205126     
  3.293946763734565E-002  0.693296266063502     
   1.37424567815408       0.671795266964115     
 -0.450715451821385       0.531188291389304     
  0.113826562339522       0.764092213022767     
 -0.469955192311690        1.36995496366018     
  0.831053871424202       0.678768355095089     
 -0.512501807842901       0.394824450570292     
 -0.655229890334971       0.741383334583413     
  6.446623549747368E-002  0.563916915509378     
 -0.509069547815950       0.725403567419713     
  0.317533222109070        1.25872078198461     
   1.19400539056481       0.703890590298725     
 -0.280279467357225        1.12690978145446     
  0.189513377397503       0.656466262883502     
 -0.348488882721025       0.485331439677764     
  0.552900572899036       0.721686482533222     
 -0.879317126099551       0.435393792384115     
  0.275358648505348       0.701954334213333     
  0.416793370146497       0.825226153052561     
  0.560449443167175       0.738654847562560     
  0.304868788404453        1.17695605563399     
 -1.172869122398724E-002  0.659667665380891     
 -0.266639640804886       0.471984162570918     
  0.658054812396317       0.872719855285612     
 -0.807200151925518        1.20718159339472     
  0.398224764575258       0.741632739668220     
  0.324444160849488        1.20384690368261     
   1.80670912372968       0.772252243160830     
 -5.289184063028204E-002  0.692631266295116     
  0.669359127423533       0.717483076400785     
  0.595711479614661       0.843047903931645     
 -0.213550495093054       0.637201705838102     
  0.528144139717603       0.625465728951654     
  0.309102021328034        1.26525271132276     
 -0.164361299055747       0.968627246391658     
  0.758037510982449       0.637499460126457     
 -0.845067882715079       0.295208221363612     
  0.629442102811681        1.02364271577200     
  6.397219471994876E-002   1.01949127737448     
  0.710841736909316       0.749688988590256     
  1.040537196216464E-002   1.28687617361577     
  -1.48961269298870       0.667247289799120     
  0.157095922925380       0.550113223781068     
  0.720827598735677       0.672288583679114     
 -0.409703719887658       0.491812401840536     
 -0.785911677339423       0.760466322754126     
  0.127309257206086       0.541489962006514     
  7.950843864234131E-002  0.716247935806132     
 -0.700735509312159       0.467445889911405     
  7.538583008873655E-002  0.758163717605840     
  0.272584062250812       0.687367662508571     
 -0.523591673162278       0.676737004829949     
  0.734788876847388       0.968331988905198     
  8.795761596335180E-002  0.742300473542591     
  0.129538660028701        1.16060846011058     
 -8.683593525912828E-002  0.669524171144052     
  0.795957906098601       0.847674319655071     
  4.731143658105733E-002  0.727617029659627     
  0.696007815727094       0.918585071661941     
  1.976824347228921E-002  0.714305885385299     
  0.582116891779936        1.05799421193224     
 -0.223171285309891       0.641200161927062     
  0.296008462574164       0.571707436724811     
 -7.803291903584017E-002  0.681191192054368     
  1.987627825333585E-003  0.657094638888730     
   1.53673016096953       0.626918351539088     
 -0.541300856615357       0.407936251641928     
 -0.943644353574497       0.825214118725247     
  0.290741352162606       0.736302506296923     
  0.120341915756701       0.650089131842940     
  0.204793886580741       0.612773754335390     
 -1.542121685407219E-002  0.701372958285507     
  0.256314465608602       0.614434905822295     
 -0.104609767890101       0.662632666620346     
  0.483207719099993       0.626932717948333     
  0.389624657372630       0.774887406930078     
 -4.796244274848615E-002  0.633277891966622     
 -0.112761080157428       0.970473155590706     
  2.455198874328844E-002  0.765481975594442     
  0.221365637313017       0.718259197548919     
 -0.760582639400228       0.369990853733874     
   1.00521814814648       0.754740986209015     
 -0.600733752707121        1.29936649763981     
  0.369720097536004       0.997460964930079     
 -0.177284414826000       0.715343190654640     
  0.942138129299641       0.765508018305638     
 -8.483696827405673E-002   1.13909531842865     
 -0.969230599186521       0.638988889271448     
  0.619019197035074       0.635934653453593     
  0.375109263600485       0.792237225471055     
  0.296928519014289       0.806259796504278     
  -1.04623911475984       0.693691253784176     
  0.740697554371929       0.924784685284063     
  -1.28050546261005       0.638908341683824     
  0.427575420762572       0.552530352795516     
  0.101980495622346       0.887738116692278     
  0.238320405853775       0.783811040023996     
 -0.896300784195143       0.714692880170529     
  0.560327306979959        1.13181564511637     
  0.117213607990375       0.741393326462340     
  0.105251050053043        1.31167374717328     
 -0.298038013567804       0.722665306544249     
  0.356953171733334        1.23020078593146     
  0.229124401447108       0.803107223507788     
 -9.729658449522223E-002  0.661964150213890     
 -0.513745163184874       0.625546000894379     
 -0.527079018475093       0.310382502708310     
  1.414586005848040E-002  0.721888856224878     
  0.383750636498200        1.17175140854127     
 -0.609279295210761       0.663824515703749     
  0.828266733526645       0.882801078532997     
 -0.115298234412903       0.676493992092266     
  0.762595920498460       0.861177211428483     
 -0.587545593443783       0.691299211161077     
 -0.674315836933661       0.636020786619716     
  0.206186764623866       0.776343143641276     
  6.559865507537489E-002   1.35190984946527     
 -0.428084043005813       0.714369482182308     
  0.450098093258389       0.825033918897495     
   1.04062656714875       0.706309537756974     
 -0.506213826010550        1.15189433361641     
 -0.482411003824183       0.726841340789493     
  0.402335138535375        1.15452448832004     
   1.39306697491253       0.678121926945075     
  2.508511577166583E-002  0.625582094755764     
  8.936205458478791E-003  0.751860843175380     
  9.876380896434873E-002   1.35180501000353     
  0.738384650641658       0.771354362950463     
  0.197654630477479        1.21804458429818     
 -0.381458813577516       0.714785668072978     
 -0.333841386201250       0.456735866133098     
  0.183757955670033       0.663891770774962     
 -0.705979084480580       0.788109904952866     
 -0.734033911191107       0.683851800935684     
  7.392690150271342E-002  0.502551291589074     
  0.805361064961280       0.650064880184951     
  -1.42688543539015        1.07593196504299     
  0.629792419806142       0.915256360494923     
 -0.349075395817507       0.934018145851362     
  0.307258016024227       0.672603873965306     
 -0.177484747107975       0.723606337304506     
 -0.923280385030272       0.597843321340032     
   1.04835631517237       0.759816107472361     
  0.200679360499697       0.725833514672988     
 -0.311352227028228       0.515472589615389     
 -0.310257213080314       0.688078879718038     
  0.565849946553613        1.18821644087198     
 -0.603132107021085       0.737297036083313     
 -5.952057612371166E-002   1.38425940719310     
 -0.105543616154040       0.628323273722678     
  0.843736985239079       0.903530343419786     
 -7.702259286141124E-003  0.752274824839349     
 -0.511129883269423        1.31325780584900     
 -0.840609611550799       0.688535810144251     
  0.569843774389169        1.21142809387234     
 -0.856145537585731       0.606257777955673     
  8.020607868015681E-002  0.585144238829137     
  0.823562479467154       0.678674333318095     
  8.093891953959931E-002  0.573153485499755     
 -0.851560900347717       0.613232056626803     
 -0.529976797712820       0.324879923390956     
  0.415216947076080       0.638195567362047     
 -0.257519646780943       0.429560316221510     
  0.108516091021977       0.643235494878816     
  0.814358367426166       0.851971859362321     
  4.775321037043240E-003  0.605310034390788     
 -2.791164613327065E-002  0.533542313196284     
  0.618850328160815       0.723142021288448     
  0.324714639504985        1.22321421638113     
  -1.28578023922063       0.743848719545544     
 -0.136755329394266       0.872382422920635     
 -9.867643759183082E-003  0.606278818469424     
 -7.061716656920682E-002  0.526595013479284     
  0.474866866212920       0.867140497387961     
 -0.317284943956401       0.951940121568515     
  0.480515342633905       0.600948904623722     
  0.436773773796969       0.758648557306751     
  0.193849302171280       0.612455278431247     
 -0.693548986150305       0.401282150147054     
 -0.394873339448288       0.579233221974530     
  0.705091262073991       0.610605133710789     
 -0.967264999790542       0.576702008765247     
 -0.570797578321590       0.248956301391142     
 -0.211699772177955       0.601056816259307     
  0.384203794162579       0.609377894508403     
  0.424197460737645       0.715643791206065     
 -0.498461651413606       0.532461250091891     
 -0.367507222865625       0.730238645234122     
 -0.142787092895219       0.619715153822673     
 -0.370631240469714       0.579635102070803     
 -0.287570459797632       0.371639545360473     
  0.123084460276770       0.710077799591884     
 -6.865610281358239E-002   1.29550214675640     
 -0.245845230427451       0.647185977294711     
 -0.646998687942812       0.728393848615363     
 -0.238752790949360       0.604815571245059     
 -0.852194548410152       0.402442421214083     
  0.449719742592942       0.807669139773546     
  5.283894874002148E-002   1.04384437184531     
 -4.770239106297687E-002  0.700146698989556     
 -0.106612053599414       0.818158942207668     
  0.742080088055224       0.603664307377475     
  0.241088150322621       0.545885416108303     
   1.41058263026394       0.660577966926223     
 -0.614507156967386       0.750808421443091     
  4.735912195587270E-002  0.636856884555390     
  0.339093329385016        1.01777143500668     
  0.510888772907099       0.869956554086813     
 -0.445646754287896       0.440763067273865     
   1.67758195662954       0.811889434052699     
 -8.818487266763970E-002   1.43500114592382     
 -0.386679600987927       0.697628224275285     
 -0.481844704635090        1.43608345628811     
 -0.342968294353224       0.659152807726375     
 -0.303348350862055       0.627336648233800     
 -5.487545044259113E-002  0.620884833899247     
  -1.41004275325299        1.05339873339373     
  -1.46442115026939       0.659839834902333     
 -0.353707694433942       0.292424671155318     
  3.382176546833968E-002  0.697623867248694     
 -0.916277504062069       0.631174851475946     
  0.103885562321731       0.689590332077067     
  0.178775584543455        1.47355077145480     
 -1.278624200822360E-002  0.613598317980387     
  0.725420682426904       0.692586557018700     
 -0.364207881826112       0.566466866165277     
 -0.104817634806049       0.392193547989525     
  0.736108103434107       0.582727182560054     
 -0.457999290032930       0.536869876492570     
  0.141714407654821       0.623556961190569     
  0.619676981338240       0.819627155141540     
  0.819127507147777       0.679981710194671     
  0.720678506120040       0.945804734180274     
 -0.497870327872076       0.667051159752018     
 -0.624724515117913       0.416015132135273     
 -9.001188638279491E-002  0.607963450485077     
  -1.46006747119479       0.997852242367454     
 -0.762457491436120       0.756006251897956     
  0.546716312201300        1.00744140357853     
 -0.819838382755451       0.618435171525112     
  0.544538640531695       0.620369934239034     
  0.234359113775555       0.562206025139862     
  0.644771179487383       0.645914056230783     
  0.116570642514966       0.636079943071862     
 -0.678827044307610       0.557316910646348     
   1.19354838478856       0.702052838446429     
  0.178324872792643       0.687046587634199     
  1.084631242154121E-002  0.815425204043717     
 -0.246059201371782       0.556543175788181     
 -0.719291669884967       0.626569115152486     
  3.166357425304171E-002  0.488153344069699     
  0.294761407711593       0.618503275013468     
  0.355601813916764       0.786229020457795     
   1.00885325145707       0.653647201940192     
 -0.783816538877398        1.43168224879345     
  0.733914453353260       0.548196247292487     
 -0.596478368657020       0.369626007246120     
 -0.411373615552657       0.529700616442487     
   1.13942643683613       0.792719339996815     
 -8.682695940145724E-002  0.497785256510461     
 -0.572738108198008       0.236802608001199     
  0.280228756602275       0.505363538921422     
  0.804776656817107       0.606400352394759     
 -0.139266162292307       0.626199950479379     
  -1.32900088581288        1.17363978774996     
  0.272761192911936       0.770734712878968     
  2.473626118348756E-002   1.16642064615021     
  -1.17835685850881       0.660545935595304     
  0.900805619786885       0.806919603786716     
  0.184050982086174       0.546710701507709     
 -6.390253718298203E-002  0.628045245332052     
  -1.01477501702781       0.526081066103832     
   1.21205227838846       0.791209660339795     
 -6.196217744757423E-002  0.720956431466284     
  0.143719476434676        1.16189944322307     
 -0.195346299649617       0.515794456140991     
 -3.042476812833203E-002  0.369598735636201     
   1.63908728509928       0.616814856120817     
 -0.431158635316850       0.577852367534438     
 -0.281827676181237       0.531830855381249     
  0.273948042649755       0.482801505325705     
   1.65964798074139       0.624645725863139     
 -0.412775722589865       0.882248718039443     
  0.483872013750036       0.654238153395336     
  0.646958878835366       0.769581546774492     
  0.398671496936274       0.586848326730838     
  0.820756901980486       0.995413545022104     
 -0.693209010892175       0.583661416647886     
  0.728365037357942        1.11816061877612     
  -1.05545777363420       0.562127498547740     
  0.151376031909725       0.431729967739241     
  -1.42032974279092       0.497094419671667     
   1.16402983195291       0.625893068191459     
   1.36933015985629       0.566558445747323     
  -1.19390524755227       0.354187716183555     
  0.974626139669325       0.505083027458317     
  -1.58119249324487       0.287727195584800     
   2.30997761645672       0.522303897182599     
 -4.033212086737839E-002  0.506785932088444     
 -0.616577563290006       0.519947007354631     
   1.15685286332192       0.835069103848237     
  0.187386877110081       0.629029663670806     
 -0.136436911663026       0.617267844594454     
 -0.441047931935985       0.529080775119470     
  0.764455482657466       0.951439915393402     
 -0.527067887091085       0.654438400304478     
  3.022947462718639E-003   1.09074165427416     
  0.890982919272606       0.507640435260263     
 -0.846814125549880       0.315777702554069     
  0.535404729417521       0.600304274451702     
  0.714688618525796        1.04027594328969     
   2.48214919814701       0.443807628189980     
 -0.812185421138496       0.263409780613883     
 -0.703903790736734       0.552858349783581     
  0.714667635845245        1.13617008913036     
 -0.413930025323622       0.489719412427680     
 -0.420165549535281       0.275413964063066     
 -3.804772134052828E-002  0.491735593552110     
  -1.47166553797263        1.05014900816781     
  0.545022685865789       0.458385052373482     
  0.578786640065944       0.489270884769719     
 -0.872044633099437       0.475967761790549     
   1.33398775383322       0.801188541507088     
 -6.108254253758341E-002  0.468409372611990     
  -1.19111363614135       0.459750456035764     
 -0.597874347513255       0.647048566355676     
 -0.703483480435613        1.69905030960780     
 -0.590190370047965       0.527698362573053     
 -0.580826077695917       0.451898954930886     
 -0.644392344148995       0.389635726333512     
  -1.89020870532238       0.438505985239391     
  0.163577740013213       0.376982165729184     
  -1.37745749712877       0.187681644918747     
  0.207341859849827       0.703572899075484     
 -3.429588540361378E-003   1.73808599835628     
           0
