Mplus VERSION 8.4 (Mac)
MUTHEN & MUTHEN
04/20/2023   8:18 PM

INPUT INSTRUCTIONS

  TITLE:
  model02_parametric_mlca
  DATA:
  FILE = "mlpa/model02_parametric.dat";

  VARIABLE:
  NAMES = LCOALT LCONSUL LDEPR LEXCH LINAP LINTEG LLEGTAC LPEAPP LPRESS LRAPER MBULLY
       MCYN MEXH MLCOMM MLDEFF MLGSB MLSSB MLYING MMICRO MSCC MSELFE MSTRESS MWELLB
       TEAMID MRESPNUM ProgrM DuratM MGENDER MAGE MEDU MTENUR_O MTENUR_T MTENUR_F
       MCONTACT MCOVID_B MCOVID_S LRespNr ProgrL DuratL LGENDER LAGE LEDU TENURE_O
       TENURE_T TENURE_F TEAMSIZE LOCATION LCOVID_B LCOVID_S TEAMID_1 id;
   MISSING=.;
   usevar = MLSSB MLGSB MMICRO MLCOMM;
  classes = c(6);
  cluster = id; ! level 2 units are schools
  within = MLSSB MLGSB MMICRO MLCOMM;
  ANALYSIS:
  estimator = mlr;
  type = mixture twolevel;
  starts = 20 10;
  processors = 10;
  MODEL:
  %WITHIN%
  %OVERALL%
  %BETWEEN%
  %OVERALL%
  FC by C#1 C#2 C#3 C#4 C#5;
  OUTPUT:
  TECH8;
  PLOT:
  type = plot3;
  series = MLSSB MLGSB MMICRO MLCOMM(*);



*** WARNING in MODEL command
  Variable is uncorrelated with all other variables within class: MLSSB
*** WARNING in MODEL command
  Variable is uncorrelated with all other variables within class: MLGSB
*** WARNING in MODEL command
  Variable is uncorrelated with all other variables within class: MMICRO
*** WARNING in MODEL command
  Variable is uncorrelated with all other variables within class: MLCOMM
*** WARNING in MODEL command
  At least one variable is uncorrelated with all other variables within class.
  Check that this is what is intended.
*** WARNING
  One or more individual-level variables have no variation within a
  cluster for the following clusters.

     Variable   Cluster IDs with no within-cluster variation

      MLSSB       175 11 13 196 57 236 241 244 248 252 281 78 320 330 331 364 365 101 368 394
                  426 32 458 478 37 134 305 321 339 14 26 378 27 213 464 496 33 12
      MLGSB       11 282 24 365 368 460 469 126 8 14
      MMICRO      175 11 13 51 205 229 240 66 275 280 80 101 368 32 41 478 488 128 340 342 14
                  25 378 383 389 233 17 36
      MLCOMM      178 196 207 55 217 228 275 280 78 292 88 330 348 364 368 41 120 478 488 305
                  14 83 509 12

   6 WARNING(S) FOUND IN THE INPUT INSTRUCTIONS




model02_parametric_mlca

SUMMARY OF ANALYSIS

Number of groups                                                 1
Number of observations                                        1560

Number of dependent variables                                    4
Number of independent variables                                  0
Number of continuous latent variables                            1
Number of categorical latent variables                           1

Observed dependent variables

  Continuous
   MLSSB       MLGSB       MMICRO      MLCOMM

Continuous latent variables
   FC

Categorical latent variables
   C

Variables with special functions

  Cluster variable      ID

  Within variables
   MLSSB       MLGSB       MMICRO      MLCOMM


Estimator                                                      MLR
Information matrix                                        OBSERVED
Optimization Specifications for the Quasi-Newton Algorithm for
Continuous Outcomes
  Maximum number of iterations                                 100
  Convergence criterion                                  0.100D-05
Optimization Specifications for the EM Algorithm
  Maximum number of iterations                                 500
  Convergence criteria
    Loglikelihood change                                 0.100D-02
    Relative loglikelihood change                        0.100D-05
    Derivative                                           0.100D-02
Optimization Specifications for the M step of the EM Algorithm for
Categorical Latent variables
  Number of M step iterations                                    1
  M step convergence criterion                           0.100D-02
  Basis for M step termination                           ITERATION
Optimization Specifications for the M step of the EM Algorithm for
Censored, Binary or Ordered Categorical (Ordinal), Unordered
Categorical (Nominal) and Count Outcomes
  Number of M step iterations                                    1
  M step convergence criterion                           0.100D-02
  Basis for M step termination                           ITERATION
  Maximum value for logit thresholds                            15
  Minimum value for logit thresholds                           -15
  Minimum expected cell size for chi-square              0.100D-01
Maximum number of iterations for H1                           2000
Convergence criterion for H1                             0.100D-03
Optimization algorithm                                         EMA
Integration Specifications
  Type                                                    STANDARD
  Number of integration points                                  15
  Dimensions of numerical integration                            1
  Adaptive quadrature                                           ON
Random Starts Specifications
  Number of initial stage random starts                         20
  Number of final stage optimizations                           10
  Number of initial stage iterations                            10
  Initial stage convergence criterion                    0.100D+01
  Random starts scale                                    0.500D+01
  Random seed for generating random starts                       0
Cholesky                                                       OFF

Input data file(s)
  mlpa/model02_parametric.dat
Input data format  FREE


SUMMARY OF DATA

     Number of missing data patterns             2
     Number of y missing data patterns           2
     Number of u missing data patterns           0
     Number of clusters                        519



COVARIANCE COVERAGE OF DATA

Minimum covariance coverage value   0.100


     PROPORTION OF DATA PRESENT FOR Y


           Covariance Coverage
              MLSSB         MLGSB         MMICRO        MLCOMM
              ________      ________      ________      ________
 MLSSB          1.000
 MLGSB          1.000         1.000
 MMICRO         1.000         1.000         1.000
 MLCOMM         0.999         0.999         0.999         0.999



UNIVARIATE SAMPLE STATISTICS


     UNIVARIATE HIGHER-ORDER MOMENT DESCRIPTIVE STATISTICS

         Variable/         Mean/     Skewness/   Minimum/ % with                Percentiles
        Sample Size      Variance    Kurtosis    Maximum  Min/Max      20%/60%    40%/80%    Median

     MLSSB                 1.517       1.738       1.000   34.62%       1.000      1.111      1.222
            1560.000       0.443       3.173       5.000    0.06%       1.444      2.000
     MLGSB                 3.272      -0.242       1.000    1.15%       2.667      3.111      3.222
            1560.000       0.688       0.123       5.000    2.56%       3.444      3.889
     MMICRO                1.857       1.766       1.000   31.54%       1.000      1.286      1.429
            1560.000       1.174       3.322       7.000    0.06%       1.714      2.429
     MLCOMM                3.796      -0.546       1.000    0.13%       3.250      3.750      4.000
            1559.000       0.487       0.000       5.000    3.91%       4.000      4.500

RANDOM STARTS RESULTS RANKED FROM THE BEST TO THE WORST LOGLIKELIHOOD VALUES

Final stage loglikelihood values at local maxima, seeds, and initial stage start numbers:

           -6268.248  650371           14
           -6268.482  27071            15
           -6278.209  107446           12
           -6280.704  637345           19
           -6316.140  253358           2
           -6324.187  903420           5
           -6325.208  939021           8
           -6353.206  68985            17
           -6377.230  127215           9
           -6380.228  93468            3



THE BEST LOGLIKELIHOOD VALUE HAS BEEN REPLICATED.  RERUN WITH AT LEAST TWICE THE
RANDOM STARTS TO CHECK THAT THE BEST LOGLIKELIHOOD IS STILL OBTAINED AND REPLICATED.

     ONE OR MORE MULTINOMIAL LOGIT PARAMETERS WERE FIXED TO AVOID SINGULARITY
     OF THE INFORMATION MATRIX.  THE SINGULARITY IS MOST LIKELY BECAUSE THE
     MODEL IS NOT IDENTIFIED, OR BECAUSE OF EMPTY CELLS IN THE JOINT
     DISTRIBUTION OF THE CATEGORICAL LATENT VARIABLES AND ANY INDEPENDENT
     VARIABLES.  THE FOLLOWING PARAMETERS WERE FIXED:
     Parameter 34, [ C#1 ]


THE MODEL ESTIMATION TERMINATED NORMALLY



MODEL FIT INFORMATION

Number of Free Parameters                       38

Loglikelihood

          H0 Value                       -6268.248
          H0 Scaling Correction Factor      1.7652
            for MLR

Information Criteria

          Akaike (AIC)                   12612.496
          Bayesian (BIC)                 12815.889
          Sample-Size Adjusted BIC       12695.172
            (n* = (n + 2) / 24)



FINAL CLASS COUNTS AND PROPORTIONS FOR THE LATENT CLASSES
BASED ON ESTIMATED POSTERIOR PROBABILITIES

    Latent
   Classes

       1        113.24908          0.07260
       2        100.69966          0.06455
       3        922.38294          0.59127
       4         82.78150          0.05307
       5        300.61697          0.19270
       6         40.26986          0.02581


FINAL CLASS COUNTS AND PROPORTIONS FOR THE LATENT CLASSES
BASED ON THEIR MOST LIKELY LATENT CLASS MEMBERSHIP

Class Counts and Proportions

    Latent
   Classes

       1               91          0.05833
       2               96          0.06154
       3              951          0.60962
       4               84          0.05385
       5              297          0.19038
       6               41          0.02628


CLASSIFICATION QUALITY

     Entropy                         0.885


Classification Probabilities for the Most Likely Latent Class Membership (Column)
by Latent Class (Row)

           1        2        3        4        5        6

    1   0.663    0.000    0.306    0.005    0.026    0.000
    2   0.000    0.891    0.000    0.004    0.091    0.014
    3   0.014    0.000    0.966    0.005    0.014    0.000
    4   0.004    0.008    0.058    0.884    0.045    0.000
    5   0.007    0.016    0.067    0.017    0.893    0.000
    6   0.000    0.018    0.000    0.000    0.000    0.982


Logits for the Classification Probabilities for the Most Likely Latent Class Membership (Column)
by Latent Class (Row)

              1        2        3        4        5        6

    1     13.404    0.000   12.632    8.520   10.179    0.000
    2     -9.575    4.125   -9.575   -1.370    1.839    0.000
    3      9.580    0.000   13.781    8.576    9.536    0.000
    4      8.408    9.010   10.974   13.693   10.707    0.000
    5      8.919    9.687   11.112    9.712   13.702    0.000
    6    -13.797   -4.006  -13.797  -13.797  -13.797    0.000


MODEL RESULTS

                                                    Two-Tailed
                    Estimate       S.E.  Est./S.E.    P-Value

Within Level

Latent Class 1

 Means
    MLSSB              1.169      0.023     51.560      0.000
    MLGSB              2.562      0.151     16.996      0.000
    MMICRO             1.429      0.060     23.824      0.000
    MLCOMM             3.144      0.184     17.052      0.000

 Variances
    MLSSB              0.060      0.007      8.962      0.000
    MLGSB              0.561      0.023     24.342      0.000
    MMICRO             0.421      0.050      8.364      0.000
    MLCOMM             0.390      0.017     22.908      0.000

Latent Class 2

 Means
    MLSSB              2.850      0.082     34.582      0.000
    MLGSB              2.667      0.073     36.588      0.000
    MMICRO             3.152      0.191     16.510      0.000
    MLCOMM             3.316      0.077     42.948      0.000

 Variances
    MLSSB              0.060      0.007      8.962      0.000
    MLGSB              0.561      0.023     24.342      0.000
    MMICRO             0.421      0.050      8.364      0.000
    MLCOMM             0.390      0.017     22.908      0.000

Latent Class 3

 Means
    MLSSB              1.155      0.011    106.708      0.000
    MLGSB              3.545      0.041     85.655      0.000
    MMICRO             1.399      0.028     50.392      0.000
    MLCOMM             4.033      0.027    149.853      0.000

 Variances
    MLSSB              0.060      0.007      8.962      0.000
    MLGSB              0.561      0.023     24.342      0.000
    MMICRO             0.421      0.050      8.364      0.000
    MLCOMM             0.390      0.017     22.908      0.000

Latent Class 4

 Means
    MLSSB              1.454      0.076     19.206      0.000
    MLGSB              3.048      0.184     16.574      0.000
    MMICRO             4.016      0.184     21.775      0.000
    MLCOMM             3.642      0.131     27.732      0.000

 Variances
    MLSSB              0.060      0.007      8.962      0.000
    MLGSB              0.561      0.023     24.342      0.000
    MMICRO             0.421      0.050      8.364      0.000
    MLCOMM             0.390      0.017     22.908      0.000

Latent Class 5

 Means
    MLSSB              2.023      0.037     54.405      0.000
    MLGSB              3.059      0.053     57.550      0.000
    MMICRO             1.973      0.078     25.148      0.000
    MLCOMM             3.595      0.046     77.447      0.000

 Variances
    MLSSB              0.060      0.007      8.962      0.000
    MLGSB              0.561      0.023     24.342      0.000
    MMICRO             0.421      0.050      8.364      0.000
    MLCOMM             0.390      0.017     22.908      0.000

Latent Class 6

 Means
    MLSSB              3.790      0.096     39.329      0.000
    MLGSB              2.599      0.199     13.031      0.000
    MMICRO             5.013      0.244     20.565      0.000
    MLCOMM             3.196      0.129     24.864      0.000

 Variances
    MLSSB              0.060      0.007      8.962      0.000
    MLGSB              0.561      0.023     24.342      0.000
    MMICRO             0.421      0.050      8.364      0.000
    MLCOMM             0.390      0.017     22.908      0.000

Between Level

Latent Class 1

 FC       BY
    C#1                1.000      0.000    999.000    999.000
    C#2               -0.131      0.144     -0.912      0.362
    C#3               -0.627      0.228     -2.747      0.006
    C#4               -0.310      0.202     -1.530      0.126
    C#5               -0.096      0.206     -0.463      0.643

 Variances
    FC                10.086      3.941      2.559      0.010

Latent Class 2

 FC       BY
    C#1                1.000      0.000    999.000    999.000
    C#2               -0.131      0.144     -0.912      0.362
    C#3               -0.627      0.228     -2.747      0.006
    C#4               -0.310      0.202     -1.530      0.126
    C#5               -0.096      0.206     -0.463      0.643

 Variances
    FC                10.086      3.941      2.559      0.010

Latent Class 3

 FC       BY
    C#1                1.000      0.000    999.000    999.000
    C#2               -0.131      0.144     -0.912      0.362
    C#3               -0.627      0.228     -2.747      0.006
    C#4               -0.310      0.202     -1.530      0.126
    C#5               -0.096      0.206     -0.463      0.643

 Variances
    FC                10.086      3.941      2.559      0.010

Latent Class 4

 FC       BY
    C#1                1.000      0.000    999.000    999.000
    C#2               -0.131      0.144     -0.912      0.362
    C#3               -0.627      0.228     -2.747      0.006
    C#4               -0.310      0.202     -1.530      0.126
    C#5               -0.096      0.206     -0.463      0.643

 Variances
    FC                10.086      3.941      2.559      0.010

Latent Class 5

 FC       BY
    C#1                1.000      0.000    999.000    999.000
    C#2               -0.131      0.144     -0.912      0.362
    C#3               -0.627      0.228     -2.747      0.006
    C#4               -0.310      0.202     -1.530      0.126
    C#5               -0.096      0.206     -0.463      0.643

 Variances
    FC                10.086      3.941      2.559      0.010

Latent Class 6

 FC       BY
    C#1                1.000      0.000    999.000    999.000
    C#2               -0.131      0.144     -0.912      0.362
    C#3               -0.627      0.228     -2.747      0.006
    C#4               -0.310      0.202     -1.530      0.126
    C#5               -0.096      0.206     -0.463      0.643

 Variances
    FC                10.086      3.941      2.559      0.010

Categorical Latent Variables

Within Level

 Intercepts
    C#1               -2.791      0.000    999.000    999.000
    C#2                1.133      0.315      3.597      0.000
    C#3                3.315      0.387      8.564      0.000
    C#4                1.091      0.412      2.650      0.008
    C#5                2.176      0.382      5.696      0.000

Between Level


QUALITY OF NUMERICAL RESULTS

     Condition Number for the Information Matrix              0.198E-05
       (ratio of smallest to largest eigenvalue)


TECHNICAL 8 OUTPUT


  INITIAL STAGE ITERATIONS


  TECHNICAL 8 OUTPUT FOR UNPERTURBED STARTING VALUE SET


   E STEP  ITER  LOGLIKELIHOOD    ABS CHANGE   REL CHANGE  ALGORITHM
              1 -0.91790066D+04    0.0000000    0.0000000  EM
              2 -0.71090829D+04 2069.9236656    0.2255063  EM
              3 -0.67451152D+04  363.9676751    0.0511976  EM
              4 -0.66705786D+04   74.5366184    0.0110505  EM
              5 -0.66469091D+04   23.6695091    0.0035483  EM
              6 -0.66294276D+04   17.4814673    0.0026300  EM
              7 -0.66043844D+04   25.0432646    0.0037776  EM
              8 -0.65700657D+04   34.3186408    0.0051963  EM
              9 -0.65456614D+04   24.4043096    0.0037145  EM
             10 -0.65265810D+04   19.0804598    0.0029150  EM


  TECHNICAL 8 OUTPUT FOR STARTING VALUE SET 1


   E STEP  ITER  LOGLIKELIHOOD    ABS CHANGE   REL CHANGE  ALGORITHM
              1 -0.23806395D+05    0.0000000    0.0000000  EM
              2 -0.69105449D+04 ************    0.7097190  EM
              3 -0.68012326D+04  109.3122673    0.0158182  EM
              4 -0.67516307D+04   49.6019537    0.0072931  EM
              5 -0.67169092D+04   34.7214867    0.0051427  EM
              6 -0.66873317D+04   29.5774485    0.0044034  EM
              7 -0.66693483D+04   17.9834807    0.0026892  EM
              8 -0.66583066D+04   11.0416415    0.0016556  EM
              9 -0.66509085D+04    7.3981191    0.0011111  EM
             10 -0.66453907D+04    5.5178019    0.0008296  EM


  TECHNICAL 8 OUTPUT FOR STARTING VALUE SET 2


   E STEP  ITER  LOGLIKELIHOOD    ABS CHANGE   REL CHANGE  ALGORITHM
              1 -0.13171221D+05    0.0000000    0.0000000  EM
              2 -0.73489278D+04 5822.2932967    0.4420466  EM
              3 -0.69291019D+04  419.8259036    0.0571275  EM
              4 -0.67961113D+04  132.9905093    0.0191930  EM
              5 -0.67351036D+04   61.0077202    0.0089769  EM
              6 -0.66972835D+04   37.8201019    0.0056154  EM
              7 -0.66628284D+04   34.4551249    0.0051446  EM
              8 -0.66153292D+04   47.4991967    0.0071290  EM
              9 -0.65580313D+04   57.2978827    0.0086614  EM
             10 -0.65005292D+04   57.5021193    0.0087682  EM


  FINAL STAGE ITERATIONS


  TECHNICAL 8 OUTPUT FOR STARTING VALUE SET 2




   E STEP  ITER  LOGLIKELIHOOD    ABS CHANGE   REL CHANGE  ALGORITHM
              1 -0.13171221D+05    0.0000000    0.0000000  EM
              2 -0.73489278D+04 5822.2932967    0.4420466  EM
              3 -0.69291019D+04  419.8259036    0.0571275  EM
              4 -0.67961113D+04  132.9905093    0.0191930  EM
              5 -0.67351036D+04   61.0077202    0.0089769  EM
              6 -0.66972835D+04   37.8201019    0.0056154  EM
              7 -0.66628284D+04   34.4551249    0.0051446  EM
              8 -0.66153292D+04   47.4991967    0.0071290  EM
              9 -0.65580313D+04   57.2978827    0.0086614  EM
             10 -0.65005292D+04   57.5021193    0.0087682  EM
             11 -0.64473388D+04   53.1903751    0.0081825  EM
             12 -0.64101145D+04   37.2243102    0.0057736  EM
             13 -0.63847297D+04   25.3848488    0.0039601  EM
             14 -0.63670351D+04   17.6945604    0.0027714  EM
             15 -0.63542403D+04   12.7947571    0.0020095  EM
             16 -0.63446631D+04    9.5772245    0.0015072  EM
             17 -0.63375338D+04    7.1292884    0.0011237  EM
             18 -0.63320270D+04    5.5068706    0.0008689  EM
             19 -0.63279406D+04    4.0863522    0.0006453  EM
             20 -0.63249692D+04    2.9714342    0.0004696  EM
             21 -0.63226050D+04    2.3641885    0.0003738  EM
             22 -0.63206834D+04    1.9216018    0.0003039  EM
             23 -0.63192559D+04    1.4274666    0.0002258  EM
             24 -0.63184057D+04    0.8502225    0.0001345  EM
             25 -0.63178960D+04    0.5096881    0.0000807  EM
             26 -0.63175645D+04    0.3314691    0.0000525  EM
             27 -0.63173710D+04    0.1935059    0.0000306  EM
             28 -0.63172457D+04    0.1253031    0.0000198  EM
             29 -0.63171619D+04    0.0838056    0.0000133  EM
             30 -0.63170981D+04    0.0638081    0.0000101  EM
             31 -0.63170457D+04    0.0523982    0.0000083  EM
             32 -0.63169957D+04    0.0500203    0.0000079  EM
             33 -0.63169464D+04    0.0492566    0.0000078  EM
             34 -0.63168971D+04    0.0493383    0.0000078  EM
             35 -0.63168474D+04    0.0496693    0.0000079  EM
             36 -0.63167984D+04    0.0490190    0.0000078  EM
             37 -0.63167384D+04    0.0599870    0.0000095  EM
             38 -0.63166979D+04    0.0405611    0.0000064  EM
             39 -0.63166524D+04    0.0454198    0.0000072  EM
             40 -0.63166038D+04    0.0486035    0.0000077  EM
             41 -0.63165515D+04    0.0523768    0.0000083  EM
             42 -0.63164982D+04    0.0532708    0.0000084  EM
             43 -0.63164598D+04    0.0383963    0.0000061  EM
             44 -0.63164248D+04    0.0350284    0.0000055  EM
             45 -0.63163884D+04    0.0364226    0.0000058  EM
             46 -0.63163574D+04    0.0309509    0.0000049  EM
             47 -0.63163271D+04    0.0303354    0.0000048  EM
             48 -0.63163006D+04    0.0264227    0.0000042  EM
             49 -0.63162757D+04    0.0249609    0.0000040  EM
             50 -0.63162543D+04    0.0214010    0.0000034  EM
             51 -0.63162348D+04    0.0195073    0.0000031  EM
             52 -0.63162185D+04    0.0162573    0.0000026  EM
             53 -0.63162041D+04    0.0143696    0.0000023  EM
             54 -0.63161925D+04    0.0116409    0.0000018  EM
             55 -0.63161824D+04    0.0100850    0.0000016  EM
             56 -0.63161744D+04    0.0079999    0.0000013  EM
             57 -0.63161675D+04    0.0068827    0.0000011  EM
             58 -0.63161621D+04    0.0053896    0.0000009  EM
             59 -0.63161575D+04    0.0046513    0.0000007  EM
             60 -0.63161539D+04    0.0036146    0.0000006  EM
             61 -0.63161507D+04    0.0031485    0.0000005  EM
             62 -0.63161483D+04    0.0024352    0.0000004  EM
             63 -0.63161461D+04    0.0021486    0.0000003  EM
             64 -0.63161445D+04    0.0016557    0.0000003  EM
             65 -0.63161430D+04    0.0014854    0.0000002  EM
             66 -0.63161419D+04    0.0011411    0.0000002  EM
             67 -0.63161408D+04    0.0010446    0.0000002  EM
             68 -0.63161400D+04    0.0008092    0.0000001  EM


SAMPLE STATISTICS FOR ESTIMATED FACTOR SCORES


     SAMPLE STATISTICS


           Means
              C#1           C#2           C#3           C#4           C#5
              ________      ________      ________      ________      ________
               -2.909         1.148         3.389         1.128         2.187


           Means
              FC            C_C#1         C_C#2         C_C#3         C_C#4
              ________      ________      ________      ________      ________
               -0.118        -2.909         1.148         3.389         1.128


           Means
              C_C#5         C_FC
              ________      ________
                2.187        -0.118


           Covariances
              C#1           C#2           C#3           C#4           C#5
              ________      ________      ________      ________      ________
 C#1            5.342
 C#2           -0.700         0.092
 C#3           -3.348         0.439         2.098
 C#4           -1.654         0.217         1.037         0.512
 C#5           -0.510         0.067         0.320         0.158         0.049
 FC             5.342        -0.700        -3.348        -1.654        -0.510
 C_C#1          5.342        -0.700        -3.348        -1.654        -0.510
 C_C#2         -0.700         0.092         0.439         0.217         0.067
 C_C#3         -3.348         0.439         2.098         1.037         0.320
 C_C#4         -1.654         0.217         1.037         0.512         0.158
 C_C#5         -0.510         0.067         0.320         0.158         0.049
 C_FC           5.342        -0.700        -3.348        -1.654        -0.510


           Covariances
              FC            C_C#1         C_C#2         C_C#3         C_C#4
              ________      ________      ________      ________      ________
 FC             5.342
 C_C#1          5.342         5.342
 C_C#2         -0.700        -0.700         0.092
 C_C#3         -3.348        -3.348         0.439         2.098
 C_C#4         -1.654        -1.654         0.217         1.037         0.512
 C_C#5         -0.510        -0.510         0.067         0.320         0.158
 C_FC           5.342         5.342        -0.700        -3.348        -1.654


           Covariances
              C_C#5         C_FC
              ________      ________
 C_C#5          0.049
 C_FC          -0.510         5.342


           Correlations
              C#1           C#2           C#3           C#4           C#5
              ________      ________      ________      ________      ________
 C#1            1.000
 C#2           -1.000         1.000
 C#3           -1.000         1.000         1.000
 C#4           -1.000         1.000         1.000         1.000
 C#5           -1.000         1.000         1.000         1.000         1.000
 FC             1.000        -1.000        -1.000        -1.000        -1.000
 C_C#1          1.000        -1.000        -1.000        -1.000        -1.000
 C_C#2         -1.000         1.000         1.000         1.000         1.000
 C_C#3         -1.000         1.000         1.000         1.000         1.000
 C_C#4         -1.000         1.000         1.000         1.000         1.000
 C_C#5         -1.000         1.000         1.000         1.000         1.000
 C_FC           1.000        -1.000        -1.000        -1.000        -1.000


           Correlations
              FC            C_C#1         C_C#2         C_C#3         C_C#4
              ________      ________      ________      ________      ________
 FC             1.000
 C_C#1          1.000         1.000
 C_C#2         -1.000        -1.000         1.000
 C_C#3         -1.000        -1.000         1.000         1.000
 C_C#4         -1.000        -1.000         1.000         1.000         1.000
 C_C#5         -1.000        -1.000         1.000         1.000         1.000
 C_FC           1.000         1.000        -1.000        -1.000        -1.000


           Correlations
              C_C#5         C_FC
              ________      ________
 C_C#5          1.000
 C_FC          -1.000         1.000


PLOT INFORMATION

The following plots are available:

  Histograms (sample values, estimated factor scores)
  Scatterplots (sample values, estimated factor scores)
  Sample means
  Estimated means, medians, modes, and percentiles
  Sample and estimated means
  Latent variable distribution plots
  Observed individual values
  Estimated means and observed individual values

     Beginning Time:  20:18:34
        Ending Time:  20:19:02
       Elapsed Time:  00:00:28



MUTHEN & MUTHEN
3463 Stoner Ave.
Los Angeles, CA  90066

Tel: (310) 391-9971
Fax: (310) 391-8971
Web: www.StatModel.com
Support: Support@StatModel.com

Copyright (c) 1998-2019 Muthen & Muthen
