Mplus VERSION 8.4 (Mac)
MUTHEN & MUTHEN
04/27/2023   8:33 PM

INPUT INSTRUCTIONS

  TITLE:
  C10_mlca_enum_demo
  DATA:
  FILE = "../data/enum_mplus/c_10_mlca_enum.dat";

  VARIABLE:
  NAMES = add_multilevel id l_age l_confl el_confl l_stress el_stress p_supp p_under
       p_direc p_emp stress age;
   MISSING=.;
   usevar = p_supp p_under p_direc p_emp;
  classes = c(10);
  ANALYSIS:
  estimator = mlr;
      type = mixture;
      starts = 500 100;
  PLOT:
  type = plot3;
      series = p_supp p_under p_direc p_emp(*);



*** WARNING in MODEL command
  All variables are uncorrelated with all other variables within class.
  Check that this is what is intended.
   1 WARNING(S) FOUND IN THE INPUT INSTRUCTIONS




C10_mlca_enum_demo

SUMMARY OF ANALYSIS

Number of groups                                                 1
Number of observations                                         525

Number of dependent variables                                    4
Number of independent variables                                  0
Number of continuous latent variables                            0
Number of categorical latent variables                           1

Observed dependent variables

  Continuous
   P_SUPP      P_UNDER     P_DIREC     P_EMP

Categorical latent variables
   C


Estimator                                                      MLR
Information matrix                                        OBSERVED
Optimization Specifications for the Quasi-Newton Algorithm for
Continuous Outcomes
  Maximum number of iterations                                 100
  Convergence criterion                                  0.100D-05
Optimization Specifications for the EM Algorithm
  Maximum number of iterations                                 500
  Convergence criteria
    Loglikelihood change                                 0.100D-06
    Relative loglikelihood change                        0.100D-06
    Derivative                                           0.100D-05
Optimization Specifications for the M step of the EM Algorithm for
Categorical Latent variables
  Number of M step iterations                                    1
  M step convergence criterion                           0.100D-05
  Basis for M step termination                           ITERATION
Optimization Specifications for the M step of the EM Algorithm for
Censored, Binary or Ordered Categorical (Ordinal), Unordered
Categorical (Nominal) and Count Outcomes
  Number of M step iterations                                    1
  M step convergence criterion                           0.100D-05
  Basis for M step termination                           ITERATION
  Maximum value for logit thresholds                            15
  Minimum value for logit thresholds                           -15
  Minimum expected cell size for chi-square              0.100D-01
Maximum number of iterations for H1                           2000
Convergence criterion for H1                             0.100D-03
Optimization algorithm                                         EMA
Random Starts Specifications
  Number of initial stage random starts                        500
  Number of final stage optimizations                          100
  Number of initial stage iterations                            10
  Initial stage convergence criterion                    0.100D+01
  Random starts scale                                    0.500D+01
  Random seed for generating random starts                       0

Input data file(s)
  ../data/enum_mplus/c_10_mlca_enum.dat
Input data format  FREE


SUMMARY OF DATA

     Number of missing data patterns             1
     Number of y missing data patterns           1
     Number of u missing data patterns           0


COVARIANCE COVERAGE OF DATA

Minimum covariance coverage value   0.100


     PROPORTION OF DATA PRESENT FOR Y


           Covariance Coverage
              P_SUPP        P_UNDER       P_DIREC       P_EMP
              ________      ________      ________      ________
 P_SUPP         1.000
 P_UNDER        1.000         1.000
 P_DIREC        1.000         1.000         1.000
 P_EMP          1.000         1.000         1.000         1.000



UNIVARIATE SAMPLE STATISTICS


     UNIVARIATE HIGHER-ORDER MOMENT DESCRIPTIVE STATISTICS

         Variable/         Mean/     Skewness/   Minimum/ % with                Percentiles
        Sample Size      Variance    Kurtosis    Maximum  Min/Max      20%/60%    40%/80%    Median

     P_SUPP                2.913       0.132       0.140    0.19%       1.980      2.620      2.910
             525.000       1.126      -0.138       6.650    0.19%       3.130      3.840
     P_UNDER               3.044       0.080       0.300    0.19%       2.240      2.760      3.020
             525.000       0.906      -0.042       5.850    0.19%       3.260      3.870
     P_DIREC               2.981       0.125       0.230    0.19%       2.180      2.690      2.980
             525.000       0.994       0.059       6.500    0.19%       3.210      3.740
     P_EMP                 2.905       0.188       0.550    0.19%       1.930      2.600      2.900
             525.000       1.032      -0.371       5.690    0.38%       3.140      3.810

RANDOM STARTS RESULTS RANKED FROM THE BEST TO THE WORST LOGLIKELIHOOD VALUES

Final stage loglikelihood values at local maxima, seeds, and initial stage start numbers:

           -2885.038  777045           377
           -2886.001  685657           69
           -2886.019  992389           77
           -2886.019  301180           236
           -2886.608  321390           133
           -2887.116  751054           117
           -2888.367  377504           294
           -2888.538  526324           178
           -2888.538  57226            208
           -2889.315  637345           19
           -2889.315  268217           83
           -2889.315  476498           179
           -2889.332  156536           245
           -2889.335  69413            472
           -2889.454  173440           328
           -2889.830  479273           156
           -2889.891  563002           360
           -2889.891  55115            408
           -2889.937  783165           170
           -2890.981  188498           258
           -2891.522  354624           448
           -2891.522  587946           120
           -2892.296  107446           12
           -2892.479  206099           363
           -2892.953  573096           20
           -2893.167  43523            297
           -2893.668  915642           40
           -2894.698  359578           458
           -2894.729  846194           93

71 perturbed starting value run(s) did not converge or were rejected in the third stage.



     WARNING:  THE BEST LOGLIKELIHOOD VALUE WAS NOT REPLICATED.  THE
     SOLUTION MAY NOT BE TRUSTWORTHY DUE TO LOCAL MAXIMA.  INCREASE THE
     NUMBER OF RANDOM STARTS.


THE MODEL ESTIMATION TERMINATED NORMALLY



MODEL FIT INFORMATION

Number of Free Parameters                       53

Loglikelihood

          H0 Value                       -2885.038
          H0 Scaling Correction Factor      1.0087
            for MLR

Information Criteria

          Akaike (AIC)                    5876.075
          Bayesian (BIC)                  6102.035
          Sample-Size Adjusted BIC        5933.800
            (n* = (n + 2) / 24)



FINAL CLASS COUNTS AND PROPORTIONS FOR THE LATENT CLASSES
BASED ON THE ESTIMATED MODEL

    Latent
   Classes

       1        139.56432          0.26584
       2         42.27563          0.08053
       3         86.76517          0.16527
       4         69.64052          0.13265
       5         41.48923          0.07903
       6         12.13250          0.02311
       7         35.76478          0.06812
       8          3.30784          0.00630
       9         27.14805          0.05171
      10         66.91197          0.12745


FINAL CLASS COUNTS AND PROPORTIONS FOR THE LATENT CLASSES
BASED ON ESTIMATED POSTERIOR PROBABILITIES

    Latent
   Classes

       1        139.56432          0.26584
       2         42.27563          0.08053
       3         86.76517          0.16527
       4         69.64052          0.13265
       5         41.48923          0.07903
       6         12.13250          0.02311
       7         35.76478          0.06812
       8          3.30784          0.00630
       9         27.14805          0.05171
      10         66.91197          0.12745


FINAL CLASS COUNTS AND PROPORTIONS FOR THE LATENT CLASSES
BASED ON THEIR MOST LIKELY LATENT CLASS MEMBERSHIP

Class Counts and Proportions

    Latent
   Classes

       1              165          0.31429
       2               38          0.07238
       3               89          0.16952
       4               66          0.12571
       5               29          0.05524
       6               11          0.02095
       7               36          0.06857
       8                3          0.00571
       9               26          0.04952
      10               62          0.11810


CLASSIFICATION QUALITY

     Entropy                         0.655


Classification Probabilities for the Most Likely Latent Class Membership (Column)
by Latent Class (Row)

           1        2        3        4        5        6        7        8        9

    1   0.806    0.016    0.065    0.021    0.036    0.001    0.004    0.000    0.000
    2   0.134    0.596    0.000    0.174    0.000    0.000    0.000    0.000    0.025
    3   0.143    0.000    0.751    0.001    0.019    0.011    0.064    0.001    0.000
    4   0.104    0.105    0.001    0.611    0.000    0.000    0.000    0.000    0.025
    5   0.307    0.001    0.101    0.001    0.488    0.007    0.095    0.000    0.000
    6   0.036    0.000    0.138    0.000    0.012    0.703    0.112    0.000    0.000
    7   0.026    0.000    0.204    0.000    0.054    0.031    0.685    0.000    0.000
    8   0.003    0.000    0.070    0.010    0.000    0.000    0.000    0.862    0.000
    9   0.000    0.062    0.000    0.091    0.000    0.000    0.000    0.000    0.841
   10   0.195    0.022    0.020    0.159    0.000    0.000    0.000    0.000    0.006

          10

    1   0.050
    2   0.071
    3   0.011
    4   0.153
    5   0.001
    6   0.000
    7   0.000
    8   0.054
    9   0.007
   10   0.598


Logits for the Classification Probabilities for the Most Likely Latent Class Membership (Column)
by Latent Class (Row)

              1        2        3        4        5        6        7        8        9

    1      2.780   -1.113    0.258   -0.875   -0.329   -3.766   -2.429   -7.926   -9.154
    2      0.644    2.133   -7.847    0.901   -5.959  -11.165  -11.165  -11.165   -1.038
    3      2.598   -8.111    4.260   -2.992    0.566    0.018    1.799   -2.037   -9.270
    4     -0.390   -0.375   -4.650    1.381   -7.229  -11.941  -11.941   -8.417   -1.828
    5      5.348   -0.925    4.233   -0.867    5.813    1.496    4.180   -7.285   -7.285
    6      7.333   -3.153    8.681   -3.153    6.224   10.310    8.471   -3.153   -3.153
    7      8.274   -1.904   10.322   -1.904    8.984    8.434   11.534   -1.904   -1.904
    8     -2.757  -10.902    0.256   -1.717  -10.902  -10.902  -10.902    2.765  -10.902
    9     -5.207    2.237   -8.793    2.626   -8.793   -8.793   -8.793   -8.793    4.850
   10     -1.120   -3.299   -3.419   -1.326   -7.444  -11.861  -12.734   -7.482   -4.610

             10

    1      0.000
    2      0.000
    3      0.000
    4      0.000
    5      0.000
    6      0.000
    7      0.000
    8      0.000
    9      0.000
   10      0.000


MODEL RESULTS

                                                    Two-Tailed
                    Estimate       S.E.  Est./S.E.    P-Value

Latent Class 1

 Means
    P_SUPP             2.426      0.166     14.601      0.000
    P_UNDER            3.196      0.186     17.168      0.000
    P_DIREC            3.106      0.176     17.676      0.000
    P_EMP              2.844      0.157     18.061      0.000

 Variances
    P_SUPP             0.730      0.087      8.415      0.000
    P_UNDER            0.555      0.070      7.958      0.000
    P_DIREC            0.785      0.094      8.371      0.000
    P_EMP              0.182      0.025      7.161      0.000

Latent Class 2

 Means
    P_SUPP             2.741      0.352      7.791      0.000
    P_UNDER            3.420      0.378      9.043      0.000
    P_DIREC            2.947      0.178     16.582      0.000
    P_EMP              4.025      0.155     25.918      0.000

 Variances
    P_SUPP             0.730      0.087      8.415      0.000
    P_UNDER            0.555      0.070      7.958      0.000
    P_DIREC            0.785      0.094      8.371      0.000
    P_EMP              0.182      0.025      7.161      0.000

Latent Class 3

 Means
    P_SUPP             2.984      0.153     19.476      0.000
    P_UNDER            2.846      0.169     16.813      0.000
    P_DIREC            2.878      0.130     22.210      0.000
    P_EMP              1.873      0.107     17.510      0.000

 Variances
    P_SUPP             0.730      0.087      8.415      0.000
    P_UNDER            0.555      0.070      7.958      0.000
    P_DIREC            0.785      0.094      8.371      0.000
    P_EMP              0.182      0.025      7.161      0.000

Latent Class 4

 Means
    P_SUPP             3.593      0.277     12.957      0.000
    P_UNDER            2.704      0.163     16.568      0.000
    P_DIREC            2.191      0.441      4.965      0.000
    P_EMP              3.758      0.164     22.939      0.000

 Variances
    P_SUPP             0.730      0.087      8.415      0.000
    P_UNDER            0.555      0.070      7.958      0.000
    P_DIREC            0.785      0.094      8.371      0.000
    P_EMP              0.182      0.025      7.161      0.000

Latent Class 5

 Means
    P_SUPP             2.500      0.428      5.846      0.000
    P_UNDER            4.343      0.518      8.384      0.000
    P_DIREC            3.448      0.291     11.836      0.000
    P_EMP              2.344      0.175     13.384      0.000

 Variances
    P_SUPP             0.730      0.087      8.415      0.000
    P_UNDER            0.555      0.070      7.958      0.000
    P_DIREC            0.785      0.094      8.371      0.000
    P_EMP              0.182      0.025      7.161      0.000

Latent Class 6

 Means
    P_SUPP             1.818      0.275      6.614      0.000
    P_UNDER            2.724      0.438      6.215      0.000
    P_DIREC            4.835      0.406     11.911      0.000
    P_EMP              1.407      0.135     10.439      0.000

 Variances
    P_SUPP             0.730      0.087      8.415      0.000
    P_UNDER            0.555      0.070      7.958      0.000
    P_DIREC            0.785      0.094      8.371      0.000
    P_EMP              0.182      0.025      7.161      0.000

Latent Class 7

 Means
    P_SUPP             1.945      0.169     11.516      0.000
    P_UNDER            3.890      0.185     21.001      0.000
    P_DIREC            2.992      0.366      8.166      0.000
    P_EMP              1.443      0.182      7.949      0.000

 Variances
    P_SUPP             0.730      0.087      8.415      0.000
    P_UNDER            0.555      0.070      7.958      0.000
    P_DIREC            0.785      0.094      8.371      0.000
    P_EMP              0.182      0.025      7.161      0.000

Latent Class 8

 Means
    P_SUPP             4.647      0.321     14.456      0.000
    P_UNDER            0.942      0.427      2.209      0.027
    P_DIREC            1.511      0.217      6.962      0.000
    P_EMP              2.249      0.112     20.129      0.000

 Variances
    P_SUPP             0.730      0.087      8.415      0.000
    P_UNDER            0.555      0.070      7.958      0.000
    P_DIREC            0.785      0.094      8.371      0.000
    P_EMP              0.182      0.025      7.161      0.000

Latent Class 9

 Means
    P_SUPP             4.157      0.220     18.923      0.000
    P_UNDER            2.449      0.205     11.968      0.000
    P_DIREC            2.778      0.222     12.488      0.000
    P_EMP              4.982      0.164     30.317      0.000

 Variances
    P_SUPP             0.730      0.087      8.415      0.000
    P_UNDER            0.555      0.070      7.958      0.000
    P_DIREC            0.785      0.094      8.371      0.000
    P_EMP              0.182      0.025      7.161      0.000

Latent Class 10

 Means
    P_SUPP             3.620      0.294     12.292      0.000
    P_UNDER            2.246      0.130     17.232      0.000
    P_DIREC            3.216      0.216     14.868      0.000
    P_EMP              3.367      0.202     16.628      0.000

 Variances
    P_SUPP             0.730      0.087      8.415      0.000
    P_UNDER            0.555      0.070      7.958      0.000
    P_DIREC            0.785      0.094      8.371      0.000
    P_EMP              0.182      0.025      7.161      0.000

Categorical Latent Variables

 Means
    C#1                0.735      0.472      1.559      0.119
    C#2               -0.459      0.735     -0.625      0.532
    C#3                0.260      0.520      0.500      0.617
    C#4                0.040      0.918      0.044      0.965
    C#5               -0.478      1.079     -0.443      0.658
    C#6               -1.707      0.725     -2.356      0.018
    C#7               -0.626      0.672     -0.933      0.351
    C#8               -3.007      0.771     -3.899      0.000
    C#9               -0.902      0.461     -1.958      0.050


QUALITY OF NUMERICAL RESULTS

     Condition Number for the Information Matrix              0.118E-04
       (ratio of smallest to largest eigenvalue)


PLOT INFORMATION

The following plots are available:

  Histograms (sample values)
  Scatterplots (sample values)
  Sample means
  Estimated means, medians, modes, and percentiles
  Sample and estimated means
  Observed individual values
  Estimated means and observed individual values
  Estimated overall and class-specific distributions

     Beginning Time:  20:33:40
        Ending Time:  20:33:55
       Elapsed Time:  00:00:15



MUTHEN & MUTHEN
3463 Stoner Ave.
Los Angeles, CA  90066

Tel: (310) 391-9971
Fax: (310) 391-8971
Web: www.StatModel.com
Support: Support@StatModel.com

Copyright (c) 1998-2019 Muthen & Muthen
