Mplus VERSION 8.4 (Mac)
MUTHEN & MUTHEN
04/27/2023   8:33 PM

INPUT INSTRUCTIONS

  TITLE:
  C9_mlca_enum_demo
  DATA:
  FILE = "../data/enum_mplus/c_9_mlca_enum.dat";

  VARIABLE:
  NAMES = add_multilevel id l_age l_confl el_confl l_stress el_stress p_supp p_under
       p_direc p_emp stress age;
   MISSING=.;
   usevar = p_supp p_under p_direc p_emp;
  classes = c(9);
  ANALYSIS:
  estimator = mlr;
      type = mixture;
      starts = 500 100;
  PLOT:
  type = plot3;
      series = p_supp p_under p_direc p_emp(*);



*** WARNING in MODEL command
  All variables are uncorrelated with all other variables within class.
  Check that this is what is intended.
   1 WARNING(S) FOUND IN THE INPUT INSTRUCTIONS




C9_mlca_enum_demo

SUMMARY OF ANALYSIS

Number of groups                                                 1
Number of observations                                         525

Number of dependent variables                                    4
Number of independent variables                                  0
Number of continuous latent variables                            0
Number of categorical latent variables                           1

Observed dependent variables

  Continuous
   P_SUPP      P_UNDER     P_DIREC     P_EMP

Categorical latent variables
   C


Estimator                                                      MLR
Information matrix                                        OBSERVED
Optimization Specifications for the Quasi-Newton Algorithm for
Continuous Outcomes
  Maximum number of iterations                                 100
  Convergence criterion                                  0.100D-05
Optimization Specifications for the EM Algorithm
  Maximum number of iterations                                 500
  Convergence criteria
    Loglikelihood change                                 0.100D-06
    Relative loglikelihood change                        0.100D-06
    Derivative                                           0.100D-05
Optimization Specifications for the M step of the EM Algorithm for
Categorical Latent variables
  Number of M step iterations                                    1
  M step convergence criterion                           0.100D-05
  Basis for M step termination                           ITERATION
Optimization Specifications for the M step of the EM Algorithm for
Censored, Binary or Ordered Categorical (Ordinal), Unordered
Categorical (Nominal) and Count Outcomes
  Number of M step iterations                                    1
  M step convergence criterion                           0.100D-05
  Basis for M step termination                           ITERATION
  Maximum value for logit thresholds                            15
  Minimum value for logit thresholds                           -15
  Minimum expected cell size for chi-square              0.100D-01
Maximum number of iterations for H1                           2000
Convergence criterion for H1                             0.100D-03
Optimization algorithm                                         EMA
Random Starts Specifications
  Number of initial stage random starts                        500
  Number of final stage optimizations                          100
  Number of initial stage iterations                            10
  Initial stage convergence criterion                    0.100D+01
  Random starts scale                                    0.500D+01
  Random seed for generating random starts                       0

Input data file(s)
  ../data/enum_mplus/c_9_mlca_enum.dat
Input data format  FREE


SUMMARY OF DATA

     Number of missing data patterns             1
     Number of y missing data patterns           1
     Number of u missing data patterns           0


COVARIANCE COVERAGE OF DATA

Minimum covariance coverage value   0.100


     PROPORTION OF DATA PRESENT FOR Y


           Covariance Coverage
              P_SUPP        P_UNDER       P_DIREC       P_EMP
              ________      ________      ________      ________
 P_SUPP         1.000
 P_UNDER        1.000         1.000
 P_DIREC        1.000         1.000         1.000
 P_EMP          1.000         1.000         1.000         1.000



UNIVARIATE SAMPLE STATISTICS


     UNIVARIATE HIGHER-ORDER MOMENT DESCRIPTIVE STATISTICS

         Variable/         Mean/     Skewness/   Minimum/ % with                Percentiles
        Sample Size      Variance    Kurtosis    Maximum  Min/Max      20%/60%    40%/80%    Median

     P_SUPP                2.913       0.132       0.140    0.19%       1.980      2.620      2.910
             525.000       1.126      -0.138       6.650    0.19%       3.130      3.840
     P_UNDER               3.044       0.080       0.300    0.19%       2.240      2.760      3.020
             525.000       0.906      -0.042       5.850    0.19%       3.260      3.870
     P_DIREC               2.981       0.125       0.230    0.19%       2.180      2.690      2.980
             525.000       0.994       0.059       6.500    0.19%       3.210      3.740
     P_EMP                 2.905       0.188       0.550    0.19%       1.930      2.600      2.900
             525.000       1.032      -0.371       5.690    0.38%       3.140      3.810

RANDOM STARTS RESULTS RANKED FROM THE BEST TO THE WORST LOGLIKELIHOOD VALUES

Final stage loglikelihood values at local maxima, seeds, and initial stage start numbers:

           -2889.395  392407           221
           -2889.395  173440           328
           -2889.395  170118           238
           -2889.860  85734            411
           -2889.860  471040           403
           -2889.860  741888           138
           -2890.753  608849           224
           -2890.845  580405           286
           -2890.845  23012            352
           -2891.857  992389           77
           -2891.857  232226           235
           -2891.857  605565           404
           -2891.857  539751           459
           -2891.857  582296           452
           -2891.857  264081           186
           -2894.404  616917           261
           -2894.731  526324           178
           -2894.816  107446           12
           -2894.816  193569           440
           -2894.822  587946           120
           -2894.850  263268           165
           -2894.920  57226            208
           -2895.018  1548             384
           -2895.124  802779           122
           -2895.440  301180           236
           -2895.546  396795           323
           -2895.723  629320           222
           -2895.807  7959             256
           -2896.031  783165           170
           -2896.320  573096           20
           -2896.475  798821           423
           -2896.650  665121           417
           -2897.166  751153           110
           -2897.838  192071           142
           -2898.009  857799           315
           -2899.640  462953           7
           -2899.919  282464           283
           -2903.184  399671           13

62 perturbed starting value run(s) did not converge or were rejected in the third stage.



THE BEST LOGLIKELIHOOD VALUE HAS BEEN REPLICATED.  RERUN WITH AT LEAST TWICE THE
RANDOM STARTS TO CHECK THAT THE BEST LOGLIKELIHOOD IS STILL OBTAINED AND REPLICATED.


THE MODEL ESTIMATION TERMINATED NORMALLY



MODEL FIT INFORMATION

Number of Free Parameters                       48

Loglikelihood

          H0 Value                       -2889.395
          H0 Scaling Correction Factor      1.0699
            for MLR

Information Criteria

          Akaike (AIC)                    5874.789
          Bayesian (BIC)                  6079.432
          Sample-Size Adjusted BIC        5927.068
            (n* = (n + 2) / 24)



FINAL CLASS COUNTS AND PROPORTIONS FOR THE LATENT CLASSES
BASED ON THE ESTIMATED MODEL

    Latent
   Classes

       1        143.58718          0.27350
       2          3.25663          0.00620
       3         85.22813          0.16234
       4         10.41392          0.01984
       5         39.91949          0.07604
       6        113.00537          0.21525
       7         40.31195          0.07678
       8         61.81635          0.11775
       9         27.46098          0.05231


FINAL CLASS COUNTS AND PROPORTIONS FOR THE LATENT CLASSES
BASED ON ESTIMATED POSTERIOR PROBABILITIES

    Latent
   Classes

       1        143.58718          0.27350
       2          3.25663          0.00620
       3         85.22813          0.16234
       4         10.41392          0.01984
       5         39.91949          0.07604
       6        113.00537          0.21525
       7         40.31195          0.07678
       8         61.81635          0.11775
       9         27.46098          0.05231


FINAL CLASS COUNTS AND PROPORTIONS FOR THE LATENT CLASSES
BASED ON THEIR MOST LIKELY LATENT CLASS MEMBERSHIP

Class Counts and Proportions

    Latent
   Classes

       1              156          0.29714
       2                3          0.00571
       3               86          0.16381
       4               10          0.01905
       5               39          0.07429
       6              119          0.22667
       7               27          0.05143
       8               58          0.11048
       9               27          0.05143


CLASSIFICATION QUALITY

     Entropy                         0.669


Classification Probabilities for the Most Likely Latent Class Membership (Column)
by Latent Class (Row)

           1        2        3        4        5        6        7        8        9

    1   0.761    0.000    0.068    0.002    0.005    0.096    0.033    0.035    0.000
    2   0.003    0.861    0.072    0.000    0.000    0.065    0.000    0.000    0.000
    3   0.152    0.002    0.729    0.013    0.071    0.015    0.017    0.000    0.000
    4   0.031    0.000    0.147    0.684    0.134    0.000    0.004    0.000    0.000
    5   0.043    0.000    0.192    0.032    0.676    0.000    0.058    0.000    0.000
    6   0.106    0.000    0.008    0.000    0.000    0.769    0.000    0.099    0.018
    7   0.342    0.000    0.095    0.006    0.093    0.003    0.458    0.003    0.000
    8   0.096    0.000    0.000    0.000    0.000    0.237    0.000    0.637    0.029
    9   0.000    0.000    0.000    0.000    0.000    0.074    0.000    0.082    0.844



Logits for the Classification Probabilities for the Most Likely Latent Class Membership (Column)
by Latent Class (Row)

              1        2        3        4        5        6        7        8        9

    1     11.296    1.157    8.878    5.188    6.364    9.227    8.143    8.226    0.000
    2      7.856   13.665   11.180    0.000    0.220   11.084    1.360    0.126    0.000
    3     11.934    7.518   13.499    9.509   11.176    9.627    9.750    3.975    0.000
    4     10.352    0.000   11.896   13.436   11.803    3.942    8.344    0.000    0.000
    5     10.667    0.003   12.164   10.358   13.424    2.922   10.968    0.249    0.000
    6      1.783   -4.024   -0.815   -9.787   -9.787    3.765   -4.140    1.716    0.000
    7     12.743    0.000   11.466    8.629   11.443    8.033   13.035    7.833    0.000
    8      1.190  -10.285   -5.675  -10.285  -10.285    2.092   -4.782    3.080    0.000
    9    -10.591  -13.646  -13.646  -13.646  -13.646   -2.435  -13.646   -2.330    0.000



MODEL RESULTS

                                                    Two-Tailed
                    Estimate       S.E.  Est./S.E.    P-Value

Latent Class 1

 Means
    P_SUPP             2.449      0.271      9.027      0.000
    P_UNDER            3.164      0.264     12.004      0.000
    P_DIREC            3.147      0.144     21.872      0.000
    P_EMP              2.836      0.158     18.001      0.000

 Variances
    P_SUPP             0.736      0.092      7.978      0.000
    P_UNDER            0.566      0.076      7.456      0.000
    P_DIREC            0.865      0.065     13.399      0.000
    P_EMP              0.193      0.027      7.173      0.000

Latent Class 2

 Means
    P_SUPP             4.647      0.325     14.286      0.000
    P_UNDER            0.932      0.434      2.148      0.032
    P_DIREC            1.532      0.227      6.758      0.000
    P_EMP              2.248      0.118     19.049      0.000

 Variances
    P_SUPP             0.736      0.092      7.978      0.000
    P_UNDER            0.566      0.076      7.456      0.000
    P_DIREC            0.865      0.065     13.399      0.000
    P_EMP              0.193      0.027      7.173      0.000

Latent Class 3

 Means
    P_SUPP             2.995      0.170     17.602      0.000
    P_UNDER            2.832      0.177     16.019      0.000
    P_DIREC            2.895      0.125     23.236      0.000
    P_EMP              1.880      0.116     16.202      0.000

 Variances
    P_SUPP             0.736      0.092      7.978      0.000
    P_UNDER            0.566      0.076      7.456      0.000
    P_DIREC            0.865      0.065     13.399      0.000
    P_EMP              0.193      0.027      7.173      0.000

Latent Class 4

 Means
    P_SUPP             1.846      0.408      4.528      0.000
    P_UNDER            2.650      0.646      4.104      0.000
    P_DIREC            4.864      0.468     10.401      0.000
    P_EMP              1.389      0.138     10.068      0.000

 Variances
    P_SUPP             0.736      0.092      7.978      0.000
    P_UNDER            0.566      0.076      7.456      0.000
    P_DIREC            0.865      0.065     13.399      0.000
    P_EMP              0.193      0.027      7.173      0.000

Latent Class 5

 Means
    P_SUPP             1.947      0.178     10.932      0.000
    P_UNDER            3.860      0.198     19.485      0.000
    P_DIREC            3.069      0.405      7.575      0.000
    P_EMP              1.478      0.195      7.596      0.000

 Variances
    P_SUPP             0.736      0.092      7.978      0.000
    P_UNDER            0.566      0.076      7.456      0.000
    P_DIREC            0.865      0.065     13.399      0.000
    P_EMP              0.193      0.027      7.173      0.000

Latent Class 6

 Means
    P_SUPP             3.670      0.210     17.468      0.000
    P_UNDER            2.395      0.301      7.961      0.000
    P_DIREC            2.734      0.344      7.957      0.000
    P_EMP              3.539      0.263     13.469      0.000

 Variances
    P_SUPP             0.736      0.092      7.978      0.000
    P_UNDER            0.566      0.076      7.456      0.000
    P_DIREC            0.865      0.065     13.399      0.000
    P_EMP              0.193      0.027      7.173      0.000

Latent Class 7

 Means
    P_SUPP             2.524      0.557      4.535      0.000
    P_UNDER            4.350      0.600      7.251      0.000
    P_DIREC            3.374      0.282     11.975      0.000
    P_EMP              2.371      0.163     14.501      0.000

 Variances
    P_SUPP             0.736      0.092      7.978      0.000
    P_UNDER            0.566      0.076      7.456      0.000
    P_DIREC            0.865      0.065     13.399      0.000
    P_EMP              0.193      0.027      7.173      0.000

Latent Class 8

 Means
    P_SUPP             2.905      0.583      4.980      0.000
    P_UNDER            3.300      0.430      7.683      0.000
    P_DIREC            2.712      0.442      6.130      0.000
    P_EMP              3.965      0.184     21.497      0.000

 Variances
    P_SUPP             0.736      0.092      7.978      0.000
    P_UNDER            0.566      0.076      7.456      0.000
    P_DIREC            0.865      0.065     13.399      0.000
    P_EMP              0.193      0.027      7.173      0.000

Latent Class 9

 Means
    P_SUPP             4.169      0.224     18.586      0.000
    P_UNDER            2.460      0.211     11.642      0.000
    P_DIREC            2.743      0.228     12.013      0.000
    P_EMP              4.969      0.163     30.395      0.000

 Variances
    P_SUPP             0.736      0.092      7.978      0.000
    P_UNDER            0.566      0.076      7.456      0.000
    P_DIREC            0.865      0.065     13.399      0.000
    P_EMP              0.193      0.027      7.173      0.000

Categorical Latent Variables

 Means
    C#1                1.654      0.377      4.383      0.000
    C#2               -2.132      0.710     -3.004      0.003
    C#3                1.133      0.394      2.874      0.004
    C#4               -0.970      0.832     -1.165      0.244
    C#5                0.374      0.623      0.600      0.548
    C#6                1.415      0.547      2.586      0.010
    C#7                0.384      1.168      0.329      0.742
    C#8                0.811      0.999      0.812      0.417


QUALITY OF NUMERICAL RESULTS

     Condition Number for the Information Matrix              0.109E-04
       (ratio of smallest to largest eigenvalue)


PLOT INFORMATION

The following plots are available:

  Histograms (sample values)
  Scatterplots (sample values)
  Sample means
  Estimated means, medians, modes, and percentiles
  Sample and estimated means
  Observed individual values
  Estimated means and observed individual values
  Estimated overall and class-specific distributions

     Beginning Time:  20:33:26
        Ending Time:  20:33:40
       Elapsed Time:  00:00:14



MUTHEN & MUTHEN
3463 Stoner Ave.
Los Angeles, CA  90066

Tel: (310) 391-9971
Fax: (310) 391-8971
Web: www.StatModel.com
Support: Support@StatModel.com

Copyright (c) 1998-2019 Muthen & Muthen
