Mplus VERSION 8.4 (Mac)
MUTHEN & MUTHEN
04/27/2023   4:04 PM

INPUT INSTRUCTIONS

  TITLE:
  C6_mlca_enum_demo
  DATA:
  FILE = "../data/enum_mplus/c_{k}_mlca_enum.dat";

  VARIABLE:
  NAMES = id l_age l_confl el_confl l_stress el_stress p_supp ep_supp p_direc ep_direc
       p_emp ep_emp p_under ep_under commit;
   MISSING=.;
   usevar = mean_p_supp mean_p_under mean_p_direc mean_p_emp;
  classes = c(6);
  ANALYSIS:
  estimator = mlr;
      type = mixture;
      starts = 500 100;
  PLOT:
  type = plot3;
      series = mean_p_supp mean_p_under mean_p_direc mean_p_emp(*);

*** ERROR in DEFINE command
  A new variable included on the USEVARIABLES list was not defined.
  Check your DEFINE statements.  Undefined variable:  MEAN_P_SUPP
*** ERROR in DEFINE command
  A new variable included on the USEVARIABLES list was not defined.
  Check your DEFINE statements.  Undefined variable:  MEAN_P_UNDER
*** ERROR in DEFINE command
  A new variable included on the USEVARIABLES list was not defined.
  Check your DEFINE statements.  Undefined variable:  MEAN_P_DIREC
*** ERROR in DEFINE command
  A new variable included on the USEVARIABLES list was not defined.
  Check your DEFINE statements.  Undefined variable:  MEAN_P_EMP


MUTHEN & MUTHEN
3463 Stoner Ave.
Los Angeles, CA  90066

Tel: (310) 391-9971
Fax: (310) 391-8971
Web: www.StatModel.com
Support: Support@StatModel.com

Copyright (c) 1998-2019 Muthen & Muthen
