Mplus VERSION 8.4 (Mac)
MUTHEN & MUTHEN
09/19/2022   4:00 PM

INPUT INSTRUCTIONS

  TITLE:
  BCH Step 1;
  DATA:
  FILE = "Mplus/Step1_step_hard_3.dat";

  VARIABLE:
  NAMES = LCOALT LCOCR LCONSUL LDEPR LDESP LDHJD LEXCH LFEAR LFEAR1 LICHJD LINAP
       LINTEG LISOJR LISTJR LLEGTAC LMC LPC LPEAPP LPOTENT LPOWER LPRESS LRAPER LTEAMP
       MACH NARC NARC1 PSYCH PSYCH1 LRespNr Lfailfour ProgressL Duration__in_seconds_L
       FinishedL LGENDER LAGE LEDU TENURE_O TENURE_T TENURE_F TEAMSIZE Q20_LG LCOVID_B
       LCOVID_S;
   MISSING=.;
   usevar = LEXCH LLEGTAC LPRESS LCOALT;
  CLASSES = c(4);
  AUXILIARY = LDEPR LAGE LEDU TENURE_O TEAMSIZE;
  ANALYSIS:
  TYPE = MIXTURE; starts = 7000 200;
  LRTSTARTS = 0 0 500 200;
  OUTPUT:
  sampstat residual tech11 tech14
  SAVEDATA:
  FILE = file=2.dat; save=bch;
  Missflag= 999;



*** WARNING in MODEL command
  All variables are uncorrelated with all other variables within class.
  Check that this is what is intended.
   1 WARNING(S) FOUND IN THE INPUT INSTRUCTIONS




BCH Step 1;

