Mplus VERSION 8.4 (Mac)
MUTHEN & MUTHEN
09/19/2022   5:44 PM

INPUT INSTRUCTIONS

  TITLE:
  BCH Step 1;
  DATA:
  FILE = "Mplus/Step1_step_hard_4.dat";

  VARIABLE:
  NAMES = LCOALT LCOCR LCONSUL LDEPR LDESP LDHJD LEXCH LFEAR LFEAR1 LICHJD LINAP
       LINTEG LISOJR LISTJR LLEGTAC LMC LPC LPEAPP LPOTENT LPOWER LPRESS LRAPER LTEAMP
       MACH NARC NARC1 PSYCH PSYCH1 LRespNr Lfailfour ProgressL Duration__in_seconds_L
       FinishedL LGENDER LAGE LEDU TENURE_O TENURE_T TENURE_F TEAMSIZE Q20_LG LCOVID_B
       LCOVID_S;
   MISSING=.;
   usevar = LEXCH LLEGTAC LPRESS LCOALT;
  CLASSES = c(4);
  AUXILIARY = LDEPR LAGE LEDU TENURE_O TEAMSIZE;
  ANALYSIS:
  TYPE = MIXTURE; starts = 7000 200;
  LRTSTARTS = 0 0 500 200;
  OUTPUT:
  sampstat residual tech11 tech14
  SAVEDATA:
  FILE = file=2.dat; save=bch;
  Missflag= 999;



*** WARNING in MODEL command
  All variables are uncorrelated with all other variables within class.
  Check that this is what is intended.
   1 WARNING(S) FOUND IN THE INPUT INSTRUCTIONS




BCH Step 1;

SUMMARY OF ANALYSIS

Number of groups                                                 1
Number of observations                                         475

Number of dependent variables                                    4
Number of independent variables                                  0
Number of continuous latent variables                            0
Number of categorical latent variables                           1

Observed dependent variables

  Continuous
   LEXCH       LLEGTAC     LPRESS      LCOALT

Observed auxiliary variables
   LDEPR       LAGE        LEDU        TENURE_O    TEAMSIZE

Categorical latent variables
   C


Estimator                                                      MLR
Information matrix                                        OBSERVED
Optimization Specifications for the Quasi-Newton Algorithm for
Continuous Outcomes
  Maximum number of iterations                                 100
  Convergence criterion                                  0.100D-05
Optimization Specifications for the EM Algorithm
  Maximum number of iterations                                 500
  Convergence criteria
    Loglikelihood change                                 0.100D-06
    Relative loglikelihood change                        0.100D-06
    Derivative                                           0.100D-05
Optimization Specifications for the M step of the EM Algorithm for
Categorical Latent variables
  Number of M step iterations                                    1
  M step convergence criterion                           0.100D-05
  Basis for M step termination                           ITERATION
Optimization Specifications for the M step of the EM Algorithm for
Censored, Binary or Ordered Categorical (Ordinal), Unordered
Categorical (Nominal) and Count Outcomes
  Number of M step iterations                                    1
  M step convergence criterion                           0.100D-05
  Basis for M step termination                           ITERATION
  Maximum value for logit thresholds                            15
  Minimum value for logit thresholds                           -15
  Minimum expected cell size for chi-square              0.100D-01
Maximum number of iterations for H1                           2000
Convergence criterion for H1                             0.100D-03
Optimization algorithm                                         EMA
Random Starts Specifications
  Number of initial stage random starts                       7000
  Number of final stage optimizations                          200
  Number of initial stage iterations                            10
  Initial stage convergence criterion                    0.100D+01
  Random starts scale                                    0.500D+01
  Random seed for generating random starts                       0

Input data file(s)
  Mplus/Step1_step_hard_4.dat
Input data format  FREE


SUMMARY OF DATA

     Number of missing data patterns             1
     Number of y missing data patterns           1
     Number of u missing data patterns           0


COVARIANCE COVERAGE OF DATA

Minimum covariance coverage value   0.100


     PROPORTION OF DATA PRESENT FOR Y


           Covariance Coverage
              LEXCH         LLEGTAC       LPRESS        LCOALT
              ________      ________      ________      ________
 LEXCH          1.000
 LLEGTAC        1.000         1.000
 LPRESS         1.000         1.000         1.000
 LCOALT         1.000         1.000         1.000         1.000


SAMPLE STATISTICS


     ESTIMATED SAMPLE STATISTICS


           Means
              LEXCH         LLEGTAC       LPRESS        LCOALT
              ________      ________      ________      ________
                2.172         2.211         2.998         1.740


           Covariances
              LEXCH         LLEGTAC       LPRESS        LCOALT
              ________      ________      ________      ________
 LEXCH          0.972
 LLEGTAC        0.489         1.045
 LPRESS         0.265         0.271         0.581
 LCOALT         0.390         0.403         0.230         0.655


           Correlations
              LEXCH         LLEGTAC       LPRESS        LCOALT
              ________      ________      ________      ________
 LEXCH          1.000
 LLEGTAC        0.485         1.000
 LPRESS         0.352         0.348         1.000
 LCOALT         0.489         0.487         0.373         1.000


     MAXIMUM LOG-LIKELIHOOD VALUE FOR THE UNRESTRICTED (H1) MODEL IS -2262.750


UNIVARIATE SAMPLE STATISTICS


     UNIVARIATE HIGHER-ORDER MOMENT DESCRIPTIVE STATISTICS

         Variable/         Mean/     Skewness/   Minimum/ % with                Percentiles
        Sample Size      Variance    Kurtosis    Maximum  Min/Max      20%/60%    40%/80%    Median

     LEXCH                 2.172       0.610       1.000   19.79%       1.250      1.750      2.000
             475.000       0.972      -0.447       5.000    0.84%       2.250      3.000
     LLEGTAC               2.211       0.763       1.000   16.84%       1.250      1.750      2.000
             475.000       1.045      -0.165       5.000    1.89%       2.250      3.000
     LPRESS                2.998      -0.222       1.000    1.26%       2.500      2.750      3.000
             475.000       0.581      -0.093       5.000    0.21%       3.250      3.750
     LCOALT                1.740       1.190       1.000   31.58%       1.000      1.250      1.500
             475.000       0.655       0.880       5.000    0.21%       1.750      2.250

RANDOM STARTS RESULTS RANKED FROM THE BEST TO THE WORST LOGLIKELIHOOD VALUES

Final stage loglikelihood values at local maxima, seeds, and initial stage start numbers:

           -2175.940  47719            962
           -2175.940  260601           36
           -2175.940  203018           3813
           -2175.940  591673           6204
           -2175.940  896300           5588
           -2175.940  563647           2456
           -2175.940  926494           2727
           -2175.940  703715           2171
           -2175.940  888905           444
           -2175.940  549964           3035
           -2175.940  984700           4016
           -2175.940  986725           6404
           -2175.940  459408           3621
           -2175.940  813605           2152
           -2175.940  948991           5661
           -2175.940  498765           5739
           -2175.940  170337           5194
           -2175.940  246261           38
           -2175.940  899876           1808
           -2175.940  230385           3488
           -2175.940  254860           5845
           -2175.940  232559           136
           -2175.940  445903           3038
           -2175.940  62104            4555
           -2175.940  581912           3149
           -2175.940  444166           1443
           -2175.940  962859           4380
           -2175.940  193042           316
           -2175.940  114433           708
           -2175.940  923427           2182
           -2175.940  289515           5257
           -2175.940  498962           3653
           -2175.940  584838           4181
           -2175.940  915975           4852
           -2175.940  440368           797
           -2175.940  251783           6252
           -2175.940  990322           3309
           -2175.940  514366           5920
           -2175.940  10912            5048
           -2175.940  304762           4712
           -2175.940  769072           1286
           -2175.940  704798           530
           -2175.940  590244           5765
           -2175.940  337381           1397
           -2175.940  674419           2870
           -2175.940  76847            1959
           -2175.940  899942           1996
           -2175.940  173191           422
           -2175.940  291874           4423
           -2175.940  258359           1202
           -2175.940  864390           5217
           -2175.940  342040           4672
           -2175.940  21130            1988
           -2175.940  700113           5075
           -2175.940  235468           1802
           -2175.940  793233           6980
           -2175.940  196940           2579
           -2175.940  164643           1941
           -2175.940  817779           2376
           -2175.940  258251           2982
           -2175.940  545108           667
           -2175.940  137888           901
           -2175.940  337438           4320
           -2175.940  940533           764
           -2175.940  237332           661
           -2175.940  204979           5195
           -2175.940  848969           173
           -2175.940  477585           2692
           -2175.940  588848           3965
           -2175.940  166851           638
           -2175.940  238115           5549
           -2175.940  24162            4781
           -2175.940  514266           3692

127 perturbed starting value run(s) did not converge or were rejected in the third stage.



THE BEST LOGLIKELIHOOD VALUE HAS BEEN REPLICATED.  RERUN WITH AT LEAST TWICE THE
RANDOM STARTS TO CHECK THAT THE BEST LOGLIKELIHOOD IS STILL OBTAINED AND REPLICATED.


THE MODEL ESTIMATION TERMINATED NORMALLY



MODEL FIT INFORMATION

Number of Free Parameters                       23

Loglikelihood

          H0 Value                       -2175.940
          H0 Scaling Correction Factor      1.2123
            for MLR

Information Criteria

          Akaike (AIC)                    4397.880
          Bayesian (BIC)                  4493.636
          Sample-Size Adjusted BIC        4420.637
            (n* = (n + 2) / 24)



FINAL CLASS COUNTS AND PROPORTIONS FOR THE LATENT CLASSES
BASED ON THE ESTIMATED MODEL

    Latent
   Classes

       1        110.19217          0.23198
       2        293.23365          0.61733
       3         40.76491          0.08582
       4         30.80928          0.06486


FINAL CLASS COUNTS AND PROPORTIONS FOR THE LATENT CLASSES
BASED ON ESTIMATED POSTERIOR PROBABILITIES

    Latent
   Classes

       1        110.19217          0.23198
       2        293.23365          0.61733
       3         40.76491          0.08582
       4         30.80928          0.06486


FINAL CLASS COUNTS AND PROPORTIONS FOR THE LATENT CLASSES
BASED ON THEIR MOST LIKELY LATENT CLASS MEMBERSHIP

Class Counts and Proportions

    Latent
   Classes

       1              117          0.24632
       2              291          0.61263
       3               37          0.07789
       4               30          0.06316


CLASSIFICATION QUALITY

     Entropy                         0.860


Classification Probabilities for the Most Likely Latent Class Membership (Column)
by Latent Class (Row)

           1        2        3        4

    1   0.894    0.069    0.019    0.018
    2   0.036    0.953    0.011    0.000
    3   0.127    0.098    0.775    0.000
    4   0.091    0.000    0.000    0.909


Logits for the Classification Probabilities for the Most Likely Latent Class Membership (Column)
by Latent Class (Row)

              1        2        3        4

    1      3.904    1.350    0.048    0.000
    2     10.490   13.767    9.336    0.000
    3      7.064    6.798    8.870    0.000
    4     -2.304  -13.720  -10.375    0.000


MODEL RESULTS

                                                    Two-Tailed
                    Estimate       S.E.  Est./S.E.    P-Value

Latent Class 1

 Means
    LEXCH              2.684      0.140     19.198      0.000
    LLEGTAC            2.586      0.131     19.812      0.000
    LPRESS             3.257      0.071     46.107      0.000
    LCOALT             2.472      0.127     19.491      0.000

 Variances
    LEXCH              0.656      0.046     14.378      0.000
    LLEGTAC            0.438      0.037     11.990      0.000
    LPRESS             0.482      0.031     15.768      0.000
    LCOALT             0.153      0.022      7.121      0.000

Latent Class 2

 Means
    LEXCH              1.765      0.053     33.611      0.000
    LLEGTAC            1.675      0.049     33.915      0.000
    LPRESS             2.762      0.050     55.561      0.000
    LCOALT             1.290      0.041     31.382      0.000

 Variances
    LEXCH              0.656      0.046     14.378      0.000
    LLEGTAC            0.438      0.037     11.990      0.000
    LPRESS             0.482      0.031     15.768      0.000
    LCOALT             0.153      0.022      7.121      0.000

Latent Class 3

 Means
    LEXCH              2.619      0.187     14.025      0.000
    LLEGTAC            3.858      0.230     16.795      0.000
    LPRESS             3.518      0.138     25.458      0.000
    LCOALT             1.519      0.091     16.616      0.000

 Variances
    LEXCH              0.656      0.046     14.378      0.000
    LLEGTAC            0.438      0.037     11.990      0.000
    LPRESS             0.482      0.031     15.768      0.000
    LCOALT             0.153      0.022      7.121      0.000

Latent Class 4

 Means
    LEXCH              3.618      0.204     17.702      0.000
    LLEGTAC            3.798      0.237     16.046      0.000
    LPRESS             3.631      0.116     31.275      0.000
    LCOALT             3.695      0.165     22.402      0.000

 Variances
    LEXCH              0.656      0.046     14.378      0.000
    LLEGTAC            0.438      0.037     11.990      0.000
    LPRESS             0.482      0.031     15.768      0.000
    LCOALT             0.153      0.022      7.121      0.000

Categorical Latent Variables

 Means
    C#1                1.274      0.293      4.342      0.000
    C#2                2.253      0.323      6.986      0.000
    C#3                0.280      0.425      0.658      0.510


QUALITY OF NUMERICAL RESULTS

     Condition Number for the Information Matrix              0.103E-02
       (ratio of smallest to largest eigenvalue)


RESIDUAL OUTPUT


     ESTIMATED MODEL AND RESIDUALS (OBSERVED - ESTIMATED) FOR CLASS 1


           Model Estimated Means
              LEXCH         LLEGTAC       LPRESS        LCOALT
              ________      ________      ________      ________
                2.684         2.586         3.257         2.472


           Residuals for Means
              LEXCH         LLEGTAC       LPRESS        LCOALT
              ________      ________      ________      ________
                0.000         0.000         0.000         0.000


           Model Estimated Covariances
              LEXCH         LLEGTAC       LPRESS        LCOALT
              ________      ________      ________      ________
 LEXCH          0.656
 LLEGTAC        0.000         0.438
 LPRESS         0.000         0.000         0.482
 LCOALT         0.000         0.000         0.000         0.153


           Residuals for Covariances
              LEXCH         LLEGTAC       LPRESS        LCOALT
              ________      ________      ________      ________
 LEXCH          0.148
 LLEGTAC        0.171         0.118
 LPRESS         0.037        -0.037        -0.121
 LCOALT        -0.017        -0.010         0.025         0.053


     ESTIMATED MODEL AND RESIDUALS (OBSERVED - ESTIMATED) FOR CLASS 2


           Model Estimated Means
              LEXCH         LLEGTAC       LPRESS        LCOALT
              ________      ________      ________      ________
                1.765         1.675         2.762         1.290


           Residuals for Means
              LEXCH         LLEGTAC       LPRESS        LCOALT
              ________      ________      ________      ________
                0.000         0.000         0.000         0.000


           Model Estimated Covariances
              LEXCH         LLEGTAC       LPRESS        LCOALT
              ________      ________      ________      ________
 LEXCH          0.656
 LLEGTAC        0.000         0.438
 LPRESS         0.000         0.000         0.482
 LCOALT         0.000         0.000         0.000         0.153


           Residuals for Covariances
              LEXCH         LLEGTAC       LPRESS        LCOALT
              ________      ________      ________      ________
 LEXCH         -0.072
 LLEGTAC        0.066        -0.067
 LPRESS         0.123         0.044         0.071
 LCOALT         0.019         0.030         0.050        -0.028


     ESTIMATED MODEL AND RESIDUALS (OBSERVED - ESTIMATED) FOR CLASS 3


           Model Estimated Means
              LEXCH         LLEGTAC       LPRESS        LCOALT
              ________      ________      ________      ________
                2.619         3.858         3.518         1.519


           Residuals for Means
              LEXCH         LLEGTAC       LPRESS        LCOALT
              ________      ________      ________      ________
                0.000         0.000         0.000         0.000


           Model Estimated Covariances
              LEXCH         LLEGTAC       LPRESS        LCOALT
              ________      ________      ________      ________
 LEXCH          0.656
 LLEGTAC        0.000         0.438
 LPRESS         0.000         0.000         0.482
 LCOALT         0.000         0.000         0.000         0.153


           Residuals for Covariances
              LEXCH         LLEGTAC       LPRESS        LCOALT
              ________      ________      ________      ________
 LEXCH          0.213
 LLEGTAC        0.004         0.083
 LPRESS         0.070         0.100        -0.042
 LCOALT         0.017         0.006         0.078         0.009


     ESTIMATED MODEL AND RESIDUALS (OBSERVED - ESTIMATED) FOR CLASS 4


           Model Estimated Means
              LEXCH         LLEGTAC       LPRESS        LCOALT
              ________      ________      ________      ________
                3.618         3.798         3.631         3.695


           Residuals for Means
              LEXCH         LLEGTAC       LPRESS        LCOALT
              ________      ________      ________      ________
                0.000         0.000         0.000         0.000


           Model Estimated Covariances
              LEXCH         LLEGTAC       LPRESS        LCOALT
              ________      ________      ________      ________
 LEXCH          0.656
 LLEGTAC        0.000         0.438
 LPRESS         0.000         0.000         0.482
 LCOALT         0.000         0.000         0.000         0.153


           Residuals for Covariances
              LEXCH         LLEGTAC       LPRESS        LCOALT
              ________      ________      ________      ________
 LEXCH         -0.126
 LLEGTAC        0.251         0.104
 LPRESS         0.078         0.076        -0.184
 LCOALT         0.091         0.050         0.107         0.062


TECHNICAL 11 OUTPUT

     Random Starts Specifications for the k-1 Class Analysis Model
        Number of initial stage random starts                7000
        Number of final stage optimizations                   200



     VUONG-LO-MENDELL-RUBIN LIKELIHOOD RATIO TEST FOR 3 (H0) VERSUS 4 CLASSES

          H0 Loglikelihood Value                        -2219.084
          2 Times the Loglikelihood Difference             86.289
          Difference in the Number of Parameters                5
          Mean                                            -13.880
          Standard Deviation                               43.711
          P-Value                                          0.0074

     LO-MENDELL-RUBIN ADJUSTED LRT TEST

          Value                                            83.577
          P-Value                                          0.0083


TECHNICAL 14 OUTPUT

     Random Starts Specifications for the k-1 Class Analysis Model
        Number of initial stage random starts                7000
        Number of final stage optimizations                   200

     Random Starts Specification for the k-1 Class Model for Generated Data
        Number of initial stage random starts                   0
        Number of final stage optimizations for the
           initial stage random starts                          0
     Random Starts Specification for the k Class Model for Generated Data
        Number of initial stage random starts                 500
        Number of final stage optimizations                   200
     Number of bootstrap draws requested                   Varies


     PARAMETRIC BOOTSTRAPPED LIKELIHOOD RATIO TEST FOR 3 (H0) VERSUS 4 CLASSES

          H0 Loglikelihood Value                        -2219.084
          2 Times the Loglikelihood Difference             86.289
          Difference in the Number of Parameters                5
          Approximate P-Value                              0.0000
          Successful Bootstrap Draws                            5


SAVEDATA INFORMATION


  Save file
    file=2.dat

  Order and format of variables

    LEXCH          F10.3
    LLEGTAC        F10.3
    LPRESS         F10.3
    LCOALT         F10.3
    LDEPR          F10.3
    LAGE           F10.3
    LEDU           F10.3
    TENURE_O       F10.3
    TEAMSIZE       F10.3
    BCHW1          F10.3
    BCHW2          F10.3
    BCHW3          F10.3
    BCHW4          F10.3

  Save file format
    13F10.3

  Save file record length    10000


     Beginning Time:  17:44:53
        Ending Time:  17:46:27
       Elapsed Time:  00:01:34



MUTHEN & MUTHEN
3463 Stoner Ave.
Los Angeles, CA  90066

Tel: (310) 391-9971
Fax: (310) 391-8971
Web: www.StatModel.com
Support: Support@StatModel.com

Copyright (c) 1998-2019 Muthen & Muthen
