Mplus VERSION 8.4 (Mac)
MUTHEN & MUTHEN
07/20/2022   5:17 PM

INPUT INSTRUCTIONS

  TITLE:
  model 1 with 3 classes
  DATA:
  FILE = "data_d729b7d93a8255a97eef16254fd29562.dat";

  VARIABLE:
  NAMES = Persu Inspir Consul Integ Appeal Excha Legit Press Coal;
   MISSING=.;
   CLASSES = c1(3);

  ANALYSIS:
  TYPE = mixture;
  starts = 200, 10;
  MODEL:
  %c1#1%
  Persu (vPersu);
  Inspir (vInspir);
  Consul (vConsul);
  Integ (vInteg);
  Appeal (vAppeal);
  Excha (vExcha);
  Legit (vLegit);
  Press (vPress);
  Coal (vCoal);

  Persu WITH Inspir@0;
  Persu WITH Consul@0;
  Persu WITH Integ@0;
  Persu WITH Appeal@0;
  Persu WITH Excha@0;
  Persu WITH Legit@0;
  Persu WITH Press@0;
  Persu WITH Coal@0;
  Inspir WITH Consul@0;
  Inspir WITH Integ@0;
  Inspir WITH Appeal@0;
  Inspir WITH Excha@0;
  Inspir WITH Legit@0;
  Inspir WITH Press@0;
  Inspir WITH Coal@0;
  Consul WITH Integ@0;
  Consul WITH Appeal@0;
  Consul WITH Excha@0;
  Consul WITH Legit@0;
  Consul WITH Press@0;
  Consul WITH Coal@0;
  Integ WITH Appeal@0;
  Integ WITH Excha@0;
  Integ WITH Legit@0;
  Integ WITH Press@0;
  Integ WITH Coal@0;
  Appeal WITH Excha@0;
  Appeal WITH Legit@0;
  Appeal WITH Press@0;
  Appeal WITH Coal@0;
  Excha WITH Legit@0;
  Excha WITH Press@0;
  Excha WITH Coal@0;
  Legit WITH Press@0;
  Legit WITH Coal@0;
  Press WITH Coal@0;

  %c1#2%
  Persu (vPersu);
  Inspir (vInspir);
  Consul (vConsul);
  Integ (vInteg);
  Appeal (vAppeal);
  Excha (vExcha);
  Legit (vLegit);
  Press (vPress);
  Coal (vCoal);

  Persu WITH Inspir@0;
  Persu WITH Consul@0;
  Persu WITH Integ@0;
  Persu WITH Appeal@0;
  Persu WITH Excha@0;
  Persu WITH Legit@0;
  Persu WITH Press@0;
  Persu WITH Coal@0;
  Inspir WITH Consul@0;
  Inspir WITH Integ@0;
  Inspir WITH Appeal@0;
  Inspir WITH Excha@0;
  Inspir WITH Legit@0;
  Inspir WITH Press@0;
  Inspir WITH Coal@0;
  Consul WITH Integ@0;
  Consul WITH Appeal@0;
  Consul WITH Excha@0;
  Consul WITH Legit@0;
  Consul WITH Press@0;
  Consul WITH Coal@0;
  Integ WITH Appeal@0;
  Integ WITH Excha@0;
  Integ WITH Legit@0;
  Integ WITH Press@0;
  Integ WITH Coal@0;
  Appeal WITH Excha@0;
  Appeal WITH Legit@0;
  Appeal WITH Press@0;
  Appeal WITH Coal@0;
  Excha WITH Legit@0;
  Excha WITH Press@0;
  Excha WITH Coal@0;
  Legit WITH Press@0;
  Legit WITH Coal@0;
  Press WITH Coal@0;

  %c1#3%
  Persu (vPersu);
  Inspir (vInspir);
  Consul (vConsul);
  Integ (vInteg);
  Appeal (vAppeal);
  Excha (vExcha);
  Legit (vLegit);
  Press (vPress);
  Coal (vCoal);

  Persu WITH Inspir@0;
  Persu WITH Consul@0;
  Persu WITH Integ@0;
  Persu WITH Appeal@0;
  Persu WITH Excha@0;
  Persu WITH Legit@0;
  Persu WITH Press@0;
  Persu WITH Coal@0;
  Inspir WITH Consul@0;
  Inspir WITH Integ@0;
  Inspir WITH Appeal@0;
  Inspir WITH Excha@0;
  Inspir WITH Legit@0;
  Inspir WITH Press@0;
  Inspir WITH Coal@0;
  Consul WITH Integ@0;
  Consul WITH Appeal@0;
  Consul WITH Excha@0;
  Consul WITH Legit@0;
  Consul WITH Press@0;
  Consul WITH Coal@0;
  Integ WITH Appeal@0;
  Integ WITH Excha@0;
  Integ WITH Legit@0;
  Integ WITH Press@0;
  Integ WITH Coal@0;
  Appeal WITH Excha@0;
  Appeal WITH Legit@0;
  Appeal WITH Press@0;
  Appeal WITH Coal@0;
  Excha WITH Legit@0;
  Excha WITH Press@0;
  Excha WITH Coal@0;
  Legit WITH Press@0;
  Legit WITH Coal@0;
  Press WITH Coal@0;


  OUTPUT:
  TECH14;

  SAVEDATA:
  FILE IS model_1_class_3.dat;
  SAVE = cprobabilities;



*** WARNING in MODEL command
  All variables are uncorrelated with all other variables within class.
  Check that this is what is intended.
   1 WARNING(S) FOUND IN THE INPUT INSTRUCTIONS




model 1 with 3 classes

SUMMARY OF ANALYSIS

Number of groups                                                 1
Number of observations                                        1401

Number of dependent variables                                    9
Number of independent variables                                  0
Number of continuous latent variables                            0
Number of categorical latent variables                           1

Observed dependent variables

  Continuous
   PERSU       INSPIR      CONSUL      INTEG       APPEAL      EXCHA
   LEGIT       PRESS       COAL

Categorical latent variables
   C1


Estimator                                                      MLR
Information matrix                                        OBSERVED
Optimization Specifications for the Quasi-Newton Algorithm for
Continuous Outcomes
  Maximum number of iterations                                 100
  Convergence criterion                                  0.100D-05
Optimization Specifications for the EM Algorithm
  Maximum number of iterations                                 500
  Convergence criteria
    Loglikelihood change                                 0.100D-06
    Relative loglikelihood change                        0.100D-06
    Derivative                                           0.100D-05
Optimization Specifications for the M step of the EM Algorithm for
Categorical Latent variables
  Number of M step iterations                                    1
  M step convergence criterion                           0.100D-05
  Basis for M step termination                           ITERATION
Optimization Specifications for the M step of the EM Algorithm for
Censored, Binary or Ordered Categorical (Ordinal), Unordered
Categorical (Nominal) and Count Outcomes
  Number of M step iterations                                    1
  M step convergence criterion                           0.100D-05
  Basis for M step termination                           ITERATION
  Maximum value for logit thresholds                            15
  Minimum value for logit thresholds                           -15
  Minimum expected cell size for chi-square              0.100D-01
Maximum number of iterations for H1                           2000
Convergence criterion for H1                             0.100D-03
Optimization algorithm                                         EMA
Random Starts Specifications
  Number of initial stage random starts                        200
  Number of final stage optimizations                           10
  Number of initial stage iterations                            10
  Initial stage convergence criterion                    0.100D+01
  Random starts scale                                    0.500D+01
  Random seed for generating random starts                       0

Input data file(s)
  data_d729b7d93a8255a97eef16254fd29562.dat
Input data format  FREE


SUMMARY OF DATA

     Number of missing data patterns             1
     Number of y missing data patterns           1
     Number of u missing data patterns           0


COVARIANCE COVERAGE OF DATA

Minimum covariance coverage value   0.100


     PROPORTION OF DATA PRESENT FOR Y


           Covariance Coverage
              PERSU         INSPIR        CONSUL        INTEG         APPEAL
              ________      ________      ________      ________      ________
 PERSU          1.000
 INSPIR         1.000         1.000
 CONSUL         1.000         1.000         1.000
 INTEG          1.000         1.000         1.000         1.000
 APPEAL         1.000         1.000         1.000         1.000         1.000
 EXCHA          1.000         1.000         1.000         1.000         1.000
 LEGIT          1.000         1.000         1.000         1.000         1.000
 PRESS          1.000         1.000         1.000         1.000         1.000
 COAL           1.000         1.000         1.000         1.000         1.000


           Covariance Coverage
              EXCHA         LEGIT         PRESS         COAL
              ________      ________      ________      ________
 EXCHA          1.000
 LEGIT          1.000         1.000
 PRESS          1.000         1.000         1.000
 COAL           1.000         1.000         1.000         1.000



UNIVARIATE SAMPLE STATISTICS


     UNIVARIATE HIGHER-ORDER MOMENT DESCRIPTIVE STATISTICS

         Variable/         Mean/     Skewness/   Minimum/ % with                Percentiles
        Sample Size      Variance    Kurtosis    Maximum  Min/Max      20%/60%    40%/80%    Median

     PERSU                 3.828       0.029       2.000    0.14%       3.500      3.750      3.750
            1401.000       0.283      -0.028       5.000    4.21%       4.000      4.250
     INSPIR                3.760      -0.256       1.750    0.14%       3.250      3.750      3.750
            1401.000       0.301       0.275       5.000    2.07%       4.000      4.250
     CONSUL                3.994      -0.433       2.000    0.43%       3.500      3.750      4.000
            1401.000       0.353       0.422       5.000    8.49%       4.000      4.500
     INTEG                 3.606      -0.300       1.000    0.21%       3.000      3.500      3.750
            1401.000       0.490       0.254       5.000    4.43%       3.750      4.250
     APPEAL                2.075       0.755       1.000   16.13%       1.250      1.750      2.000
            1401.000       0.759      -0.052       5.000    0.14%       2.250      2.750
     EXCHA                 2.075       0.726       1.000   20.27%       1.000      1.500      2.000
            1401.000       0.890      -0.222       5.000    0.64%       2.250      3.000
     LEGIT                 2.189       0.831       1.000   15.77%       1.250      1.750      2.000
            1401.000       1.004       0.013       5.000    2.00%       2.250      3.000
     PRESS                 2.962      -0.178       1.000    1.28%       2.250      2.750      3.000
            1401.000       0.549      -0.039       5.000    0.14%       3.250      3.500
     COAL                  1.714       1.308       1.000   30.91%       1.000      1.250      1.500
            1401.000       0.626       1.305       5.000    0.14%       1.750      2.250

RANDOM STARTS RESULTS RANKED FROM THE BEST TO THE WORST LOGLIKELIHOOD VALUES

Final stage loglikelihood values at local maxima, seeds, and initial stage start numbers:

          -12580.555  202790           198
          -12580.555  992389           77
          -12580.555  695155           150
          -12580.555  963053           43
          -12580.555  957392           79
          -12580.555  407168           44
          -12580.555  802779           122
          -12580.555  85462            51
          -12580.555  535804           111
          -12580.555  136842           58



THE BEST LOGLIKELIHOOD VALUE HAS BEEN REPLICATED.  RERUN WITH AT LEAST TWICE THE
RANDOM STARTS TO CHECK THAT THE BEST LOGLIKELIHOOD IS STILL OBTAINED AND REPLICATED.


THE MODEL ESTIMATION TERMINATED NORMALLY



MODEL FIT INFORMATION

Number of Free Parameters                       38

Loglikelihood

          H0 Value                      -12580.555
          H0 Scaling Correction Factor      1.2754
            for MLR

Information Criteria

          Akaike (AIC)                   25237.110
          Bayesian (BIC)                 25436.418
          Sample-Size Adjusted BIC       25315.706
            (n* = (n + 2) / 24)



FINAL CLASS COUNTS AND PROPORTIONS FOR THE LATENT CLASSES
BASED ON THE ESTIMATED MODEL

    Latent
   Classes

       1        659.70176          0.47088
       2        560.04695          0.39975
       3        181.25129          0.12937


FINAL CLASS COUNTS AND PROPORTIONS FOR THE LATENT CLASSES
BASED ON ESTIMATED POSTERIOR PROBABILITIES

    Latent
   Classes

       1        659.70176          0.47088
       2        560.04695          0.39975
       3        181.25129          0.12937


FINAL CLASS COUNTS AND PROPORTIONS FOR THE LATENT CLASSES
BASED ON THEIR MOST LIKELY LATENT CLASS MEMBERSHIP

Class Counts and Proportions

    Latent
   Classes

       1              669          0.47752
       2              548          0.39115
       3              184          0.13133


CLASSIFICATION QUALITY

     Entropy                         0.812


Classification Probabilities for the Most Likely Latent Class Membership (Column)
by Latent Class (Row)

           1        2        3

    1   0.932    0.068    0.000
    2   0.097    0.880    0.023
    3   0.000    0.056    0.944


Logits for the Classification Probabilities for the Most Likely Latent Class Membership (Column)
by Latent Class (Row)

              1        2        3

    1     12.187    9.569    0.000
    2      1.429    3.637    0.000
    3    -11.257   -2.817    0.000


MODEL RESULTS

                                                    Two-Tailed
                    Estimate       S.E.  Est./S.E.    P-Value

Latent Class 1

 PERSU    WITH
    INSPIR             0.000      0.000    999.000    999.000
    CONSUL             0.000      0.000    999.000    999.000
    INTEG              0.000      0.000    999.000    999.000
    APPEAL             0.000      0.000    999.000    999.000
    EXCHA              0.000      0.000    999.000    999.000
    LEGIT              0.000      0.000    999.000    999.000
    PRESS              0.000      0.000    999.000    999.000
    COAL               0.000      0.000    999.000    999.000

 INSPIR   WITH
    CONSUL             0.000      0.000    999.000    999.000
    INTEG              0.000      0.000    999.000    999.000
    APPEAL             0.000      0.000    999.000    999.000
    EXCHA              0.000      0.000    999.000    999.000
    LEGIT              0.000      0.000    999.000    999.000
    PRESS              0.000      0.000    999.000    999.000
    COAL               0.000      0.000    999.000    999.000

 CONSUL   WITH
    INTEG              0.000      0.000    999.000    999.000
    APPEAL             0.000      0.000    999.000    999.000
    EXCHA              0.000      0.000    999.000    999.000
    LEGIT              0.000      0.000    999.000    999.000
    PRESS              0.000      0.000    999.000    999.000
    COAL               0.000      0.000    999.000    999.000

 INTEG    WITH
    APPEAL             0.000      0.000    999.000    999.000
    EXCHA              0.000      0.000    999.000    999.000
    LEGIT              0.000      0.000    999.000    999.000
    PRESS              0.000      0.000    999.000    999.000
    COAL               0.000      0.000    999.000    999.000

 APPEAL   WITH
    EXCHA              0.000      0.000    999.000    999.000
    LEGIT              0.000      0.000    999.000    999.000
    PRESS              0.000      0.000    999.000    999.000
    COAL               0.000      0.000    999.000    999.000

 EXCHA    WITH
    LEGIT              0.000      0.000    999.000    999.000
    PRESS              0.000      0.000    999.000    999.000
    COAL               0.000      0.000    999.000    999.000

 LEGIT    WITH
    PRESS              0.000      0.000    999.000    999.000
    COAL               0.000      0.000    999.000    999.000

 PRESS    WITH
    COAL               0.000      0.000    999.000    999.000

 Means
    PERSU              3.710      0.025    148.140      0.000
    INSPIR             3.650      0.028    129.001      0.000
    CONSUL             4.039      0.029    140.404      0.000
    INTEG              3.345      0.038     87.385      0.000
    APPEAL             1.486      0.027     54.281      0.000
    EXCHA              1.376      0.028     48.482      0.000
    LEGIT              1.642      0.036     45.134      0.000
    PRESS              2.621      0.037     70.383      0.000
    COAL               1.320      0.023     58.666      0.000

 Variances
    PERSU              0.270      0.010     25.936      0.000
    INSPIR             0.289      0.011     25.517      0.000
    CONSUL             0.350      0.015     23.776      0.000
    INTEG              0.429      0.019     22.015      0.000
    APPEAL             0.313      0.023     13.498      0.000
    EXCHA              0.330      0.032     10.237      0.000
    LEGIT              0.669      0.033     20.301      0.000
    PRESS              0.430      0.017     25.060      0.000
    COAL               0.308      0.018     16.908      0.000

Latent Class 2

 PERSU    WITH
    INSPIR             0.000      0.000    999.000    999.000
    CONSUL             0.000      0.000    999.000    999.000
    INTEG              0.000      0.000    999.000    999.000
    APPEAL             0.000      0.000    999.000    999.000
    EXCHA              0.000      0.000    999.000    999.000
    LEGIT              0.000      0.000    999.000    999.000
    PRESS              0.000      0.000    999.000    999.000
    COAL               0.000      0.000    999.000    999.000

 INSPIR   WITH
    CONSUL             0.000      0.000    999.000    999.000
    INTEG              0.000      0.000    999.000    999.000
    APPEAL             0.000      0.000    999.000    999.000
    EXCHA              0.000      0.000    999.000    999.000
    LEGIT              0.000      0.000    999.000    999.000
    PRESS              0.000      0.000    999.000    999.000
    COAL               0.000      0.000    999.000    999.000

 CONSUL   WITH
    INTEG              0.000      0.000    999.000    999.000
    APPEAL             0.000      0.000    999.000    999.000
    EXCHA              0.000      0.000    999.000    999.000
    LEGIT              0.000      0.000    999.000    999.000
    PRESS              0.000      0.000    999.000    999.000
    COAL               0.000      0.000    999.000    999.000

 INTEG    WITH
    APPEAL             0.000      0.000    999.000    999.000
    EXCHA              0.000      0.000    999.000    999.000
    LEGIT              0.000      0.000    999.000    999.000
    PRESS              0.000      0.000    999.000    999.000
    COAL               0.000      0.000    999.000    999.000

 APPEAL   WITH
    EXCHA              0.000      0.000    999.000    999.000
    LEGIT              0.000      0.000    999.000    999.000
    PRESS              0.000      0.000    999.000    999.000
    COAL               0.000      0.000    999.000    999.000

 EXCHA    WITH
    LEGIT              0.000      0.000    999.000    999.000
    PRESS              0.000      0.000    999.000    999.000
    COAL               0.000      0.000    999.000    999.000

 LEGIT    WITH
    PRESS              0.000      0.000    999.000    999.000
    COAL               0.000      0.000    999.000    999.000

 PRESS    WITH
    COAL               0.000      0.000    999.000    999.000

 Means
    PERSU              3.945      0.035    112.851      0.000
    INSPIR             3.830      0.038    101.308      0.000
    CONSUL             3.987      0.048     83.587      0.000
    INTEG              3.822      0.046     82.691      0.000
    APPEAL             2.309      0.043     54.184      0.000
    EXCHA              2.421      0.053     45.805      0.000
    LEGIT              2.471      0.055     45.165      0.000
    PRESS              3.171      0.033     94.659      0.000
    COAL               1.733      0.037     46.666      0.000

 Variances
    PERSU              0.270      0.010     25.936      0.000
    INSPIR             0.289      0.011     25.517      0.000
    CONSUL             0.350      0.015     23.776      0.000
    INTEG              0.429      0.019     22.015      0.000
    APPEAL             0.313      0.023     13.498      0.000
    EXCHA              0.330      0.032     10.237      0.000
    LEGIT              0.669      0.033     20.301      0.000
    PRESS              0.430      0.017     25.060      0.000
    COAL               0.308      0.018     16.908      0.000

Latent Class 3

 PERSU    WITH
    INSPIR             0.000      0.000    999.000    999.000
    CONSUL             0.000      0.000    999.000    999.000
    INTEG              0.000      0.000    999.000    999.000
    APPEAL             0.000      0.000    999.000    999.000
    EXCHA              0.000      0.000    999.000    999.000
    LEGIT              0.000      0.000    999.000    999.000
    PRESS              0.000      0.000    999.000    999.000
    COAL               0.000      0.000    999.000    999.000

 INSPIR   WITH
    CONSUL             0.000      0.000    999.000    999.000
    INTEG              0.000      0.000    999.000    999.000
    APPEAL             0.000      0.000    999.000    999.000
    EXCHA              0.000      0.000    999.000    999.000
    LEGIT              0.000      0.000    999.000    999.000
    PRESS              0.000      0.000    999.000    999.000
    COAL               0.000      0.000    999.000    999.000

 CONSUL   WITH
    INTEG              0.000      0.000    999.000    999.000
    APPEAL             0.000      0.000    999.000    999.000
    EXCHA              0.000      0.000    999.000    999.000
    LEGIT              0.000      0.000    999.000    999.000
    PRESS              0.000      0.000    999.000    999.000
    COAL               0.000      0.000    999.000    999.000

 INTEG    WITH
    APPEAL             0.000      0.000    999.000    999.000
    EXCHA              0.000      0.000    999.000    999.000
    LEGIT              0.000      0.000    999.000    999.000
    PRESS              0.000      0.000    999.000    999.000
    COAL               0.000      0.000    999.000    999.000

 APPEAL   WITH
    EXCHA              0.000      0.000    999.000    999.000
    LEGIT              0.000      0.000    999.000    999.000
    PRESS              0.000      0.000    999.000    999.000
    COAL               0.000      0.000    999.000    999.000

 EXCHA    WITH
    LEGIT              0.000      0.000    999.000    999.000
    PRESS              0.000      0.000    999.000    999.000
    COAL               0.000      0.000    999.000    999.000

 LEGIT    WITH
    PRESS              0.000      0.000    999.000    999.000
    COAL               0.000      0.000    999.000    999.000

 PRESS    WITH
    COAL               0.000      0.000    999.000    999.000

 Means
    PERSU              3.901      0.057     68.534      0.000
    INSPIR             3.946      0.062     63.686      0.000
    CONSUL             3.853      0.069     55.616      0.000
    INTEG              3.891      0.064     60.678      0.000
    APPEAL             3.494      0.076     46.064      0.000
    EXCHA              3.550      0.080     44.454      0.000
    LEGIT              3.309      0.095     34.836      0.000
    PRESS              3.560      0.052     68.160      0.000
    COAL               3.090      0.079     39.213      0.000

 Variances
    PERSU              0.270      0.010     25.936      0.000
    INSPIR             0.289      0.011     25.517      0.000
    CONSUL             0.350      0.015     23.776      0.000
    INTEG              0.429      0.019     22.015      0.000
    APPEAL             0.313      0.023     13.498      0.000
    EXCHA              0.330      0.032     10.237      0.000
    LEGIT              0.669      0.033     20.301      0.000
    PRESS              0.430      0.017     25.060      0.000
    COAL               0.308      0.018     16.908      0.000

Categorical Latent Variables

 Means
    C1#1               1.292      0.117     11.035      0.000
    C1#2               1.128      0.111     10.170      0.000


QUALITY OF NUMERICAL RESULTS

     Condition Number for the Information Matrix              0.379E-02
       (ratio of smallest to largest eigenvalue)


TECHNICAL 14 OUTPUT

     Random Starts Specifications for the k-1 Class Analysis Model
        Number of initial stage random starts                 200
        Number of final stage optimizations                    10

     Random Starts Specification for the k-1 Class Model for Generated Data
        Number of initial stage random starts                   0
        Number of final stage optimizations for the
           initial stage random starts                          0
     Random Starts Specification for the k Class Model for Generated Data
        Number of initial stage random starts                  40
        Number of final stage optimizations                     8
     Number of bootstrap draws requested                   Varies


     PARAMETRIC BOOTSTRAPPED LIKELIHOOD RATIO TEST FOR 2 (H0) VERSUS 3 CLASSES

          H0 Loglikelihood Value                       -12943.492
          2 Times the Loglikelihood Difference            725.874
          Difference in the Number of Parameters               10
          Approximate P-Value                              0.0000
          Successful Bootstrap Draws                            5


SAVEDATA INFORMATION


  Save file
    model_1_class_3.dat

  Order and format of variables

    PERSU          F10.3
    INSPIR         F10.3
    CONSUL         F10.3
    INTEG          F10.3
    APPEAL         F10.3
    EXCHA          F10.3
    LEGIT          F10.3
    PRESS          F10.3
    COAL           F10.3
    CPROB1         F10.3
    CPROB2         F10.3
    CPROB3         F10.3
    C1             F10.3

  Save file format
    13F10.3

  Save file record length    10000


     Beginning Time:  17:17:58
        Ending Time:  17:18:12
       Elapsed Time:  00:00:14



MUTHEN & MUTHEN
3463 Stoner Ave.
Los Angeles, CA  90066

Tel: (310) 391-9971
Fax: (310) 391-8971
Web: www.StatModel.com
Support: Support@StatModel.com

Copyright (c) 1998-2019 Muthen & Muthen
